2001.02.05 13:55 A D:\blackwateroldhead\schedule\index.html --> ftp.geocities.com /blackwateroldhead/schedule index.html
2001.02.06 10:00 A D:\blackwateroldhead\schedule\index.html --> ftp.geocities.com /blackwateroldhead/schedule index.html
2001.02.12 09:23 A D:\blackwateroldhead\schedule\index.html --> ftp.geocities.com /blackwateroldhead/schedule index.html
2001.05.29 22:47 A D:\blackwateroldhead\schedule\index.html --> ftp.geocities.com /blackwateroldhead/schedule index.html
2001.06.06 23:46 A D:\blackwateroldhead\schedule\index.html --> ftp.geocities.com /blackwateroldhead/schedule index.html
2001.06.16 19:51 A D:\blackwateroldhead\schedule\index.html --> ftp.geocities.com /blackwateroldhead/schedule index.html
2001.06.25 15:14 A D:\blackwateroldhead\schedule\index.html --> ftp.geocities.com /blackwateroldhead index.html
2001.06.25 15:15 A D:\blackwateroldhead\schedule\index.html --> ftp.geocities.com /blackwateroldhead/schedule index.html
2001.07.23 20:43 A D:\blackwateroldhead\schedule\index.html --> ftp.geocities.com /blackwateroldhead/schedule index.html
2004.03.17 18:15 A C:\Documents and Settings\Michael Casserly\My Documents\Webmaster\axafalcons\schedule\2002.html --> ftp.mcasserly.com /mcasserly/falcons/schedule 2002.html
2004.03.17 18:15 A C:\Documents and Settings\Michael Casserly\My Documents\Webmaster\axafalcons\schedule\2002ps.html --> ftp.mcasserly.com /mcasserly/falcons/schedule 2002ps.html
2004.03.17 18:15 A C:\Documents and Settings\Michael Casserly\My Documents\Webmaster\axafalcons\schedule\2002rs.html --> ftp.mcasserly.com /mcasserly/falcons/schedule 2002rs.html
2004.03.17 18:15 A C:\Documents and Settings\Michael Casserly\My Documents\Webmaster\axafalcons\schedule\2003ps.html --> ftp.mcasserly.com /mcasserly/falcons/schedule 2003ps.html
2004.03.17 18:15 A C:\Documents and Settings\Michael Casserly\My Documents\Webmaster\axafalcons\schedule\2003rs.html --> ftp.mcasserly.com /mcasserly/falcons/schedule 2003rs.html
2004.03.17 18:15 A C:\Documents and Settings\Michael Casserly\My Documents\Webmaster\axafalcons\schedule\index.html --> ftp.mcasserly.com /mcasserly/falcons/schedule index.html
2004.03.17 18:15 B C:\Documents and Settings\Michael Casserly\My Documents\Webmaster\axafalcons\schedule\WS_FTP.LOG --> ftp.mcasserly.com /mcasserly/falcons/schedule WS_FTP.LOG
2004.04.27 00:45 A C:\Documents and Settings\Michael Casserly\My Documents\Webmaster\mcasserly\falcons\schedule\2003ps.html --> ftp.mcasserly.com /mcasserly/falcons/schedule 2003ps.html
2004.04.27 00:45 A C:\Documents and Settings\Michael Casserly\My Documents\Webmaster\mcasserly\falcons\schedule\index.html --> ftp.mcasserly.com /mcasserly/falcons/schedule index.html
2004.04.27 00:45 B C:\Documents and Settings\Michael Casserly\My Documents\Webmaster\mcasserly\falcons\schedule\WS_FTP.LOG --> ftp.mcasserly.com /mcasserly/falcons/schedule WS_FTP.LOG
2004.04.27 17:38 A C:\Documents and Settings\Michael Casserly\My Documents\Webmaster\mcasserly\falcons\schedule\2003rs.html --> ftp.mcasserly.com /mcasserly/falcons/schedule 2003rs.html
2004.04.27 17:38 A C:\Documents and Settings\Michael Casserly\My Documents\Webmaster\mcasserly\falcons\schedule\2003ps.html --> ftp.mcasserly.com /mcasserly/falcons/schedule 2003ps.html
2004.04.27 17:38 A C:\Documents and Settings\Michael Casserly\My Documents\Webmaster\mcasserly\falcons\schedule\2003.html --> ftp.mcasserly.com /mcasserly/falcons/schedule 2003.html
2004.04.27 17:38 A C:\Documents and Settings\Michael Casserly\My Documents\Webmaster\mcasserly\falcons\schedule\2002rs.html --> ftp.mcasserly.com /mcasserly/falcons/schedule 2002rs.html
2004.04.27 17:38 A C:\Documents and Settings\Michael Casserly\My Documents\Webmaster\mcasserly\falcons\schedule\2002ps.html --> ftp.mcasserly.com /mcasserly/falcons/schedule 2002ps.html
2004.04.27 17:38 A C:\Documents and Settings\Michael Casserly\My Documents\Webmaster\mcasserly\falcons\schedule\2002.html --> ftp.mcasserly.com /mcasserly/falcons/schedule 2002.html
2004.04.27 17:38 A C:\Documents and Settings\Michael Casserly\My Documents\Webmaster\mcasserly\falcons\schedule\index.html --> ftp.mcasserly.com /mcasserly/falcons/schedule index.html
2004.04.27 17:38 B C:\Documents and Settings\Michael Casserly\My Documents\Webmaster\mcasserly\falcons\schedule\WS_FTP.LOG --> ftp.mcasserly.com /mcasserly/falcons/schedule WS_FTP.LOG
2004.05.03 17:10 A C:\Documents and Settings\Michael Casserly\My Documents\Webmaster\mcasserly\falcons\schedule\index.html --> ftp.mcasserly.com /mcasserly/falcons/schedule index.html
2004.05.03 17:10 A C:\Documents and Settings\Michael Casserly\My Documents\Webmaster\mcasserly\falcons\schedule\2003rs.html --> ftp.mcasserly.com /mcasserly/falcons/schedule 2003rs.html
2004.05.03 17:10 A C:\Documents and Settings\Michael Casserly\My Documents\Webmaster\mcasserly\falcons\schedule\2002rs.html --> ftp.mcasserly.com /mcasserly/falcons/schedule 2002rs.html
2004.05.03 17:10 A C:\Documents and Settings\Michael Casserly\My Documents\Webmaster\mcasserly\falcons\schedule\2003.html --> ftp.mcasserly.com /mcasserly/falcons/schedule 2003.html
2004.05.03 17:10 A C:\Documents and Settings\Michael Casserly\My Documents\Webmaster\mcasserly\falcons\schedule\2002.html --> ftp.mcasserly.com /mcasserly/falcons/schedule 2002.html
2004.05.03 17:10 A C:\Documents and Settings\Michael Casserly\My Documents\Webmaster\mcasserly\falcons\schedule\2003ps.html --> ftp.mcasserly.com /mcasserly/falcons/schedule 2003ps.html
2004.05.03 17:10 A C:\Documents and Settings\Michael Casserly\My Documents\Webmaster\mcasserly\falcons\schedule\2002ps.html --> ftp.mcasserly.com /mcasserly/falcons/schedule 2002ps.html
2004.05.03 17:10 B C:\Documents and Settings\Michael Casserly\My Documents\Webmaster\mcasserly\falcons\schedule\WS_FTP.LOG --> ftp.mcasserly.com /mcasserly/falcons/schedule WS_FTP.LOG
2004.05.06 21:38 A C:\Documents and Settings\Michael Casserly\My Documents\Webmaster\mcasserly\falcons\schedule\index.html --> ftp.mcasserly.com /mcasserly/falcons/schedule index.html
2004.05.06 21:38 A C:\Documents and Settings\Michael Casserly\My Documents\Webmaster\mcasserly\falcons\schedule\2003rs.html --> ftp.mcasserly.com /mcasserly/falcons/schedule 2003rs.html
2004.05.06 21:38 A C:\Documents and Settings\Michael Casserly\My Documents\Webmaster\mcasserly\falcons\schedule\2003ps.html --> ftp.mcasserly.com /mcasserly/falcons/schedule 2003ps.html
2004.05.06 21:38 A C:\Documents and Settings\Michael Casserly\My Documents\Webmaster\mcasserly\falcons\schedule\2003.html --> ftp.mcasserly.com /mcasserly/falcons/schedule 2003.html
2004.05.06 21:38 A C:\Documents and Settings\Michael Casserly\My Documents\Webmaster\mcasserly\falcons\schedule\2002rs.html --> ftp.mcasserly.com /mcasserly/falcons/schedule 2002rs.html
2004.05.06 21:38 A C:\Documents and Settings\Michael Casserly\My Documents\Webmaster\mcasserly\falcons\schedule\2002ps.html --> ftp.mcasserly.com /mcasserly/falcons/schedule 2002ps.html
2004.05.06 21:38 A C:\Documents and Settings\Michael Casserly\My Documents\Webmaster\mcasserly\falcons\schedule\2002.html --> ftp.mcasserly.com /mcasserly/falcons/schedule 2002.html
2004.05.06 21:38 B C:\Documents and Settings\Michael Casserly\My Documents\Webmaster\mcasserly\falcons\schedule\WS_FTP.LOG --> ftp.mcasserly.com /mcasserly/falcons/schedule WS_FTP.LOG
2004.05.12 00:56 A C:\Documents and Settings\Michael Casserly\My Documents\Webmaster\mcasserly\falcons\schedule\index.html --> ftp.mcasserly.com /mcasserly/falcons/schedule index.html
2004.05.12 00:56 A C:\Documents and Settings\Michael Casserly\My Documents\Webmaster\mcasserly\falcons\schedule\2003rs.html --> ftp.mcasserly.com /mcasserly/falcons/schedule 2003rs.html
2004.05.12 00:56 A C:\Documents and Settings\Michael Casserly\My Documents\Webmaster\mcasserly\falcons\schedule\2003ps.html --> ftp.mcasserly.com /mcasserly/falcons/schedule 2003ps.html
2004.05.12 00:56 A C:\Documents and Settings\Michael Casserly\My Documents\Webmaster\mcasserly\falcons\schedule\2003.html --> ftp.mcasserly.com /mcasserly/falcons/schedule 2003.html
2004.05.12 00:56 A C:\Documents and Settings\Michael Casserly\My Documents\Webmaster\mcasserly\falcons\schedule\2002rs.html --> ftp.mcasserly.com /mcasserly/falcons/schedule 2002rs.html
2004.05.12 00:56 A C:\Documents and Settings\Michael Casserly\My Documents\Webmaster\mcasserly\falcons\schedule\2002ps.html --> ftp.mcasserly.com /mcasserly/falcons/schedule 2002ps.html
2004.05.12 00:56 A C:\Documents and Settings\Michael Casserly\My Documents\Webmaster\mcasserly\falcons\schedule\2002.html --> ftp.mcasserly.com /mcasserly/falcons/schedule 2002.html
2004.05.12 00:56 B C:\Documents and Settings\Michael Casserly\My Documents\Webmaster\mcasserly\falcons\schedule\WS_FTP.LOG --> ftp.mcasserly.com /mcasserly/falcons/schedule WS_FTP.LOG
2004.05.13 22:35 A C:\Documents and Settings\Michael Casserly\My Documents\Webmaster\mcasserly\falcons\schedule\index.html --> ftp.mcasserly.com /mcasserly/falcons/schedule index.html
2004.05.15 00:37 A C:\Documents and Settings\Michael Casserly\My Documents\Webmaster\mcasserly\falcons\schedule\index.html --> ftp.mcasserly.com /mcasserly/falcons/schedule index.html
2004.05.15 00:37 A C:\Documents and Settings\Michael Casserly\My Documents\Webmaster\mcasserly\falcons\schedule\2003rs.html --> ftp.mcasserly.com /mcasserly/falcons/schedule 2003rs.html
2004.05.15 00:37 A C:\Documents and Settings\Michael Casserly\My Documents\Webmaster\mcasserly\falcons\schedule\2003ps.html --> ftp.mcasserly.com /mcasserly/falcons/schedule 2003ps.html
2004.05.15 00:37 A C:\Documents and Settings\Michael Casserly\My Documents\Webmaster\mcasserly\falcons\schedule\2003.html --> ftp.mcasserly.com /mcasserly/falcons/schedule 2003.html
2004.05.15 00:37 A C:\Documents and Settings\Michael Casserly\My Documents\Webmaster\mcasserly\falcons\schedule\2002rs.html --> ftp.mcasserly.com /mcasserly/falcons/schedule 2002rs.html
2004.05.15 00:37 A C:\Documents and Settings\Michael Casserly\My Documents\Webmaster\mcasserly\falcons\schedule\2002ps.html --> ftp.mcasserly.com /mcasserly/falcons/schedule 2002ps.html
2004.05.15 00:37 A C:\Documents and Settings\Michael Casserly\My Documents\Webmaster\mcasserly\falcons\schedule\2002.html --> ftp.mcasserly.com /mcasserly/falcons/schedule 2002.html
2004.05.15 00:37 B C:\Documents and Settings\Michael Casserly\My Documents\Webmaster\mcasserly\falcons\schedule\WS_FTP.LOG --> ftp.mcasserly.com /mcasserly/falcons/schedule WS_FTP.LOG
2004.05.19 01:03 A C:\Documents and Settings\Michael Casserly\My Documents\Webmaster\mcasserly\falcons\schedule\index.html --> ftp.mcasserly.com /mcasserly/falcons index.html
2004.05.19 01:05 A C:\Documents and Settings\Michael Casserly\My Documents\Webmaster\mcasserly\falcons\schedule\index.html --> ftp.mcasserly.com /mcasserly/falcons/schedule index.html
2004.05.19 01:31 A C:\Documents and Settings\Michael Casserly\My Documents\Webmaster\mcasserly\falcons\schedule\index.html --> ftp.mcasserly.com /mcasserly/falcons/schedule index.html
2004.05.19 01:31 A C:\Documents and Settings\Michael Casserly\My Documents\Webmaster\mcasserly\falcons\schedule\2003rs.html --> ftp.mcasserly.com /mcasserly/falcons/schedule 2003rs.html
2004.05.19 01:31 A C:\Documents and Settings\Michael Casserly\My Documents\Webmaster\mcasserly\falcons\schedule\2003ps.html --> ftp.mcasserly.com /mcasserly/falcons/schedule 2003ps.html
2004.05.19 01:31 A C:\Documents and Settings\Michael Casserly\My Documents\Webmaster\mcasserly\falcons\schedule\2003.html --> ftp.mcasserly.com /mcasserly/falcons/schedule 2003.html
2004.05.19 01:31 A C:\Documents and Settings\Michael Casserly\My Documents\Webmaster\mcasserly\falcons\schedule\2002rs.html --> ftp.mcasserly.com /mcasserly/falcons/schedule 2002rs.html
2004.05.19 01:31 A C:\Documents and Settings\Michael Casserly\My Documents\Webmaster\mcasserly\falcons\schedule\2002ps.html --> ftp.mcasserly.com /mcasserly/falcons/schedule 2002ps.html
2004.05.19 01:31 A C:\Documents and Settings\Michael Casserly\My Documents\Webmaster\mcasserly\falcons\schedule\2002.html --> ftp.mcasserly.com /mcasserly/falcons/schedule 2002.html
2004.05.19 01:31 B C:\Documents and Settings\Michael Casserly\My Documents\Webmaster\mcasserly\falcons\schedule\WS_FTP.LOG --> ftp.mcasserly.com /mcasserly/falcons/schedule WS_FTP.LOG
2004.05.20 14:05 A C:\Documents and Settings\Michael Casserly\My Documents\Webmaster\mcasserly\falcons\schedule\index.html --> ftp.mcasserly.com /mcasserly/falcons/schedule index.html
2004.05.20 14:06 A C:\Documents and Settings\Michael Casserly\My Documents\Webmaster\mcasserly\falcons\schedule\index.html --> ftp.mcasserly.com /mcasserly/falcons/schedule index.html
2004.05.20 15:20 A C:\Documents and Settings\Michael Casserly\My Documents\Webmaster\mcasserly\falcons\schedule\index.html --> ftp.mcasserly.com /mcasserly/falcons/schedule index.html
2004.05.27 17:41 A C:\Documents and Settings\Michael Casserly\My Documents\Webmaster\mcasserly\falcons\schedule\index.html --> ftp.mcasserly.com /mcasserly/falcons/schedule index.html
2004.05.27 17:44 A C:\Documents and Settings\Michael Casserly\My Documents\Webmaster\mcasserly\falcons\schedule\index.html --> ftp.mcasserly.com /mcasserly/falcons/schedule index.html
2004.06.06 17:41 A C:\Documents and Settings\Michael Casserly\My Documents\Webmaster\mcasserly\falcons\schedule\index.html --> ftp.mcasserly.com /mcasserly/falcons/schedule index.html
2004.06.09 15:32 A C:\Documents and Settings\Michael Casserly\My Documents\Webmaster\mcasserly\falcons\schedule\index.html --> ftp.mcasserly.com /mcasserly/falcons/schedule index.html
2004.06.10 17:51 A C:\Documents and Settings\Michael Casserly\My Documents\Webmaster\mcasserly\falcons\schedule\index.html --> ftp.mcasserly.com /mcasserly/falcons/schedule index.html
2004.06.16 23:35 A C:\Documents and Settings\Michael Casserly\My Documents\Webmaster\mcasserly\falcons\schedule\index.html --> ftp.mcasserly.com /mcasserly/falcons/schedule index.html
2004.06.23 14:07 A C:\Documents and Settings\Michael Casserly\My Documents\Webmaster\mcasserly\falcons\schedule\index.html --> ftp.mcasserly.com /mcasserly/falcons/schedule index.html
2004.06.28 00:34 A C:\Documents and Settings\Michael Casserly\My Documents\Webmaster\mcasserly\falcons\schedule\index.html --> ftp.mcasserly.com /mcasserly/falcons/schedule index.html
2004.07.20 15:36 A C:\Documents and Settings\Michael Casserly\My Documents\Webmaster\mcasserly\falcons\schedule\index.html --> ftp.mcasserly.com /mcasserly/falcons/schedule index.html
2004.08.04 16:05 A C:\Documents and Settings\Michael Casserly\My Documents\Webmaster\mcasserly\falcons\schedule\index.html --> ftp.mcasserly.com /mcasserly/falcons/schedule index.html
2004.08.04 16:07 A C:\Documents and Settings\Michael Casserly\My Documents\Webmaster\mcasserly\falcons\schedule\index.html --> ftp.mcasserly.com /mcasserly/falcons/schedule index.html
2004.08.04 16:12 A C:\Documents and Settings\Michael Casserly\My Documents\Webmaster\mcasserly\falcons\schedule\index.html --> ftp.mcasserly.com /mcasserly/falcons/schedule index.html
2004.08.07 15:18 A C:\Documents and Settings\Michael Casserly\My Documents\Webmaster\mcasserly\falcons\schedule\index.html --> ftp.mcasserly.com /mcasserly/falcons/schedule index.html
2004.08.12 13:55 A C:\Documents and Settings\Michael Casserly\My Documents\Webmaster\mcasserly\falcons\schedule\index.html --> ftp.mcasserly.com /mcasserly/falcons/schedule index.html
2004.08.13 20:13 A C:\Documents and Settings\Michael Casserly\My Documents\Webmaster\mcasserly\falcons\schedule\index.html --> ftp.mcasserly.com /mcasserly/falcons/schedule index.html
2004.08.20 16:37 A C:\Documents and Settings\Michael Casserly\My Documents\Webmaster\mcasserly\falcons\schedule\index.html --> ftp.mcasserly.com /mcasserly/falcons/schedule index.html
2004.08.24 22:13 A C:\Documents and Settings\Michael Casserly\My Documents\Webmaster\mcasserly\falcons\schedule\index.html --> ftp.mcasserly.com /mcasserly/falcons/schedule index.html
2004.08.26 16:34 A C:\Documents and Settings\Michael Casserly\My Documents\Webmaster\mcasserly\falcons\schedule\index.html --> ftp.mcasserly.com /mcasserly/falcons/schedule index.html
2004.08.30 22:20 A C:\Documents and Settings\Michael Casserly\My Documents\Webmaster\mcasserly\falcons\schedule\index.html --> ftp.mcasserly.com /mcasserly/falcons/schedule index.html
2004.09.07 03:46 A C:\Documents and Settings\Michael Casserly\My Documents\Webmaster\mcasserly\falcons\schedule\2004rs.html --> ftp.mcasserly.com /mcasserly/falcons/schedule 2004rs.html
2004.09.07 03:46 A C:\Documents and Settings\Michael Casserly\My Documents\Webmaster\mcasserly\falcons\schedule\2004.html --> ftp.mcasserly.com /mcasserly/falcons/schedule 2004.html
2004.09.07 03:46 A C:\Documents and Settings\Michael Casserly\My Documents\Webmaster\mcasserly\falcons\schedule\2003.html --> ftp.mcasserly.com /mcasserly/falcons/schedule 2003.html
2004.09.07 03:46 A C:\Documents and Settings\Michael Casserly\My Documents\Webmaster\mcasserly\falcons\schedule\2004ps.html --> ftp.mcasserly.com /mcasserly/falcons/schedule 2004ps.html
2004.09.07 03:46 A C:\Documents and Settings\Michael Casserly\My Documents\Webmaster\mcasserly\falcons\schedule\index.html --> ftp.mcasserly.com /mcasserly/falcons/schedule index.html
2004.09.07 13:53 A C:\Documents and Settings\Michael Casserly\My Documents\Webmaster\mcasserly\falcons\schedule\2004ps.html --> ftp.mcasserly.com /mcasserly/falcons/schedule 2004ps.html
2004.09.07 13:59 A C:\Documents and Settings\Michael Casserly\My Documents\Webmaster\mcasserly\falcons\schedule\2004ps.html --> ftp.mcasserly.com /mcasserly/falcons/schedule 2004ps.html
2004.09.07 13:59 A C:\Documents and Settings\Michael Casserly\My Documents\Webmaster\mcasserly\falcons\schedule\2004rs.html --> ftp.mcasserly.com /mcasserly/falcons/schedule 2004rs.html
2004.09.10 15:37 A C:\Documents and Settings\Michael Casserly\My Documents\Webmaster\mcasserly\falcons\schedule\index.html --> ftp.mcasserly.com /mcasserly/falcons/schedule index.html
2004.09.10 15:37 A C:\Documents and Settings\Michael Casserly\My Documents\Webmaster\mcasserly\falcons\schedule\2004rs.html --> ftp.mcasserly.com /mcasserly/falcons/schedule 2004rs.html
2004.09.10 15:37 A C:\Documents and Settings\Michael Casserly\My Documents\Webmaster\mcasserly\falcons\schedule\2004ps.html --> ftp.mcasserly.com /mcasserly/falcons/schedule 2004ps.html
2004.09.10 15:37 A C:\Documents and Settings\Michael Casserly\My Documents\Webmaster\mcasserly\falcons\schedule\2004.html --> ftp.mcasserly.com /mcasserly/falcons/schedule 2004.html
2004.09.10 15:37 A C:\Documents and Settings\Michael Casserly\My Documents\Webmaster\mcasserly\falcons\schedule\2003rs.html --> ftp.mcasserly.com /mcasserly/falcons/schedule 2003rs.html
2004.09.10 15:37 A C:\Documents and Settings\Michael Casserly\My Documents\Webmaster\mcasserly\falcons\schedule\2003ps.html --> ftp.mcasserly.com /mcasserly/falcons/schedule 2003ps.html
2004.09.10 15:37 A C:\Documents and Settings\Michael Casserly\My Documents\Webmaster\mcasserly\falcons\schedule\2003.html --> ftp.mcasserly.com /mcasserly/falcons/schedule 2003.html
2004.09.10 15:38 A C:\Documents and Settings\Michael Casserly\My Documents\Webmaster\mcasserly\falcons\schedule\2002rs.html --> ftp.mcasserly.com /mcasserly/falcons/schedule 2002rs.html
2004.09.10 15:38 A C:\Documents and Settings\Michael Casserly\My Documents\Webmaster\mcasserly\falcons\schedule\2002ps.html --> ftp.mcasserly.com /mcasserly/falcons/schedule 2002ps.html
2004.09.10 15:38 A C:\Documents and Settings\Michael Casserly\My Documents\Webmaster\mcasserly\falcons\schedule\2002.html --> ftp.mcasserly.com /mcasserly/falcons/schedule 2002.html
2004.09.10 15:38 B C:\Documents and Settings\Michael Casserly\My Documents\Webmaster\mcasserly\falcons\schedule\WS_FTP.LOG --> ftp.mcasserly.com /mcasserly/falcons/schedule WS_FTP.LOG
2004.09.11 18:37 A C:\Documents and Settings\Michael Casserly\My Documents\Webmaster\mcasserly\falcons\schedule\2004ps.html --> ftp.mcasserly.com /mcasserly/falcons/schedule 2004ps.html
2004.09.28 20:45 A C:\Documents and Settings\Michael Casserly\My Documents\Webmaster\mcasserly\falcons\schedule\2004ps.html --> ftp.mcasserly.com /mcasserly/falcons/schedule 2004ps.html
2004.10.05 23:11 A C:\Documents and Settings\Michael Casserly\My Documents\Webmaster\mcasserly\falcons\schedule\index.html --> ftp.mcasserly.com /mcasserly/falcons/schedule index.html
2004.10.05 23:11 A C:\Documents and Settings\Michael Casserly\My Documents\Webmaster\mcasserly\falcons\schedule\2004ps.html --> ftp.mcasserly.com /mcasserly/falcons/schedule 2004ps.html
2004.10.05 23:14 A C:\Documents and Settings\Michael Casserly\My Documents\Webmaster\mcasserly\falcons\schedule\2004.html --> ftp.mcasserly.com /mcasserly/falcons/schedule 2004.html
2005.04.19 21:21 B C:\Documents and Settings\Michael Casserly\My Documents\Webmaster\mcasserly\falcons\schedule\index.html --> ftp.mcasserly.com /mcasserly/falcons/schedule index.html
2005.04.19 21:21 B C:\Documents and Settings\Michael Casserly\My Documents\Webmaster\mcasserly\falcons\schedule\2004rs.html --> ftp.mcasserly.com /mcasserly/falcons/schedule 2004rs.html
2005.04.19 21:21 B C:\Documents and Settings\Michael Casserly\My Documents\Webmaster\mcasserly\falcons\schedule\2004ps.html --> ftp.mcasserly.com /mcasserly/falcons/schedule 2004ps.html
2005.04.19 21:21 B C:\Documents and Settings\Michael Casserly\My Documents\Webmaster\mcasserly\falcons\schedule\2004.html --> ftp.mcasserly.com /mcasserly/falcons/schedule 2004.html
2005.04.19 21:21 B C:\Documents and Settings\Michael Casserly\My Documents\Webmaster\mcasserly\falcons\schedule\2003rs.html --> ftp.mcasserly.com /mcasserly/falcons/schedule 2003rs.html
2005.04.19 21:21 B C:\Documents and Settings\Michael Casserly\My Documents\Webmaster\mcasserly\falcons\schedule\2003ps.html --> ftp.mcasserly.com /mcasserly/falcons/schedule 2003ps.html
2005.04.19 21:21 B C:\Documents and Settings\Michael Casserly\My Documents\Webmaster\mcasserly\falcons\schedule\2003.html --> ftp.mcasserly.com /mcasserly/falcons/schedule 2003.html
2005.04.19 21:21 B C:\Documents and Settings\Michael Casserly\My Documents\Webmaster\mcasserly\falcons\schedule\2002rs.html --> ftp.mcasserly.com /mcasserly/falcons/schedule 2002rs.html
2005.04.19 21:21 B C:\Documents and Settings\Michael Casserly\My Documents\Webmaster\mcasserly\falcons\schedule\2002ps.html --> ftp.mcasserly.com /mcasserly/falcons/schedule 2002ps.html
2005.04.19 21:21 B C:\Documents and Settings\Michael Casserly\My Documents\Webmaster\mcasserly\falcons\schedule\2002.html --> ftp.mcasserly.com /mcasserly/falcons/schedule 2002.html
2005.04.19 21:21 B C:\Documents and Settings\Michael Casserly\My Documents\Webmaster\mcasserly\falcons\schedule\WS_FTP.LOG --> ftp.mcasserly.com /mcasserly/falcons/schedule WS_FTP.LOG
2005.04.19 21:39 B C:\Documents and Settings\Michael Casserly\My Documents\Webmaster\mcasserly\falcons\schedule\index.html --> ftp.mcasserly.com /mcasserly/falcons/schedule index.html
2005.04.19 21:39 B C:\Documents and Settings\Michael Casserly\My Documents\Webmaster\mcasserly\falcons\schedule\2004rs.html --> ftp.mcasserly.com /mcasserly/falcons/schedule 2004rs.html
2005.04.19 21:39 B C:\Documents and Settings\Michael Casserly\My Documents\Webmaster\mcasserly\falcons\schedule\2004ps.html --> ftp.mcasserly.com /mcasserly/falcons/schedule 2004ps.html
2005.04.19 21:39 B C:\Documents and Settings\Michael Casserly\My Documents\Webmaster\mcasserly\falcons\schedule\2004.html --> ftp.mcasserly.com /mcasserly/falcons/schedule 2004.html
2005.04.19 21:40 B C:\Documents and Settings\Michael Casserly\My Documents\Webmaster\mcasserly\falcons\schedule\2003rs.html --> ftp.mcasserly.com /mcasserly/falcons/schedule 2003rs.html
2005.04.19 21:40 B C:\Documents and Settings\Michael Casserly\My Documents\Webmaster\mcasserly\falcons\schedule\2003ps.html --> ftp.mcasserly.com /mcasserly/falcons/schedule 2003ps.html
2005.04.19 21:40 B C:\Documents and Settings\Michael Casserly\My Documents\Webmaster\mcasserly\falcons\schedule\2003.html --> ftp.mcasserly.com /mcasserly/falcons/schedule 2003.html
2005.04.19 21:40 B C:\Documents and Settings\Michael Casserly\My Documents\Webmaster\mcasserly\falcons\schedule\2002rs.html --> ftp.mcasserly.com /mcasserly/falcons/schedule 2002rs.html
2005.04.19 21:40 B C:\Documents and Settings\Michael Casserly\My Documents\Webmaster\mcasserly\falcons\schedule\2002ps.html --> ftp.mcasserly.com /mcasserly/falcons/schedule 2002ps.html
2005.04.19 21:40 B C:\Documents and Settings\Michael Casserly\My Documents\Webmaster\mcasserly\falcons\schedule\2002.html --> ftp.mcasserly.com /mcasserly/falcons/schedule 2002.html
2005.04.19 21:40 B C:\Documents and Settings\Michael Casserly\My Documents\Webmaster\mcasserly\falcons\schedule\WS_FTP.LOG --> ftp.mcasserly.com /mcasserly/falcons/schedule WS_FTP.LOG
2005.04.19 22:34 B C:\Documents and Settings\Michael Casserly\My Documents\Webmaster\mcasserly\falcons\schedule\2002rs.html --> ftp.mcasserly.com /mcasserly/falcons/schedule 2002rs.html
2005.04.19 22:34 B C:\Documents and Settings\Michael Casserly\My Documents\Webmaster\mcasserly\falcons\schedule\2002ps.html --> ftp.mcasserly.com /mcasserly/falcons/schedule 2002ps.html
2005.04.19 22:34 B C:\Documents and Settings\Michael Casserly\My Documents\Webmaster\mcasserly\falcons\schedule\2004ps.html --> ftp.mcasserly.com /mcasserly/falcons/schedule 2004ps.html
2005.04.19 22:34 B C:\Documents and Settings\Michael Casserly\My Documents\Webmaster\mcasserly\falcons\schedule\2003rs.html --> ftp.mcasserly.com /mcasserly/falcons/schedule 2003rs.html
2005.04.19 22:34 B C:\Documents and Settings\Michael Casserly\My Documents\Webmaster\mcasserly\falcons\schedule\2003ps.html --> ftp.mcasserly.com /mcasserly/falcons/schedule 2003ps.html
2005.04.19 22:34 B C:\Documents and Settings\Michael Casserly\My Documents\Webmaster\mcasserly\falcons\schedule\2004rs.html --> ftp.mcasserly.com /mcasserly/falcons/schedule 2004rs.html
2005.04.19 22:34 B C:\Documents and Settings\Michael Casserly\My Documents\Webmaster\mcasserly\falcons\schedule\2003.html --> ftp.mcasserly.com /mcasserly/falcons/schedule 2003.html
2005.04.19 22:34 B C:\Documents and Settings\Michael Casserly\My Documents\Webmaster\mcasserly\falcons\schedule\2002.html --> ftp.mcasserly.com /mcasserly/falcons/schedule 2002.html
2005.04.19 22:34 B C:\Documents and Settings\Michael Casserly\My Documents\Webmaster\mcasserly\falcons\schedule\index.html --> ftp.mcasserly.com /mcasserly/falcons/schedule index.html
2005.04.19 22:34 B C:\Documents and Settings\Michael Casserly\My Documents\Webmaster\mcasserly\falcons\schedule\2004.html --> ftp.mcasserly.com /mcasserly/falcons/schedule 2004.html
2005.04.19 22:34 B C:\Documents and Settings\Michael Casserly\My Documents\Webmaster\mcasserly\falcons\schedule\WS_FTP.LOG --> ftp.mcasserly.com /mcasserly/falcons/schedule WS_FTP.LOG
2005.04.20 19:13 B C:\Documents and Settings\Michael Casserly\My Documents\Webmaster\mcasserly\falcons\schedule\index.html --> ftp.mcasserly.com /mcasserly/falcons/schedule index.html
2005.04.20 19:13 B C:\Documents and Settings\Michael Casserly\My Documents\Webmaster\mcasserly\falcons\schedule\2004rs.html --> ftp.mcasserly.com /mcasserly/falcons/schedule 2004rs.html
2005.04.20 19:13 B C:\Documents and Settings\Michael Casserly\My Documents\Webmaster\mcasserly\falcons\schedule\2004ps.html --> ftp.mcasserly.com /mcasserly/falcons/schedule 2004ps.html
2005.04.20 19:13 B C:\Documents and Settings\Michael Casserly\My Documents\Webmaster\mcasserly\falcons\schedule\2004.html --> ftp.mcasserly.com /mcasserly/falcons/schedule 2004.html
2005.04.20 19:13 B C:\Documents and Settings\Michael Casserly\My Documents\Webmaster\mcasserly\falcons\schedule\2003rs.html --> ftp.mcasserly.com /mcasserly/falcons/schedule 2003rs.html
2005.04.20 19:13 B C:\Documents and Settings\Michael Casserly\My Documents\Webmaster\mcasserly\falcons\schedule\2003ps.html --> ftp.mcasserly.com /mcasserly/falcons/schedule 2003ps.html
2005.04.20 19:13 B C:\Documents and Settings\Michael Casserly\My Documents\Webmaster\mcasserly\falcons\schedule\2003.html --> ftp.mcasserly.com /mcasserly/falcons/schedule 2003.html
2005.04.20 19:13 B C:\Documents and Settings\Michael Casserly\My Documents\Webmaster\mcasserly\falcons\schedule\2002rs.html --> ftp.mcasserly.com /mcasserly/falcons/schedule 2002rs.html
2005.04.20 19:13 B C:\Documents and Settings\Michael Casserly\My Documents\Webmaster\mcasserly\falcons\schedule\2002ps.html --> ftp.mcasserly.com /mcasserly/falcons/schedule 2002ps.html
2005.04.20 19:13 B C:\Documents and Settings\Michael Casserly\My Documents\Webmaster\mcasserly\falcons\schedule\2002.html --> ftp.mcasserly.com /mcasserly/falcons/schedule 2002.html
2005.04.20 19:13 B C:\Documents and Settings\Michael Casserly\My Documents\Webmaster\mcasserly\falcons\schedule\WS_FTP.LOG --> ftp.mcasserly.com /mcasserly/falcons/schedule WS_FTP.LOG
2005.04.21 22:56 B C:\Documents and Settings\Michael Casserly\My Documents\Webmaster\mcasserly\falcons\schedule\index.html --> ftp.mcasserly.com /mcasserly/falcons/schedule index.html
2005.04.21 22:56 B C:\Documents and Settings\Michael Casserly\My Documents\Webmaster\mcasserly\falcons\schedule\WS_FTP.LOG --> ftp.mcasserly.com /mcasserly/falcons/schedule WS_FTP.LOG
2005.04.21 22:56 B C:\Documents and Settings\Michael Casserly\My Documents\Webmaster\mcasserly\falcons\schedule\2004rs.html --> ftp.mcasserly.com /mcasserly/falcons/schedule 2004rs.html
2005.04.21 22:56 B C:\Documents and Settings\Michael Casserly\My Documents\Webmaster\mcasserly\falcons\schedule\2004ps.html --> ftp.mcasserly.com /mcasserly/falcons/schedule 2004ps.html
2005.04.21 22:56 B C:\Documents and Settings\Michael Casserly\My Documents\Webmaster\mcasserly\falcons\schedule\2004.html --> ftp.mcasserly.com /mcasserly/falcons/schedule 2004.html
2005.04.21 22:56 B C:\Documents and Settings\Michael Casserly\My Documents\Webmaster\mcasserly\falcons\schedule\2003rs.html --> ftp.mcasserly.com /mcasserly/falcons/schedule 2003rs.html
2005.04.21 22:56 B C:\Documents and Settings\Michael Casserly\My Documents\Webmaster\mcasserly\falcons\schedule\2003ps.html --> ftp.mcasserly.com /mcasserly/falcons/schedule 2003ps.html
2005.04.21 22:56 B C:\Documents and Settings\Michael Casserly\My Documents\Webmaster\mcasserly\falcons\schedule\2003.html --> ftp.mcasserly.com /mcasserly/falcons/schedule 2003.html
2005.04.21 22:56 B C:\Documents and Settings\Michael Casserly\My Documents\Webmaster\mcasserly\falcons\schedule\2002rs.html --> ftp.mcasserly.com /mcasserly/falcons/schedule 2002rs.html
2005.04.21 22:56 B C:\Documents and Settings\Michael Casserly\My Documents\Webmaster\mcasserly\falcons\schedule\2002ps.html --> ftp.mcasserly.com /mcasserly/falcons/schedule 2002ps.html
2005.04.21 22:56 B C:\Documents and Settings\Michael Casserly\My Documents\Webmaster\mcasserly\falcons\schedule\2002.html --> ftp.mcasserly.com /mcasserly/falcons/schedule 2002.html
2005.05.01 13:57 A C:\Documents and Settings\Michael Casserly\My Documents\Webmaster\mcasserly\falcons\schedule\index.html --> ftp.mcasserly.com /mcasserly/falcons/schedule index.html
2005.05.01 14:01 A C:\Documents and Settings\Michael Casserly\My Documents\Webmaster\mcasserly\falcons\schedule\index.html --> ftp.mcasserly.com /mcasserly/falcons/schedule index.html
2005.05.01 16:34 A C:\Documents and Settings\Michael Casserly\My Documents\Webmaster\mcasserly\falcons\schedule\index.html --> ftp.mcasserly.com /mcasserly/falcons/schedule index.html
2005.05.01 17:56 A C:\Documents and Settings\Michael Casserly\My Documents\Webmaster\mcasserly\falcons\schedule\index.html --> ftp.mcasserly.com /mcasserly/falcons/schedule index.html
2005.05.01 17:56 A C:\Documents and Settings\Michael Casserly\My Documents\Webmaster\mcasserly\falcons\schedule\2004rs.html --> ftp.mcasserly.com /mcasserly/falcons/schedule 2004rs.html
2005.05.01 17:56 A C:\Documents and Settings\Michael Casserly\My Documents\Webmaster\mcasserly\falcons\schedule\2004ps.html --> ftp.mcasserly.com /mcasserly/falcons/schedule 2004ps.html
2005.05.01 17:56 A C:\Documents and Settings\Michael Casserly\My Documents\Webmaster\mcasserly\falcons\schedule\2004.html --> ftp.mcasserly.com /mcasserly/falcons/schedule 2004.html
2005.05.01 17:56 A C:\Documents and Settings\Michael Casserly\My Documents\Webmaster\mcasserly\falcons\schedule\2003rs.html --> ftp.mcasserly.com /mcasserly/falcons/schedule 2003rs.html
2005.05.01 17:56 A C:\Documents and Settings\Michael Casserly\My Documents\Webmaster\mcasserly\falcons\schedule\2003ps.html --> ftp.mcasserly.com /mcasserly/falcons/schedule 2003ps.html
2005.05.01 17:56 A C:\Documents and Settings\Michael Casserly\My Documents\Webmaster\mcasserly\falcons\schedule\2003.html --> ftp.mcasserly.com /mcasserly/falcons/schedule 2003.html
2005.05.01 17:56 A C:\Documents and Settings\Michael Casserly\My Documents\Webmaster\mcasserly\falcons\schedule\2002rs.html --> ftp.mcasserly.com /mcasserly/falcons/schedule 2002rs.html
2005.05.01 17:56 A C:\Documents and Settings\Michael Casserly\My Documents\Webmaster\mcasserly\falcons\schedule\2002ps.html --> ftp.mcasserly.com /mcasserly/falcons/schedule 2002ps.html
2005.05.01 17:56 A C:\Documents and Settings\Michael Casserly\My Documents\Webmaster\mcasserly\falcons\schedule\2002.html --> ftp.mcasserly.com /mcasserly/falcons/schedule 2002.html
2005.05.01 17:56 B C:\Documents and Settings\Michael Casserly\My Documents\Webmaster\mcasserly\falcons\schedule\WS_FTP.LOG --> ftp.mcasserly.com /mcasserly/falcons/schedule WS_FTP.LOG
2005.05.01 18:16 A C:\Documents and Settings\Michael Casserly\My Documents\Webmaster\mcasserly\falcons\schedule\index.html --> ftp.mcasserly.com /mcasserly/falcons/schedule index.html
2005.05.07 11:48 A C:\Documents and Settings\Michael Casserly\My Documents\Webmaster\mcasserly\falcons\schedule\index.html --> ftp.mcasserly.com /mcasserly/falcons/schedule index.html
2005.05.14 11:27 A C:\Documents and Settings\Michael Casserly\My Documents\Webmaster\mcasserly\falcons\schedule\index.html --> ftp.mcasserly.com /mcasserly/falcons/schedule index.html
2005.05.16 21:50 A C:\Documents and Settings\Michael Casserly\My Documents\Webmaster\mcasserly\falcons\schedule\index.html --> ftp.mcasserly.com /mcasserly/falcons/schedule index.html
2005.05.16 21:50 B C:\Documents and Settings\Michael Casserly\My Documents\Webmaster\mcasserly\falcons\schedule\WS_FTP.LOG --> ftp.mcasserly.com /mcasserly/falcons/schedule WS_FTP.LOG
2005.05.16 21:51 A C:\Documents and Settings\Michael Casserly\My Documents\Webmaster\mcasserly\falcons\schedule\2004rs.html --> ftp.mcasserly.com /mcasserly/falcons/schedule 2004rs.html
2005.05.16 21:51 A C:\Documents and Settings\Michael Casserly\My Documents\Webmaster\mcasserly\falcons\schedule\2004ps.html --> ftp.mcasserly.com /mcasserly/falcons/schedule 2004ps.html
2005.05.16 21:51 A C:\Documents and Settings\Michael Casserly\My Documents\Webmaster\mcasserly\falcons\schedule\2004.html --> ftp.mcasserly.com /mcasserly/falcons/schedule 2004.html
2005.05.16 21:51 A C:\Documents and Settings\Michael Casserly\My Documents\Webmaster\mcasserly\falcons\schedule\2003rs.html --> ftp.mcasserly.com /mcasserly/falcons/schedule 2003rs.html
2005.05.16 21:51 A C:\Documents and Settings\Michael Casserly\My Documents\Webmaster\mcasserly\falcons\schedule\2003ps.html --> ftp.mcasserly.com /mcasserly/falcons/schedule 2003ps.html
2005.05.16 21:51 A C:\Documents and Settings\Michael Casserly\My Documents\Webmaster\mcasserly\falcons\schedule\2003.html --> ftp.mcasserly.com /mcasserly/falcons/schedule 2003.html
2005.05.16 21:51 A C:\Documents and Settings\Michael Casserly\My Documents\Webmaster\mcasserly\falcons\schedule\2002rs.html --> ftp.mcasserly.com /mcasserly/falcons/schedule 2002rs.html
2005.05.16 21:51 A C:\Documents and Settings\Michael Casserly\My Documents\Webmaster\mcasserly\falcons\schedule\2002ps.html --> ftp.mcasserly.com /mcasserly/falcons/schedule 2002ps.html
2005.05.16 21:51 A C:\Documents and Settings\Michael Casserly\My Documents\Webmaster\mcasserly\falcons\schedule\2002.html --> ftp.mcasserly.com /mcasserly/falcons/schedule 2002.html
2005.05.21 13:10 A C:\Documents and Settings\Michael Casserly\My Documents\Webmaster\mcasserly\falcons\schedule\index.html --> ftp.mcasserly.com /mcasserly/falcons/schedule index.html
2005.05.23 22:32 A C:\Documents and Settings\Michael Casserly\My Documents\Webmaster\mcasserly\falcons\schedule\index.html --> ftp.mcasserly.com /mcasserly/falcons/schedule index.html
2005.05.26 00:29 A C:\Documents and Settings\Michael Casserly\My Documents\Webmaster\mcasserly\falcons\schedule\index.html --> ftp.mcasserly.com /mcasserly/falcons/schedule index.html
2005.05.26 22:30 A C:\Documents and Settings\Michael Casserly\My Documents\Webmaster\mcasserly\falcons\schedule\index.html --> ftp.mcasserly.com /mcasserly/falcons/schedule index.html
2005.06.03 20:16 A C:\Documents and Settings\Michael Casserly\My Documents\Webmaster\mcasserly\falcons\schedule\index.html --> ftp.mcasserly.com /mcasserly/falcons/schedule index.html
2005.06.05 16:10 A C:\Documents and Settings\Michael Casserly\My Documents\Webmaster\mcasserly\falcons\schedule\index.html --> ftp.mcasserly.com /mcasserly/falcons/schedule index.html
2005.06.13 19:43 A C:\Documents and Settings\Michael Casserly\My Documents\Webmaster\mcasserly\falcons\schedule\index.html --> ftp.mcasserly.com /mcasserly/falcons/schedule index.html
2005.06.22 23:36 A C:\Documents and Settings\Michael Casserly\My Documents\Webmaster\mcasserly\falcons\schedule\index.html --> ftp.mcasserly.com /mcasserly/falcons/schedule index.html
2005.06.23 22:11 A C:\Documents and Settings\Michael Casserly\My Documents\Webmaster\mcasserly\falcons\schedule\index.html --> ftp.mcasserly.com /mcasserly/falcons/schedule index.html
2005.06.25 21:11 A C:\Documents and Settings\Michael Casserly\My Documents\Webmaster\mcasserly\falcons\schedule\index.html --> ftp.mcasserly.com /mcasserly/falcons/schedule index.html
2005.06.25 21:13 A C:\Documents and Settings\Michael Casserly\My Documents\Webmaster\mcasserly\falcons\schedule\index.html --> ftp.mcasserly.com /mcasserly/falcons/schedule index.html
2005.07.06 22:41 A C:\Documents and Settings\Michael Casserly\My Documents\Webmaster\mcasserly\falcons\schedule\index.html --> ftp.mcasserly.com /mcasserly/falcons/schedule index.html
2005.07.06 22:41 A C:\Documents and Settings\Michael Casserly\My Documents\Webmaster\mcasserly\falcons\schedule\2004rs.html --> ftp.mcasserly.com /mcasserly/falcons/schedule 2004rs.html
2005.07.06 22:41 A C:\Documents and Settings\Michael Casserly\My Documents\Webmaster\mcasserly\falcons\schedule\2004ps.html --> ftp.mcasserly.com /mcasserly/falcons/schedule 2004ps.html
2005.07.06 22:41 A C:\Documents and Settings\Michael Casserly\My Documents\Webmaster\mcasserly\falcons\schedule\2004.html --> ftp.mcasserly.com /mcasserly/falcons/schedule 2004.html
2005.07.06 22:41 A C:\Documents and Settings\Michael Casserly\My Documents\Webmaster\mcasserly\falcons\schedule\2003rs.html --> ftp.mcasserly.com /mcasserly/falcons/schedule 2003rs.html
2005.07.06 22:41 A C:\Documents and Settings\Michael Casserly\My Documents\Webmaster\mcasserly\falcons\schedule\2003ps.html --> ftp.mcasserly.com /mcasserly/falcons/schedule 2003ps.html
2005.07.06 22:41 A C:\Documents and Settings\Michael Casserly\My Documents\Webmaster\mcasserly\falcons\schedule\2003.html --> ftp.mcasserly.com /mcasserly/falcons/schedule 2003.html
2005.07.06 22:42 A C:\Documents and Settings\Michael Casserly\My Documents\Webmaster\mcasserly\falcons\schedule\2002rs.html --> ftp.mcasserly.com /mcasserly/falcons/schedule 2002rs.html
2005.07.06 22:42 A C:\Documents and Settings\Michael Casserly\My Documents\Webmaster\mcasserly\falcons\schedule\2002ps.html --> ftp.mcasserly.com /mcasserly/falcons/schedule 2002ps.html
2005.07.06 22:42 A C:\Documents and Settings\Michael Casserly\My Documents\Webmaster\mcasserly\falcons\schedule\2002.html --> ftp.mcasserly.com /mcasserly/falcons/schedule 2002.html
2005.07.06 22:42 B C:\Documents and Settings\Michael Casserly\My Documents\Webmaster\mcasserly\falcons\schedule\WS_FTP.LOG --> ftp.mcasserly.com /mcasserly/falcons/schedule WS_FTP.LOG
2005.07.13 20:39 A C:\Documents and Settings\Michael Casserly\My Documents\Webmaster\mcasserly\falcons\schedule\index.html --> ftp.mcasserly.com /mcasserly/falcons/schedule index.html
2005.07.17 22:12 A C:\Documents and Settings\Michael Casserly\My Documents\Webmaster\mcasserly\falcons\schedule\index.html --> ftp.mcasserly.com /mcasserly/falcons/schedule index.html
2005.07.18 21:39 A C:\Documents and Settings\Michael Casserly\My Documents\Webmaster\mcasserly\falcons\schedule\index.html --> ftp.mcasserly.com /mcasserly/falcons/schedule index.html
2005.07.24 21:48 A C:\Documents and Settings\Michael Casserly\My Documents\Webmaster\mcasserly\falcons\schedule\index.html --> ftp.mcasserly.com /mcasserly/falcons/schedule index.html
2005.08.11 20:13 A C:\Documents and Settings\Michael Casserly\My Documents\Webmaster\mcasserly\falcons\schedule\index.html --> ftp.mcasserly.com /mcasserly/falcons/schedule index.html
2005.08.22 21:58 A C:\Documents and Settings\Michael Casserly\My Documents\Webmaster\mcasserly\falcons\schedule\index.html --> ftp.mcasserly.com /mcasserly/falcons/schedule index.html
2005.08.28 20:16 A C:\Documents and Settings\Michael Casserly\My Documents\Webmaster\mcasserly\falcons\schedule\index.html --> ftp.mcasserly.com /mcasserly/falcons/schedule index.html
2005.08.30 23:28 A C:\Documents and Settings\Michael Casserly\My Documents\Webmaster\mcasserly\falcons\schedule\index.html --> ftp.mcasserly.com /mcasserly/falcons/schedule index.html
2005.08.31 23:04 A C:\Documents and Settings\Michael Casserly\My Documents\Webmaster\mcasserly\falcons\schedule\2005ps.html --> ftp.mcasserly.com /mcasserly/falcons/schedule 2005ps.html
2005.08.31 23:04 A C:\Documents and Settings\Michael Casserly\My Documents\Webmaster\mcasserly\falcons\schedule\2005rs.html --> ftp.mcasserly.com /mcasserly/falcons/schedule 2005rs.html
2005.08.31 23:04 A C:\Documents and Settings\Michael Casserly\My Documents\Webmaster\mcasserly\falcons\schedule\index.html --> ftp.mcasserly.com /mcasserly/falcons/schedule index.html
2005.08.31 23:11 A C:\Documents and Settings\Michael Casserly\My Documents\Webmaster\mcasserly\falcons\schedule\index.html --> ftp.mcasserly.com /mcasserly/falcons index.html
2005.08.31 23:11 A C:\Documents and Settings\Michael Casserly\My Documents\Webmaster\mcasserly\falcons\schedule\index.html --> ftp.mcasserly.com /mcasserly/falcons/schedule index.html
2005.09.09 20:27 A C:\Documents and Settings\Michael Casserly\My Documents\Webmaster\mcasserly\falcons\schedule\2005ps.html --> ftp.mcasserly.com /mcasserly/falcons/schedule 2005ps.html
2005.09.17 19:47 A C:\Documents and Settings\Michael Casserly\My Documents\Webmaster\mcasserly\falcons\schedule\2005ps.html --> ftp.mcasserly.com /mcasserly/falcons/schedule 2005ps.html
2005.09.17 19:49 A C:\Documents and Settings\Michael Casserly\My Documents\Webmaster\mcasserly\falcons\schedule\2005ps.html --> ftp.mcasserly.com /mcasserly/falcons/schedule 2005ps.html
2005.09.17 19:49 A C:\Documents and Settings\Michael Casserly\My Documents\Webmaster\mcasserly\falcons\schedule\index.html --> ftp.mcasserly.com /mcasserly/falcons/schedule index.html
