2001.02.05 13:51 A D:\blackwateroldhead\media\index.html --> ftp.geocities.com /blackwateroldhead/media index.html
2001.02.06 09:57 B D:\blackwateroldhead\media\WS_FTP.LOG --> ftp.geocities.com /blackwateroldhead/media WS_FTP.LOG
2001.02.06 09:57 A D:\blackwateroldhead\media\index.html --> ftp.geocities.com /blackwateroldhead/media index.html
2001.02.12 09:21 A D:\blackwateroldhead\media\index.html --> ftp.geocities.com /blackwateroldhead/media index.html
2004.03.17 18:15 A C:\Documents and Settings\Michael Casserly\My Documents\Webmaster\axafalcons\media\calendar.html --> ftp.mcasserly.com /mcasserly/falcons/media calendar.html
2004.03.17 18:15 A C:\Documents and Settings\Michael Casserly\My Documents\Webmaster\axafalcons\media\contact.html --> ftp.mcasserly.com /mcasserly/falcons/media contact.html
2004.03.17 18:15 A C:\Documents and Settings\Michael Casserly\My Documents\Webmaster\axafalcons\media\falconsnest.html --> ftp.mcasserly.com /mcasserly/falcons/media falconsnest.html
2004.03.17 18:15 A C:\Documents and Settings\Michael Casserly\My Documents\Webmaster\axafalcons\media\index.html --> ftp.mcasserly.com /mcasserly/falcons/media index.html
2004.03.17 18:15 A C:\Documents and Settings\Michael Casserly\My Documents\Webmaster\axafalcons\media\news.html --> ftp.mcasserly.com /mcasserly/falcons/media news.html
2004.03.17 18:15 B C:\Documents and Settings\Michael Casserly\My Documents\Webmaster\axafalcons\media\WS_FTP.LOG --> ftp.mcasserly.com /mcasserly/falcons/media WS_FTP.LOG
2004.04.27 00:45 A C:\Documents and Settings\Michael Casserly\My Documents\Webmaster\mcasserly\falcons\media\contact.html --> ftp.mcasserly.com /mcasserly/falcons/media contact.html
2004.04.27 00:45 A C:\Documents and Settings\Michael Casserly\My Documents\Webmaster\mcasserly\falcons\media\news.html --> ftp.mcasserly.com /mcasserly/falcons/media news.html
2004.04.27 00:45 A C:\Documents and Settings\Michael Casserly\My Documents\Webmaster\mcasserly\falcons\media\falconsnest.html --> ftp.mcasserly.com /mcasserly/falcons/media falconsnest.html
2004.04.27 00:45 A C:\Documents and Settings\Michael Casserly\My Documents\Webmaster\mcasserly\falcons\media\index.html --> ftp.mcasserly.com /mcasserly/falcons/media index.html
2004.04.27 00:45 B C:\Documents and Settings\Michael Casserly\My Documents\Webmaster\mcasserly\falcons\media\WS_FTP.LOG --> ftp.mcasserly.com /mcasserly/falcons/media WS_FTP.LOG
2004.04.27 17:39 A C:\Documents and Settings\Michael Casserly\My Documents\Webmaster\mcasserly\falcons\media\news.html --> ftp.mcasserly.com /mcasserly/falcons/media news.html
2004.04.27 17:39 B C:\Documents and Settings\Michael Casserly\My Documents\Webmaster\mcasserly\falcons\media\WS_FTP.LOG --> ftp.mcasserly.com /mcasserly/falcons/media WS_FTP.LOG
2004.04.27 17:39 A C:\Documents and Settings\Michael Casserly\My Documents\Webmaster\mcasserly\falcons\media\contact.html --> ftp.mcasserly.com /mcasserly/falcons/media contact.html
2004.04.27 17:39 A C:\Documents and Settings\Michael Casserly\My Documents\Webmaster\mcasserly\falcons\media\falconsnest.html --> ftp.mcasserly.com /mcasserly/falcons/media falconsnest.html
2004.04.27 17:39 A C:\Documents and Settings\Michael Casserly\My Documents\Webmaster\mcasserly\falcons\media\index.html --> ftp.mcasserly.com /mcasserly/falcons/media index.html
2004.04.27 20:18 A C:\Documents and Settings\Michael Casserly\My Documents\Webmaster\mcasserly\falcons\media\index.html --> ftp.mcasserly.com /mcasserly/falcons/media index.html
2004.04.27 20:18 B C:\Documents and Settings\Michael Casserly\My Documents\Webmaster\mcasserly\falcons\media\WS_FTP.LOG --> ftp.mcasserly.com /mcasserly/falcons/media WS_FTP.LOG
2004.04.27 20:18 A C:\Documents and Settings\Michael Casserly\My Documents\Webmaster\mcasserly\falcons\media\news.html --> ftp.mcasserly.com /mcasserly/falcons/media news.html
2004.05.03 17:10 A C:\Documents and Settings\Michael Casserly\My Documents\Webmaster\mcasserly\falcons\media\news.html --> ftp.mcasserly.com /mcasserly/falcons/media news.html
2004.05.03 17:10 A C:\Documents and Settings\Michael Casserly\My Documents\Webmaster\mcasserly\falcons\media\index.html --> ftp.mcasserly.com /mcasserly/falcons/media index.html
2004.05.03 17:10 A C:\Documents and Settings\Michael Casserly\My Documents\Webmaster\mcasserly\falcons\media\falconsnest.html --> ftp.mcasserly.com /mcasserly/falcons/media falconsnest.html
2004.05.03 17:10 A C:\Documents and Settings\Michael Casserly\My Documents\Webmaster\mcasserly\falcons\media\contact.html --> ftp.mcasserly.com /mcasserly/falcons/media contact.html
2004.05.03 17:10 B C:\Documents and Settings\Michael Casserly\My Documents\Webmaster\mcasserly\falcons\media\WS_FTP.LOG --> ftp.mcasserly.com /mcasserly/falcons/media WS_FTP.LOG
2004.05.06 19:53 A C:\Documents and Settings\Michael Casserly\My Documents\Webmaster\mcasserly\falcons\media\news.html --> ftp.mcasserly.com /mcasserly/falcons news.html
2004.05.06 19:54 A C:\Documents and Settings\Michael Casserly\My Documents\Webmaster\mcasserly\falcons\media\news.html --> ftp.mcasserly.com /mcasserly/falcons/media news.html
2004.05.06 21:38 A C:\Documents and Settings\Michael Casserly\My Documents\Webmaster\mcasserly\falcons\media\news.html --> ftp.mcasserly.com /mcasserly/falcons/media news.html
2004.05.06 21:38 A C:\Documents and Settings\Michael Casserly\My Documents\Webmaster\mcasserly\falcons\media\index.html --> ftp.mcasserly.com /mcasserly/falcons/media index.html
2004.05.06 21:38 A C:\Documents and Settings\Michael Casserly\My Documents\Webmaster\mcasserly\falcons\media\falconsnest.html --> ftp.mcasserly.com /mcasserly/falcons/media falconsnest.html
2004.05.06 21:38 A C:\Documents and Settings\Michael Casserly\My Documents\Webmaster\mcasserly\falcons\media\contact.html --> ftp.mcasserly.com /mcasserly/falcons/media contact.html
2004.05.06 21:38 B C:\Documents and Settings\Michael Casserly\My Documents\Webmaster\mcasserly\falcons\media\WS_FTP.LOG --> ftp.mcasserly.com /mcasserly/falcons/media WS_FTP.LOG
2004.05.12 00:56 A C:\Documents and Settings\Michael Casserly\My Documents\Webmaster\mcasserly\falcons\media\news.html --> ftp.mcasserly.com /mcasserly/falcons/media news.html
2004.05.12 00:56 A C:\Documents and Settings\Michael Casserly\My Documents\Webmaster\mcasserly\falcons\media\index.html --> ftp.mcasserly.com /mcasserly/falcons/media index.html
2004.05.12 00:56 A C:\Documents and Settings\Michael Casserly\My Documents\Webmaster\mcasserly\falcons\media\falconsnest.html --> ftp.mcasserly.com /mcasserly/falcons/media falconsnest.html
2004.05.12 00:56 A C:\Documents and Settings\Michael Casserly\My Documents\Webmaster\mcasserly\falcons\media\contact.html --> ftp.mcasserly.com /mcasserly/falcons/media contact.html
2004.05.12 00:56 B C:\Documents and Settings\Michael Casserly\My Documents\Webmaster\mcasserly\falcons\media\WS_FTP.LOG --> ftp.mcasserly.com /mcasserly/falcons/media WS_FTP.LOG
2004.05.15 00:38 A C:\Documents and Settings\Michael Casserly\My Documents\Webmaster\mcasserly\falcons\media\news.html --> ftp.mcasserly.com /mcasserly/falcons/media news.html
2004.05.15 00:38 A C:\Documents and Settings\Michael Casserly\My Documents\Webmaster\mcasserly\falcons\media\index.html --> ftp.mcasserly.com /mcasserly/falcons/media index.html
2004.05.15 00:38 A C:\Documents and Settings\Michael Casserly\My Documents\Webmaster\mcasserly\falcons\media\falconsnest.html --> ftp.mcasserly.com /mcasserly/falcons/media falconsnest.html
2004.05.15 00:38 A C:\Documents and Settings\Michael Casserly\My Documents\Webmaster\mcasserly\falcons\media\contact.html --> ftp.mcasserly.com /mcasserly/falcons/media contact.html
2004.05.15 00:38 B C:\Documents and Settings\Michael Casserly\My Documents\Webmaster\mcasserly\falcons\media\WS_FTP.LOG --> ftp.mcasserly.com /mcasserly/falcons/media WS_FTP.LOG
2004.05.19 01:32 A C:\Documents and Settings\Michael Casserly\My Documents\Webmaster\mcasserly\falcons\media\news.html --> ftp.mcasserly.com /mcasserly/falcons/media news.html
2004.05.19 01:32 A C:\Documents and Settings\Michael Casserly\My Documents\Webmaster\mcasserly\falcons\media\index.html --> ftp.mcasserly.com /mcasserly/falcons/media index.html
2004.05.19 01:32 A C:\Documents and Settings\Michael Casserly\My Documents\Webmaster\mcasserly\falcons\media\falconsnest.html --> ftp.mcasserly.com /mcasserly/falcons/media falconsnest.html
2004.05.19 01:32 A C:\Documents and Settings\Michael Casserly\My Documents\Webmaster\mcasserly\falcons\media\contact.html --> ftp.mcasserly.com /mcasserly/falcons/media contact.html
2004.05.19 01:32 B C:\Documents and Settings\Michael Casserly\My Documents\Webmaster\mcasserly\falcons\media\WS_FTP.LOG --> ftp.mcasserly.com /mcasserly/falcons/media WS_FTP.LOG
2004.05.20 14:54 A C:\Documents and Settings\Michael Casserly\My Documents\Webmaster\mcasserly\falcons\media\news.html --> ftp.mcasserly.com /mcasserly/falcons/media news.html
2004.05.20 15:20 A C:\Documents and Settings\Michael Casserly\My Documents\Webmaster\mcasserly\falcons\media\news.html --> ftp.mcasserly.com /mcasserly/falcons/media news.html
2004.05.21 18:31 A C:\Documents and Settings\Michael Casserly\My Documents\Webmaster\mcasserly\falcons\media\news.html --> ftp.mcasserly.com /mcasserly/falcons/media news.html
2004.05.21 18:31 A C:\Documents and Settings\Michael Casserly\My Documents\Webmaster\mcasserly\falcons\media\falconsnest.html --> ftp.mcasserly.com /mcasserly/falcons/media falconsnest.html
2004.05.27 17:41 A C:\Documents and Settings\Michael Casserly\My Documents\Webmaster\mcasserly\falcons\media\news.html --> ftp.mcasserly.com /mcasserly/falcons/media news.html
2004.05.28 14:39 A C:\Documents and Settings\Michael Casserly\My Documents\Webmaster\mcasserly\falcons\media\news.html --> ftp.mcasserly.com /mcasserly/falcons/media news.html
2004.06.02 20:57 A C:\Documents and Settings\Michael Casserly\My Documents\Webmaster\mcasserly\falcons\media\news.html --> ftp.mcasserly.com /mcasserly/falcons/media news.html
2004.06.02 20:57 A C:\Documents and Settings\Michael Casserly\My Documents\Webmaster\mcasserly\falcons\media\falconsnest.html --> ftp.mcasserly.com /mcasserly/falcons/media falconsnest.html
2004.06.09 15:32 A C:\Documents and Settings\Michael Casserly\My Documents\Webmaster\mcasserly\falcons\media\news.html --> ftp.mcasserly.com /mcasserly/falcons/media news.html
2004.06.10 22:25 A C:\Documents and Settings\Michael Casserly\My Documents\Webmaster\mcasserly\falcons\media\news.html --> ftp.mcasserly.com /mcasserly/falcons/media news.html
2004.06.10 22:25 A C:\Documents and Settings\Michael Casserly\My Documents\Webmaster\mcasserly\falcons\media\falconsnest.html --> ftp.mcasserly.com /mcasserly/falcons/media falconsnest.html
2004.06.23 14:07 A C:\Documents and Settings\Michael Casserly\My Documents\Webmaster\mcasserly\falcons\media\news.html --> ftp.mcasserly.com /mcasserly/falcons/media news.html
2004.06.23 14:10 A C:\Documents and Settings\Michael Casserly\My Documents\Webmaster\mcasserly\falcons\media\news.html --> ftp.mcasserly.com /mcasserly/falcons/media news.html
2004.06.28 00:34 A C:\Documents and Settings\Michael Casserly\My Documents\Webmaster\mcasserly\falcons\media\news.html --> ftp.mcasserly.com /mcasserly/falcons/media news.html
2004.07.05 19:00 A C:\Documents and Settings\Michael Casserly\My Documents\Webmaster\mcasserly\falcons\media\news.html --> ftp.mcasserly.com /mcasserly/falcons/media news.html
2004.07.22 22:04 A C:\Documents and Settings\Michael Casserly\My Documents\Webmaster\mcasserly\falcons\media\news.html --> ftp.mcasserly.com /mcasserly/falcons/media news.html
2004.07.22 22:04 A C:\Documents and Settings\Michael Casserly\My Documents\Webmaster\mcasserly\falcons\media\falconsnest.html --> ftp.mcasserly.com /mcasserly/falcons/media falconsnest.html
2004.07.23 20:52 A C:\Documents and Settings\Michael Casserly\My Documents\Webmaster\mcasserly\falcons\media\news.html --> ftp.mcasserly.com /mcasserly/falcons/media news.html
2004.07.23 20:52 A C:\Documents and Settings\Michael Casserly\My Documents\Webmaster\mcasserly\falcons\media\falconsnest.html --> ftp.mcasserly.com /mcasserly/falcons/media falconsnest.html
2004.08.04 16:39 A C:\Documents and Settings\Michael Casserly\My Documents\Webmaster\mcasserly\falcons\media\news.html --> ftp.mcasserly.com /mcasserly/falcons/media news.html
2004.08.13 20:14 A C:\Documents and Settings\Michael Casserly\My Documents\Webmaster\mcasserly\falcons\media\news.html --> ftp.mcasserly.com /mcasserly/falcons/media news.html
2004.08.18 04:40 A C:\Documents and Settings\Michael Casserly\My Documents\Webmaster\mcasserly\falcons\media\news.html --> ftp.mcasserly.com /mcasserly/falcons/media news.html
2004.08.18 04:41 A C:\Documents and Settings\Michael Casserly\My Documents\Webmaster\mcasserly\falcons\media\news.html --> ftp.mcasserly.com /mcasserly/falcons/media news.html
2004.08.18 05:24 A C:\Documents and Settings\Michael Casserly\My Documents\Webmaster\mcasserly\falcons\media\falconsnest.html --> ftp.mcasserly.com /mcasserly/falcons/media falconsnest.html
2004.08.18 05:24 A C:\Documents and Settings\Michael Casserly\My Documents\Webmaster\mcasserly\falcons\media\news.html --> ftp.mcasserly.com /mcasserly/falcons/media news.html
2004.08.24 22:13 A C:\Documents and Settings\Michael Casserly\My Documents\Webmaster\mcasserly\falcons\media\news.html --> ftp.mcasserly.com /mcasserly/falcons/media news.html
2004.09.07 03:47 A C:\Documents and Settings\Michael Casserly\My Documents\Webmaster\mcasserly\falcons\media\news.html --> ftp.mcasserly.com /mcasserly/falcons/media news.html
2004.09.10 15:38 A C:\Documents and Settings\Michael Casserly\My Documents\Webmaster\mcasserly\falcons\media\news.html --> ftp.mcasserly.com /mcasserly/falcons/media news.html
2004.09.10 15:38 A C:\Documents and Settings\Michael Casserly\My Documents\Webmaster\mcasserly\falcons\media\index.html --> ftp.mcasserly.com /mcasserly/falcons/media index.html
2004.09.10 15:38 A C:\Documents and Settings\Michael Casserly\My Documents\Webmaster\mcasserly\falcons\media\falconsnest.html --> ftp.mcasserly.com /mcasserly/falcons/media falconsnest.html
2004.09.10 15:38 A C:\Documents and Settings\Michael Casserly\My Documents\Webmaster\mcasserly\falcons\media\contact.html --> ftp.mcasserly.com /mcasserly/falcons/media contact.html
2004.09.10 15:38 B C:\Documents and Settings\Michael Casserly\My Documents\Webmaster\mcasserly\falcons\media\WS_FTP.LOG --> ftp.mcasserly.com /mcasserly/falcons/media WS_FTP.LOG
2004.09.11 18:37 A C:\Documents and Settings\Michael Casserly\My Documents\Webmaster\mcasserly\falcons\media\news.html --> ftp.mcasserly.com /mcasserly/falcons/media news.html
2004.09.19 12:39 A C:\Documents and Settings\Michael Casserly\My Documents\Webmaster\mcasserly\falcons\media\news.html --> ftp.mcasserly.com /mcasserly/falcons/media news.html
2004.09.19 12:39 A C:\Documents and Settings\Michael Casserly\My Documents\Webmaster\mcasserly\falcons\media\falconsnest.html --> ftp.mcasserly.com /mcasserly/falcons/media falconsnest.html
2004.09.19 12:42 A C:\Documents and Settings\Michael Casserly\My Documents\Webmaster\mcasserly\falcons\media\news.html --> ftp.mcasserly.com /mcasserly/falcons/media news.html
2004.09.19 12:52 A C:\Documents and Settings\Michael Casserly\My Documents\Webmaster\mcasserly\falcons\media\falconsnest.html --> ftp.mcasserly.com /mcasserly/falcons/media falconsnest.html
2004.09.20 17:12 A C:\Documents and Settings\Michael Casserly\My Documents\Webmaster\mcasserly\falcons\media\news.html --> ftp.mcasserly.com /mcasserly/falcons/media news.html
2004.09.20 17:12 A C:\Documents and Settings\Michael Casserly\My Documents\Webmaster\mcasserly\falcons\media\falconsnest.html --> ftp.mcasserly.com /mcasserly/falcons/media falconsnest.html
2004.09.28 20:45 A C:\Documents and Settings\Michael Casserly\My Documents\Webmaster\mcasserly\falcons\media\news.html --> ftp.mcasserly.com /mcasserly/falcons/media news.html
2004.09.28 20:45 A C:\Documents and Settings\Michael Casserly\My Documents\Webmaster\mcasserly\falcons\media\falconsnest.html --> ftp.mcasserly.com /mcasserly/falcons/media falconsnest.html
2004.09.28 20:51 A C:\Documents and Settings\Michael Casserly\My Documents\Webmaster\mcasserly\falcons\media\news.html --> ftp.mcasserly.com /mcasserly/falcons/media news.html
2005.02.02 15:30 A C:\Documents and Settings\Michael Casserly\My Documents\Webmaster\mcasserly\falcons\media\news.html --> ftp.mcasserly.com /mcasserly/falcons/media news.html
2005.02.24 02:43 B C:\Documents and Settings\Michael Casserly\My Documents\Webmaster\mcasserly\falcons\media\falconsnest.html --> ftp.mcasserly.com /mcasserly/falcons/media falconsnest.html
2005.02.24 19:16 B C:\Documents and Settings\Michael Casserly\My Documents\Webmaster\mcasserly\falcons\media\falconsnest.html --> ftp.mcasserly.com /mcasserly/falcons/media falconsnest.html
2005.02.24 19:22 B C:\Documents and Settings\Michael Casserly\My Documents\Webmaster\mcasserly\falcons\media\news.html --> ftp.mcasserly.com /mcasserly/falcons/media news.html
2005.04.19 21:16 B C:\Documents and Settings\Michael Casserly\My Documents\Webmaster\mcasserly\falcons\media\news.html --> ftp.mcasserly.com /mcasserly/falcons/media news.html
2005.04.19 21:16 B C:\Documents and Settings\Michael Casserly\My Documents\Webmaster\mcasserly\falcons\media\index.html --> ftp.mcasserly.com /mcasserly/falcons/media index.html
2005.04.19 21:16 B C:\Documents and Settings\Michael Casserly\My Documents\Webmaster\mcasserly\falcons\media\falconsnest.html --> ftp.mcasserly.com /mcasserly/falcons/media falconsnest.html
2005.04.19 21:16 B C:\Documents and Settings\Michael Casserly\My Documents\Webmaster\mcasserly\falcons\media\contact.html --> ftp.mcasserly.com /mcasserly/falcons/media contact.html
2005.04.19 21:16 B C:\Documents and Settings\Michael Casserly\My Documents\Webmaster\mcasserly\falcons\media\WS_FTP.LOG --> ftp.mcasserly.com /mcasserly/falcons/media WS_FTP.LOG
2005.04.19 21:34 B C:\Documents and Settings\Michael Casserly\My Documents\Webmaster\mcasserly\falcons\media\news.html --> ftp.mcasserly.com /mcasserly/falcons/media news.html
2005.04.19 21:34 B C:\Documents and Settings\Michael Casserly\My Documents\Webmaster\mcasserly\falcons\media\index.html --> ftp.mcasserly.com /mcasserly/falcons/media index.html
2005.04.19 21:34 B C:\Documents and Settings\Michael Casserly\My Documents\Webmaster\mcasserly\falcons\media\falconsnest.html --> ftp.mcasserly.com /mcasserly/falcons/media falconsnest.html
2005.04.19 21:34 B C:\Documents and Settings\Michael Casserly\My Documents\Webmaster\mcasserly\falcons\media\contact.html --> ftp.mcasserly.com /mcasserly/falcons/media contact.html
2005.04.19 21:34 B C:\Documents and Settings\Michael Casserly\My Documents\Webmaster\mcasserly\falcons\media\WS_FTP.LOG --> ftp.mcasserly.com /mcasserly/falcons/media WS_FTP.LOG
2005.04.20 19:14 B C:\Documents and Settings\Michael Casserly\My Documents\Webmaster\mcasserly\falcons\media\news.html --> ftp.mcasserly.com /mcasserly/falcons/media news.html
2005.04.20 19:14 B C:\Documents and Settings\Michael Casserly\My Documents\Webmaster\mcasserly\falcons\media\index.html --> ftp.mcasserly.com /mcasserly/falcons/media index.html
2005.04.20 19:14 B C:\Documents and Settings\Michael Casserly\My Documents\Webmaster\mcasserly\falcons\media\falconsnest.html --> ftp.mcasserly.com /mcasserly/falcons/media falconsnest.html
2005.04.20 19:14 B C:\Documents and Settings\Michael Casserly\My Documents\Webmaster\mcasserly\falcons\media\contact.html --> ftp.mcasserly.com /mcasserly/falcons/media contact.html
2005.04.20 19:14 B C:\Documents and Settings\Michael Casserly\My Documents\Webmaster\mcasserly\falcons\media\WS_FTP.LOG --> ftp.mcasserly.com /mcasserly/falcons/media WS_FTP.LOG
2005.04.21 23:23 B C:\Documents and Settings\Michael Casserly\My Documents\Webmaster\mcasserly\falcons\media\news.html --> ftp.mcasserly.com /mcasserly/falcons/media news.html
2005.04.28 22:11 B C:\Documents and Settings\Michael Casserly\My Documents\Webmaster\mcasserly\falcons\media\falconsnest.html --> ftp.mcasserly.com /mcasserly/falcons/media falconsnest.html
2005.04.28 22:11 B C:\Documents and Settings\Michael Casserly\My Documents\Webmaster\mcasserly\falcons\media\news.html --> ftp.mcasserly.com /mcasserly/falcons/media news.html
2005.05.01 16:34 A C:\Documents and Settings\Michael Casserly\My Documents\Webmaster\mcasserly\falcons\media\news.html --> ftp.mcasserly.com /mcasserly/falcons/media news.html
2005.05.01 17:56 A C:\Documents and Settings\Michael Casserly\My Documents\Webmaster\mcasserly\falcons\media\news.html --> ftp.mcasserly.com /mcasserly/falcons/media news.html
2005.05.01 17:56 A C:\Documents and Settings\Michael Casserly\My Documents\Webmaster\mcasserly\falcons\media\index.html --> ftp.mcasserly.com /mcasserly/falcons/media index.html
2005.05.01 17:56 A C:\Documents and Settings\Michael Casserly\My Documents\Webmaster\mcasserly\falcons\media\falconsnest.html --> ftp.mcasserly.com /mcasserly/falcons/media falconsnest.html
2005.05.01 17:56 A C:\Documents and Settings\Michael Casserly\My Documents\Webmaster\mcasserly\falcons\media\contact.html --> ftp.mcasserly.com /mcasserly/falcons/media contact.html
2005.05.01 17:56 B C:\Documents and Settings\Michael Casserly\My Documents\Webmaster\mcasserly\falcons\media\WS_FTP.LOG --> ftp.mcasserly.com /mcasserly/falcons/media WS_FTP.LOG
2005.05.07 11:48 A C:\Documents and Settings\Michael Casserly\My Documents\Webmaster\mcasserly\falcons\media\news.html --> ftp.mcasserly.com /mcasserly/falcons/media news.html
2005.05.16 21:51 A C:\Documents and Settings\Michael Casserly\My Documents\Webmaster\mcasserly\falcons\media\news.html --> ftp.mcasserly.com /mcasserly/falcons/media news.html
2005.05.16 21:51 B C:\Documents and Settings\Michael Casserly\My Documents\Webmaster\mcasserly\falcons\media\WS_FTP.LOG --> ftp.mcasserly.com /mcasserly/falcons/media WS_FTP.LOG
2005.05.16 21:51 A C:\Documents and Settings\Michael Casserly\My Documents\Webmaster\mcasserly\falcons\media\index.html --> ftp.mcasserly.com /mcasserly/falcons/media index.html
2005.05.16 21:51 A C:\Documents and Settings\Michael Casserly\My Documents\Webmaster\mcasserly\falcons\media\falconsnest.html --> ftp.mcasserly.com /mcasserly/falcons/media falconsnest.html
2005.05.16 21:51 A C:\Documents and Settings\Michael Casserly\My Documents\Webmaster\mcasserly\falcons\media\contact.html --> ftp.mcasserly.com /mcasserly/falcons/media contact.html
2005.05.17 00:17 A C:\Documents and Settings\Michael Casserly\My Documents\Webmaster\mcasserly\falcons\media\falconsnest.html --> ftp.mcasserly.com /mcasserly/falcons/media falconsnest.html
2005.05.17 00:17 B C:\Documents and Settings\Michael Casserly\My Documents\Webmaster\mcasserly\falcons\media\WS_FTP.LOG --> ftp.mcasserly.com /mcasserly/falcons/media WS_FTP.LOG
2005.05.17 00:17 A C:\Documents and Settings\Michael Casserly\My Documents\Webmaster\mcasserly\falcons\media\news.html --> ftp.mcasserly.com /mcasserly/falcons/media news.html
2005.05.23 22:32 A C:\Documents and Settings\Michael Casserly\My Documents\Webmaster\mcasserly\falcons\media\news.html --> ftp.mcasserly.com /mcasserly/falcons/media news.html
2005.05.26 22:30 A C:\Documents and Settings\Michael Casserly\My Documents\Webmaster\mcasserly\falcons\media\news.html --> ftp.mcasserly.com /mcasserly/falcons/media news.html
2005.05.26 22:30 A C:\Documents and Settings\Michael Casserly\My Documents\Webmaster\mcasserly\falcons\media\falconsnest.html --> ftp.mcasserly.com /mcasserly/falcons/media falconsnest.html
2005.06.05 16:10 A C:\Documents and Settings\Michael Casserly\My Documents\Webmaster\mcasserly\falcons\media\news.html --> ftp.mcasserly.com /mcasserly/falcons/media news.html
2005.06.05 16:10 A C:\Documents and Settings\Michael Casserly\My Documents\Webmaster\mcasserly\falcons\media\falconsnest.html --> ftp.mcasserly.com /mcasserly/falcons/media falconsnest.html
2005.06.05 20:28 A C:\Documents and Settings\Michael Casserly\My Documents\Webmaster\mcasserly\falcons\media\news.html --> ftp.mcasserly.com /mcasserly/falcons/media news.html
2005.06.05 20:28 A C:\Documents and Settings\Michael Casserly\My Documents\Webmaster\mcasserly\falcons\media\falconsnest.html --> ftp.mcasserly.com /mcasserly/falcons/media falconsnest.html
2005.06.05 20:35 A C:\Documents and Settings\Michael Casserly\My Documents\Webmaster\mcasserly\falcons\media\falconsnest.html --> ftp.mcasserly.com /mcasserly/falcons/media falconsnest.html
2005.06.13 19:43 A C:\Documents and Settings\Michael Casserly\My Documents\Webmaster\mcasserly\falcons\media\news.html --> ftp.mcasserly.com /mcasserly/falcons/media news.html
2005.06.23 22:12 A C:\Documents and Settings\Michael Casserly\My Documents\Webmaster\mcasserly\falcons\media\news.html --> ftp.mcasserly.com /mcasserly/falcons/media news.html
2005.06.25 21:11 A C:\Documents and Settings\Michael Casserly\My Documents\Webmaster\mcasserly\falcons\media\news.html --> ftp.mcasserly.com /mcasserly/falcons/media news.html
2005.07.06 22:38 A C:\Documents and Settings\Michael Casserly\My Documents\Webmaster\mcasserly\falcons\media\news.html --> ftp.mcasserly.com /mcasserly/falcons/media news.html
2005.07.06 22:38 A C:\Documents and Settings\Michael Casserly\My Documents\Webmaster\mcasserly\falcons\media\falconsnest.html --> ftp.mcasserly.com /mcasserly/falcons/media falconsnest.html
2005.07.06 22:38 A C:\Documents and Settings\Michael Casserly\My Documents\Webmaster\mcasserly\falcons\media\index.html --> ftp.mcasserly.com /mcasserly/falcons/media index.html
2005.07.06 22:38 A C:\Documents and Settings\Michael Casserly\My Documents\Webmaster\mcasserly\falcons\media\contact.html --> ftp.mcasserly.com /mcasserly/falcons/media contact.html
2005.07.06 22:38 B C:\Documents and Settings\Michael Casserly\My Documents\Webmaster\mcasserly\falcons\media\WS_FTP.LOG --> ftp.mcasserly.com /mcasserly/falcons/media WS_FTP.LOG
2005.07.13 20:40 A C:\Documents and Settings\Michael Casserly\My Documents\Webmaster\mcasserly\falcons\media\news.html --> ftp.mcasserly.com /mcasserly/falcons/media news.html
2005.07.18 21:38 A C:\Documents and Settings\Michael Casserly\My Documents\Webmaster\mcasserly\falcons\media\news.html --> ftp.mcasserly.com /mcasserly/falcons/media news.html
2005.07.18 21:38 A C:\Documents and Settings\Michael Casserly\My Documents\Webmaster\mcasserly\falcons\media\falconsnest.html --> ftp.mcasserly.com /mcasserly/falcons/media falconsnest.html
2005.07.24 21:48 A C:\Documents and Settings\Michael Casserly\My Documents\Webmaster\mcasserly\falcons\media\news.html --> ftp.mcasserly.com /mcasserly/falcons/media news.html
2005.07.24 21:48 A C:\Documents and Settings\Michael Casserly\My Documents\Webmaster\mcasserly\falcons\media\falconsnest.html --> ftp.mcasserly.com /mcasserly/falcons/media falconsnest.html
2005.08.22 21:59 A C:\Documents and Settings\Michael Casserly\My Documents\Webmaster\mcasserly\falcons\media\news.html --> ftp.mcasserly.com /mcasserly/falcons/media news.html
2005.08.28 20:20 A C:\Documents and Settings\Michael Casserly\My Documents\Webmaster\mcasserly\falcons\media\news.html --> ftp.mcasserly.com /mcasserly/falcons/media news.html
2005.08.31 22:33 A C:\Documents and Settings\Michael Casserly\My Documents\Webmaster\mcasserly\falcons\media\news.html --> ftp.mcasserly.com /mcasserly/falcons/media news.html
2005.08.31 22:33 A C:\Documents and Settings\Michael Casserly\My Documents\Webmaster\mcasserly\falcons\media\falconsnest.html --> ftp.mcasserly.com /mcasserly/falcons/media falconsnest.html
2005.09.05 15:07 A C:\Documents and Settings\Michael Casserly\My Documents\Webmaster\mcasserly\falcons\media\news.html <-- mcasserly /mcasserly/falcons/media news.html
2005.09.05 15:07 A C:\Documents and Settings\Michael Casserly\My Documents\Webmaster\mcasserly\falcons\media\falconsnest.html <-- mcasserly /mcasserly/falcons/media falconsnest.html
2005.09.09 21:59 A C:\Documents and Settings\Michael Casserly\My Documents\Webmaster\mcasserly\falcons\media\news.html --> ftp.mcasserly.com /mcasserly/falcons/media news.html
2005.09.17 19:46 A C:\Documents and Settings\Michael Casserly\My Documents\Webmaster\mcasserly\falcons\media\news.html --> ftp.mcasserly.com /mcasserly/falcons/media news.html
