2002.01.21 19:17 B E:\mcasserly\1999currans.jpg <-- mcasserly /mcasserly/ 1999currans.jpg
2002.01.21 19:17 B E:\mcasserly\background.jpg <-- mcasserly /mcasserly/ background.jpg
2002.01.21 19:17 B E:\mcasserly\header_oldhead.gif <-- mcasserly /mcasserly/ header_oldhead.gif
2002.01.21 19:18 A E:\mcasserly\index.html <-- mcasserly /mcasserly/ index.html
2002.01.21 19:18 A E:\mcasserly\oldhead.css <-- mcasserly /mcasserly/ oldhead.css
2002.01.21 19:18 A E:\mcasserly\oldheadrightnavtemplate.html <-- mcasserly /mcasserly/ oldheadrightnavtemplate.html
2002.01.21 19:18 A E:\mcasserly\oldheadtemplate.html <-- mcasserly /mcasserly/ oldheadtemplate.html
2002.01.21 19:19 B E:\mcasserly\resume.doc <-- mcasserly /mcasserly/ resume.doc
2002.01.21 19:19 A E:\mcasserly\resume.htm <-- mcasserly /mcasserly/ resume.htm
2002.01.21 19:19 B E:\mcasserly\spacer.gif <-- mcasserly /mcasserly/ spacer.gif
2002.01.22 00:38 A E:\mcasserly\eresume.htm --> ftp.geocities.com /mcasserly eresume.htm
2002.01.22 00:39 A E:\mcasserly\index.html --> ftp.geocities.com /mcasserly index.html
2002.01.22 00:39 A E:\mcasserly\mcasserly.css --> ftp.geocities.com /mcasserly mcasserly.css
2002.01.22 00:40 B E:\mcasserly\resume.doc --> ftp.geocities.com /mcasserly resume.doc
2002.01.22 00:40 A E:\mcasserly\resume.htm --> ftp.geocities.com /mcasserly resume.htm
2002.01.22 00:40 B E:\mcasserly\spacer.gif --> ftp.geocities.com /mcasserly spacer.gif
2002.01.22 15:21 A E:\mcasserly\index.html --> ftp.geocities.com /mcasserly index.html
2002.01.22 19:49 A E:\mcasserly\index.html --> ftp.geocities.com /mcasserly index.html
2002.01.22 23:24 A E:\mcasserly\eresume.htm --> ftp.geocities.com /mcasserly eresume.htm
2002.01.22 23:24 A E:\mcasserly\index.html --> ftp.geocities.com /mcasserly index.html
2002.01.22 23:34 A E:\mcasserly\eresume.htm --> ftp.geocities.com /mcasserly eresume.htm
2002.01.22 23:38 A E:\mcasserly\index.html --> ftp.geocities.com /mcasserly index.html
2004.09.21 23:15 A C:\Documents and Settings\Michael Casserly\My Documents\Webmaster\mcasserly\index.html --> ftp.mcasserly.com /mcasserly index.html
2004.09.21 23:15 A C:\Documents and Settings\Michael Casserly\My Documents\Webmaster\mcasserly\mcasserly.css --> ftp.mcasserly.com /mcasserly mcasserly.css
2004.09.21 23:15 B C:\Documents and Settings\Michael Casserly\My Documents\Webmaster\mcasserly\spacer.gif --> ftp.mcasserly.com /mcasserly spacer.gif
2004.09.21 23:21 A C:\Documents and Settings\Michael Casserly\My Documents\Webmaster\mcasserly\index.html --> ftp.mcasserly.com /mcasserly index.html
2004.09.21 23:36 A C:\Documents and Settings\Michael Casserly\My Documents\Webmaster\mcasserly\index.html --> ftp.mcasserly.com /mcasserly index.html
2004.09.21 23:42 A C:\Documents and Settings\Michael Casserly\My Documents\Webmaster\mcasserly\index.html --> ftp.mcasserly.com /mcasserly index.html
2004.09.22 12:36 A C:\Documents and Settings\Michael Casserly\My Documents\Webmaster\mcasserly\index.html --> ftp.mcasserly.com /mcasserly index.html
2004.09.22 12:37 A C:\Documents and Settings\Michael Casserly\My Documents\Webmaster\mcasserly\mcasserly.css --> ftp.mcasserly.com /mcasserly mcasserly.css
2004.09.22 13:49 A C:\Documents and Settings\Michael Casserly\My Documents\Webmaster\mcasserly\index.html --> ftp.mcasserly.com /mcasserly index.html
2004.09.22 13:53 A C:\Documents and Settings\Michael Casserly\My Documents\Webmaster\mcasserly\index.html --> ftp.mcasserly.com /mcasserly index.html
2004.09.22 14:02 A C:\Documents and Settings\Michael Casserly\My Documents\Webmaster\mcasserly\mcasserly.css --> ftp.mcasserly.com /mcasserly mcasserly.css
2004.09.22 14:02 A C:\Documents and Settings\Michael Casserly\My Documents\Webmaster\mcasserly\index.html --> ftp.mcasserly.com /mcasserly index.html
2004.09.22 14:25 A C:\Documents and Settings\Michael Casserly\My Documents\Webmaster\mcasserly\index.html --> ftp.mcasserly.com /mcasserly index.html
2004.09.22 14:47 A C:\Documents and Settings\Michael Casserly\My Documents\Webmaster\mcasserly\index.html --> ftp.mcasserly.com /mcasserly index.html
2004.09.22 14:58 A C:\Documents and Settings\Michael Casserly\My Documents\Webmaster\mcasserly\index.html --> ftp.mcasserly.com /mcasserly index.html
2004.09.22 16:13 A C:\Documents and Settings\Michael Casserly\My Documents\Webmaster\mcasserly\index.html --> ftp.mcasserly.com /mcasserly index.html
2004.09.22 16:45 A C:\Documents and Settings\Michael Casserly\My Documents\Webmaster\mcasserly\index.html --> ftp.mcasserly.com /mcasserly index.html
2004.09.22 16:48 A C:\Documents and Settings\Michael Casserly\My Documents\Webmaster\mcasserly\index.html --> ftp.mcasserly.com /mcasserly index.html
2004.09.22 16:58 A C:\Documents and Settings\Michael Casserly\My Documents\Webmaster\mcasserly\mcasserly.css --> ftp.mcasserly.com /mcasserly mcasserly.css
2004.09.22 16:58 A C:\Documents and Settings\Michael Casserly\My Documents\Webmaster\mcasserly\index.html --> ftp.mcasserly.com /mcasserly index.html
2004.09.22 17:00 A C:\Documents and Settings\Michael Casserly\My Documents\Webmaster\mcasserly\mcasserly.css --> ftp.mcasserly.com /mcasserly mcasserly.css
2004.09.22 17:09 A C:\Documents and Settings\Michael Casserly\My Documents\Webmaster\mcasserly\index.html --> ftp.mcasserly.com /mcasserly index.html
2004.09.22 17:42 A C:\Documents and Settings\Michael Casserly\My Documents\Webmaster\mcasserly\index.html --> ftp.mcasserly.com /mcasserly index.html
2004.09.22 17:47 A C:\Documents and Settings\Michael Casserly\My Documents\Webmaster\mcasserly\index.html --> ftp.mcasserly.com /mcasserly index.html
2004.09.28 19:47 A C:\Documents and Settings\Michael Casserly\My Documents\Webmaster\mcasserly\index.html --> ftp.mcasserly.com /mcasserly index.html
2004.10.04 19:00 A C:\Documents and Settings\Michael Casserly\My Documents\Webmaster\mcasserly\index.html --> ftp.mcasserly.com /mcasserly index.html
2004.10.13 18:58 A C:\Documents and Settings\Michael Casserly\My Documents\Webmaster\mcasserly\index.html --> ftp.mcasserly.com /mcasserly index.html
2004.10.24 02:16 A C:\Documents and Settings\Michael Casserly\My Documents\Webmaster\mcasserly\index.html --> ftp.mcasserly.com /mcasserly index.html
2005.01.18 22:17 A C:\Documents and Settings\Michael Casserly\My Documents\Webmaster\mcasserly\index.html --> ftp.mcasserly.com /mcasserly index.html
2005.01.19 12:30 A C:\Documents and Settings\Michael Casserly\My Documents\Webmaster\mcasserly\index.html --> ftp.mcasserly.com /mcasserly index.html
2005.01.24 16:44 A C:\Documents and Settings\Michael Casserly\My Documents\Webmaster\mcasserly\index.html --> ftp.mcasserly.com /mcasserly index.html
2005.01.28 22:04 A C:\Documents and Settings\Michael Casserly\My Documents\Webmaster\mcasserly\index.html --> ftp.mcasserly.com /mcasserly index.html
2005.01.28 22:10 A C:\Documents and Settings\Michael Casserly\My Documents\Webmaster\mcasserly\index.html --> ftp.mcasserly.com /mcasserly index.html
2005.01.28 22:17 A C:\Documents and Settings\Michael Casserly\My Documents\Webmaster\mcasserly\index.html --> ftp.mcasserly.com /mcasserly index.html
2005.03.07 12:17 B C:\Documents and Settings\Michael Casserly\My Documents\Webmaster\mcasserly\index.html --> ftp.mcasserly.com /mcasserly index.html
2005.09.12 23:07 A C:\Documents and Settings\Michael Casserly\My Documents\Webmaster\mcasserly\index.html --> ftp.mcasserly.com /mcasserly index.html
2005.10.11 19:55 A C:\Documents and Settings\Michael Casserly\My Documents\Webmaster\mcasserly\index.html --> ftp.mcasserly.com /mcasserly index.html
2005.10.13 00:41 A C:\Documents and Settings\Michael Casserly\My Documents\Webmaster\mcasserly\index.html --> ftp.mcasserly.com /mcasserly index.html
2005.10.14 22:38 A C:\Documents and Settings\Michael Casserly\My Documents\Webmaster\mcasserly\index.html --> ftp.mcasserly.com /mcasserly index.html
2005.10.18 01:07 A C:\Documents and Settings\Michael Casserly\My Documents\Webmaster\mcasserly\index.html --> ftp.mcasserly.com /mcasserly index.html
2005.10.18 01:08 A C:\Documents and Settings\Michael Casserly\My Documents\Webmaster\mcasserly\index.html --> ftp.mcasserly.com /mcasserly index.html
2006.01.11 21:12 A C:\Documents and Settings\Michael Casserly\My Documents\Webmaster\mcasserly\index.html --> ftp.mcasserly.com /mcasserly index.html
2006.02.12 20:55 A C:\Documents and Settings\Michael Casserly\My Documents\Webmaster\mcasserly\mcasserly.css --> ftp.mcasserly.com /mcasserly mcasserly.css
2006.02.12 20:59 A C:\Documents and Settings\Michael Casserly\My Documents\Webmaster\mcasserly\mcasserly.css --> ftp.mcasserly.com /mcasserly mcasserly.css
2006.02.12 20:59 A C:\Documents and Settings\Michael Casserly\My Documents\Webmaster\mcasserly\pictures.html --> ftp.mcasserly.com /mcasserly pictures.html
2006.02.12 21:01 A C:\Documents and Settings\Michael Casserly\My Documents\Webmaster\mcasserly\mcasserly.css --> ftp.mcasserly.com /mcasserly mcasserly.css
2006.02.12 21:04 A C:\Documents and Settings\Michael Casserly\My Documents\Webmaster\mcasserly\pictures.html --> ftp.mcasserly.com /mcasserly pictures.html
2006.02.12 21:05 A C:\Documents and Settings\Michael Casserly\My Documents\Webmaster\mcasserly\mcasserly.css --> ftp.mcasserly.com /mcasserly mcasserly.css
2006.02.12 21:06 A C:\Documents and Settings\Michael Casserly\My Documents\Webmaster\mcasserly\pictures.html --> ftp.mcasserly.com /mcasserly pictures.html
2006.02.12 21:08 A C:\Documents and Settings\Michael Casserly\My Documents\Webmaster\mcasserly\pictures.html --> ftp.mcasserly.com /mcasserly pictures.html
