2001.02.05 13:51 A D:\blackwateroldhead\oldhead\index.html --> ftp.geocities.com /blackwateroldhead/oldhead index.html
2001.02.06 09:58 A D:\blackwateroldhead\oldhead\index.html --> ftp.geocities.com /blackwateroldhead/oldhead index.html
2001.02.12 09:21 A D:\blackwateroldhead\oldhead\index.html --> ftp.geocities.com /blackwateroldhead/oldhead index.html
2001.07.23 20:43 A D:\blackwateroldhead\oldhead\index.html --> ftp.geocities.com /blackwateroldhead/oldhead index.html
2001.10.21 18:57 A D:\blackwateroldhead\oldhead\index.html --> ftp.geocities.com /blackwateroldhead/oldhead index.html
2001.10.21 19:13 A D:\blackwateroldhead\oldhead\index.html --> ftp.geocities.com /blackwateroldhead/oldhead index.html
2001.10.21 19:43 A D:\blackwateroldhead\oldhead\index.html --> ftp.geocities.com /blackwateroldhead/oldhead index.html
2001.10.30 19:39 A D:\blackwateroldhead\oldhead\index.html --> ftp.geocities.com /blackwateroldhead/oldhead index.html
2001.11.09 18:39 A D:\blackwateroldhead\oldhead\index.html --> ftp.geocities.com /blackwateroldhead/oldhead index.html
2004.03.17 18:09 A C:\Documents and Settings\Michael Casserly\My Documents\Webmaster\axafalcons\falcons\2001TeamPicture.html --> ftp.mcasserly.com /mcasserly/falcons/falcons 2001TeamPicture.html
2004.03.17 18:09 A C:\Documents and Settings\Michael Casserly\My Documents\Webmaster\axafalcons\falcons\2002TeamPicture.html --> ftp.mcasserly.com /mcasserly/falcons/falcons 2002TeamPicture.html
2004.03.17 18:09 A C:\Documents and Settings\Michael Casserly\My Documents\Webmaster\axafalcons\falcons\ballparks.html --> ftp.mcasserly.com /mcasserly/falcons/falcons ballparks.html
2004.03.17 18:09 A C:\Documents and Settings\Michael Casserly\My Documents\Webmaster\axafalcons\falcons\history.html --> ftp.mcasserly.com /mcasserly/falcons/falcons history.html
2004.03.17 18:09 A C:\Documents and Settings\Michael Casserly\My Documents\Webmaster\axafalcons\falcons\index.html --> ftp.mcasserly.com /mcasserly/falcons/falcons index.html
2004.03.17 18:09 A C:\Documents and Settings\Michael Casserly\My Documents\Webmaster\axafalcons\falcons\pictures.html --> ftp.mcasserly.com /mcasserly/falcons/falcons pictures.html
2004.03.17 18:09 B C:\Documents and Settings\Michael Casserly\My Documents\Webmaster\axafalcons\falcons\WS_FTP.LOG --> ftp.mcasserly.com /mcasserly/falcons/falcons WS_FTP.LOG
2004.04.27 00:45 A C:\Documents and Settings\Michael Casserly\My Documents\Webmaster\mcasserly\falcons\falcons\pictures.html --> ftp.mcasserly.com /mcasserly/falcons/falcons pictures.html
2004.04.27 00:45 A C:\Documents and Settings\Michael Casserly\My Documents\Webmaster\mcasserly\falcons\falcons\history.html --> ftp.mcasserly.com /mcasserly/falcons/falcons history.html
2004.04.27 00:45 B C:\Documents and Settings\Michael Casserly\My Documents\Webmaster\mcasserly\falcons\falcons\WS_FTP.LOG --> ftp.mcasserly.com /mcasserly/falcons/falcons WS_FTP.LOG
2004.05.03 17:10 A C:\Documents and Settings\Michael Casserly\My Documents\Webmaster\mcasserly\falcons\falcons\pictures.html --> ftp.mcasserly.com /mcasserly/falcons/falcons pictures.html
2004.05.03 17:10 A C:\Documents and Settings\Michael Casserly\My Documents\Webmaster\mcasserly\falcons\falcons\history.html --> ftp.mcasserly.com /mcasserly/falcons/falcons history.html
2004.05.03 17:10 A C:\Documents and Settings\Michael Casserly\My Documents\Webmaster\mcasserly\falcons\falcons\ballparks.html --> ftp.mcasserly.com /mcasserly/falcons/falcons ballparks.html
2004.05.03 17:10 A C:\Documents and Settings\Michael Casserly\My Documents\Webmaster\mcasserly\falcons\falcons\2003TeamPicture.html --> ftp.mcasserly.com /mcasserly/falcons/falcons 2003TeamPicture.html
2004.05.03 17:10 A C:\Documents and Settings\Michael Casserly\My Documents\Webmaster\mcasserly\falcons\falcons\2002TeamPicture.html --> ftp.mcasserly.com /mcasserly/falcons/falcons 2002TeamPicture.html
2004.05.03 17:10 A C:\Documents and Settings\Michael Casserly\My Documents\Webmaster\mcasserly\falcons\falcons\2001TeamPicture.html --> ftp.mcasserly.com /mcasserly/falcons/falcons 2001TeamPicture.html
2004.05.03 17:10 A C:\Documents and Settings\Michael Casserly\My Documents\Webmaster\mcasserly\falcons\falcons\index.html --> ftp.mcasserly.com /mcasserly/falcons/falcons index.html
2004.05.03 17:10 B C:\Documents and Settings\Michael Casserly\My Documents\Webmaster\mcasserly\falcons\falcons\WS_FTP.LOG --> ftp.mcasserly.com /mcasserly/falcons/falcons WS_FTP.LOG
2004.05.06 21:37 A C:\Documents and Settings\Michael Casserly\My Documents\Webmaster\mcasserly\falcons\falcons\pictures.html --> ftp.mcasserly.com /mcasserly/falcons/falcons pictures.html
2004.05.06 21:37 A C:\Documents and Settings\Michael Casserly\My Documents\Webmaster\mcasserly\falcons\falcons\index.html --> ftp.mcasserly.com /mcasserly/falcons/falcons index.html
2004.05.06 21:37 A C:\Documents and Settings\Michael Casserly\My Documents\Webmaster\mcasserly\falcons\falcons\history.html --> ftp.mcasserly.com /mcasserly/falcons/falcons history.html
2004.05.06 21:37 A C:\Documents and Settings\Michael Casserly\My Documents\Webmaster\mcasserly\falcons\falcons\ballparks.html --> ftp.mcasserly.com /mcasserly/falcons/falcons ballparks.html
2004.05.06 21:37 A C:\Documents and Settings\Michael Casserly\My Documents\Webmaster\mcasserly\falcons\falcons\2003TeamPicture.html --> ftp.mcasserly.com /mcasserly/falcons/falcons 2003TeamPicture.html
2004.05.06 21:37 A C:\Documents and Settings\Michael Casserly\My Documents\Webmaster\mcasserly\falcons\falcons\2002TeamPicture.html --> ftp.mcasserly.com /mcasserly/falcons/falcons 2002TeamPicture.html
2004.05.06 21:37 A C:\Documents and Settings\Michael Casserly\My Documents\Webmaster\mcasserly\falcons\falcons\2001TeamPicture.html --> ftp.mcasserly.com /mcasserly/falcons/falcons 2001TeamPicture.html
2004.05.06 21:37 B C:\Documents and Settings\Michael Casserly\My Documents\Webmaster\mcasserly\falcons\falcons\WS_FTP.LOG --> ftp.mcasserly.com /mcasserly/falcons/falcons WS_FTP.LOG
2004.05.12 00:55 A C:\Documents and Settings\Michael Casserly\My Documents\Webmaster\mcasserly\falcons\falcons\pictures.html --> ftp.mcasserly.com /mcasserly/falcons/falcons pictures.html
2004.05.12 00:55 A C:\Documents and Settings\Michael Casserly\My Documents\Webmaster\mcasserly\falcons\falcons\index.html --> ftp.mcasserly.com /mcasserly/falcons/falcons index.html
2004.05.12 00:55 A C:\Documents and Settings\Michael Casserly\My Documents\Webmaster\mcasserly\falcons\falcons\history.html --> ftp.mcasserly.com /mcasserly/falcons/falcons history.html
2004.05.12 00:55 A C:\Documents and Settings\Michael Casserly\My Documents\Webmaster\mcasserly\falcons\falcons\ballparks.html --> ftp.mcasserly.com /mcasserly/falcons/falcons ballparks.html
2004.05.12 00:55 A C:\Documents and Settings\Michael Casserly\My Documents\Webmaster\mcasserly\falcons\falcons\2003TeamPicture.html --> ftp.mcasserly.com /mcasserly/falcons/falcons 2003TeamPicture.html
2004.05.12 00:55 A C:\Documents and Settings\Michael Casserly\My Documents\Webmaster\mcasserly\falcons\falcons\2002TeamPicture.html --> ftp.mcasserly.com /mcasserly/falcons/falcons 2002TeamPicture.html
2004.05.12 00:55 A C:\Documents and Settings\Michael Casserly\My Documents\Webmaster\mcasserly\falcons\falcons\2001TeamPicture.html --> ftp.mcasserly.com /mcasserly/falcons/falcons 2001TeamPicture.html
2004.05.12 00:55 B C:\Documents and Settings\Michael Casserly\My Documents\Webmaster\mcasserly\falcons\falcons\WS_FTP.LOG --> ftp.mcasserly.com /mcasserly/falcons/falcons WS_FTP.LOG
2004.05.12 01:45 A C:\Documents and Settings\Michael Casserly\My Documents\Webmaster\mcasserly\falcons\falcons\ballparks.html --> ftp.mcasserly.com /mcasserly/falcons/falcons ballparks.html
2004.05.15 00:37 A C:\Documents and Settings\Michael Casserly\My Documents\Webmaster\mcasserly\falcons\falcons\pictures.html --> ftp.mcasserly.com /mcasserly/falcons/falcons pictures.html
2004.05.15 00:37 A C:\Documents and Settings\Michael Casserly\My Documents\Webmaster\mcasserly\falcons\falcons\index.html --> ftp.mcasserly.com /mcasserly/falcons/falcons index.html
2004.05.15 00:37 A C:\Documents and Settings\Michael Casserly\My Documents\Webmaster\mcasserly\falcons\falcons\history.html --> ftp.mcasserly.com /mcasserly/falcons/falcons history.html
2004.05.15 00:37 A C:\Documents and Settings\Michael Casserly\My Documents\Webmaster\mcasserly\falcons\falcons\ballparks.html --> ftp.mcasserly.com /mcasserly/falcons/falcons ballparks.html
2004.05.15 00:37 A C:\Documents and Settings\Michael Casserly\My Documents\Webmaster\mcasserly\falcons\falcons\2003TeamPicture.html --> ftp.mcasserly.com /mcasserly/falcons/falcons 2003TeamPicture.html
2004.05.15 00:37 A C:\Documents and Settings\Michael Casserly\My Documents\Webmaster\mcasserly\falcons\falcons\2002TeamPicture.html --> ftp.mcasserly.com /mcasserly/falcons/falcons 2002TeamPicture.html
2004.05.15 00:37 A C:\Documents and Settings\Michael Casserly\My Documents\Webmaster\mcasserly\falcons\falcons\2001TeamPicture.html --> ftp.mcasserly.com /mcasserly/falcons/falcons 2001TeamPicture.html
2004.05.15 00:37 B C:\Documents and Settings\Michael Casserly\My Documents\Webmaster\mcasserly\falcons\falcons\WS_FTP.LOG --> ftp.mcasserly.com /mcasserly/falcons/falcons WS_FTP.LOG
2004.05.19 01:31 A C:\Documents and Settings\Michael Casserly\My Documents\Webmaster\mcasserly\falcons\falcons\pictures.html --> ftp.mcasserly.com /mcasserly/falcons/falcons pictures.html
2004.05.19 01:31 A C:\Documents and Settings\Michael Casserly\My Documents\Webmaster\mcasserly\falcons\falcons\index.html --> ftp.mcasserly.com /mcasserly/falcons/falcons index.html
2004.05.19 01:31 A C:\Documents and Settings\Michael Casserly\My Documents\Webmaster\mcasserly\falcons\falcons\history.html --> ftp.mcasserly.com /mcasserly/falcons/falcons history.html
2004.05.19 01:31 A C:\Documents and Settings\Michael Casserly\My Documents\Webmaster\mcasserly\falcons\falcons\ballparks.html --> ftp.mcasserly.com /mcasserly/falcons/falcons ballparks.html
2004.05.19 01:31 A C:\Documents and Settings\Michael Casserly\My Documents\Webmaster\mcasserly\falcons\falcons\2003TeamPicture.html --> ftp.mcasserly.com /mcasserly/falcons/falcons 2003TeamPicture.html
2004.05.19 01:31 A C:\Documents and Settings\Michael Casserly\My Documents\Webmaster\mcasserly\falcons\falcons\2002TeamPicture.html --> ftp.mcasserly.com /mcasserly/falcons/falcons 2002TeamPicture.html
2004.05.19 01:31 A C:\Documents and Settings\Michael Casserly\My Documents\Webmaster\mcasserly\falcons\falcons\2001TeamPicture.html --> ftp.mcasserly.com /mcasserly/falcons/falcons 2001TeamPicture.html
2004.05.19 01:31 B C:\Documents and Settings\Michael Casserly\My Documents\Webmaster\mcasserly\falcons\falcons\WS_FTP.LOG --> ftp.mcasserly.com /mcasserly/falcons/falcons WS_FTP.LOG
2004.05.28 15:15 A C:\Documents and Settings\Michael Casserly\My Documents\Webmaster\mcasserly\falcons\falcons\ballparks.html --> ftp.mcasserly.com /mcasserly/falcons/falcons ballparks.html
2004.05.28 15:30 A C:\Documents and Settings\Michael Casserly\My Documents\Webmaster\mcasserly\falcons\falcons\ballparks.html --> ftp.mcasserly.com /mcasserly/falcons/falcons ballparks.html
2004.09.10 15:37 A C:\Documents and Settings\Michael Casserly\My Documents\Webmaster\mcasserly\falcons\falcons\pictures.html --> ftp.mcasserly.com /mcasserly/falcons/falcons pictures.html
2004.09.10 15:37 A C:\Documents and Settings\Michael Casserly\My Documents\Webmaster\mcasserly\falcons\falcons\index.html --> ftp.mcasserly.com /mcasserly/falcons/falcons index.html
2004.09.10 15:37 A C:\Documents and Settings\Michael Casserly\My Documents\Webmaster\mcasserly\falcons\falcons\history.html --> ftp.mcasserly.com /mcasserly/falcons/falcons history.html
2004.09.10 15:37 A C:\Documents and Settings\Michael Casserly\My Documents\Webmaster\mcasserly\falcons\falcons\ballparks.html --> ftp.mcasserly.com /mcasserly/falcons/falcons ballparks.html
2004.09.10 15:37 A C:\Documents and Settings\Michael Casserly\My Documents\Webmaster\mcasserly\falcons\falcons\2003TeamPicture.html --> ftp.mcasserly.com /mcasserly/falcons/falcons 2003TeamPicture.html
2004.09.10 15:37 A C:\Documents and Settings\Michael Casserly\My Documents\Webmaster\mcasserly\falcons\falcons\2002TeamPicture.html --> ftp.mcasserly.com /mcasserly/falcons/falcons 2002TeamPicture.html
2004.09.10 15:37 A C:\Documents and Settings\Michael Casserly\My Documents\Webmaster\mcasserly\falcons\falcons\2001TeamPicture.html --> ftp.mcasserly.com /mcasserly/falcons/falcons 2001TeamPicture.html
2004.09.10 15:37 B C:\Documents and Settings\Michael Casserly\My Documents\Webmaster\mcasserly\falcons\falcons\WS_FTP.LOG --> ftp.mcasserly.com /mcasserly/falcons/falcons WS_FTP.LOG
2004.09.11 18:38 A C:\Documents and Settings\Michael Casserly\My Documents\Webmaster\mcasserly\falcons\falcons\ballparks.html --> ftp.mcasserly.com /mcasserly/falcons/falcons ballparks.html
2004.09.12 00:12 A C:\Documents and Settings\Michael Casserly\My Documents\Webmaster\mcasserly\falcons\falcons\bp-nm.html --> ftp.mcasserly.com /mcasserly/falcons/falcons bp-nm.html
2004.09.12 00:12 A C:\Documents and Settings\Michael Casserly\My Documents\Webmaster\mcasserly\falcons\falcons\ballparks.html --> ftp.mcasserly.com /mcasserly/falcons/falcons ballparks.html
2004.09.12 00:12 A C:\Documents and Settings\Michael Casserly\My Documents\Webmaster\mcasserly\falcons\falcons\bp-hf.html --> ftp.mcasserly.com /mcasserly/falcons/falcons bp-hf.html
2004.09.12 00:12 A C:\Documents and Settings\Michael Casserly\My Documents\Webmaster\mcasserly\falcons\falcons\bp-gl.html --> ftp.mcasserly.com /mcasserly/falcons/falcons bp-gl.html
2004.09.12 00:12 A C:\Documents and Settings\Michael Casserly\My Documents\Webmaster\mcasserly\falcons\falcons\bp-hrd.html --> ftp.mcasserly.com /mcasserly/falcons/falcons bp-hrd.html
2004.09.12 00:12 A C:\Documents and Settings\Michael Casserly\My Documents\Webmaster\mcasserly\falcons\falcons\bp-dc.html --> ftp.mcasserly.com /mcasserly/falcons/falcons bp-dc.html
2004.10.27 00:46 A C:\Documents and Settings\Michael Casserly\My Documents\Webmaster\mcasserly\falcons\falcons\2003TeamPicture.html --> ftp.mcasserly.com /mcasserly/falcons/falcons 2003TeamPicture.html
2005.04.19 21:21 B C:\Documents and Settings\Michael Casserly\My Documents\Webmaster\mcasserly\falcons\falcons\pictures.html --> ftp.mcasserly.com /mcasserly/falcons/falcons pictures.html
2005.04.19 21:21 B C:\Documents and Settings\Michael Casserly\My Documents\Webmaster\mcasserly\falcons\falcons\index.html --> ftp.mcasserly.com /mcasserly/falcons/falcons index.html
2005.04.19 21:21 B C:\Documents and Settings\Michael Casserly\My Documents\Webmaster\mcasserly\falcons\falcons\history.html --> ftp.mcasserly.com /mcasserly/falcons/falcons history.html
2005.04.19 21:21 B C:\Documents and Settings\Michael Casserly\My Documents\Webmaster\mcasserly\falcons\falcons\bp-nm.html --> ftp.mcasserly.com /mcasserly/falcons/falcons bp-nm.html
2005.04.19 21:21 B C:\Documents and Settings\Michael Casserly\My Documents\Webmaster\mcasserly\falcons\falcons\bp-hrd.html --> ftp.mcasserly.com /mcasserly/falcons/falcons bp-hrd.html
2005.04.19 21:21 B C:\Documents and Settings\Michael Casserly\My Documents\Webmaster\mcasserly\falcons\falcons\bp-hf.html --> ftp.mcasserly.com /mcasserly/falcons/falcons bp-hf.html
2005.04.19 21:21 B C:\Documents and Settings\Michael Casserly\My Documents\Webmaster\mcasserly\falcons\falcons\bp-gl.html --> ftp.mcasserly.com /mcasserly/falcons/falcons bp-gl.html
2005.04.19 21:21 B C:\Documents and Settings\Michael Casserly\My Documents\Webmaster\mcasserly\falcons\falcons\bp-dc.html --> ftp.mcasserly.com /mcasserly/falcons/falcons bp-dc.html
2005.04.19 21:21 B C:\Documents and Settings\Michael Casserly\My Documents\Webmaster\mcasserly\falcons\falcons\ballparks.html --> ftp.mcasserly.com /mcasserly/falcons/falcons ballparks.html
2005.04.19 21:21 B C:\Documents and Settings\Michael Casserly\My Documents\Webmaster\mcasserly\falcons\falcons\2003TeamPicture.html --> ftp.mcasserly.com /mcasserly/falcons/falcons 2003TeamPicture.html
2005.04.19 21:21 B C:\Documents and Settings\Michael Casserly\My Documents\Webmaster\mcasserly\falcons\falcons\2002TeamPicture.html --> ftp.mcasserly.com /mcasserly/falcons/falcons 2002TeamPicture.html
2005.04.19 21:21 B C:\Documents and Settings\Michael Casserly\My Documents\Webmaster\mcasserly\falcons\falcons\2001TeamPicture.html --> ftp.mcasserly.com /mcasserly/falcons/falcons 2001TeamPicture.html
2005.04.19 21:22 B C:\Documents and Settings\Michael Casserly\My Documents\Webmaster\mcasserly\falcons\falcons\WS_FTP.LOG --> ftp.mcasserly.com /mcasserly/falcons/falcons WS_FTP.LOG
2005.04.19 21:33 B C:\Documents and Settings\Michael Casserly\My Documents\Webmaster\mcasserly\falcons\falcons\pictures.html --> ftp.mcasserly.com /mcasserly/falcons/falcons pictures.html
2005.04.19 21:33 B C:\Documents and Settings\Michael Casserly\My Documents\Webmaster\mcasserly\falcons\falcons\index.html --> ftp.mcasserly.com /mcasserly/falcons/falcons index.html
2005.04.19 21:33 B C:\Documents and Settings\Michael Casserly\My Documents\Webmaster\mcasserly\falcons\falcons\history.html --> ftp.mcasserly.com /mcasserly/falcons/falcons history.html
2005.04.19 21:33 B C:\Documents and Settings\Michael Casserly\My Documents\Webmaster\mcasserly\falcons\falcons\bp-nm.html --> ftp.mcasserly.com /mcasserly/falcons/falcons bp-nm.html
2005.04.19 21:33 B C:\Documents and Settings\Michael Casserly\My Documents\Webmaster\mcasserly\falcons\falcons\bp-hrd.html --> ftp.mcasserly.com /mcasserly/falcons/falcons bp-hrd.html
2005.04.19 21:34 B C:\Documents and Settings\Michael Casserly\My Documents\Webmaster\mcasserly\falcons\falcons\bp-hf.html --> ftp.mcasserly.com /mcasserly/falcons/falcons bp-hf.html
2005.04.19 21:34 B C:\Documents and Settings\Michael Casserly\My Documents\Webmaster\mcasserly\falcons\falcons\bp-gl.html --> ftp.mcasserly.com /mcasserly/falcons/falcons bp-gl.html
2005.04.19 21:34 B C:\Documents and Settings\Michael Casserly\My Documents\Webmaster\mcasserly\falcons\falcons\bp-dc.html --> ftp.mcasserly.com /mcasserly/falcons/falcons bp-dc.html
2005.04.19 21:34 B C:\Documents and Settings\Michael Casserly\My Documents\Webmaster\mcasserly\falcons\falcons\ballparks.html --> ftp.mcasserly.com /mcasserly/falcons/falcons ballparks.html
2005.04.19 21:34 B C:\Documents and Settings\Michael Casserly\My Documents\Webmaster\mcasserly\falcons\falcons\2003TeamPicture.html --> ftp.mcasserly.com /mcasserly/falcons/falcons 2003TeamPicture.html
2005.04.19 21:34 B C:\Documents and Settings\Michael Casserly\My Documents\Webmaster\mcasserly\falcons\falcons\2002TeamPicture.html --> ftp.mcasserly.com /mcasserly/falcons/falcons 2002TeamPicture.html
2005.04.19 21:34 B C:\Documents and Settings\Michael Casserly\My Documents\Webmaster\mcasserly\falcons\falcons\2001TeamPicture.html --> ftp.mcasserly.com /mcasserly/falcons/falcons 2001TeamPicture.html
2005.04.19 21:34 B C:\Documents and Settings\Michael Casserly\My Documents\Webmaster\mcasserly\falcons\falcons\WS_FTP.LOG --> ftp.mcasserly.com /mcasserly/falcons/falcons WS_FTP.LOG
2005.04.20 19:12 B C:\Documents and Settings\Michael Casserly\My Documents\Webmaster\mcasserly\falcons\falcons\pictures.html --> ftp.mcasserly.com /mcasserly/falcons/falcons pictures.html
2005.04.20 19:12 B C:\Documents and Settings\Michael Casserly\My Documents\Webmaster\mcasserly\falcons\falcons\index.html --> ftp.mcasserly.com /mcasserly/falcons/falcons index.html
2005.04.20 19:12 B C:\Documents and Settings\Michael Casserly\My Documents\Webmaster\mcasserly\falcons\falcons\history.html --> ftp.mcasserly.com /mcasserly/falcons/falcons history.html
2005.04.20 19:12 B C:\Documents and Settings\Michael Casserly\My Documents\Webmaster\mcasserly\falcons\falcons\bp-nm.html --> ftp.mcasserly.com /mcasserly/falcons/falcons bp-nm.html
2005.04.20 19:12 B C:\Documents and Settings\Michael Casserly\My Documents\Webmaster\mcasserly\falcons\falcons\bp-hrd.html --> ftp.mcasserly.com /mcasserly/falcons/falcons bp-hrd.html
2005.04.20 19:12 B C:\Documents and Settings\Michael Casserly\My Documents\Webmaster\mcasserly\falcons\falcons\bp-hf.html --> ftp.mcasserly.com /mcasserly/falcons/falcons bp-hf.html
2005.04.20 19:12 B C:\Documents and Settings\Michael Casserly\My Documents\Webmaster\mcasserly\falcons\falcons\bp-gl.html --> ftp.mcasserly.com /mcasserly/falcons/falcons bp-gl.html
2005.04.20 19:12 B C:\Documents and Settings\Michael Casserly\My Documents\Webmaster\mcasserly\falcons\falcons\bp-dc.html --> ftp.mcasserly.com /mcasserly/falcons/falcons bp-dc.html
2005.04.20 19:12 B C:\Documents and Settings\Michael Casserly\My Documents\Webmaster\mcasserly\falcons\falcons\ballparks.html --> ftp.mcasserly.com /mcasserly/falcons/falcons ballparks.html
2005.04.20 19:12 B C:\Documents and Settings\Michael Casserly\My Documents\Webmaster\mcasserly\falcons\falcons\2003TeamPicture.html --> ftp.mcasserly.com /mcasserly/falcons/falcons 2003TeamPicture.html
2005.04.20 19:12 B C:\Documents and Settings\Michael Casserly\My Documents\Webmaster\mcasserly\falcons\falcons\2002TeamPicture.html --> ftp.mcasserly.com /mcasserly/falcons/falcons 2002TeamPicture.html
2005.04.20 19:12 B C:\Documents and Settings\Michael Casserly\My Documents\Webmaster\mcasserly\falcons\falcons\2001TeamPicture.html --> ftp.mcasserly.com /mcasserly/falcons/falcons 2001TeamPicture.html
2005.04.20 19:12 B C:\Documents and Settings\Michael Casserly\My Documents\Webmaster\mcasserly\falcons\falcons\WS_FTP.LOG --> ftp.mcasserly.com /mcasserly/falcons/falcons WS_FTP.LOG
2005.05.01 18:00 A C:\Documents and Settings\Michael Casserly\My Documents\Webmaster\mcasserly\falcons\falcons\pictures.html --> ftp.mcasserly.com /mcasserly/falcons/falcons pictures.html
2005.05.01 18:00 A C:\Documents and Settings\Michael Casserly\My Documents\Webmaster\mcasserly\falcons\falcons\index.html --> ftp.mcasserly.com /mcasserly/falcons/falcons index.html
2005.05.01 18:00 A C:\Documents and Settings\Michael Casserly\My Documents\Webmaster\mcasserly\falcons\falcons\history.html --> ftp.mcasserly.com /mcasserly/falcons/falcons history.html
2005.05.01 18:00 A C:\Documents and Settings\Michael Casserly\My Documents\Webmaster\mcasserly\falcons\falcons\bp-nm.html --> ftp.mcasserly.com /mcasserly/falcons/falcons bp-nm.html
2005.05.01 18:00 A C:\Documents and Settings\Michael Casserly\My Documents\Webmaster\mcasserly\falcons\falcons\bp-hrd.html --> ftp.mcasserly.com /mcasserly/falcons/falcons bp-hrd.html
2005.05.01 18:00 A C:\Documents and Settings\Michael Casserly\My Documents\Webmaster\mcasserly\falcons\falcons\bp-hf.html --> ftp.mcasserly.com /mcasserly/falcons/falcons bp-hf.html
2005.05.01 18:00 A C:\Documents and Settings\Michael Casserly\My Documents\Webmaster\mcasserly\falcons\falcons\bp-gl.html --> ftp.mcasserly.com /mcasserly/falcons/falcons bp-gl.html
2005.05.01 18:00 A C:\Documents and Settings\Michael Casserly\My Documents\Webmaster\mcasserly\falcons\falcons\bp-dc.html --> ftp.mcasserly.com /mcasserly/falcons/falcons bp-dc.html
2005.05.01 18:00 A C:\Documents and Settings\Michael Casserly\My Documents\Webmaster\mcasserly\falcons\falcons\ballparks.html --> ftp.mcasserly.com /mcasserly/falcons/falcons ballparks.html
2005.05.01 18:00 A C:\Documents and Settings\Michael Casserly\My Documents\Webmaster\mcasserly\falcons\falcons\2003TeamPicture.html --> ftp.mcasserly.com /mcasserly/falcons/falcons 2003TeamPicture.html
2005.05.01 18:00 A C:\Documents and Settings\Michael Casserly\My Documents\Webmaster\mcasserly\falcons\falcons\2002TeamPicture.html --> ftp.mcasserly.com /mcasserly/falcons/falcons 2002TeamPicture.html
2005.05.01 18:00 A C:\Documents and Settings\Michael Casserly\My Documents\Webmaster\mcasserly\falcons\falcons\2001TeamPicture.html --> ftp.mcasserly.com /mcasserly/falcons/falcons 2001TeamPicture.html
2005.05.01 18:00 B C:\Documents and Settings\Michael Casserly\My Documents\Webmaster\mcasserly\falcons\falcons\WS_FTP.LOG --> ftp.mcasserly.com /mcasserly/falcons/falcons WS_FTP.LOG
2005.05.04 21:47 A C:\Documents and Settings\Michael Casserly\My Documents\Webmaster\mcasserly\falcons\falcons\history.html --> ftp.mcasserly.com /mcasserly/falcons/falcons history.html
2005.05.04 21:47 A C:\Documents and Settings\Michael Casserly\My Documents\Webmaster\mcasserly\falcons\falcons\pictures.html --> ftp.mcasserly.com /mcasserly/falcons/falcons pictures.html
2005.05.04 21:48 A C:\Documents and Settings\Michael Casserly\My Documents\Webmaster\mcasserly\falcons\falcons\index.html --> ftp.mcasserly.com /mcasserly/falcons/falcons index.html
2005.05.04 21:48 A C:\Documents and Settings\Michael Casserly\My Documents\Webmaster\mcasserly\falcons\falcons\bp-nm.html --> ftp.mcasserly.com /mcasserly/falcons/falcons bp-nm.html
2005.05.04 21:48 A C:\Documents and Settings\Michael Casserly\My Documents\Webmaster\mcasserly\falcons\falcons\bp-hrd.html --> ftp.mcasserly.com /mcasserly/falcons/falcons bp-hrd.html
2005.05.04 21:48 A C:\Documents and Settings\Michael Casserly\My Documents\Webmaster\mcasserly\falcons\falcons\bp-hf.html --> ftp.mcasserly.com /mcasserly/falcons/falcons bp-hf.html
2005.05.04 21:48 A C:\Documents and Settings\Michael Casserly\My Documents\Webmaster\mcasserly\falcons\falcons\bp-gl.html --> ftp.mcasserly.com /mcasserly/falcons/falcons bp-gl.html
2005.05.04 21:48 A C:\Documents and Settings\Michael Casserly\My Documents\Webmaster\mcasserly\falcons\falcons\bp-dc.html --> ftp.mcasserly.com /mcasserly/falcons/falcons bp-dc.html
2005.05.04 21:48 A C:\Documents and Settings\Michael Casserly\My Documents\Webmaster\mcasserly\falcons\falcons\ballparks.html --> ftp.mcasserly.com /mcasserly/falcons/falcons ballparks.html
2005.05.04 21:48 A C:\Documents and Settings\Michael Casserly\My Documents\Webmaster\mcasserly\falcons\falcons\2003TeamPicture.html --> ftp.mcasserly.com /mcasserly/falcons/falcons 2003TeamPicture.html
2005.05.04 21:48 A C:\Documents and Settings\Michael Casserly\My Documents\Webmaster\mcasserly\falcons\falcons\2002TeamPicture.html --> ftp.mcasserly.com /mcasserly/falcons/falcons 2002TeamPicture.html
2005.05.04 21:48 A C:\Documents and Settings\Michael Casserly\My Documents\Webmaster\mcasserly\falcons\falcons\2001TeamPicture.html --> ftp.mcasserly.com /mcasserly/falcons/falcons 2001TeamPicture.html
2005.06.05 16:17 A C:\Documents and Settings\Michael Casserly\My Documents\Webmaster\mcasserly\falcons\falcons\1989TeamPicture.html --> ftp.mcasserly.com /mcasserly/falcons/falcons 1989TeamPicture.html
2005.06.05 16:18 A C:\Documents and Settings\Michael Casserly\My Documents\Webmaster\mcasserly\falcons\falcons\2001TeamPicture.html --> ftp.mcasserly.com /mcasserly/falcons/falcons 2001TeamPicture.html
2005.06.05 16:31 A C:\Documents and Settings\Michael Casserly\My Documents\Webmaster\mcasserly\falcons\falcons\pictures.html --> ftp.mcasserly.com /mcasserly/falcons/falcons pictures.html
2005.06.22 20:37 A C:\Documents and Settings\Michael Casserly\My Documents\Webmaster\mcasserly\falcons\falcons\1989TeamPicture.html --> ftp.mcasserly.com /mcasserly/falcons/falcons 1989TeamPicture.html
2005.06.22 20:37 A C:\Documents and Settings\Michael Casserly\My Documents\Webmaster\mcasserly\falcons\falcons\1989TeamPicture.html --> ftp.mcasserly.com /mcasserly/falcons/falcons 1989TeamPicture.html
2005.06.22 20:37 A C:\Documents and Settings\Michael Casserly\My Documents\Webmaster\mcasserly\falcons\falcons\pictures.html --> ftp.mcasserly.com /mcasserly/falcons/falcons pictures.html
2005.06.22 20:37 A C:\Documents and Settings\Michael Casserly\My Documents\Webmaster\mcasserly\falcons\falcons\index.html --> ftp.mcasserly.com /mcasserly/falcons/falcons index.html
2005.06.22 20:37 A C:\Documents and Settings\Michael Casserly\My Documents\Webmaster\mcasserly\falcons\falcons\history.html --> ftp.mcasserly.com /mcasserly/falcons/falcons history.html
2005.06.22 20:37 A C:\Documents and Settings\Michael Casserly\My Documents\Webmaster\mcasserly\falcons\falcons\bp-nm.html --> ftp.mcasserly.com /mcasserly/falcons/falcons bp-nm.html
2005.06.22 20:37 A C:\Documents and Settings\Michael Casserly\My Documents\Webmaster\mcasserly\falcons\falcons\bp-hrd.html --> ftp.mcasserly.com /mcasserly/falcons/falcons bp-hrd.html
2005.06.22 20:37 A C:\Documents and Settings\Michael Casserly\My Documents\Webmaster\mcasserly\falcons\falcons\bp-hf.html --> ftp.mcasserly.com /mcasserly/falcons/falcons bp-hf.html
2005.06.22 20:37 A C:\Documents and Settings\Michael Casserly\My Documents\Webmaster\mcasserly\falcons\falcons\bp-gl.html --> ftp.mcasserly.com /mcasserly/falcons/falcons bp-gl.html
2005.06.22 20:37 A C:\Documents and Settings\Michael Casserly\My Documents\Webmaster\mcasserly\falcons\falcons\bp-dc.html --> ftp.mcasserly.com /mcasserly/falcons/falcons bp-dc.html
2005.06.22 20:37 A C:\Documents and Settings\Michael Casserly\My Documents\Webmaster\mcasserly\falcons\falcons\ballparks.html --> ftp.mcasserly.com /mcasserly/falcons/falcons ballparks.html
2005.06.22 20:37 A C:\Documents and Settings\Michael Casserly\My Documents\Webmaster\mcasserly\falcons\falcons\2003TeamPicture.html --> ftp.mcasserly.com /mcasserly/falcons/falcons 2003TeamPicture.html
2005.06.22 20:37 A C:\Documents and Settings\Michael Casserly\My Documents\Webmaster\mcasserly\falcons\falcons\2002TeamPicture.html --> ftp.mcasserly.com /mcasserly/falcons/falcons 2002TeamPicture.html
2005.06.22 20:37 A C:\Documents and Settings\Michael Casserly\My Documents\Webmaster\mcasserly\falcons\falcons\2001TeamPicture.html --> ftp.mcasserly.com /mcasserly/falcons/falcons 2001TeamPicture.html
2005.07.06 22:43 A C:\Documents and Settings\Michael Casserly\My Documents\Webmaster\mcasserly\falcons\falcons\pictures.html --> ftp.mcasserly.com /mcasserly/falcons/falcons pictures.html
2005.07.06 22:43 A C:\Documents and Settings\Michael Casserly\My Documents\Webmaster\mcasserly\falcons\falcons\index.html --> ftp.mcasserly.com /mcasserly/falcons/falcons index.html
2005.07.06 22:43 A C:\Documents and Settings\Michael Casserly\My Documents\Webmaster\mcasserly\falcons\falcons\history.html --> ftp.mcasserly.com /mcasserly/falcons/falcons history.html
2005.07.06 22:43 A C:\Documents and Settings\Michael Casserly\My Documents\Webmaster\mcasserly\falcons\falcons\bp-nm.html --> ftp.mcasserly.com /mcasserly/falcons/falcons bp-nm.html
2005.07.06 22:43 A C:\Documents and Settings\Michael Casserly\My Documents\Webmaster\mcasserly\falcons\falcons\bp-hrd.html --> ftp.mcasserly.com /mcasserly/falcons/falcons bp-hrd.html
2005.07.06 22:43 A C:\Documents and Settings\Michael Casserly\My Documents\Webmaster\mcasserly\falcons\falcons\bp-hf.html --> ftp.mcasserly.com /mcasserly/falcons/falcons bp-hf.html
2005.07.06 22:43 A C:\Documents and Settings\Michael Casserly\My Documents\Webmaster\mcasserly\falcons\falcons\bp-gl.html --> ftp.mcasserly.com /mcasserly/falcons/falcons bp-gl.html
2005.07.06 22:44 A C:\Documents and Settings\Michael Casserly\My Documents\Webmaster\mcasserly\falcons\falcons\bp-dc.html --> ftp.mcasserly.com /mcasserly/falcons/falcons bp-dc.html
2005.07.06 22:44 A C:\Documents and Settings\Michael Casserly\My Documents\Webmaster\mcasserly\falcons\falcons\ballparks.html --> ftp.mcasserly.com /mcasserly/falcons/falcons ballparks.html
2005.07.06 22:44 A C:\Documents and Settings\Michael Casserly\My Documents\Webmaster\mcasserly\falcons\falcons\2003TeamPicture.html --> ftp.mcasserly.com /mcasserly/falcons/falcons 2003TeamPicture.html
2005.07.06 22:44 A C:\Documents and Settings\Michael Casserly\My Documents\Webmaster\mcasserly\falcons\falcons\2002TeamPicture.html --> ftp.mcasserly.com /mcasserly/falcons/falcons 2002TeamPicture.html
2005.07.06 22:44 A C:\Documents and Settings\Michael Casserly\My Documents\Webmaster\mcasserly\falcons\falcons\2001TeamPicture.html --> ftp.mcasserly.com /mcasserly/falcons/falcons 2001TeamPicture.html
2005.07.06 22:44 A C:\Documents and Settings\Michael Casserly\My Documents\Webmaster\mcasserly\falcons\falcons\1989TeamPicture.html --> ftp.mcasserly.com /mcasserly/falcons/falcons 1989TeamPicture.html
2005.07.06 22:44 B C:\Documents and Settings\Michael Casserly\My Documents\Webmaster\mcasserly\falcons\falcons\WS_FTP.LOG --> ftp.mcasserly.com /mcasserly/falcons/falcons WS_FTP.LOG
2005.09.17 19:45 A C:\Documents and Settings\Michael Casserly\My Documents\Webmaster\mcasserly\falcons\falcons\pictures.html --> ftp.mcasserly.com /mcasserly/falcons/falcons pictures.html
2005.09.17 19:45 A C:\Documents and Settings\Michael Casserly\My Documents\Webmaster\mcasserly\falcons\falcons\2005TeamPicture.html --> ftp.mcasserly.com /mcasserly/falcons/falcons 2005TeamPicture.html
2005.09.17 19:45 A C:\Documents and Settings\Michael Casserly\My Documents\Webmaster\mcasserly\falcons\falcons\2003TeamPicture.html --> ftp.mcasserly.com /mcasserly/falcons/falcons 2003TeamPicture.html
