2002.01.22 00:29 B E:\mcasserly\images\background.jpg --> ftp.geocities.com /mcasserly/images background.jpg
2002.01.22 00:30 B E:\mcasserly\images\spacer.gif --> ftp.geocities.com /mcasserly/images spacer.gif
2002.01.22 15:20 B E:\mcasserly\images\header_mmc.gif --> ftp.geocities.com /mcasserly header_mmc.gif
2002.01.22 15:21 B E:\mcasserly\images\header_mmc.gif --> ftp.geocities.com /mcasserly/images header_mmc.gif
2002.01.22 19:46 B E:\mcasserly\images\irish_flag_wave.gif --> ftp.geocities.com /mcasserly/images irish_flag_wave.gif
2002.01.22 19:46 B E:\mcasserly\images\american_flag_wave.gif --> ftp.geocities.com /mcasserly/images american_flag_wave.gif
2002.01.22 19:46 B E:\mcasserly\images\header_mmc.gif --> ftp.geocities.com /mcasserly/images header_mmc.gif
2002.01.22 19:47 B E:\mcasserly\images\Casserly.jpg --> ftp.geocities.com /mcasserly/images Casserly.jpg
2002.01.22 23:22 B E:\mcasserly\images\Casserly.jpg --> ftp.geocities.com /mcasserly/images Casserly.jpg
2002.01.22 23:30 B E:\mcasserly\images\casserly.jpg --> ftp.geocities.com /mcasserly/images casserly.jpg
2004.09.21 23:13 B C:\Documents and Settings\Michael Casserly\My Documents\Webmaster\mcasserly\images\casserly_coat_arms_label.psd --> ftp.mcasserly.com /mcasserly/images casserly_coat_arms_label.psd
2004.09.21 23:13 B C:\Documents and Settings\Michael Casserly\My Documents\Webmaster\mcasserly\images\casserly_coat_arms_label.jpg --> ftp.mcasserly.com /mcasserly/images casserly_coat_arms_label.jpg
2004.09.21 23:13 B C:\Documents and Settings\Michael Casserly\My Documents\Webmaster\mcasserly\images\header_mmc.psd --> ftp.mcasserly.com /mcasserly/images header_mmc.psd
2004.09.21 23:13 B C:\Documents and Settings\Michael Casserly\My Documents\Webmaster\mcasserly\images\header_mmc.jpg --> ftp.mcasserly.com /mcasserly/images header_mmc.jpg
2004.09.21 23:13 B C:\Documents and Settings\Michael Casserly\My Documents\Webmaster\mcasserly\images\get_adobe_reader.gif --> ftp.mcasserly.com /mcasserly/images get_adobe_reader.gif
2004.09.21 23:13 B C:\Documents and Settings\Michael Casserly\My Documents\Webmaster\mcasserly\images\acrobatPDFlogo.gif --> ftp.mcasserly.com /mcasserly/images acrobatPDFlogo.gif
2004.09.21 23:13 B C:\Documents and Settings\Michael Casserly\My Documents\Webmaster\mcasserly\images\irish_flag_wave.gif --> ftp.mcasserly.com /mcasserly/images irish_flag_wave.gif
2004.09.21 23:13 B C:\Documents and Settings\Michael Casserly\My Documents\Webmaster\mcasserly\images\american_flag_wave.gif --> ftp.mcasserly.com /mcasserly/images american_flag_wave.gif
2004.09.21 23:13 B C:\Documents and Settings\Michael Casserly\My Documents\Webmaster\mcasserly\images\casserly_coat_arms.jpg --> ftp.mcasserly.com /mcasserly/images casserly_coat_arms.jpg
2004.09.21 23:13 B C:\Documents and Settings\Michael Casserly\My Documents\Webmaster\mcasserly\images\spacer.gif --> ftp.mcasserly.com /mcasserly/images spacer.gif
2004.09.22 13:49 B C:\Documents and Settings\Michael Casserly\My Documents\Webmaster\mcasserly\images\irish_american_claddagh.jpe --> ftp.mcasserly.com /mcasserly/images irish_american_claddagh.jpe
2004.09.22 14:47 B C:\Documents and Settings\Michael Casserly\My Documents\Webmaster\mcasserly\images\casserly_coat_arms.jpg --> ftp.mcasserly.com /mcasserly/images casserly_coat_arms.jpg
2004.09.22 14:47 B C:\Documents and Settings\Michael Casserly\My Documents\Webmaster\mcasserly\images\casserly_coat_arms_label.psd --> ftp.mcasserly.com /mcasserly/images casserly_coat_arms_label.psd
2004.09.22 14:47 B C:\Documents and Settings\Michael Casserly\My Documents\Webmaster\mcasserly\images\casserly_coat_arms_label.jpg --> ftp.mcasserly.com /mcasserly/images casserly_coat_arms_label.jpg
2004.09.22 17:43 B C:\Documents and Settings\Michael Casserly\My Documents\Webmaster\mcasserly\images\get_internet_explorer.jpe --> ftp.mcasserly.com /mcasserly/images get_internet_explorer.jpe
2004.09.22 17:43 B C:\Documents and Settings\Michael Casserly\My Documents\Webmaster\mcasserly\images\get_netscape_now.jpe --> ftp.mcasserly.com /mcasserly/images get_netscape_now.jpe
2004.10.13 18:58 B C:\Documents and Settings\Michael Casserly\My Documents\Webmaster\mcasserly\images\casserly_coat_arms_label.jpg --> ftp.mcasserly.com /mcasserly/images casserly_coat_arms_label.jpg
2004.10.13 18:58 B C:\Documents and Settings\Michael Casserly\My Documents\Webmaster\mcasserly\images\casserly_coat_arms.jpg --> ftp.mcasserly.com /mcasserly/images casserly_coat_arms.jpg
2004.10.13 18:59 B C:\Documents and Settings\Michael Casserly\My Documents\Webmaster\mcasserly\images\header_mmc.jpg --> ftp.mcasserly.com /mcasserly/images header_mmc.jpg
2004.10.13 18:59 B C:\Documents and Settings\Michael Casserly\My Documents\Webmaster\mcasserly\images\american_flag_wave.gif --> ftp.mcasserly.com /mcasserly/images american_flag_wave.gif
2005.01.28 22:04 B C:\Documents and Settings\Michael Casserly\My Documents\Webmaster\mcasserly\images\claddagh.jpe --> ftp.mcasserly.com /mcasserly/images claddagh.jpe
