2001.02.05 14:04 B D:\blackwateroldhead\javascript\homepagegreeting.js --> ftp.geocities.com /blackwateroldhead/javascript homepagegreeting.js
2001.02.05 14:05 B D:\blackwateroldhead\javascript\homepagegreeting.js --> ftp.geocities.com /blackwateroldhead/javascript homepagegreeting.js
2001.02.06 10:06 B D:\blackwateroldhead\javascript\beginseasoncountdown.js --> ftp.geocities.com /blackwateroldhead/javascript beginseasoncountdown.js
2001.02.06 10:08 B D:\blackwateroldhead\javascript\homepagegreeting.js --> ftp.geocities.com /blackwateroldhead/javascript homepagegreeting.js
2001.02.12 09:25 B D:\blackwateroldhead\javascript\beginseasoncountdown.js --> ftp.geocities.com /blackwateroldhead/javascript beginseasoncountdown.js
2001.02.12 09:25 B D:\blackwateroldhead\javascript\homepagegreeting.js --> ftp.geocities.com /blackwateroldhead/javascript homepagegreeting.js
2001.05.17 19:29 B D:\blackwateroldhead\javascript\beginseasoncountdown.js --> ftp.geocities.com /blackwateroldhead/javascript beginseasoncountdown.js
2001.10.16 21:24 B D:\blackwateroldhead\javascript\beginseasoncountdown.js <-- blackwateroldhead /blackwateroldhead/javascript beginseasoncountdown.js
2001.10.16 21:24 B D:\blackwateroldhead\javascript\homepagegreeting.js <-- blackwateroldhead /blackwateroldhead/javascript homepagegreeting.js
2001.10.16 21:24 A D:\blackwateroldhead\javascript\beginseasoncountdown.js <-- blackwateroldhead /blackwateroldhead/javascript beginseasoncountdown.js
2001.10.16 21:24 A D:\blackwateroldhead\javascript\homepagegreeting.js <-- blackwateroldhead /blackwateroldhead/javascript homepagegreeting.js
2001.10.18 09:42 A D:\blackwateroldhead\javascript\beginseasoncountdown.js --> ftp.geocities.com /blackwateroldhead/javascript beginseasoncountdown.js
2001.10.18 09:42 A D:\blackwateroldhead\javascript\homepagegreeting.js --> ftp.geocities.com /blackwateroldhead/javascript homepagegreeting.js
2001.10.18 16:51 A D:\blackwateroldhead\javascript\footer.js --> ftp.geocities.com /blackwateroldhead/javascript footer.js
2001.10.18 17:03 A D:\blackwateroldhead\javascript\homepagegreeting.js --> ftp.geocities.com /blackwateroldhead/javascript homepagegreeting.js
2001.10.19 11:21 A D:\blackwateroldhead\javascript\LevelOneTopNav.js --> ftp.geocities.com /blackwateroldhead/javascript LevelOneTopNav.js
2001.10.19 11:56 A D:\blackwateroldhead\javascript\LevelOneBottomNav.js --> ftp.geocities.com /blackwateroldhead/javascript LevelOneBottomNav.js
2001.10.21 19:06 B D:\blackwateroldhead\javascript\LevelTwoTopNav.js --> ftp.geocities.com /blackwateroldhead/javascript LevelTwoTopNav.js
2001.10.21 19:06 B D:\blackwateroldhead\javascript\FOOTER.JS --> ftp.geocities.com /blackwateroldhead/javascript FOOTER.JS
2001.10.21 19:11 B D:\blackwateroldhead\javascript\LevelTwoBottomNav.js --> ftp.geocities.com /blackwateroldhead/javascript LevelTwoBottomNav.js
2001.10.30 19:34 A D:\blackwateroldhead\javascript\beginseasoncountdown.js --> ftp.geocities.com /blackwateroldhead/javascript beginseasoncountdown.js
2001.10.30 19:34 A D:\blackwateroldhead\javascript\classtest_leftnavmenu.js --> ftp.geocities.com /blackwateroldhead/javascript classtest_leftnavmenu.js
2001.10.30 19:34 A D:\blackwateroldhead\javascript\classtest_maincontent.js --> ftp.geocities.com /blackwateroldhead/javascript classtest_maincontent.js
2001.10.30 19:34 A D:\blackwateroldhead\javascript\classtest_rightnavmenu.js --> ftp.geocities.com /blackwateroldhead/javascript classtest_rightnavmenu.js
2001.10.30 19:34 A D:\blackwateroldhead\javascript\footer.js --> ftp.geocities.com /blackwateroldhead/javascript footer.js
2001.10.30 19:34 A D:\blackwateroldhead\javascript\homepagegreeting.js --> ftp.geocities.com /blackwateroldhead/javascript homepagegreeting.js
2001.10.30 19:34 A D:\blackwateroldhead\javascript\whatsnew.js --> ftp.geocities.com /blackwateroldhead/javascript whatsnew.js
2002.01.22 00:36 A E:\mcasserly\javascript\beginseasoncountdown.js --> ftp.geocities.com /mcasserly/javascript beginseasoncountdown.js
2002.01.22 00:36 A E:\mcasserly\javascript\classtest_leftnavmenu.js --> ftp.geocities.com /mcasserly/javascript classtest_leftnavmenu.js
2002.01.22 00:36 A E:\mcasserly\javascript\classtest_maincontent.js --> ftp.geocities.com /mcasserly/javascript classtest_maincontent.js
2002.01.22 00:36 A E:\mcasserly\javascript\classtest_rightnavmenu.js --> ftp.geocities.com /mcasserly/javascript classtest_rightnavmenu.js
2002.01.22 00:36 A E:\mcasserly\javascript\footer.js --> ftp.geocities.com /mcasserly/javascript footer.js
2002.01.22 00:37 A E:\mcasserly\javascript\homepagegreeting.js --> ftp.geocities.com /mcasserly/javascript homepagegreeting.js
2002.01.22 00:37 A E:\mcasserly\javascript\whatsnew.js --> ftp.geocities.com /mcasserly/javascript whatsnew.js
2004.09.21 23:14 A C:\Documents and Settings\Michael Casserly\My Documents\Webmaster\mcasserly\javascript\adobe_reader.js --> ftp.mcasserly.com /mcasserly/javascript adobe_reader.js
2004.09.21 23:14 A C:\Documents and Settings\Michael Casserly\My Documents\Webmaster\mcasserly\javascript\footer.js --> ftp.mcasserly.com /mcasserly/javascript footer.js
2004.09.22 17:47 A C:\Documents and Settings\Michael Casserly\My Documents\Webmaster\mcasserly\javascript\footer.js --> ftp.mcasserly.com /mcasserly/javascript footer.js
2005.01.28 22:04 A C:\Documents and Settings\Michael Casserly\My Documents\Webmaster\mcasserly\javascript\todaysdate.js --> ftp.mcasserly.com /mcasserly/javascript todaysdate.js
