2001.02.05 13:55 A D:\blackwateroldhead\schedule\index.html --> ftp.geocities.com /blackwateroldhead/schedule index.html
2001.02.06 10:00 A D:\blackwateroldhead\schedule\index.html --> ftp.geocities.com /blackwateroldhead/schedule index.html
2001.02.12 09:23 A D:\blackwateroldhead\schedule\index.html --> ftp.geocities.com /blackwateroldhead/schedule index.html
2001.05.29 22:47 A D:\blackwateroldhead\schedule\index.html --> ftp.geocities.com /blackwateroldhead/schedule index.html
2001.06.06 23:46 A D:\blackwateroldhead\schedule\index.html --> ftp.geocities.com /blackwateroldhead/schedule index.html
2001.06.16 19:51 A D:\blackwateroldhead\schedule\index.html --> ftp.geocities.com /blackwateroldhead/schedule index.html
2001.06.25 15:14 A D:\blackwateroldhead\schedule\index.html --> ftp.geocities.com /blackwateroldhead index.html
2001.06.25 15:15 A D:\blackwateroldhead\schedule\index.html --> ftp.geocities.com /blackwateroldhead/schedule index.html
2001.07.23 20:43 A D:\blackwateroldhead\schedule\index.html --> ftp.geocities.com /blackwateroldhead/schedule index.html
2004.03.17 18:15 A C:\Documents and Settings\Michael Casserly\My Documents\Webmaster\axafalcons\standings\20030503.html --> ftp.mcasserly.com /mcasserly/falcons/standings 20030503.html
2004.03.17 18:16 A C:\Documents and Settings\Michael Casserly\My Documents\Webmaster\axafalcons\standings\20030510.html --> ftp.mcasserly.com /mcasserly/falcons/standings 20030510.html
2004.03.17 18:16 A C:\Documents and Settings\Michael Casserly\My Documents\Webmaster\axafalcons\standings\20030517.html --> ftp.mcasserly.com /mcasserly/falcons/standings 20030517.html
2004.03.17 18:16 A C:\Documents and Settings\Michael Casserly\My Documents\Webmaster\axafalcons\standings\20030524.html --> ftp.mcasserly.com /mcasserly/falcons/standings 20030524.html
2004.03.17 18:16 A C:\Documents and Settings\Michael Casserly\My Documents\Webmaster\axafalcons\standings\20030531.html --> ftp.mcasserly.com /mcasserly/falcons/standings 20030531.html
2004.03.17 18:16 A C:\Documents and Settings\Michael Casserly\My Documents\Webmaster\axafalcons\standings\20030607.html --> ftp.mcasserly.com /mcasserly/falcons/standings 20030607.html
2004.03.17 18:16 A C:\Documents and Settings\Michael Casserly\My Documents\Webmaster\axafalcons\standings\20030614.html --> ftp.mcasserly.com /mcasserly/falcons/standings 20030614.html
2004.03.17 18:16 A C:\Documents and Settings\Michael Casserly\My Documents\Webmaster\axafalcons\standings\20030621.html --> ftp.mcasserly.com /mcasserly/falcons/standings 20030621.html
2004.03.17 18:16 A C:\Documents and Settings\Michael Casserly\My Documents\Webmaster\axafalcons\standings\20030628.html --> ftp.mcasserly.com /mcasserly/falcons/standings 20030628.html
2004.03.17 18:16 A C:\Documents and Settings\Michael Casserly\My Documents\Webmaster\axafalcons\standings\20030705.html --> ftp.mcasserly.com /mcasserly/falcons/standings 20030705.html
2004.03.17 18:16 A C:\Documents and Settings\Michael Casserly\My Documents\Webmaster\axafalcons\standings\20030712.html --> ftp.mcasserly.com /mcasserly/falcons/standings 20030712.html
2004.03.17 18:16 A C:\Documents and Settings\Michael Casserly\My Documents\Webmaster\axafalcons\standings\20030719.html --> ftp.mcasserly.com /mcasserly/falcons/standings 20030719.html
2004.03.17 18:16 A C:\Documents and Settings\Michael Casserly\My Documents\Webmaster\axafalcons\standings\20030726.html --> ftp.mcasserly.com /mcasserly/falcons/standings 20030726.html
2004.03.17 18:16 A C:\Documents and Settings\Michael Casserly\My Documents\Webmaster\axafalcons\standings\20030802.html --> ftp.mcasserly.com /mcasserly/falcons/standings 20030802.html
2004.03.17 18:16 A C:\Documents and Settings\Michael Casserly\My Documents\Webmaster\axafalcons\standings\20030809.html --> ftp.mcasserly.com /mcasserly/falcons/standings 20030809.html
2004.03.17 18:16 A C:\Documents and Settings\Michael Casserly\My Documents\Webmaster\axafalcons\standings\20030816.html --> ftp.mcasserly.com /mcasserly/falcons/standings 20030816.html
2004.03.17 18:16 A C:\Documents and Settings\Michael Casserly\My Documents\Webmaster\axafalcons\standings\20030823.html --> ftp.mcasserly.com /mcasserly/falcons/standings 20030823.html
2004.03.17 18:16 A C:\Documents and Settings\Michael Casserly\My Documents\Webmaster\axafalcons\standings\20030830.html --> ftp.mcasserly.com /mcasserly/falcons/standings 20030830.html
2004.03.17 18:16 A C:\Documents and Settings\Michael Casserly\My Documents\Webmaster\axafalcons\standings\index.html --> ftp.mcasserly.com /mcasserly/falcons/standings index.html
2004.03.17 18:16 B C:\Documents and Settings\Michael Casserly\My Documents\Webmaster\axafalcons\standings\WS_FTP.LOG --> ftp.mcasserly.com /mcasserly/falcons/standings WS_FTP.LOG
2004.04.27 00:45 B C:\Documents and Settings\Michael Casserly\My Documents\Webmaster\mcasserly\falcons\standings\WS_FTP.LOG --> ftp.mcasserly.com /mcasserly/falcons/standings WS_FTP.LOG
2004.05.03 17:12 A C:\Documents and Settings\Michael Casserly\My Documents\Webmaster\mcasserly\falcons\standings\index.html --> ftp.mcasserly.com /mcasserly/falcons/standings index.html
2004.05.03 17:12 A C:\Documents and Settings\Michael Casserly\My Documents\Webmaster\mcasserly\falcons\standings\20030830.html --> ftp.mcasserly.com /mcasserly/falcons/standings 20030830.html
2004.05.03 17:12 A C:\Documents and Settings\Michael Casserly\My Documents\Webmaster\mcasserly\falcons\standings\20030823.html --> ftp.mcasserly.com /mcasserly/falcons/standings 20030823.html
2004.05.03 17:12 A C:\Documents and Settings\Michael Casserly\My Documents\Webmaster\mcasserly\falcons\standings\20030816.html --> ftp.mcasserly.com /mcasserly/falcons/standings 20030816.html
2004.05.03 17:12 A C:\Documents and Settings\Michael Casserly\My Documents\Webmaster\mcasserly\falcons\standings\20030809.html --> ftp.mcasserly.com /mcasserly/falcons/standings 20030809.html
2004.05.03 17:12 A C:\Documents and Settings\Michael Casserly\My Documents\Webmaster\mcasserly\falcons\standings\20030802.html --> ftp.mcasserly.com /mcasserly/falcons/standings 20030802.html
2004.05.03 17:12 A C:\Documents and Settings\Michael Casserly\My Documents\Webmaster\mcasserly\falcons\standings\20030726.html --> ftp.mcasserly.com /mcasserly/falcons/standings 20030726.html
2004.05.03 17:12 A C:\Documents and Settings\Michael Casserly\My Documents\Webmaster\mcasserly\falcons\standings\20030719.html --> ftp.mcasserly.com /mcasserly/falcons/standings 20030719.html
2004.05.03 17:12 A C:\Documents and Settings\Michael Casserly\My Documents\Webmaster\mcasserly\falcons\standings\20030712.html --> ftp.mcasserly.com /mcasserly/falcons/standings 20030712.html
2004.05.03 17:12 A C:\Documents and Settings\Michael Casserly\My Documents\Webmaster\mcasserly\falcons\standings\20030705.html --> ftp.mcasserly.com /mcasserly/falcons/standings 20030705.html
2004.05.03 17:12 A C:\Documents and Settings\Michael Casserly\My Documents\Webmaster\mcasserly\falcons\standings\20030628.html --> ftp.mcasserly.com /mcasserly/falcons/standings 20030628.html
2004.05.03 17:12 A C:\Documents and Settings\Michael Casserly\My Documents\Webmaster\mcasserly\falcons\standings\20030621.html --> ftp.mcasserly.com /mcasserly/falcons/standings 20030621.html
2004.05.03 17:12 A C:\Documents and Settings\Michael Casserly\My Documents\Webmaster\mcasserly\falcons\standings\20030614.html --> ftp.mcasserly.com /mcasserly/falcons/standings 20030614.html
2004.05.03 17:12 A C:\Documents and Settings\Michael Casserly\My Documents\Webmaster\mcasserly\falcons\standings\20030607.html --> ftp.mcasserly.com /mcasserly/falcons/standings 20030607.html
2004.05.03 17:12 A C:\Documents and Settings\Michael Casserly\My Documents\Webmaster\mcasserly\falcons\standings\20030531.html --> ftp.mcasserly.com /mcasserly/falcons/standings 20030531.html
2004.05.03 17:12 A C:\Documents and Settings\Michael Casserly\My Documents\Webmaster\mcasserly\falcons\standings\20030524.html --> ftp.mcasserly.com /mcasserly/falcons/standings 20030524.html
2004.05.03 17:12 A C:\Documents and Settings\Michael Casserly\My Documents\Webmaster\mcasserly\falcons\standings\20030517.html --> ftp.mcasserly.com /mcasserly/falcons/standings 20030517.html
2004.05.03 17:12 A C:\Documents and Settings\Michael Casserly\My Documents\Webmaster\mcasserly\falcons\standings\20030510.html --> ftp.mcasserly.com /mcasserly/falcons/standings 20030510.html
2004.05.03 17:12 A C:\Documents and Settings\Michael Casserly\My Documents\Webmaster\mcasserly\falcons\standings\20030503.html --> ftp.mcasserly.com /mcasserly/falcons/standings 20030503.html
2004.05.03 17:12 B C:\Documents and Settings\Michael Casserly\My Documents\Webmaster\mcasserly\falcons\standings\WS_FTP.LOG --> ftp.mcasserly.com /mcasserly/falcons/standings WS_FTP.LOG
2004.05.06 21:39 A C:\Documents and Settings\Michael Casserly\My Documents\Webmaster\mcasserly\falcons\standings\index.html --> ftp.mcasserly.com /mcasserly/falcons/standings index.html
2004.05.06 21:39 A C:\Documents and Settings\Michael Casserly\My Documents\Webmaster\mcasserly\falcons\standings\20030830.html --> ftp.mcasserly.com /mcasserly/falcons/standings 20030830.html
2004.05.06 21:39 A C:\Documents and Settings\Michael Casserly\My Documents\Webmaster\mcasserly\falcons\standings\20030823.html --> ftp.mcasserly.com /mcasserly/falcons/standings 20030823.html
2004.05.06 21:39 A C:\Documents and Settings\Michael Casserly\My Documents\Webmaster\mcasserly\falcons\standings\20030816.html --> ftp.mcasserly.com /mcasserly/falcons/standings 20030816.html
2004.05.06 21:39 A C:\Documents and Settings\Michael Casserly\My Documents\Webmaster\mcasserly\falcons\standings\20030809.html --> ftp.mcasserly.com /mcasserly/falcons/standings 20030809.html
2004.05.06 21:39 A C:\Documents and Settings\Michael Casserly\My Documents\Webmaster\mcasserly\falcons\standings\20030802.html --> ftp.mcasserly.com /mcasserly/falcons/standings 20030802.html
2004.05.06 21:39 A C:\Documents and Settings\Michael Casserly\My Documents\Webmaster\mcasserly\falcons\standings\20030726.html --> ftp.mcasserly.com /mcasserly/falcons/standings 20030726.html
2004.05.06 21:39 A C:\Documents and Settings\Michael Casserly\My Documents\Webmaster\mcasserly\falcons\standings\20030719.html --> ftp.mcasserly.com /mcasserly/falcons/standings 20030719.html
2004.05.06 21:39 A C:\Documents and Settings\Michael Casserly\My Documents\Webmaster\mcasserly\falcons\standings\20030712.html --> ftp.mcasserly.com /mcasserly/falcons/standings 20030712.html
2004.05.06 21:39 A C:\Documents and Settings\Michael Casserly\My Documents\Webmaster\mcasserly\falcons\standings\20030705.html --> ftp.mcasserly.com /mcasserly/falcons/standings 20030705.html
2004.05.06 21:39 A C:\Documents and Settings\Michael Casserly\My Documents\Webmaster\mcasserly\falcons\standings\20030628.html --> ftp.mcasserly.com /mcasserly/falcons/standings 20030628.html
2004.05.06 21:39 A C:\Documents and Settings\Michael Casserly\My Documents\Webmaster\mcasserly\falcons\standings\20030621.html --> ftp.mcasserly.com /mcasserly/falcons/standings 20030621.html
2004.05.06 21:39 A C:\Documents and Settings\Michael Casserly\My Documents\Webmaster\mcasserly\falcons\standings\20030614.html --> ftp.mcasserly.com /mcasserly/falcons/standings 20030614.html
2004.05.06 21:39 A C:\Documents and Settings\Michael Casserly\My Documents\Webmaster\mcasserly\falcons\standings\20030607.html --> ftp.mcasserly.com /mcasserly/falcons/standings 20030607.html
2004.05.06 21:39 A C:\Documents and Settings\Michael Casserly\My Documents\Webmaster\mcasserly\falcons\standings\20030531.html --> ftp.mcasserly.com /mcasserly/falcons/standings 20030531.html
2004.05.06 21:39 A C:\Documents and Settings\Michael Casserly\My Documents\Webmaster\mcasserly\falcons\standings\20030524.html --> ftp.mcasserly.com /mcasserly/falcons/standings 20030524.html
2004.05.06 21:39 A C:\Documents and Settings\Michael Casserly\My Documents\Webmaster\mcasserly\falcons\standings\20030517.html --> ftp.mcasserly.com /mcasserly/falcons/standings 20030517.html
2004.05.06 21:39 A C:\Documents and Settings\Michael Casserly\My Documents\Webmaster\mcasserly\falcons\standings\20030510.html --> ftp.mcasserly.com /mcasserly/falcons/standings 20030510.html
2004.05.06 21:39 A C:\Documents and Settings\Michael Casserly\My Documents\Webmaster\mcasserly\falcons\standings\20030503.html --> ftp.mcasserly.com /mcasserly/falcons/standings 20030503.html
2004.05.06 21:39 B C:\Documents and Settings\Michael Casserly\My Documents\Webmaster\mcasserly\falcons\standings\WS_FTP.LOG --> ftp.mcasserly.com /mcasserly/falcons/standings WS_FTP.LOG
2004.05.12 00:56 A C:\Documents and Settings\Michael Casserly\My Documents\Webmaster\mcasserly\falcons\standings\index.html --> ftp.mcasserly.com /mcasserly/falcons/standings index.html
2004.05.12 00:56 A C:\Documents and Settings\Michael Casserly\My Documents\Webmaster\mcasserly\falcons\standings\20030830.html --> ftp.mcasserly.com /mcasserly/falcons/standings 20030830.html
2004.05.12 00:56 A C:\Documents and Settings\Michael Casserly\My Documents\Webmaster\mcasserly\falcons\standings\20030823.html --> ftp.mcasserly.com /mcasserly/falcons/standings 20030823.html
2004.05.12 00:56 A C:\Documents and Settings\Michael Casserly\My Documents\Webmaster\mcasserly\falcons\standings\20030816.html --> ftp.mcasserly.com /mcasserly/falcons/standings 20030816.html
2004.05.12 00:56 A C:\Documents and Settings\Michael Casserly\My Documents\Webmaster\mcasserly\falcons\standings\20030809.html --> ftp.mcasserly.com /mcasserly/falcons/standings 20030809.html
2004.05.12 00:56 A C:\Documents and Settings\Michael Casserly\My Documents\Webmaster\mcasserly\falcons\standings\20030802.html --> ftp.mcasserly.com /mcasserly/falcons/standings 20030802.html
2004.05.12 00:56 A C:\Documents and Settings\Michael Casserly\My Documents\Webmaster\mcasserly\falcons\standings\20030726.html --> ftp.mcasserly.com /mcasserly/falcons/standings 20030726.html
2004.05.12 00:57 A C:\Documents and Settings\Michael Casserly\My Documents\Webmaster\mcasserly\falcons\standings\20030719.html --> ftp.mcasserly.com /mcasserly/falcons/standings 20030719.html
2004.05.12 00:57 A C:\Documents and Settings\Michael Casserly\My Documents\Webmaster\mcasserly\falcons\standings\20030712.html --> ftp.mcasserly.com /mcasserly/falcons/standings 20030712.html
2004.05.12 00:57 A C:\Documents and Settings\Michael Casserly\My Documents\Webmaster\mcasserly\falcons\standings\20030705.html --> ftp.mcasserly.com /mcasserly/falcons/standings 20030705.html
2004.05.12 00:57 A C:\Documents and Settings\Michael Casserly\My Documents\Webmaster\mcasserly\falcons\standings\20030628.html --> ftp.mcasserly.com /mcasserly/falcons/standings 20030628.html
2004.05.12 00:57 A C:\Documents and Settings\Michael Casserly\My Documents\Webmaster\mcasserly\falcons\standings\20030621.html --> ftp.mcasserly.com /mcasserly/falcons/standings 20030621.html
2004.05.12 00:57 A C:\Documents and Settings\Michael Casserly\My Documents\Webmaster\mcasserly\falcons\standings\20030614.html --> ftp.mcasserly.com /mcasserly/falcons/standings 20030614.html
2004.05.12 00:57 A C:\Documents and Settings\Michael Casserly\My Documents\Webmaster\mcasserly\falcons\standings\20030607.html --> ftp.mcasserly.com /mcasserly/falcons/standings 20030607.html
2004.05.12 00:57 A C:\Documents and Settings\Michael Casserly\My Documents\Webmaster\mcasserly\falcons\standings\20030531.html --> ftp.mcasserly.com /mcasserly/falcons/standings 20030531.html
2004.05.12 00:57 A C:\Documents and Settings\Michael Casserly\My Documents\Webmaster\mcasserly\falcons\standings\20030524.html --> ftp.mcasserly.com /mcasserly/falcons/standings 20030524.html
2004.05.12 00:57 A C:\Documents and Settings\Michael Casserly\My Documents\Webmaster\mcasserly\falcons\standings\20030517.html --> ftp.mcasserly.com /mcasserly/falcons/standings 20030517.html
2004.05.12 00:57 A C:\Documents and Settings\Michael Casserly\My Documents\Webmaster\mcasserly\falcons\standings\20030510.html --> ftp.mcasserly.com /mcasserly/falcons/standings 20030510.html
2004.05.12 00:57 A C:\Documents and Settings\Michael Casserly\My Documents\Webmaster\mcasserly\falcons\standings\20030503.html --> ftp.mcasserly.com /mcasserly/falcons/standings 20030503.html
2004.05.12 00:57 B C:\Documents and Settings\Michael Casserly\My Documents\Webmaster\mcasserly\falcons\standings\WS_FTP.LOG --> ftp.mcasserly.com /mcasserly/falcons/standings WS_FTP.LOG
2004.05.15 00:38 A C:\Documents and Settings\Michael Casserly\My Documents\Webmaster\mcasserly\falcons\standings\index.html --> ftp.mcasserly.com /mcasserly/falcons/standings index.html
2004.05.15 00:38 A C:\Documents and Settings\Michael Casserly\My Documents\Webmaster\mcasserly\falcons\standings\20030830.html --> ftp.mcasserly.com /mcasserly/falcons/standings 20030830.html
2004.05.15 00:38 A C:\Documents and Settings\Michael Casserly\My Documents\Webmaster\mcasserly\falcons\standings\20030823.html --> ftp.mcasserly.com /mcasserly/falcons/standings 20030823.html
2004.05.15 00:38 A C:\Documents and Settings\Michael Casserly\My Documents\Webmaster\mcasserly\falcons\standings\20030816.html --> ftp.mcasserly.com /mcasserly/falcons/standings 20030816.html
2004.05.15 00:38 A C:\Documents and Settings\Michael Casserly\My Documents\Webmaster\mcasserly\falcons\standings\20030809.html --> ftp.mcasserly.com /mcasserly/falcons/standings 20030809.html
2004.05.15 00:38 A C:\Documents and Settings\Michael Casserly\My Documents\Webmaster\mcasserly\falcons\standings\20030802.html --> ftp.mcasserly.com /mcasserly/falcons/standings 20030802.html
2004.05.15 00:38 A C:\Documents and Settings\Michael Casserly\My Documents\Webmaster\mcasserly\falcons\standings\20030726.html --> ftp.mcasserly.com /mcasserly/falcons/standings 20030726.html
2004.05.15 00:38 A C:\Documents and Settings\Michael Casserly\My Documents\Webmaster\mcasserly\falcons\standings\20030719.html --> ftp.mcasserly.com /mcasserly/falcons/standings 20030719.html
2004.05.15 00:38 A C:\Documents and Settings\Michael Casserly\My Documents\Webmaster\mcasserly\falcons\standings\20030712.html --> ftp.mcasserly.com /mcasserly/falcons/standings 20030712.html
2004.05.15 00:38 A C:\Documents and Settings\Michael Casserly\My Documents\Webmaster\mcasserly\falcons\standings\20030705.html --> ftp.mcasserly.com /mcasserly/falcons/standings 20030705.html
2004.05.15 00:38 A C:\Documents and Settings\Michael Casserly\My Documents\Webmaster\mcasserly\falcons\standings\20030628.html --> ftp.mcasserly.com /mcasserly/falcons/standings 20030628.html
2004.05.15 00:38 A C:\Documents and Settings\Michael Casserly\My Documents\Webmaster\mcasserly\falcons\standings\20030621.html --> ftp.mcasserly.com /mcasserly/falcons/standings 20030621.html
2004.05.15 00:38 A C:\Documents and Settings\Michael Casserly\My Documents\Webmaster\mcasserly\falcons\standings\20030614.html --> ftp.mcasserly.com /mcasserly/falcons/standings 20030614.html
2004.05.15 00:38 A C:\Documents and Settings\Michael Casserly\My Documents\Webmaster\mcasserly\falcons\standings\20030607.html --> ftp.mcasserly.com /mcasserly/falcons/standings 20030607.html
2004.05.15 00:38 A C:\Documents and Settings\Michael Casserly\My Documents\Webmaster\mcasserly\falcons\standings\20030531.html --> ftp.mcasserly.com /mcasserly/falcons/standings 20030531.html
2004.05.15 00:38 A C:\Documents and Settings\Michael Casserly\My Documents\Webmaster\mcasserly\falcons\standings\20030524.html --> ftp.mcasserly.com /mcasserly/falcons/standings 20030524.html
2004.05.15 00:38 A C:\Documents and Settings\Michael Casserly\My Documents\Webmaster\mcasserly\falcons\standings\20030517.html --> ftp.mcasserly.com /mcasserly/falcons/standings 20030517.html
2004.05.15 00:38 A C:\Documents and Settings\Michael Casserly\My Documents\Webmaster\mcasserly\falcons\standings\20030510.html --> ftp.mcasserly.com /mcasserly/falcons/standings 20030510.html
2004.05.15 00:38 A C:\Documents and Settings\Michael Casserly\My Documents\Webmaster\mcasserly\falcons\standings\20030503.html --> ftp.mcasserly.com /mcasserly/falcons/standings 20030503.html
2004.05.15 00:39 B C:\Documents and Settings\Michael Casserly\My Documents\Webmaster\mcasserly\falcons\standings\WS_FTP.LOG --> ftp.mcasserly.com /mcasserly/falcons/standings WS_FTP.LOG
2004.05.19 01:32 A C:\Documents and Settings\Michael Casserly\My Documents\Webmaster\mcasserly\falcons\standings\index.html --> ftp.mcasserly.com /mcasserly/falcons/standings index.html
2004.05.19 01:32 A C:\Documents and Settings\Michael Casserly\My Documents\Webmaster\mcasserly\falcons\standings\20030830.html --> ftp.mcasserly.com /mcasserly/falcons/standings 20030830.html
2004.05.19 01:32 A C:\Documents and Settings\Michael Casserly\My Documents\Webmaster\mcasserly\falcons\standings\20030823.html --> ftp.mcasserly.com /mcasserly/falcons/standings 20030823.html
2004.05.19 01:32 A C:\Documents and Settings\Michael Casserly\My Documents\Webmaster\mcasserly\falcons\standings\20030816.html --> ftp.mcasserly.com /mcasserly/falcons/standings 20030816.html
2004.05.19 01:32 A C:\Documents and Settings\Michael Casserly\My Documents\Webmaster\mcasserly\falcons\standings\20030809.html --> ftp.mcasserly.com /mcasserly/falcons/standings 20030809.html
2004.05.19 01:32 A C:\Documents and Settings\Michael Casserly\My Documents\Webmaster\mcasserly\falcons\standings\20030802.html --> ftp.mcasserly.com /mcasserly/falcons/standings 20030802.html
2004.05.19 01:32 A C:\Documents and Settings\Michael Casserly\My Documents\Webmaster\mcasserly\falcons\standings\20030726.html --> ftp.mcasserly.com /mcasserly/falcons/standings 20030726.html
2004.05.19 01:32 A C:\Documents and Settings\Michael Casserly\My Documents\Webmaster\mcasserly\falcons\standings\20030719.html --> ftp.mcasserly.com /mcasserly/falcons/standings 20030719.html
2004.05.19 01:32 A C:\Documents and Settings\Michael Casserly\My Documents\Webmaster\mcasserly\falcons\standings\20030712.html --> ftp.mcasserly.com /mcasserly/falcons/standings 20030712.html
2004.05.19 01:32 A C:\Documents and Settings\Michael Casserly\My Documents\Webmaster\mcasserly\falcons\standings\20030705.html --> ftp.mcasserly.com /mcasserly/falcons/standings 20030705.html
2004.05.19 01:32 A C:\Documents and Settings\Michael Casserly\My Documents\Webmaster\mcasserly\falcons\standings\20030628.html --> ftp.mcasserly.com /mcasserly/falcons/standings 20030628.html
2004.05.19 01:32 A C:\Documents and Settings\Michael Casserly\My Documents\Webmaster\mcasserly\falcons\standings\20030621.html --> ftp.mcasserly.com /mcasserly/falcons/standings 20030621.html
2004.05.19 01:32 A C:\Documents and Settings\Michael Casserly\My Documents\Webmaster\mcasserly\falcons\standings\20030614.html --> ftp.mcasserly.com /mcasserly/falcons/standings 20030614.html
2004.05.19 01:32 A C:\Documents and Settings\Michael Casserly\My Documents\Webmaster\mcasserly\falcons\standings\20030607.html --> ftp.mcasserly.com /mcasserly/falcons/standings 20030607.html
2004.05.19 01:32 A C:\Documents and Settings\Michael Casserly\My Documents\Webmaster\mcasserly\falcons\standings\20030531.html --> ftp.mcasserly.com /mcasserly/falcons/standings 20030531.html
2004.05.19 01:32 A C:\Documents and Settings\Michael Casserly\My Documents\Webmaster\mcasserly\falcons\standings\20030524.html --> ftp.mcasserly.com /mcasserly/falcons/standings 20030524.html
2004.05.19 01:32 A C:\Documents and Settings\Michael Casserly\My Documents\Webmaster\mcasserly\falcons\standings\20030517.html --> ftp.mcasserly.com /mcasserly/falcons/standings 20030517.html
2004.05.19 01:32 A C:\Documents and Settings\Michael Casserly\My Documents\Webmaster\mcasserly\falcons\standings\20030510.html --> ftp.mcasserly.com /mcasserly/falcons/standings 20030510.html
2004.05.19 01:32 A C:\Documents and Settings\Michael Casserly\My Documents\Webmaster\mcasserly\falcons\standings\20030503.html --> ftp.mcasserly.com /mcasserly/falcons/standings 20030503.html
2004.05.19 01:32 B C:\Documents and Settings\Michael Casserly\My Documents\Webmaster\mcasserly\falcons\standings\WS_FTP.LOG --> ftp.mcasserly.com /mcasserly/falcons/standings WS_FTP.LOG
2004.05.27 17:41 A C:\Documents and Settings\Michael Casserly\My Documents\Webmaster\mcasserly\falcons\standings\index.html --> ftp.mcasserly.com /mcasserly/falcons/standings index.html
2004.05.27 17:41 A C:\Documents and Settings\Michael Casserly\My Documents\Webmaster\mcasserly\falcons\standings\2003.html --> ftp.mcasserly.com /mcasserly/falcons/standings 2003.html
2004.05.28 14:39 A C:\Documents and Settings\Michael Casserly\My Documents\Webmaster\mcasserly\falcons\standings\index.html --> ftp.mcasserly.com /mcasserly/falcons/standings index.html
2004.07.05 19:00 A C:\Documents and Settings\Michael Casserly\My Documents\Webmaster\mcasserly\falcons\standings\index.html --> ftp.mcasserly.com /mcasserly/falcons/standings index.html
2004.08.18 04:40 A C:\Documents and Settings\Michael Casserly\My Documents\Webmaster\mcasserly\falcons\standings\index.html --> ftp.mcasserly.com /mcasserly/falcons/standings index.html
2004.09.10 15:38 A C:\Documents and Settings\Michael Casserly\My Documents\Webmaster\mcasserly\falcons\standings\index.html --> ftp.mcasserly.com /mcasserly/falcons/standings index.html
2004.09.10 15:38 A C:\Documents and Settings\Michael Casserly\My Documents\Webmaster\mcasserly\falcons\standings\20030830.html --> ftp.mcasserly.com /mcasserly/falcons/standings 20030830.html
2004.09.10 15:38 A C:\Documents and Settings\Michael Casserly\My Documents\Webmaster\mcasserly\falcons\standings\20030823.html --> ftp.mcasserly.com /mcasserly/falcons/standings 20030823.html
2004.09.10 15:38 A C:\Documents and Settings\Michael Casserly\My Documents\Webmaster\mcasserly\falcons\standings\20030816.html --> ftp.mcasserly.com /mcasserly/falcons/standings 20030816.html
2004.09.10 15:38 A C:\Documents and Settings\Michael Casserly\My Documents\Webmaster\mcasserly\falcons\standings\20030809.html --> ftp.mcasserly.com /mcasserly/falcons/standings 20030809.html
2004.09.10 15:38 A C:\Documents and Settings\Michael Casserly\My Documents\Webmaster\mcasserly\falcons\standings\20030802.html --> ftp.mcasserly.com /mcasserly/falcons/standings 20030802.html
2004.09.10 15:38 A C:\Documents and Settings\Michael Casserly\My Documents\Webmaster\mcasserly\falcons\standings\20030726.html --> ftp.mcasserly.com /mcasserly/falcons/standings 20030726.html
2004.09.10 15:38 A C:\Documents and Settings\Michael Casserly\My Documents\Webmaster\mcasserly\falcons\standings\20030719.html --> ftp.mcasserly.com /mcasserly/falcons/standings 20030719.html
2004.09.10 15:38 A C:\Documents and Settings\Michael Casserly\My Documents\Webmaster\mcasserly\falcons\standings\20030712.html --> ftp.mcasserly.com /mcasserly/falcons/standings 20030712.html
2004.09.10 15:38 A C:\Documents and Settings\Michael Casserly\My Documents\Webmaster\mcasserly\falcons\standings\20030705.html --> ftp.mcasserly.com /mcasserly/falcons/standings 20030705.html
2004.09.10 15:38 A C:\Documents and Settings\Michael Casserly\My Documents\Webmaster\mcasserly\falcons\standings\20030628.html --> ftp.mcasserly.com /mcasserly/falcons/standings 20030628.html
2004.09.10 15:38 A C:\Documents and Settings\Michael Casserly\My Documents\Webmaster\mcasserly\falcons\standings\20030621.html --> ftp.mcasserly.com /mcasserly/falcons/standings 20030621.html
2004.09.10 15:38 A C:\Documents and Settings\Michael Casserly\My Documents\Webmaster\mcasserly\falcons\standings\20030614.html --> ftp.mcasserly.com /mcasserly/falcons/standings 20030614.html
2004.09.10 15:38 A C:\Documents and Settings\Michael Casserly\My Documents\Webmaster\mcasserly\falcons\standings\20030607.html --> ftp.mcasserly.com /mcasserly/falcons/standings 20030607.html
2004.09.10 15:38 A C:\Documents and Settings\Michael Casserly\My Documents\Webmaster\mcasserly\falcons\standings\20030531.html --> ftp.mcasserly.com /mcasserly/falcons/standings 20030531.html
2004.09.10 15:38 A C:\Documents and Settings\Michael Casserly\My Documents\Webmaster\mcasserly\falcons\standings\20030524.html --> ftp.mcasserly.com /mcasserly/falcons/standings 20030524.html
2004.09.10 15:38 A C:\Documents and Settings\Michael Casserly\My Documents\Webmaster\mcasserly\falcons\standings\20030517.html --> ftp.mcasserly.com /mcasserly/falcons/standings 20030517.html
2004.09.10 15:38 A C:\Documents and Settings\Michael Casserly\My Documents\Webmaster\mcasserly\falcons\standings\20030510.html --> ftp.mcasserly.com /mcasserly/falcons/standings 20030510.html
2004.09.10 15:38 A C:\Documents and Settings\Michael Casserly\My Documents\Webmaster\mcasserly\falcons\standings\20030503.html --> ftp.mcasserly.com /mcasserly/falcons/standings 20030503.html
2004.09.10 15:38 A C:\Documents and Settings\Michael Casserly\My Documents\Webmaster\mcasserly\falcons\standings\2003.html --> ftp.mcasserly.com /mcasserly/falcons/standings 2003.html
2004.09.10 15:38 B C:\Documents and Settings\Michael Casserly\My Documents\Webmaster\mcasserly\falcons\standings\WS_FTP.LOG --> ftp.mcasserly.com /mcasserly/falcons/standings WS_FTP.LOG
2005.04.19 21:20 B C:\Documents and Settings\Michael Casserly\My Documents\Webmaster\mcasserly\falcons\standings\index.html --> ftp.mcasserly.com /mcasserly/falcons/standings index.html
2005.04.19 21:20 B C:\Documents and Settings\Michael Casserly\My Documents\Webmaster\mcasserly\falcons\standings\20030830.html --> ftp.mcasserly.com /mcasserly/falcons/standings 20030830.html
2005.04.19 21:20 B C:\Documents and Settings\Michael Casserly\My Documents\Webmaster\mcasserly\falcons\standings\20030823.html --> ftp.mcasserly.com /mcasserly/falcons/standings 20030823.html
2005.04.19 21:20 B C:\Documents and Settings\Michael Casserly\My Documents\Webmaster\mcasserly\falcons\standings\20030816.html --> ftp.mcasserly.com /mcasserly/falcons/standings 20030816.html
2005.04.19 21:20 B C:\Documents and Settings\Michael Casserly\My Documents\Webmaster\mcasserly\falcons\standings\20030809.html --> ftp.mcasserly.com /mcasserly/falcons/standings 20030809.html
2005.04.19 21:20 B C:\Documents and Settings\Michael Casserly\My Documents\Webmaster\mcasserly\falcons\standings\20030802.html --> ftp.mcasserly.com /mcasserly/falcons/standings 20030802.html
2005.04.19 21:20 B C:\Documents and Settings\Michael Casserly\My Documents\Webmaster\mcasserly\falcons\standings\20030726.html --> ftp.mcasserly.com /mcasserly/falcons/standings 20030726.html
2005.04.19 21:20 B C:\Documents and Settings\Michael Casserly\My Documents\Webmaster\mcasserly\falcons\standings\20030719.html --> ftp.mcasserly.com /mcasserly/falcons/standings 20030719.html
2005.04.19 21:20 B C:\Documents and Settings\Michael Casserly\My Documents\Webmaster\mcasserly\falcons\standings\20030712.html --> ftp.mcasserly.com /mcasserly/falcons/standings 20030712.html
2005.04.19 21:20 B C:\Documents and Settings\Michael Casserly\My Documents\Webmaster\mcasserly\falcons\standings\20030705.html --> ftp.mcasserly.com /mcasserly/falcons/standings 20030705.html
2005.04.19 21:20 B C:\Documents and Settings\Michael Casserly\My Documents\Webmaster\mcasserly\falcons\standings\20030628.html --> ftp.mcasserly.com /mcasserly/falcons/standings 20030628.html
2005.04.19 21:20 B C:\Documents and Settings\Michael Casserly\My Documents\Webmaster\mcasserly\falcons\standings\20030621.html --> ftp.mcasserly.com /mcasserly/falcons/standings 20030621.html
2005.04.19 21:20 B C:\Documents and Settings\Michael Casserly\My Documents\Webmaster\mcasserly\falcons\standings\20030614.html --> ftp.mcasserly.com /mcasserly/falcons/standings 20030614.html
2005.04.19 21:20 B C:\Documents and Settings\Michael Casserly\My Documents\Webmaster\mcasserly\falcons\standings\20030607.html --> ftp.mcasserly.com /mcasserly/falcons/standings 20030607.html
2005.04.19 21:20 B C:\Documents and Settings\Michael Casserly\My Documents\Webmaster\mcasserly\falcons\standings\20030531.html --> ftp.mcasserly.com /mcasserly/falcons/standings 20030531.html
2005.04.19 21:20 B C:\Documents and Settings\Michael Casserly\My Documents\Webmaster\mcasserly\falcons\standings\20030524.html --> ftp.mcasserly.com /mcasserly/falcons/standings 20030524.html
2005.04.19 21:20 B C:\Documents and Settings\Michael Casserly\My Documents\Webmaster\mcasserly\falcons\standings\20030517.html --> ftp.mcasserly.com /mcasserly/falcons/standings 20030517.html
2005.04.19 21:20 B C:\Documents and Settings\Michael Casserly\My Documents\Webmaster\mcasserly\falcons\standings\20030510.html --> ftp.mcasserly.com /mcasserly/falcons/standings 20030510.html
2005.04.19 21:20 B C:\Documents and Settings\Michael Casserly\My Documents\Webmaster\mcasserly\falcons\standings\20030503.html --> ftp.mcasserly.com /mcasserly/falcons/standings 20030503.html
2005.04.19 21:20 B C:\Documents and Settings\Michael Casserly\My Documents\Webmaster\mcasserly\falcons\standings\2003.html --> ftp.mcasserly.com /mcasserly/falcons/standings 2003.html
2005.04.19 21:20 B C:\Documents and Settings\Michael Casserly\My Documents\Webmaster\mcasserly\falcons\standings\WS_FTP.LOG --> ftp.mcasserly.com /mcasserly/falcons/standings WS_FTP.LOG
2005.04.19 21:38 B C:\Documents and Settings\Michael Casserly\My Documents\Webmaster\mcasserly\falcons\standings\index.html --> ftp.mcasserly.com /mcasserly/falcons/standings index.html
2005.04.19 21:38 B C:\Documents and Settings\Michael Casserly\My Documents\Webmaster\mcasserly\falcons\standings\20030830.html --> ftp.mcasserly.com /mcasserly/falcons/standings 20030830.html
2005.04.19 21:38 B C:\Documents and Settings\Michael Casserly\My Documents\Webmaster\mcasserly\falcons\standings\20030823.html --> ftp.mcasserly.com /mcasserly/falcons/standings 20030823.html
2005.04.19 21:38 B C:\Documents and Settings\Michael Casserly\My Documents\Webmaster\mcasserly\falcons\standings\20030816.html --> ftp.mcasserly.com /mcasserly/falcons/standings 20030816.html
2005.04.19 21:38 B C:\Documents and Settings\Michael Casserly\My Documents\Webmaster\mcasserly\falcons\standings\20030809.html --> ftp.mcasserly.com /mcasserly/falcons/standings 20030809.html
2005.04.19 21:38 B C:\Documents and Settings\Michael Casserly\My Documents\Webmaster\mcasserly\falcons\standings\20030802.html --> ftp.mcasserly.com /mcasserly/falcons/standings 20030802.html
2005.04.19 21:38 B C:\Documents and Settings\Michael Casserly\My Documents\Webmaster\mcasserly\falcons\standings\20030726.html --> ftp.mcasserly.com /mcasserly/falcons/standings 20030726.html
2005.04.19 21:38 B C:\Documents and Settings\Michael Casserly\My Documents\Webmaster\mcasserly\falcons\standings\20030719.html --> ftp.mcasserly.com /mcasserly/falcons/standings 20030719.html
2005.04.19 21:38 B C:\Documents and Settings\Michael Casserly\My Documents\Webmaster\mcasserly\falcons\standings\20030712.html --> ftp.mcasserly.com /mcasserly/falcons/standings 20030712.html
2005.04.19 21:38 B C:\Documents and Settings\Michael Casserly\My Documents\Webmaster\mcasserly\falcons\standings\20030705.html --> ftp.mcasserly.com /mcasserly/falcons/standings 20030705.html
2005.04.19 21:38 B C:\Documents and Settings\Michael Casserly\My Documents\Webmaster\mcasserly\falcons\standings\20030628.html --> ftp.mcasserly.com /mcasserly/falcons/standings 20030628.html
2005.04.19 21:38 B C:\Documents and Settings\Michael Casserly\My Documents\Webmaster\mcasserly\falcons\standings\20030621.html --> ftp.mcasserly.com /mcasserly/falcons/standings 20030621.html
2005.04.19 21:38 B C:\Documents and Settings\Michael Casserly\My Documents\Webmaster\mcasserly\falcons\standings\20030614.html --> ftp.mcasserly.com /mcasserly/falcons/standings 20030614.html
2005.04.19 21:38 B C:\Documents and Settings\Michael Casserly\My Documents\Webmaster\mcasserly\falcons\standings\20030607.html --> ftp.mcasserly.com /mcasserly/falcons/standings 20030607.html
2005.04.19 21:38 B C:\Documents and Settings\Michael Casserly\My Documents\Webmaster\mcasserly\falcons\standings\20030531.html --> ftp.mcasserly.com /mcasserly/falcons/standings 20030531.html
2005.04.19 21:38 B C:\Documents and Settings\Michael Casserly\My Documents\Webmaster\mcasserly\falcons\standings\20030524.html --> ftp.mcasserly.com /mcasserly/falcons/standings 20030524.html
2005.04.19 21:38 B C:\Documents and Settings\Michael Casserly\My Documents\Webmaster\mcasserly\falcons\standings\20030517.html --> ftp.mcasserly.com /mcasserly/falcons/standings 20030517.html
2005.04.19 21:38 B C:\Documents and Settings\Michael Casserly\My Documents\Webmaster\mcasserly\falcons\standings\20030510.html --> ftp.mcasserly.com /mcasserly/falcons/standings 20030510.html
2005.04.19 21:38 B C:\Documents and Settings\Michael Casserly\My Documents\Webmaster\mcasserly\falcons\standings\20030503.html --> ftp.mcasserly.com /mcasserly/falcons/standings 20030503.html
2005.04.19 21:38 B C:\Documents and Settings\Michael Casserly\My Documents\Webmaster\mcasserly\falcons\standings\2003.html --> ftp.mcasserly.com /mcasserly/falcons/standings 2003.html
2005.04.19 21:38 B C:\Documents and Settings\Michael Casserly\My Documents\Webmaster\mcasserly\falcons\standings\WS_FTP.LOG --> ftp.mcasserly.com /mcasserly/falcons/standings WS_FTP.LOG
2005.04.19 22:34 B C:\Documents and Settings\Michael Casserly\My Documents\Webmaster\mcasserly\falcons\standings\2004.html --> ftp.mcasserly.com /mcasserly/falcons/standings 2004.html
2005.04.19 22:34 B C:\Documents and Settings\Michael Casserly\My Documents\Webmaster\mcasserly\falcons\standings\2003.html --> ftp.mcasserly.com /mcasserly/falcons/standings 2003.html
2005.04.19 22:34 B C:\Documents and Settings\Michael Casserly\My Documents\Webmaster\mcasserly\falcons\standings\index.html --> ftp.mcasserly.com /mcasserly/falcons/standings index.html
2005.04.19 22:34 B C:\Documents and Settings\Michael Casserly\My Documents\Webmaster\mcasserly\falcons\standings\WS_FTP.LOG --> ftp.mcasserly.com /mcasserly/falcons/standings WS_FTP.LOG
2005.04.19 22:34 B C:\Documents and Settings\Michael Casserly\My Documents\Webmaster\mcasserly\falcons\standings\20030830.html --> ftp.mcasserly.com /mcasserly/falcons/standings 20030830.html
2005.04.19 22:34 B C:\Documents and Settings\Michael Casserly\My Documents\Webmaster\mcasserly\falcons\standings\20030823.html --> ftp.mcasserly.com /mcasserly/falcons/standings 20030823.html
2005.04.19 22:34 B C:\Documents and Settings\Michael Casserly\My Documents\Webmaster\mcasserly\falcons\standings\20030816.html --> ftp.mcasserly.com /mcasserly/falcons/standings 20030816.html
2005.04.19 22:34 B C:\Documents and Settings\Michael Casserly\My Documents\Webmaster\mcasserly\falcons\standings\20030809.html --> ftp.mcasserly.com /mcasserly/falcons/standings 20030809.html
2005.04.19 22:34 B C:\Documents and Settings\Michael Casserly\My Documents\Webmaster\mcasserly\falcons\standings\20030802.html --> ftp.mcasserly.com /mcasserly/falcons/standings 20030802.html
2005.04.19 22:34 B C:\Documents and Settings\Michael Casserly\My Documents\Webmaster\mcasserly\falcons\standings\20030726.html --> ftp.mcasserly.com /mcasserly/falcons/standings 20030726.html
2005.04.19 22:34 B C:\Documents and Settings\Michael Casserly\My Documents\Webmaster\mcasserly\falcons\standings\20030719.html --> ftp.mcasserly.com /mcasserly/falcons/standings 20030719.html
2005.04.19 22:34 B C:\Documents and Settings\Michael Casserly\My Documents\Webmaster\mcasserly\falcons\standings\20030712.html --> ftp.mcasserly.com /mcasserly/falcons/standings 20030712.html
2005.04.19 22:34 B C:\Documents and Settings\Michael Casserly\My Documents\Webmaster\mcasserly\falcons\standings\20030705.html --> ftp.mcasserly.com /mcasserly/falcons/standings 20030705.html
2005.04.19 22:34 B C:\Documents and Settings\Michael Casserly\My Documents\Webmaster\mcasserly\falcons\standings\20030628.html --> ftp.mcasserly.com /mcasserly/falcons/standings 20030628.html
2005.04.19 22:34 B C:\Documents and Settings\Michael Casserly\My Documents\Webmaster\mcasserly\falcons\standings\20030621.html --> ftp.mcasserly.com /mcasserly/falcons/standings 20030621.html
2005.04.19 22:34 B C:\Documents and Settings\Michael Casserly\My Documents\Webmaster\mcasserly\falcons\standings\20030614.html --> ftp.mcasserly.com /mcasserly/falcons/standings 20030614.html
2005.04.19 22:34 B C:\Documents and Settings\Michael Casserly\My Documents\Webmaster\mcasserly\falcons\standings\20030607.html --> ftp.mcasserly.com /mcasserly/falcons/standings 20030607.html
2005.04.19 22:34 B C:\Documents and Settings\Michael Casserly\My Documents\Webmaster\mcasserly\falcons\standings\20030531.html --> ftp.mcasserly.com /mcasserly/falcons/standings 20030531.html
2005.04.19 22:34 B C:\Documents and Settings\Michael Casserly\My Documents\Webmaster\mcasserly\falcons\standings\20030524.html --> ftp.mcasserly.com /mcasserly/falcons/standings 20030524.html
2005.04.19 22:34 B C:\Documents and Settings\Michael Casserly\My Documents\Webmaster\mcasserly\falcons\standings\20030517.html --> ftp.mcasserly.com /mcasserly/falcons/standings 20030517.html
2005.04.19 22:34 B C:\Documents and Settings\Michael Casserly\My Documents\Webmaster\mcasserly\falcons\standings\20030510.html --> ftp.mcasserly.com /mcasserly/falcons/standings 20030510.html
2005.04.19 22:34 B C:\Documents and Settings\Michael Casserly\My Documents\Webmaster\mcasserly\falcons\standings\20030503.html --> ftp.mcasserly.com /mcasserly/falcons/standings 20030503.html
2005.04.20 19:12 B C:\Documents and Settings\Michael Casserly\My Documents\Webmaster\mcasserly\falcons\standings\index.html --> ftp.mcasserly.com /mcasserly/falcons/standings index.html
2005.04.20 19:12 B C:\Documents and Settings\Michael Casserly\My Documents\Webmaster\mcasserly\falcons\standings\2004.html --> ftp.mcasserly.com /mcasserly/falcons/standings 2004.html
2005.04.20 19:12 B C:\Documents and Settings\Michael Casserly\My Documents\Webmaster\mcasserly\falcons\standings\20030830.html --> ftp.mcasserly.com /mcasserly/falcons/standings 20030830.html
2005.04.20 19:12 B C:\Documents and Settings\Michael Casserly\My Documents\Webmaster\mcasserly\falcons\standings\20030823.html --> ftp.mcasserly.com /mcasserly/falcons/standings 20030823.html
2005.04.20 19:12 B C:\Documents and Settings\Michael Casserly\My Documents\Webmaster\mcasserly\falcons\standings\20030816.html --> ftp.mcasserly.com /mcasserly/falcons/standings 20030816.html
2005.04.20 19:12 B C:\Documents and Settings\Michael Casserly\My Documents\Webmaster\mcasserly\falcons\standings\20030809.html --> ftp.mcasserly.com /mcasserly/falcons/standings 20030809.html
2005.04.20 19:13 B C:\Documents and Settings\Michael Casserly\My Documents\Webmaster\mcasserly\falcons\standings\20030802.html --> ftp.mcasserly.com /mcasserly/falcons/standings 20030802.html
2005.04.20 19:13 B C:\Documents and Settings\Michael Casserly\My Documents\Webmaster\mcasserly\falcons\standings\20030726.html --> ftp.mcasserly.com /mcasserly/falcons/standings 20030726.html
2005.04.20 19:13 B C:\Documents and Settings\Michael Casserly\My Documents\Webmaster\mcasserly\falcons\standings\20030719.html --> ftp.mcasserly.com /mcasserly/falcons/standings 20030719.html
2005.04.20 19:13 B C:\Documents and Settings\Michael Casserly\My Documents\Webmaster\mcasserly\falcons\standings\20030712.html --> ftp.mcasserly.com /mcasserly/falcons/standings 20030712.html
2005.04.20 19:13 B C:\Documents and Settings\Michael Casserly\My Documents\Webmaster\mcasserly\falcons\standings\20030705.html --> ftp.mcasserly.com /mcasserly/falcons/standings 20030705.html
2005.04.20 19:13 B C:\Documents and Settings\Michael Casserly\My Documents\Webmaster\mcasserly\falcons\standings\20030628.html --> ftp.mcasserly.com /mcasserly/falcons/standings 20030628.html
2005.04.20 19:13 B C:\Documents and Settings\Michael Casserly\My Documents\Webmaster\mcasserly\falcons\standings\20030621.html --> ftp.mcasserly.com /mcasserly/falcons/standings 20030621.html
2005.04.20 19:13 B C:\Documents and Settings\Michael Casserly\My Documents\Webmaster\mcasserly\falcons\standings\20030614.html --> ftp.mcasserly.com /mcasserly/falcons/standings 20030614.html
2005.04.20 19:13 B C:\Documents and Settings\Michael Casserly\My Documents\Webmaster\mcasserly\falcons\standings\20030607.html --> ftp.mcasserly.com /mcasserly/falcons/standings 20030607.html
2005.04.20 19:13 B C:\Documents and Settings\Michael Casserly\My Documents\Webmaster\mcasserly\falcons\standings\20030531.html --> ftp.mcasserly.com /mcasserly/falcons/standings 20030531.html
2005.04.20 19:13 B C:\Documents and Settings\Michael Casserly\My Documents\Webmaster\mcasserly\falcons\standings\20030524.html --> ftp.mcasserly.com /mcasserly/falcons/standings 20030524.html
2005.04.20 19:13 B C:\Documents and Settings\Michael Casserly\My Documents\Webmaster\mcasserly\falcons\standings\20030517.html --> ftp.mcasserly.com /mcasserly/falcons/standings 20030517.html
2005.04.20 19:13 B C:\Documents and Settings\Michael Casserly\My Documents\Webmaster\mcasserly\falcons\standings\20030510.html --> ftp.mcasserly.com /mcasserly/falcons/standings 20030510.html
2005.04.20 19:13 B C:\Documents and Settings\Michael Casserly\My Documents\Webmaster\mcasserly\falcons\standings\20030503.html --> ftp.mcasserly.com /mcasserly/falcons/standings 20030503.html
2005.04.20 19:13 B C:\Documents and Settings\Michael Casserly\My Documents\Webmaster\mcasserly\falcons\standings\2003.html --> ftp.mcasserly.com /mcasserly/falcons/standings 2003.html
2005.04.20 19:13 B C:\Documents and Settings\Michael Casserly\My Documents\Webmaster\mcasserly\falcons\standings\WS_FTP.LOG --> ftp.mcasserly.com /mcasserly/falcons/standings WS_FTP.LOG
2005.04.21 22:56 B C:\Documents and Settings\Michael Casserly\My Documents\Webmaster\mcasserly\falcons\standings\2004.html --> ftp.mcasserly.com /mcasserly/falcons/standings 2004.html
2005.04.21 22:56 B C:\Documents and Settings\Michael Casserly\My Documents\Webmaster\mcasserly\falcons\standings\index.html --> ftp.mcasserly.com /mcasserly/falcons/standings index.html
2005.04.21 22:56 B C:\Documents and Settings\Michael Casserly\My Documents\Webmaster\mcasserly\falcons\standings\WS_FTP.LOG --> ftp.mcasserly.com /mcasserly/falcons/standings WS_FTP.LOG
2005.04.21 22:56 B C:\Documents and Settings\Michael Casserly\My Documents\Webmaster\mcasserly\falcons\standings\20030830.html --> ftp.mcasserly.com /mcasserly/falcons/standings 20030830.html
2005.04.21 22:56 B C:\Documents and Settings\Michael Casserly\My Documents\Webmaster\mcasserly\falcons\standings\20030823.html --> ftp.mcasserly.com /mcasserly/falcons/standings 20030823.html
2005.04.21 22:56 B C:\Documents and Settings\Michael Casserly\My Documents\Webmaster\mcasserly\falcons\standings\20030816.html --> ftp.mcasserly.com /mcasserly/falcons/standings 20030816.html
2005.04.21 22:56 B C:\Documents and Settings\Michael Casserly\My Documents\Webmaster\mcasserly\falcons\standings\20030809.html --> ftp.mcasserly.com /mcasserly/falcons/standings 20030809.html
2005.04.21 22:56 B C:\Documents and Settings\Michael Casserly\My Documents\Webmaster\mcasserly\falcons\standings\20030802.html --> ftp.mcasserly.com /mcasserly/falcons/standings 20030802.html
2005.04.21 22:56 B C:\Documents and Settings\Michael Casserly\My Documents\Webmaster\mcasserly\falcons\standings\20030726.html --> ftp.mcasserly.com /mcasserly/falcons/standings 20030726.html
2005.04.21 22:56 B C:\Documents and Settings\Michael Casserly\My Documents\Webmaster\mcasserly\falcons\standings\20030719.html --> ftp.mcasserly.com /mcasserly/falcons/standings 20030719.html
2005.04.21 22:56 B C:\Documents and Settings\Michael Casserly\My Documents\Webmaster\mcasserly\falcons\standings\20030712.html --> ftp.mcasserly.com /mcasserly/falcons/standings 20030712.html
2005.04.21 22:56 B C:\Documents and Settings\Michael Casserly\My Documents\Webmaster\mcasserly\falcons\standings\20030705.html --> ftp.mcasserly.com /mcasserly/falcons/standings 20030705.html
2005.04.21 22:56 B C:\Documents and Settings\Michael Casserly\My Documents\Webmaster\mcasserly\falcons\standings\20030628.html --> ftp.mcasserly.com /mcasserly/falcons/standings 20030628.html
2005.04.21 22:56 B C:\Documents and Settings\Michael Casserly\My Documents\Webmaster\mcasserly\falcons\standings\20030621.html --> ftp.mcasserly.com /mcasserly/falcons/standings 20030621.html
2005.04.21 22:56 B C:\Documents and Settings\Michael Casserly\My Documents\Webmaster\mcasserly\falcons\standings\20030614.html --> ftp.mcasserly.com /mcasserly/falcons/standings 20030614.html
2005.04.21 22:56 B C:\Documents and Settings\Michael Casserly\My Documents\Webmaster\mcasserly\falcons\standings\20030607.html --> ftp.mcasserly.com /mcasserly/falcons/standings 20030607.html
2005.04.21 22:56 B C:\Documents and Settings\Michael Casserly\My Documents\Webmaster\mcasserly\falcons\standings\20030531.html --> ftp.mcasserly.com /mcasserly/falcons/standings 20030531.html
2005.04.21 22:56 B C:\Documents and Settings\Michael Casserly\My Documents\Webmaster\mcasserly\falcons\standings\20030524.html --> ftp.mcasserly.com /mcasserly/falcons/standings 20030524.html
2005.04.21 22:56 B C:\Documents and Settings\Michael Casserly\My Documents\Webmaster\mcasserly\falcons\standings\20030517.html --> ftp.mcasserly.com /mcasserly/falcons/standings 20030517.html
2005.04.21 22:56 B C:\Documents and Settings\Michael Casserly\My Documents\Webmaster\mcasserly\falcons\standings\20030510.html --> ftp.mcasserly.com /mcasserly/falcons/standings 20030510.html
2005.04.21 22:56 B C:\Documents and Settings\Michael Casserly\My Documents\Webmaster\mcasserly\falcons\standings\20030503.html --> ftp.mcasserly.com /mcasserly/falcons/standings 20030503.html
2005.04.21 22:56 B C:\Documents and Settings\Michael Casserly\My Documents\Webmaster\mcasserly\falcons\standings\2003.html --> ftp.mcasserly.com /mcasserly/falcons/standings 2003.html
2005.05.01 18:00 A C:\Documents and Settings\Michael Casserly\My Documents\Webmaster\mcasserly\falcons\standings\index.html --> ftp.mcasserly.com /mcasserly/falcons/standings index.html
2005.05.01 18:00 A C:\Documents and Settings\Michael Casserly\My Documents\Webmaster\mcasserly\falcons\standings\2004.html --> ftp.mcasserly.com /mcasserly/falcons/standings 2004.html
2005.05.01 18:00 A C:\Documents and Settings\Michael Casserly\My Documents\Webmaster\mcasserly\falcons\standings\20030830.html --> ftp.mcasserly.com /mcasserly/falcons/standings 20030830.html
2005.05.01 18:00 A C:\Documents and Settings\Michael Casserly\My Documents\Webmaster\mcasserly\falcons\standings\20030823.html --> ftp.mcasserly.com /mcasserly/falcons/standings 20030823.html
2005.05.01 18:00 A C:\Documents and Settings\Michael Casserly\My Documents\Webmaster\mcasserly\falcons\standings\20030816.html --> ftp.mcasserly.com /mcasserly/falcons/standings 20030816.html
2005.05.01 18:00 A C:\Documents and Settings\Michael Casserly\My Documents\Webmaster\mcasserly\falcons\standings\20030809.html --> ftp.mcasserly.com /mcasserly/falcons/standings 20030809.html
2005.05.01 18:00 A C:\Documents and Settings\Michael Casserly\My Documents\Webmaster\mcasserly\falcons\standings\20030802.html --> ftp.mcasserly.com /mcasserly/falcons/standings 20030802.html
2005.05.01 18:00 A C:\Documents and Settings\Michael Casserly\My Documents\Webmaster\mcasserly\falcons\standings\20030726.html --> ftp.mcasserly.com /mcasserly/falcons/standings 20030726.html
2005.05.01 18:00 A C:\Documents and Settings\Michael Casserly\My Documents\Webmaster\mcasserly\falcons\standings\20030719.html --> ftp.mcasserly.com /mcasserly/falcons/standings 20030719.html
2005.05.01 18:00 A C:\Documents and Settings\Michael Casserly\My Documents\Webmaster\mcasserly\falcons\standings\20030712.html --> ftp.mcasserly.com /mcasserly/falcons/standings 20030712.html
2005.05.01 18:00 A C:\Documents and Settings\Michael Casserly\My Documents\Webmaster\mcasserly\falcons\standings\20030705.html --> ftp.mcasserly.com /mcasserly/falcons/standings 20030705.html
2005.05.01 18:00 A C:\Documents and Settings\Michael Casserly\My Documents\Webmaster\mcasserly\falcons\standings\20030628.html --> ftp.mcasserly.com /mcasserly/falcons/standings 20030628.html
2005.05.01 18:00 A C:\Documents and Settings\Michael Casserly\My Documents\Webmaster\mcasserly\falcons\standings\20030621.html --> ftp.mcasserly.com /mcasserly/falcons/standings 20030621.html
2005.05.01 18:00 A C:\Documents and Settings\Michael Casserly\My Documents\Webmaster\mcasserly\falcons\standings\20030614.html --> ftp.mcasserly.com /mcasserly/falcons/standings 20030614.html
2005.05.01 18:00 A C:\Documents and Settings\Michael Casserly\My Documents\Webmaster\mcasserly\falcons\standings\20030607.html --> ftp.mcasserly.com /mcasserly/falcons/standings 20030607.html
2005.05.01 18:00 A C:\Documents and Settings\Michael Casserly\My Documents\Webmaster\mcasserly\falcons\standings\20030531.html --> ftp.mcasserly.com /mcasserly/falcons/standings 20030531.html
2005.05.01 18:00 A C:\Documents and Settings\Michael Casserly\My Documents\Webmaster\mcasserly\falcons\standings\20030524.html --> ftp.mcasserly.com /mcasserly/falcons/standings 20030524.html
2005.05.01 18:00 A C:\Documents and Settings\Michael Casserly\My Documents\Webmaster\mcasserly\falcons\standings\20030517.html --> ftp.mcasserly.com /mcasserly/falcons/standings 20030517.html
2005.05.01 18:00 A C:\Documents and Settings\Michael Casserly\My Documents\Webmaster\mcasserly\falcons\standings\20030510.html --> ftp.mcasserly.com /mcasserly/falcons/standings 20030510.html
2005.05.01 18:00 A C:\Documents and Settings\Michael Casserly\My Documents\Webmaster\mcasserly\falcons\standings\20030503.html --> ftp.mcasserly.com /mcasserly/falcons/standings 20030503.html
2005.05.01 18:00 A C:\Documents and Settings\Michael Casserly\My Documents\Webmaster\mcasserly\falcons\standings\2003.html --> ftp.mcasserly.com /mcasserly/falcons/standings 2003.html
2005.05.01 18:00 B C:\Documents and Settings\Michael Casserly\My Documents\Webmaster\mcasserly\falcons\standings\WS_FTP.LOG --> ftp.mcasserly.com /mcasserly/falcons/standings WS_FTP.LOG
2005.07.06 22:48 A C:\Documents and Settings\Michael Casserly\My Documents\Webmaster\mcasserly\falcons\standings\index.html --> ftp.mcasserly.com /mcasserly/falcons/standings index.html
2005.07.06 22:48 A C:\Documents and Settings\Michael Casserly\My Documents\Webmaster\mcasserly\falcons\standings\2004.html --> ftp.mcasserly.com /mcasserly/falcons/standings 2004.html
2005.07.06 22:48 A C:\Documents and Settings\Michael Casserly\My Documents\Webmaster\mcasserly\falcons\standings\20030830.html --> ftp.mcasserly.com /mcasserly/falcons/standings 20030830.html
2005.07.06 22:48 A C:\Documents and Settings\Michael Casserly\My Documents\Webmaster\mcasserly\falcons\standings\20030823.html --> ftp.mcasserly.com /mcasserly/falcons/standings 20030823.html
2005.07.06 22:48 A C:\Documents and Settings\Michael Casserly\My Documents\Webmaster\mcasserly\falcons\standings\20030816.html --> ftp.mcasserly.com /mcasserly/falcons/standings 20030816.html
2005.07.06 22:48 A C:\Documents and Settings\Michael Casserly\My Documents\Webmaster\mcasserly\falcons\standings\20030809.html --> ftp.mcasserly.com /mcasserly/falcons/standings 20030809.html
2005.07.06 22:48 A C:\Documents and Settings\Michael Casserly\My Documents\Webmaster\mcasserly\falcons\standings\20030802.html --> ftp.mcasserly.com /mcasserly/falcons/standings 20030802.html
2005.07.06 22:48 A C:\Documents and Settings\Michael Casserly\My Documents\Webmaster\mcasserly\falcons\standings\20030726.html --> ftp.mcasserly.com /mcasserly/falcons/standings 20030726.html
2005.07.06 22:48 A C:\Documents and Settings\Michael Casserly\My Documents\Webmaster\mcasserly\falcons\standings\20030719.html --> ftp.mcasserly.com /mcasserly/falcons/standings 20030719.html
2005.07.06 22:48 A C:\Documents and Settings\Michael Casserly\My Documents\Webmaster\mcasserly\falcons\standings\20030712.html --> ftp.mcasserly.com /mcasserly/falcons/standings 20030712.html
2005.07.06 22:48 A C:\Documents and Settings\Michael Casserly\My Documents\Webmaster\mcasserly\falcons\standings\20030705.html --> ftp.mcasserly.com /mcasserly/falcons/standings 20030705.html
2005.07.06 22:48 A C:\Documents and Settings\Michael Casserly\My Documents\Webmaster\mcasserly\falcons\standings\20030628.html --> ftp.mcasserly.com /mcasserly/falcons/standings 20030628.html
2005.07.06 22:48 A C:\Documents and Settings\Michael Casserly\My Documents\Webmaster\mcasserly\falcons\standings\20030621.html --> ftp.mcasserly.com /mcasserly/falcons/standings 20030621.html
2005.07.06 22:49 A C:\Documents and Settings\Michael Casserly\My Documents\Webmaster\mcasserly\falcons\standings\20030614.html --> ftp.mcasserly.com /mcasserly/falcons/standings 20030614.html
2005.07.06 22:49 A C:\Documents and Settings\Michael Casserly\My Documents\Webmaster\mcasserly\falcons\standings\20030607.html --> ftp.mcasserly.com /mcasserly/falcons/standings 20030607.html
2005.07.06 22:49 A C:\Documents and Settings\Michael Casserly\My Documents\Webmaster\mcasserly\falcons\standings\20030531.html --> ftp.mcasserly.com /mcasserly/falcons/standings 20030531.html
2005.07.06 22:49 A C:\Documents and Settings\Michael Casserly\My Documents\Webmaster\mcasserly\falcons\standings\20030524.html --> ftp.mcasserly.com /mcasserly/falcons/standings 20030524.html
2005.07.06 22:49 A C:\Documents and Settings\Michael Casserly\My Documents\Webmaster\mcasserly\falcons\standings\20030517.html --> ftp.mcasserly.com /mcasserly/falcons/standings 20030517.html
2005.07.06 22:49 A C:\Documents and Settings\Michael Casserly\My Documents\Webmaster\mcasserly\falcons\standings\20030510.html --> ftp.mcasserly.com /mcasserly/falcons/standings 20030510.html
2005.07.06 22:49 A C:\Documents and Settings\Michael Casserly\My Documents\Webmaster\mcasserly\falcons\standings\20030503.html --> ftp.mcasserly.com /mcasserly/falcons/standings 20030503.html
2005.07.06 22:49 A C:\Documents and Settings\Michael Casserly\My Documents\Webmaster\mcasserly\falcons\standings\2003.html --> ftp.mcasserly.com /mcasserly/falcons/standings 2003.html
2005.07.06 22:49 B C:\Documents and Settings\Michael Casserly\My Documents\Webmaster\mcasserly\falcons\standings\WS_FTP.LOG --> ftp.mcasserly.com /mcasserly/falcons/standings WS_FTP.LOG
