2005.04.19 20:50 B C:\Documents and Settings\Michael Casserly\My Documents\Webmaster\mcasserly\falcons\code\pbrowser_ie.js --> ftp.mcasserly.com /mcasserly/falcons/code pbrowser_ie.js
2005.04.19 20:50 B C:\Documents and Settings\Michael Casserly\My Documents\Webmaster\mcasserly\falcons\code\falcons_menu1.js --> ftp.mcasserly.com /mcasserly/falcons/code falcons_menu1.js
2005.04.19 20:50 B C:\Documents and Settings\Michael Casserly\My Documents\Webmaster\mcasserly\falcons\code\falcons_menu2.js --> ftp.mcasserly.com /mcasserly/falcons/code falcons_menu2.js
2005.04.19 20:50 B C:\Documents and Settings\Michael Casserly\My Documents\Webmaster\mcasserly\falcons\code\news.html --> ftp.mcasserly.com /mcasserly/falcons/code news.html
2005.04.19 20:50 B C:\Documents and Settings\Michael Casserly\My Documents\Webmaster\mcasserly\falcons\code\falconsnest.html --> ftp.mcasserly.com /mcasserly/falcons/code falconsnest.html
2005.04.19 20:50 B C:\Documents and Settings\Michael Casserly\My Documents\Webmaster\mcasserly\falcons\code\pbrowser_safari.js --> ftp.mcasserly.com /mcasserly/falcons/code pbrowser_safari.js
2005.04.19 20:50 B C:\Documents and Settings\Michael Casserly\My Documents\Webmaster\mcasserly\falcons\code\pbrowser_opera.js --> ftp.mcasserly.com /mcasserly/falcons/code pbrowser_opera.js
2005.04.19 20:50 B C:\Documents and Settings\Michael Casserly\My Documents\Webmaster\mcasserly\falcons\code\pbrowser_iemac.js --> ftp.mcasserly.com /mcasserly/falcons/code pbrowser_iemac.js
2005.04.19 20:50 B C:\Documents and Settings\Michael Casserly\My Documents\Webmaster\mcasserly\falcons\code\pbrowser_dom.js --> ftp.mcasserly.com /mcasserly/falcons/code pbrowser_dom.js
2005.04.19 20:50 B C:\Documents and Settings\Michael Casserly\My Documents\Webmaster\mcasserly\falcons\code\2004.html --> ftp.mcasserly.com /mcasserly/falcons/code 2004.html
2005.04.19 20:50 B C:\Documents and Settings\Michael Casserly\My Documents\Webmaster\mcasserly\falcons\code\circle_3.gif --> ftp.mcasserly.com /mcasserly/falcons/code circle_3.gif
2005.04.19 20:50 B C:\Documents and Settings\Michael Casserly\My Documents\Webmaster\mcasserly\falcons\code\ballparks.html --> ftp.mcasserly.com /mcasserly/falcons/code ballparks.html
2005.04.19 20:50 B C:\Documents and Settings\Michael Casserly\My Documents\Webmaster\mcasserly\falcons\code\sitemap.html --> ftp.mcasserly.com /mcasserly/falcons/code sitemap.html
2005.04.19 20:50 B C:\Documents and Settings\Michael Casserly\My Documents\Webmaster\mcasserly\falcons\code\pictures.html --> ftp.mcasserly.com /mcasserly/falcons/code pictures.html
2005.04.19 20:50 B C:\Documents and Settings\Michael Casserly\My Documents\Webmaster\mcasserly\falcons\code\links.html --> ftp.mcasserly.com /mcasserly/falcons/code links.html
2005.04.19 20:50 B C:\Documents and Settings\Michael Casserly\My Documents\Webmaster\mcasserly\falcons\code\index.html --> ftp.mcasserly.com /mcasserly/falcons/code index.html
2005.04.19 20:50 B C:\Documents and Settings\Michael Casserly\My Documents\Webmaster\mcasserly\falcons\code\history.html --> ftp.mcasserly.com /mcasserly/falcons/code history.html
2005.04.19 20:50 B C:\Documents and Settings\Michael Casserly\My Documents\Webmaster\mcasserly\falcons\code\contact.html --> ftp.mcasserly.com /mcasserly/falcons/code contact.html
2005.04.19 20:50 B C:\Documents and Settings\Michael Casserly\My Documents\Webmaster\mcasserly\falcons\code\all-time.html --> ftp.mcasserly.com /mcasserly/falcons/code all-time.html
2005.04.19 20:50 B C:\Documents and Settings\Michael Casserly\My Documents\Webmaster\mcasserly\falcons\code\2003.html --> ftp.mcasserly.com /mcasserly/falcons/code 2003.html
2005.04.19 20:50 B C:\Documents and Settings\Michael Casserly\My Documents\Webmaster\mcasserly\falcons\code\2002.html --> ftp.mcasserly.com /mcasserly/falcons/code 2002.html
2005.04.19 20:50 B C:\Documents and Settings\Michael Casserly\My Documents\Webmaster\mcasserly\falcons\code\2001.html --> ftp.mcasserly.com /mcasserly/falcons/code 2001.html
2005.04.19 20:50 B C:\Documents and Settings\Michael Casserly\My Documents\Webmaster\mcasserly\falcons\code\squares_1.gif --> ftp.mcasserly.com /mcasserly/falcons/code squares_1.gif
2005.04.19 20:50 B C:\Documents and Settings\Michael Casserly\My Documents\Webmaster\mcasserly\falcons\code\corner_arrow.gif --> ftp.mcasserly.com /mcasserly/falcons/code corner_arrow.gif
2005.04.19 20:52 B C:\Documents and Settings\Michael Casserly\My Documents\Webmaster\mcasserly\falcons\code\corner_arrow.gif <-- mcasserly /mcasserly/falcons/code corner_arrow.gif
2005.04.19 21:04 B C:\Documents and Settings\Michael Casserly\My Documents\Webmaster\mcasserly\falcons\code\falcons_menu1.js --> ftp.mcasserly.com /mcasserly/falcons/code falcons_menu1.js
2005.04.19 21:04 B C:\Documents and Settings\Michael Casserly\My Documents\Webmaster\mcasserly\falcons\code\pbrowser_ie.js --> ftp.mcasserly.com /mcasserly/falcons/code pbrowser_ie.js
2005.04.19 21:04 B C:\Documents and Settings\Michael Casserly\My Documents\Webmaster\mcasserly\falcons\code\WS_FTP.LOG --> ftp.mcasserly.com /mcasserly/falcons/code WS_FTP.LOG
2005.04.19 21:04 B C:\Documents and Settings\Michael Casserly\My Documents\Webmaster\mcasserly\falcons\code\falcons_menu2.js --> ftp.mcasserly.com /mcasserly/falcons/code falcons_menu2.js
2005.04.19 21:04 B C:\Documents and Settings\Michael Casserly\My Documents\Webmaster\mcasserly\falcons\code\corner_arrow.gif --> ftp.mcasserly.com /mcasserly/falcons/code corner_arrow.gif
2005.04.19 21:04 B C:\Documents and Settings\Michael Casserly\My Documents\Webmaster\mcasserly\falcons\code\pbrowser_safari.js --> ftp.mcasserly.com /mcasserly/falcons/code pbrowser_safari.js
2005.04.19 21:04 B C:\Documents and Settings\Michael Casserly\My Documents\Webmaster\mcasserly\falcons\code\pbrowser_opera.js --> ftp.mcasserly.com /mcasserly/falcons/code pbrowser_opera.js
2005.04.19 21:04 B C:\Documents and Settings\Michael Casserly\My Documents\Webmaster\mcasserly\falcons\code\pbrowser_iemac.js --> ftp.mcasserly.com /mcasserly/falcons/code pbrowser_iemac.js
2005.04.19 21:04 B C:\Documents and Settings\Michael Casserly\My Documents\Webmaster\mcasserly\falcons\code\pbrowser_dom.js --> ftp.mcasserly.com /mcasserly/falcons/code pbrowser_dom.js
2005.04.19 21:04 B C:\Documents and Settings\Michael Casserly\My Documents\Webmaster\mcasserly\falcons\code\circle_3.gif --> ftp.mcasserly.com /mcasserly/falcons/code circle_3.gif
2005.04.19 21:04 B C:\Documents and Settings\Michael Casserly\My Documents\Webmaster\mcasserly\falcons\code\squares_1.gif --> ftp.mcasserly.com /mcasserly/falcons/code squares_1.gif
2005.04.19 21:05 B C:\Documents and Settings\Michael Casserly\My Documents\Webmaster\mcasserly\falcons\code\WS_FTP.LOG --> ftp.mcasserly.com /mcasserly/falcons/code WS_FTP.LOG
2005.04.19 21:05 B C:\Documents and Settings\Michael Casserly\My Documents\Webmaster\mcasserly\falcons\code\falcons_menu1.js --> ftp.mcasserly.com /mcasserly/falcons/code falcons_menu1.js
2005.04.19 21:05 B C:\Documents and Settings\Michael Casserly\My Documents\Webmaster\mcasserly\falcons\code\pbrowser_ie.js --> ftp.mcasserly.com /mcasserly/falcons/code pbrowser_ie.js
2005.04.19 21:06 B C:\Documents and Settings\Michael Casserly\My Documents\Webmaster\mcasserly\falcons\code\falcons_menu2.js --> ftp.mcasserly.com /mcasserly/falcons/code falcons_menu2.js
2005.04.19 21:07 B C:\Documents and Settings\Michael Casserly\My Documents\Webmaster\mcasserly\falcons\code\pbrowser_ie.js --> ftp.mcasserly.com /mcasserly/falcons/code pbrowser_ie.js
2005.04.19 21:07 B C:\Documents and Settings\Michael Casserly\My Documents\Webmaster\mcasserly\falcons\code\falcons_menu1.js --> ftp.mcasserly.com /mcasserly/falcons/code falcons_menu1.js
2005.04.19 21:13 B C:\Documents and Settings\Michael Casserly\My Documents\Webmaster\mcasserly\falcons\code\WS_FTP.LOG --> ftp.mcasserly.com /mcasserly/falcons/code WS_FTP.LOG
2005.04.19 21:13 B C:\Documents and Settings\Michael Casserly\My Documents\Webmaster\mcasserly\falcons\code\pbrowser_ie.js --> ftp.mcasserly.com /mcasserly/falcons/code pbrowser_ie.js
2005.04.19 21:13 B C:\Documents and Settings\Michael Casserly\My Documents\Webmaster\mcasserly\falcons\code\falcons_menu1.js --> ftp.mcasserly.com /mcasserly/falcons/code falcons_menu1.js
2005.04.19 21:16 B C:\Documents and Settings\Michael Casserly\My Documents\Webmaster\mcasserly\falcons\code\WS_FTP.LOG --> ftp.mcasserly.com /mcasserly/falcons/code WS_FTP.LOG
2005.04.19 21:16 B C:\Documents and Settings\Michael Casserly\My Documents\Webmaster\mcasserly\falcons\code\pbrowser_ie.js --> ftp.mcasserly.com /mcasserly/falcons/code pbrowser_ie.js
2005.04.19 21:16 B C:\Documents and Settings\Michael Casserly\My Documents\Webmaster\mcasserly\falcons\code\falcons_menu1.js --> ftp.mcasserly.com /mcasserly/falcons/code falcons_menu1.js
2005.04.19 21:34 B C:\Documents and Settings\Michael Casserly\My Documents\Webmaster\mcasserly\falcons\code\WS_FTP.LOG --> ftp.mcasserly.com /mcasserly/falcons/code WS_FTP.LOG
2005.04.19 21:34 B C:\Documents and Settings\Michael Casserly\My Documents\Webmaster\mcasserly\falcons\code\pbrowser_ie.js --> ftp.mcasserly.com /mcasserly/falcons/code pbrowser_ie.js
2005.04.19 21:34 B C:\Documents and Settings\Michael Casserly\My Documents\Webmaster\mcasserly\falcons\code\falcons_menu1.js --> ftp.mcasserly.com /mcasserly/falcons/code falcons_menu1.js
2005.04.19 21:48 B C:\Documents and Settings\Michael Casserly\My Documents\Webmaster\mcasserly\falcons\code\pbrowser_ie.js --> ftp.mcasserly.com /mcasserly/falcons/code pbrowser_ie.js
2005.04.19 21:48 B C:\Documents and Settings\Michael Casserly\My Documents\Webmaster\mcasserly\falcons\code\falcons_menu1.js --> ftp.mcasserly.com /mcasserly/falcons/code falcons_menu1.js
2005.04.19 21:48 B C:\Documents and Settings\Michael Casserly\My Documents\Webmaster\mcasserly\falcons\code\corner_arrow.gif --> ftp.mcasserly.com /mcasserly/falcons/code corner_arrow.gif
2005.04.19 21:49 B C:\Documents and Settings\Michael Casserly\My Documents\Webmaster\mcasserly\falcons\code\pbrowser_safari.js --> ftp.mcasserly.com /mcasserly/falcons/code pbrowser_safari.js
2005.04.19 21:49 B C:\Documents and Settings\Michael Casserly\My Documents\Webmaster\mcasserly\falcons\code\pbrowser_opera.js --> ftp.mcasserly.com /mcasserly/falcons/code pbrowser_opera.js
2005.04.19 21:49 B C:\Documents and Settings\Michael Casserly\My Documents\Webmaster\mcasserly\falcons\code\pbrowser_iemac.js --> ftp.mcasserly.com /mcasserly/falcons/code pbrowser_iemac.js
2005.04.19 21:49 B C:\Documents and Settings\Michael Casserly\My Documents\Webmaster\mcasserly\falcons\code\pbrowser_dom.js --> ftp.mcasserly.com /mcasserly/falcons/code pbrowser_dom.js
2005.04.19 21:49 B C:\Documents and Settings\Michael Casserly\My Documents\Webmaster\mcasserly\falcons\code\down_arrow.gif --> ftp.mcasserly.com /mcasserly/falcons/code down_arrow.gif
2005.04.19 21:49 B C:\Documents and Settings\Michael Casserly\My Documents\Webmaster\mcasserly\falcons\code\circle_3.gif --> ftp.mcasserly.com /mcasserly/falcons/code circle_3.gif
2005.04.19 21:49 B C:\Documents and Settings\Michael Casserly\My Documents\Webmaster\mcasserly\falcons\code\squares_1.gif --> ftp.mcasserly.com /mcasserly/falcons/code squares_1.gif
2005.04.19 21:49 B C:\Documents and Settings\Michael Casserly\My Documents\Webmaster\mcasserly\falcons\code\medium_red_right.gif --> ftp.mcasserly.com /mcasserly/falcons/code medium_red_right.gif
2005.04.19 22:03 B C:\Documents and Settings\Michael Casserly\My Documents\Webmaster\mcasserly\falcons\code\pbrowser_ie.js --> ftp.mcasserly.com /mcasserly/falcons/code pbrowser_ie.js
2005.04.19 22:03 B C:\Documents and Settings\Michael Casserly\My Documents\Webmaster\mcasserly\falcons\code\falcons_menu1.js --> ftp.mcasserly.com /mcasserly/falcons/code falcons_menu1.js
2005.04.19 22:03 B C:\Documents and Settings\Michael Casserly\My Documents\Webmaster\mcasserly\falcons\code\WS_FTP.LOG --> ftp.mcasserly.com /mcasserly/falcons/code WS_FTP.LOG
2005.04.19 22:03 B C:\Documents and Settings\Michael Casserly\My Documents\Webmaster\mcasserly\falcons\code\circle_0.gif --> ftp.mcasserly.com /mcasserly/falcons/code circle_0.gif
2005.04.19 22:05 B C:\Documents and Settings\Michael Casserly\My Documents\Webmaster\mcasserly\falcons\code\pbrowser_ie.js --> ftp.mcasserly.com /mcasserly/falcons/code pbrowser_ie.js
2005.04.19 22:05 B C:\Documents and Settings\Michael Casserly\My Documents\Webmaster\mcasserly\falcons\code\falcons_menu1.js --> ftp.mcasserly.com /mcasserly/falcons/code falcons_menu1.js
2005.04.19 22:05 B C:\Documents and Settings\Michael Casserly\My Documents\Webmaster\mcasserly\falcons\code\WS_FTP.LOG --> ftp.mcasserly.com /mcasserly/falcons/code WS_FTP.LOG
2005.04.19 22:07 B C:\Documents and Settings\Michael Casserly\My Documents\Webmaster\mcasserly\falcons\code\pbrowser_ie.js --> ftp.mcasserly.com /mcasserly/falcons/code pbrowser_ie.js
2005.04.19 22:07 B C:\Documents and Settings\Michael Casserly\My Documents\Webmaster\mcasserly\falcons\code\falcons_menu1.js --> ftp.mcasserly.com /mcasserly/falcons/code falcons_menu1.js
2005.04.19 22:07 B C:\Documents and Settings\Michael Casserly\My Documents\Webmaster\mcasserly\falcons\code\WS_FTP.LOG --> ftp.mcasserly.com /mcasserly/falcons/code WS_FTP.LOG
2005.04.19 22:08 B C:\Documents and Settings\Michael Casserly\My Documents\Webmaster\mcasserly\falcons\code\pbrowser_ie.js --> ftp.mcasserly.com /mcasserly/falcons/code pbrowser_ie.js
2005.04.19 22:08 B C:\Documents and Settings\Michael Casserly\My Documents\Webmaster\mcasserly\falcons\code\falcons_menu1.js --> ftp.mcasserly.com /mcasserly/falcons/code falcons_menu1.js
2005.04.19 22:08 B C:\Documents and Settings\Michael Casserly\My Documents\Webmaster\mcasserly\falcons\code\WS_FTP.LOG --> ftp.mcasserly.com /mcasserly/falcons/code WS_FTP.LOG
2005.04.19 22:10 B C:\Documents and Settings\Michael Casserly\My Documents\Webmaster\mcasserly\falcons\code\pbrowser_ie.js --> ftp.mcasserly.com /mcasserly/falcons/code pbrowser_ie.js
2005.04.19 22:10 B C:\Documents and Settings\Michael Casserly\My Documents\Webmaster\mcasserly\falcons\code\falcons_menu1.js --> ftp.mcasserly.com /mcasserly/falcons/code falcons_menu1.js
2005.04.19 22:10 B C:\Documents and Settings\Michael Casserly\My Documents\Webmaster\mcasserly\falcons\code\WS_FTP.LOG --> ftp.mcasserly.com /mcasserly/falcons/code WS_FTP.LOG
2005.04.19 22:38 B C:\Documents and Settings\Michael Casserly\My Documents\Webmaster\mcasserly\falcons\code\pbrowser_ie.js --> ftp.mcasserly.com /mcasserly/falcons/code pbrowser_ie.js
2005.04.19 22:38 B C:\Documents and Settings\Michael Casserly\My Documents\Webmaster\mcasserly\falcons\code\falcons_menu1.js --> ftp.mcasserly.com /mcasserly/falcons/code falcons_menu1.js
2005.04.19 22:38 B C:\Documents and Settings\Michael Casserly\My Documents\Webmaster\mcasserly\falcons\code\WS_FTP.LOG --> ftp.mcasserly.com /mcasserly/falcons/code WS_FTP.LOG
2005.04.19 22:39 B C:\Documents and Settings\Michael Casserly\My Documents\Webmaster\mcasserly\falcons\code\pbrowser_ie.js --> ftp.mcasserly.com /mcasserly/falcons/code pbrowser_ie.js
2005.04.19 22:39 B C:\Documents and Settings\Michael Casserly\My Documents\Webmaster\mcasserly\falcons\code\falcons_menu1.js --> ftp.mcasserly.com /mcasserly/falcons/code falcons_menu1.js
2005.04.19 22:39 B C:\Documents and Settings\Michael Casserly\My Documents\Webmaster\mcasserly\falcons\code\WS_FTP.LOG --> ftp.mcasserly.com /mcasserly/falcons/code WS_FTP.LOG
2005.04.19 22:41 B C:\Documents and Settings\Michael Casserly\My Documents\Webmaster\mcasserly\falcons\code\pbrowser_ie.js --> ftp.mcasserly.com /mcasserly/falcons/code pbrowser_ie.js
2005.04.19 22:41 B C:\Documents and Settings\Michael Casserly\My Documents\Webmaster\mcasserly\falcons\code\falcons_menu1.js --> ftp.mcasserly.com /mcasserly/falcons/code falcons_menu1.js
2005.04.19 22:41 B C:\Documents and Settings\Michael Casserly\My Documents\Webmaster\mcasserly\falcons\code\WS_FTP.LOG --> ftp.mcasserly.com /mcasserly/falcons/code WS_FTP.LOG
2005.04.20 19:13 B C:\Documents and Settings\Michael Casserly\My Documents\Webmaster\mcasserly\falcons\code\WS_FTP.LOG --> ftp.mcasserly.com /mcasserly/falcons/code WS_FTP.LOG
2005.04.20 19:13 B C:\Documents and Settings\Michael Casserly\My Documents\Webmaster\mcasserly\falcons\code\pbrowser_ie.js --> ftp.mcasserly.com /mcasserly/falcons/code pbrowser_ie.js
2005.04.20 19:13 B C:\Documents and Settings\Michael Casserly\My Documents\Webmaster\mcasserly\falcons\code\falcons_menu1.js --> ftp.mcasserly.com /mcasserly/falcons/code falcons_menu1.js
2005.04.21 22:55 B C:\Documents and Settings\Michael Casserly\My Documents\Webmaster\mcasserly\falcons\code\pbrowser_ie.js --> ftp.mcasserly.com /mcasserly/falcons/code pbrowser_ie.js
2005.04.21 22:55 B C:\Documents and Settings\Michael Casserly\My Documents\Webmaster\mcasserly\falcons\code\falcons_menu1.js --> ftp.mcasserly.com /mcasserly/falcons/code falcons_menu1.js
2005.04.21 22:58 B C:\Documents and Settings\Michael Casserly\My Documents\Webmaster\mcasserly\falcons\code\pbrowser_ie.js --> ftp.mcasserly.com /mcasserly/falcons/code pbrowser_ie.js
2005.04.21 22:58 B C:\Documents and Settings\Michael Casserly\My Documents\Webmaster\mcasserly\falcons\code\falcons_menu1.js --> ftp.mcasserly.com /mcasserly/falcons/code falcons_menu1.js
2005.04.21 22:58 B C:\Documents and Settings\Michael Casserly\My Documents\Webmaster\mcasserly\falcons\code\WS_FTP.LOG --> ftp.mcasserly.com /mcasserly/falcons/code WS_FTP.LOG
2005.04.21 23:13 B C:\Documents and Settings\Michael Casserly\My Documents\Webmaster\mcasserly\falcons\code\pbrowser_ie.js --> ftp.mcasserly.com /mcasserly/falcons/code pbrowser_ie.js
2005.04.21 23:13 B C:\Documents and Settings\Michael Casserly\My Documents\Webmaster\mcasserly\falcons\code\falcons_menu1.js --> ftp.mcasserly.com /mcasserly/falcons/code falcons_menu1.js
2005.04.21 23:13 B C:\Documents and Settings\Michael Casserly\My Documents\Webmaster\mcasserly\falcons\code\WS_FTP.LOG --> ftp.mcasserly.com /mcasserly/falcons/code WS_FTP.LOG
2005.04.21 23:16 B C:\Documents and Settings\Michael Casserly\My Documents\Webmaster\mcasserly\falcons\code\pbrowser_ie.js --> ftp.mcasserly.com /mcasserly/falcons/code pbrowser_ie.js
2005.04.21 23:16 B C:\Documents and Settings\Michael Casserly\My Documents\Webmaster\mcasserly\falcons\code\falcons_menu1.js --> ftp.mcasserly.com /mcasserly/falcons/code falcons_menu1.js
2005.04.21 23:16 B C:\Documents and Settings\Michael Casserly\My Documents\Webmaster\mcasserly\falcons\code\WS_FTP.LOG --> ftp.mcasserly.com /mcasserly/falcons/code WS_FTP.LOG
2005.04.21 23:17 B C:\Documents and Settings\Michael Casserly\My Documents\Webmaster\mcasserly\falcons\code\WS_FTP.LOG --> ftp.mcasserly.com /mcasserly/falcons/code WS_FTP.LOG
2005.04.21 23:17 B C:\Documents and Settings\Michael Casserly\My Documents\Webmaster\mcasserly\falcons\code\pbrowser_ie.js --> ftp.mcasserly.com /mcasserly/falcons/code pbrowser_ie.js
2005.04.21 23:17 B C:\Documents and Settings\Michael Casserly\My Documents\Webmaster\mcasserly\falcons\code\falcons_menu1.js --> ftp.mcasserly.com /mcasserly/falcons/code falcons_menu1.js
2005.04.21 23:18 B C:\Documents and Settings\Michael Casserly\My Documents\Webmaster\mcasserly\falcons\code\WS_FTP.LOG --> ftp.mcasserly.com /mcasserly/falcons/code WS_FTP.LOG
2005.04.21 23:18 B C:\Documents and Settings\Michael Casserly\My Documents\Webmaster\mcasserly\falcons\code\pbrowser_ie.js --> ftp.mcasserly.com /mcasserly/falcons/code pbrowser_ie.js
2005.04.21 23:18 B C:\Documents and Settings\Michael Casserly\My Documents\Webmaster\mcasserly\falcons\code\falcons_menu1.js --> ftp.mcasserly.com /mcasserly/falcons/code falcons_menu1.js
2005.04.21 23:25 B C:\Documents and Settings\Michael Casserly\My Documents\Webmaster\mcasserly\falcons\code\pbrowser_ie.js --> ftp.mcasserly.com /mcasserly/falcons/code pbrowser_ie.js
2005.04.21 23:25 B C:\Documents and Settings\Michael Casserly\My Documents\Webmaster\mcasserly\falcons\code\falcons_menu1.js --> ftp.mcasserly.com /mcasserly/falcons/code falcons_menu1.js
2005.04.21 23:25 B C:\Documents and Settings\Michael Casserly\My Documents\Webmaster\mcasserly\falcons\code\WS_FTP.LOG --> ftp.mcasserly.com /mcasserly/falcons/code WS_FTP.LOG
2005.04.21 23:28 B C:\Documents and Settings\Michael Casserly\My Documents\Webmaster\mcasserly\falcons\code\pbrowser_ie.js --> ftp.mcasserly.com /mcasserly/falcons/code pbrowser_ie.js
2005.04.21 23:28 B C:\Documents and Settings\Michael Casserly\My Documents\Webmaster\mcasserly\falcons\code\falcons_menu1.js --> ftp.mcasserly.com /mcasserly/falcons/code falcons_menu1.js
2005.04.21 23:28 B C:\Documents and Settings\Michael Casserly\My Documents\Webmaster\mcasserly\falcons\code\WS_FTP.LOG --> ftp.mcasserly.com /mcasserly/falcons/code WS_FTP.LOG
2005.05.01 14:09 A C:\Documents and Settings\Michael Casserly\My Documents\Webmaster\mcasserly\falcons\code\pbrowser_ie.js --> ftp.mcasserly.com /mcasserly/falcons/code pbrowser_ie.js
2005.05.01 14:09 A C:\Documents and Settings\Michael Casserly\My Documents\Webmaster\mcasserly\falcons\code\falcons_menu1.js --> ftp.mcasserly.com /mcasserly/falcons/code falcons_menu1.js
2005.05.01 14:09 B C:\Documents and Settings\Michael Casserly\My Documents\Webmaster\mcasserly\falcons\code\WS_FTP.LOG --> ftp.mcasserly.com /mcasserly/falcons/code WS_FTP.LOG
2005.05.01 14:13 A C:\Documents and Settings\Michael Casserly\My Documents\Webmaster\mcasserly\falcons\code\pbrowser_ie.js --> ftp.mcasserly.com /mcasserly/falcons/code pbrowser_ie.js
2005.05.01 14:13 A C:\Documents and Settings\Michael Casserly\My Documents\Webmaster\mcasserly\falcons\code\falcons_menu1.js --> ftp.mcasserly.com /mcasserly/falcons/code falcons_menu1.js
2005.05.01 14:13 B C:\Documents and Settings\Michael Casserly\My Documents\Webmaster\mcasserly\falcons\code\WS_FTP.LOG --> ftp.mcasserly.com /mcasserly/falcons/code WS_FTP.LOG
2005.05.01 14:15 A C:\Documents and Settings\Michael Casserly\My Documents\Webmaster\mcasserly\falcons\code\pbrowser_ie.js --> ftp.mcasserly.com /mcasserly/falcons/code pbrowser_ie.js
2005.05.01 14:15 A C:\Documents and Settings\Michael Casserly\My Documents\Webmaster\mcasserly\falcons\code\falcons_menu1.js --> ftp.mcasserly.com /mcasserly/falcons/code falcons_menu1.js
2005.05.01 14:15 B C:\Documents and Settings\Michael Casserly\My Documents\Webmaster\mcasserly\falcons\code\WS_FTP.LOG --> ftp.mcasserly.com /mcasserly/falcons/code WS_FTP.LOG
2005.05.01 18:12 A C:\Documents and Settings\Michael Casserly\My Documents\Webmaster\mcasserly\falcons\code\pbrowser_ie.js --> ftp.mcasserly.com /mcasserly/falcons/code pbrowser_ie.js
2005.05.01 18:12 A C:\Documents and Settings\Michael Casserly\My Documents\Webmaster\mcasserly\falcons\code\falcons_menu1.js --> ftp.mcasserly.com /mcasserly/falcons/code falcons_menu1.js
2005.05.01 18:12 B C:\Documents and Settings\Michael Casserly\My Documents\Webmaster\mcasserly\falcons\code\WS_FTP.LOG --> ftp.mcasserly.com /mcasserly/falcons/code WS_FTP.LOG
