2004.06.17 20:54 B C:\Documents and Settings\Michael Casserly\My Documents\Webmaster\mcasserly\holdem\index_files\image021.gif --> ftp.mcasserly.com /mcasserly/holdem/index_files image021.gif
2004.06.17 20:54 B C:\Documents and Settings\Michael Casserly\My Documents\Webmaster\mcasserly\holdem\index_files\image020.png --> ftp.mcasserly.com /mcasserly/holdem/index_files image020.png
2004.06.17 20:54 B C:\Documents and Settings\Michael Casserly\My Documents\Webmaster\mcasserly\holdem\index_files\image019.gif --> ftp.mcasserly.com /mcasserly/holdem/index_files image019.gif
2004.06.17 20:54 B C:\Documents and Settings\Michael Casserly\My Documents\Webmaster\mcasserly\holdem\index_files\image018.png --> ftp.mcasserly.com /mcasserly/holdem/index_files image018.png
2004.06.17 20:54 B C:\Documents and Settings\Michael Casserly\My Documents\Webmaster\mcasserly\holdem\index_files\image017.gif --> ftp.mcasserly.com /mcasserly/holdem/index_files image017.gif
2004.06.17 20:54 B C:\Documents and Settings\Michael Casserly\My Documents\Webmaster\mcasserly\holdem\index_files\image016.png --> ftp.mcasserly.com /mcasserly/holdem/index_files image016.png
2004.06.17 20:54 B C:\Documents and Settings\Michael Casserly\My Documents\Webmaster\mcasserly\holdem\index_files\image015.gif --> ftp.mcasserly.com /mcasserly/holdem/index_files image015.gif
2004.06.17 20:54 B C:\Documents and Settings\Michael Casserly\My Documents\Webmaster\mcasserly\holdem\index_files\image014.png --> ftp.mcasserly.com /mcasserly/holdem/index_files image014.png
2004.06.17 20:54 B C:\Documents and Settings\Michael Casserly\My Documents\Webmaster\mcasserly\holdem\index_files\image013.gif --> ftp.mcasserly.com /mcasserly/holdem/index_files image013.gif
2004.06.17 20:54 B C:\Documents and Settings\Michael Casserly\My Documents\Webmaster\mcasserly\holdem\index_files\image012.png --> ftp.mcasserly.com /mcasserly/holdem/index_files image012.png
2004.06.17 20:54 B C:\Documents and Settings\Michael Casserly\My Documents\Webmaster\mcasserly\holdem\index_files\image011.gif --> ftp.mcasserly.com /mcasserly/holdem/index_files image011.gif
2004.06.17 20:54 B C:\Documents and Settings\Michael Casserly\My Documents\Webmaster\mcasserly\holdem\index_files\image010.png --> ftp.mcasserly.com /mcasserly/holdem/index_files image010.png
2004.06.17 20:54 B C:\Documents and Settings\Michael Casserly\My Documents\Webmaster\mcasserly\holdem\index_files\image009.gif --> ftp.mcasserly.com /mcasserly/holdem/index_files image009.gif
2004.06.17 20:54 B C:\Documents and Settings\Michael Casserly\My Documents\Webmaster\mcasserly\holdem\index_files\image008.png --> ftp.mcasserly.com /mcasserly/holdem/index_files image008.png
2004.06.17 20:54 B C:\Documents and Settings\Michael Casserly\My Documents\Webmaster\mcasserly\holdem\index_files\image007.gif --> ftp.mcasserly.com /mcasserly/holdem/index_files image007.gif
2004.06.17 20:54 B C:\Documents and Settings\Michael Casserly\My Documents\Webmaster\mcasserly\holdem\index_files\image006.png --> ftp.mcasserly.com /mcasserly/holdem/index_files image006.png
2004.06.17 20:54 B C:\Documents and Settings\Michael Casserly\My Documents\Webmaster\mcasserly\holdem\index_files\image005.gif --> ftp.mcasserly.com /mcasserly/holdem/index_files image005.gif
2004.06.17 20:54 B C:\Documents and Settings\Michael Casserly\My Documents\Webmaster\mcasserly\holdem\index_files\image004.png --> ftp.mcasserly.com /mcasserly/holdem/index_files image004.png
2004.06.17 20:55 B C:\Documents and Settings\Michael Casserly\My Documents\Webmaster\mcasserly\holdem\index_files\image003.gif --> ftp.mcasserly.com /mcasserly/holdem/index_files image003.gif
2004.06.17 20:55 B C:\Documents and Settings\Michael Casserly\My Documents\Webmaster\mcasserly\holdem\index_files\image002.png --> ftp.mcasserly.com /mcasserly/holdem/index_files image002.png
2004.06.17 20:55 B C:\Documents and Settings\Michael Casserly\My Documents\Webmaster\mcasserly\holdem\index_files\image001.gif --> ftp.mcasserly.com /mcasserly/holdem/index_files image001.gif
2004.06.17 20:55 A C:\Documents and Settings\Michael Casserly\My Documents\Webmaster\mcasserly\holdem\index_files\header.htm --> ftp.mcasserly.com /mcasserly/holdem/index_files header.htm
2004.06.17 20:55 B C:\Documents and Settings\Michael Casserly\My Documents\Webmaster\mcasserly\holdem\index_files\filelist.xml --> ftp.mcasserly.com /mcasserly/holdem/index_files filelist.xml
2004.06.17 21:03 B C:\Documents and Settings\Michael Casserly\My Documents\Webmaster\mcasserly\holdem\index_files\image021.gif --> ftp.mcasserly.com /mcasserly/holdem/index_files image021.gif
2004.06.17 21:03 B C:\Documents and Settings\Michael Casserly\My Documents\Webmaster\mcasserly\holdem\index_files\image020.png --> ftp.mcasserly.com /mcasserly/holdem/index_files image020.png
2004.06.17 21:03 B C:\Documents and Settings\Michael Casserly\My Documents\Webmaster\mcasserly\holdem\index_files\image019.gif --> ftp.mcasserly.com /mcasserly/holdem/index_files image019.gif
2004.06.17 21:03 B C:\Documents and Settings\Michael Casserly\My Documents\Webmaster\mcasserly\holdem\index_files\image018.png --> ftp.mcasserly.com /mcasserly/holdem/index_files image018.png
2004.06.17 21:03 B C:\Documents and Settings\Michael Casserly\My Documents\Webmaster\mcasserly\holdem\index_files\image017.gif --> ftp.mcasserly.com /mcasserly/holdem/index_files image017.gif
2004.06.17 21:03 B C:\Documents and Settings\Michael Casserly\My Documents\Webmaster\mcasserly\holdem\index_files\image016.png --> ftp.mcasserly.com /mcasserly/holdem/index_files image016.png
2004.06.17 21:03 B C:\Documents and Settings\Michael Casserly\My Documents\Webmaster\mcasserly\holdem\index_files\image015.gif --> ftp.mcasserly.com /mcasserly/holdem/index_files image015.gif
2004.06.17 21:03 B C:\Documents and Settings\Michael Casserly\My Documents\Webmaster\mcasserly\holdem\index_files\image014.png --> ftp.mcasserly.com /mcasserly/holdem/index_files image014.png
2004.06.17 21:03 B C:\Documents and Settings\Michael Casserly\My Documents\Webmaster\mcasserly\holdem\index_files\image013.gif --> ftp.mcasserly.com /mcasserly/holdem/index_files image013.gif
2004.06.17 21:03 B C:\Documents and Settings\Michael Casserly\My Documents\Webmaster\mcasserly\holdem\index_files\image012.png --> ftp.mcasserly.com /mcasserly/holdem/index_files image012.png
2004.06.17 21:03 B C:\Documents and Settings\Michael Casserly\My Documents\Webmaster\mcasserly\holdem\index_files\image011.gif --> ftp.mcasserly.com /mcasserly/holdem/index_files image011.gif
2004.06.17 21:03 B C:\Documents and Settings\Michael Casserly\My Documents\Webmaster\mcasserly\holdem\index_files\image010.png --> ftp.mcasserly.com /mcasserly/holdem/index_files image010.png
2004.06.17 21:03 B C:\Documents and Settings\Michael Casserly\My Documents\Webmaster\mcasserly\holdem\index_files\image009.gif --> ftp.mcasserly.com /mcasserly/holdem/index_files image009.gif
2004.06.17 21:03 B C:\Documents and Settings\Michael Casserly\My Documents\Webmaster\mcasserly\holdem\index_files\image008.png --> ftp.mcasserly.com /mcasserly/holdem/index_files image008.png
2004.06.17 21:03 B C:\Documents and Settings\Michael Casserly\My Documents\Webmaster\mcasserly\holdem\index_files\image007.gif --> ftp.mcasserly.com /mcasserly/holdem/index_files image007.gif
2004.06.17 21:03 B C:\Documents and Settings\Michael Casserly\My Documents\Webmaster\mcasserly\holdem\index_files\image006.png --> ftp.mcasserly.com /mcasserly/holdem/index_files image006.png
2004.06.17 21:03 B C:\Documents and Settings\Michael Casserly\My Documents\Webmaster\mcasserly\holdem\index_files\image005.gif --> ftp.mcasserly.com /mcasserly/holdem/index_files image005.gif
2004.06.17 21:03 B C:\Documents and Settings\Michael Casserly\My Documents\Webmaster\mcasserly\holdem\index_files\image004.png --> ftp.mcasserly.com /mcasserly/holdem/index_files image004.png
2004.06.17 21:03 B C:\Documents and Settings\Michael Casserly\My Documents\Webmaster\mcasserly\holdem\index_files\image003.gif --> ftp.mcasserly.com /mcasserly/holdem/index_files image003.gif
2004.06.17 21:03 B C:\Documents and Settings\Michael Casserly\My Documents\Webmaster\mcasserly\holdem\index_files\image002.png --> ftp.mcasserly.com /mcasserly/holdem/index_files image002.png
2004.06.17 21:03 B C:\Documents and Settings\Michael Casserly\My Documents\Webmaster\mcasserly\holdem\index_files\image001.gif --> ftp.mcasserly.com /mcasserly/holdem/index_files image001.gif
2004.06.17 21:03 A C:\Documents and Settings\Michael Casserly\My Documents\Webmaster\mcasserly\holdem\index_files\header.htm --> ftp.mcasserly.com /mcasserly/holdem/index_files header.htm
2004.06.17 21:03 B C:\Documents and Settings\Michael Casserly\My Documents\Webmaster\mcasserly\holdem\index_files\filelist.xml --> ftp.mcasserly.com /mcasserly/holdem/index_files filelist.xml
2004.06.17 21:03 B C:\Documents and Settings\Michael Casserly\My Documents\Webmaster\mcasserly\holdem\index_files\WS_FTP.LOG --> ftp.mcasserly.com /mcasserly/holdem/index_files WS_FTP.LOG
2004.06.17 21:18 B C:\Documents and Settings\Michael Casserly\My Documents\Webmaster\mcasserly\holdem\index_files\image021.gif --> ftp.mcasserly.com /mcasserly/holdem/index_files image021.gif
2004.06.17 21:18 B C:\Documents and Settings\Michael Casserly\My Documents\Webmaster\mcasserly\holdem\index_files\image020.png --> ftp.mcasserly.com /mcasserly/holdem/index_files image020.png
2004.06.17 21:18 B C:\Documents and Settings\Michael Casserly\My Documents\Webmaster\mcasserly\holdem\index_files\image019.gif --> ftp.mcasserly.com /mcasserly/holdem/index_files image019.gif
2004.06.17 21:18 B C:\Documents and Settings\Michael Casserly\My Documents\Webmaster\mcasserly\holdem\index_files\image018.png --> ftp.mcasserly.com /mcasserly/holdem/index_files image018.png
2004.06.17 21:18 B C:\Documents and Settings\Michael Casserly\My Documents\Webmaster\mcasserly\holdem\index_files\image017.gif --> ftp.mcasserly.com /mcasserly/holdem/index_files image017.gif
2004.06.17 21:18 B C:\Documents and Settings\Michael Casserly\My Documents\Webmaster\mcasserly\holdem\index_files\image016.png --> ftp.mcasserly.com /mcasserly/holdem/index_files image016.png
2004.06.17 21:18 B C:\Documents and Settings\Michael Casserly\My Documents\Webmaster\mcasserly\holdem\index_files\image015.gif --> ftp.mcasserly.com /mcasserly/holdem/index_files image015.gif
2004.06.17 21:18 B C:\Documents and Settings\Michael Casserly\My Documents\Webmaster\mcasserly\holdem\index_files\image014.png --> ftp.mcasserly.com /mcasserly/holdem/index_files image014.png
2004.06.17 21:18 B C:\Documents and Settings\Michael Casserly\My Documents\Webmaster\mcasserly\holdem\index_files\image013.gif --> ftp.mcasserly.com /mcasserly/holdem/index_files image013.gif
2004.06.17 21:18 B C:\Documents and Settings\Michael Casserly\My Documents\Webmaster\mcasserly\holdem\index_files\image012.png --> ftp.mcasserly.com /mcasserly/holdem/index_files image012.png
2004.06.17 21:18 B C:\Documents and Settings\Michael Casserly\My Documents\Webmaster\mcasserly\holdem\index_files\image011.gif --> ftp.mcasserly.com /mcasserly/holdem/index_files image011.gif
2004.06.17 21:18 B C:\Documents and Settings\Michael Casserly\My Documents\Webmaster\mcasserly\holdem\index_files\image010.png --> ftp.mcasserly.com /mcasserly/holdem/index_files image010.png
2004.06.17 21:18 B C:\Documents and Settings\Michael Casserly\My Documents\Webmaster\mcasserly\holdem\index_files\image009.gif --> ftp.mcasserly.com /mcasserly/holdem/index_files image009.gif
2004.06.17 21:18 B C:\Documents and Settings\Michael Casserly\My Documents\Webmaster\mcasserly\holdem\index_files\image008.png --> ftp.mcasserly.com /mcasserly/holdem/index_files image008.png
2004.06.17 21:18 B C:\Documents and Settings\Michael Casserly\My Documents\Webmaster\mcasserly\holdem\index_files\image007.gif --> ftp.mcasserly.com /mcasserly/holdem/index_files image007.gif
2004.06.17 21:18 B C:\Documents and Settings\Michael Casserly\My Documents\Webmaster\mcasserly\holdem\index_files\image006.png --> ftp.mcasserly.com /mcasserly/holdem/index_files image006.png
2004.06.17 21:18 B C:\Documents and Settings\Michael Casserly\My Documents\Webmaster\mcasserly\holdem\index_files\image005.gif --> ftp.mcasserly.com /mcasserly/holdem/index_files image005.gif
2004.06.17 21:18 B C:\Documents and Settings\Michael Casserly\My Documents\Webmaster\mcasserly\holdem\index_files\image004.png --> ftp.mcasserly.com /mcasserly/holdem/index_files image004.png
2004.06.17 21:18 B C:\Documents and Settings\Michael Casserly\My Documents\Webmaster\mcasserly\holdem\index_files\image003.gif --> ftp.mcasserly.com /mcasserly/holdem/index_files image003.gif
2004.06.17 21:18 B C:\Documents and Settings\Michael Casserly\My Documents\Webmaster\mcasserly\holdem\index_files\image002.png --> ftp.mcasserly.com /mcasserly/holdem/index_files image002.png
2004.06.17 21:18 B C:\Documents and Settings\Michael Casserly\My Documents\Webmaster\mcasserly\holdem\index_files\image001.gif --> ftp.mcasserly.com /mcasserly/holdem/index_files image001.gif
2004.06.17 21:19 A C:\Documents and Settings\Michael Casserly\My Documents\Webmaster\mcasserly\holdem\index_files\header.htm --> ftp.mcasserly.com /mcasserly/holdem/index_files header.htm
2004.06.17 21:19 B C:\Documents and Settings\Michael Casserly\My Documents\Webmaster\mcasserly\holdem\index_files\filelist.xml --> ftp.mcasserly.com /mcasserly/holdem/index_files filelist.xml
2004.06.17 21:19 B C:\Documents and Settings\Michael Casserly\My Documents\Webmaster\mcasserly\holdem\index_files\WS_FTP.LOG --> ftp.mcasserly.com /mcasserly/holdem/index_files WS_FTP.LOG
2005.07.04 20:43 B C:\Documents and Settings\Michael Casserly\My Documents\Webmaster\mcasserly\holdem\index_files\image021.gif --> ftp.mcasserly.com /mcasserly/holdem/index_files image021.gif
2005.07.04 20:43 B C:\Documents and Settings\Michael Casserly\My Documents\Webmaster\mcasserly\holdem\index_files\image020.png --> ftp.mcasserly.com /mcasserly/holdem/index_files image020.png
2005.07.04 20:43 B C:\Documents and Settings\Michael Casserly\My Documents\Webmaster\mcasserly\holdem\index_files\image019.gif --> ftp.mcasserly.com /mcasserly/holdem/index_files image019.gif
2005.07.04 20:43 B C:\Documents and Settings\Michael Casserly\My Documents\Webmaster\mcasserly\holdem\index_files\image018.png --> ftp.mcasserly.com /mcasserly/holdem/index_files image018.png
2005.07.04 20:43 B C:\Documents and Settings\Michael Casserly\My Documents\Webmaster\mcasserly\holdem\index_files\image017.gif --> ftp.mcasserly.com /mcasserly/holdem/index_files image017.gif
2005.07.04 20:43 B C:\Documents and Settings\Michael Casserly\My Documents\Webmaster\mcasserly\holdem\index_files\image016.png --> ftp.mcasserly.com /mcasserly/holdem/index_files image016.png
2005.07.04 20:43 B C:\Documents and Settings\Michael Casserly\My Documents\Webmaster\mcasserly\holdem\index_files\image015.gif --> ftp.mcasserly.com /mcasserly/holdem/index_files image015.gif
2005.07.04 20:43 B C:\Documents and Settings\Michael Casserly\My Documents\Webmaster\mcasserly\holdem\index_files\image014.png --> ftp.mcasserly.com /mcasserly/holdem/index_files image014.png
2005.07.04 20:43 B C:\Documents and Settings\Michael Casserly\My Documents\Webmaster\mcasserly\holdem\index_files\image013.gif --> ftp.mcasserly.com /mcasserly/holdem/index_files image013.gif
2005.07.04 20:43 B C:\Documents and Settings\Michael Casserly\My Documents\Webmaster\mcasserly\holdem\index_files\image012.png --> ftp.mcasserly.com /mcasserly/holdem/index_files image012.png
2005.07.04 20:43 B C:\Documents and Settings\Michael Casserly\My Documents\Webmaster\mcasserly\holdem\index_files\image011.gif --> ftp.mcasserly.com /mcasserly/holdem/index_files image011.gif
2005.07.04 20:43 B C:\Documents and Settings\Michael Casserly\My Documents\Webmaster\mcasserly\holdem\index_files\image010.png --> ftp.mcasserly.com /mcasserly/holdem/index_files image010.png
2005.07.04 20:43 B C:\Documents and Settings\Michael Casserly\My Documents\Webmaster\mcasserly\holdem\index_files\image009.gif --> ftp.mcasserly.com /mcasserly/holdem/index_files image009.gif
2005.07.04 20:43 B C:\Documents and Settings\Michael Casserly\My Documents\Webmaster\mcasserly\holdem\index_files\image008.png --> ftp.mcasserly.com /mcasserly/holdem/index_files image008.png
2005.07.04 20:43 B C:\Documents and Settings\Michael Casserly\My Documents\Webmaster\mcasserly\holdem\index_files\image007.gif --> ftp.mcasserly.com /mcasserly/holdem/index_files image007.gif
2005.07.04 20:43 B C:\Documents and Settings\Michael Casserly\My Documents\Webmaster\mcasserly\holdem\index_files\image006.png --> ftp.mcasserly.com /mcasserly/holdem/index_files image006.png
2005.07.04 20:43 B C:\Documents and Settings\Michael Casserly\My Documents\Webmaster\mcasserly\holdem\index_files\image005.gif --> ftp.mcasserly.com /mcasserly/holdem/index_files image005.gif
2005.07.04 20:43 B C:\Documents and Settings\Michael Casserly\My Documents\Webmaster\mcasserly\holdem\index_files\image004.png --> ftp.mcasserly.com /mcasserly/holdem/index_files image004.png
2005.07.04 20:43 B C:\Documents and Settings\Michael Casserly\My Documents\Webmaster\mcasserly\holdem\index_files\image003.gif --> ftp.mcasserly.com /mcasserly/holdem/index_files image003.gif
2005.07.04 20:43 B C:\Documents and Settings\Michael Casserly\My Documents\Webmaster\mcasserly\holdem\index_files\image002.png --> ftp.mcasserly.com /mcasserly/holdem/index_files image002.png
2005.07.04 20:43 B C:\Documents and Settings\Michael Casserly\My Documents\Webmaster\mcasserly\holdem\index_files\image001.gif --> ftp.mcasserly.com /mcasserly/holdem/index_files image001.gif
2005.07.04 20:43 A C:\Documents and Settings\Michael Casserly\My Documents\Webmaster\mcasserly\holdem\index_files\header.html --> ftp.mcasserly.com /mcasserly/holdem/index_files header.html
2005.07.04 20:43 B C:\Documents and Settings\Michael Casserly\My Documents\Webmaster\mcasserly\holdem\index_files\filelist.xml --> ftp.mcasserly.com /mcasserly/holdem/index_files filelist.xml
2005.07.04 20:43 B C:\Documents and Settings\Michael Casserly\My Documents\Webmaster\mcasserly\holdem\index_files\WS_FTP.LOG --> ftp.mcasserly.com /mcasserly/holdem/index_files WS_FTP.LOG
2005.08.30 23:29 B C:\Documents and Settings\Michael Casserly\My Documents\Webmaster\mcasserly\holdem\index_files\image021.gif --> ftp.mcasserly.com /mcasserly/holdem/index_files image021.gif
2005.08.30 23:29 B C:\Documents and Settings\Michael Casserly\My Documents\Webmaster\mcasserly\holdem\index_files\image020.png --> ftp.mcasserly.com /mcasserly/holdem/index_files image020.png
2005.08.30 23:29 B C:\Documents and Settings\Michael Casserly\My Documents\Webmaster\mcasserly\holdem\index_files\image019.gif --> ftp.mcasserly.com /mcasserly/holdem/index_files image019.gif
2005.08.30 23:29 B C:\Documents and Settings\Michael Casserly\My Documents\Webmaster\mcasserly\holdem\index_files\image018.png --> ftp.mcasserly.com /mcasserly/holdem/index_files image018.png
2005.08.30 23:29 B C:\Documents and Settings\Michael Casserly\My Documents\Webmaster\mcasserly\holdem\index_files\image017.gif --> ftp.mcasserly.com /mcasserly/holdem/index_files image017.gif
2005.08.30 23:29 B C:\Documents and Settings\Michael Casserly\My Documents\Webmaster\mcasserly\holdem\index_files\image016.png --> ftp.mcasserly.com /mcasserly/holdem/index_files image016.png
2005.08.30 23:29 B C:\Documents and Settings\Michael Casserly\My Documents\Webmaster\mcasserly\holdem\index_files\image015.gif --> ftp.mcasserly.com /mcasserly/holdem/index_files image015.gif
2005.08.30 23:29 B C:\Documents and Settings\Michael Casserly\My Documents\Webmaster\mcasserly\holdem\index_files\image014.png --> ftp.mcasserly.com /mcasserly/holdem/index_files image014.png
2005.08.30 23:29 B C:\Documents and Settings\Michael Casserly\My Documents\Webmaster\mcasserly\holdem\index_files\image013.gif --> ftp.mcasserly.com /mcasserly/holdem/index_files image013.gif
2005.08.30 23:29 B C:\Documents and Settings\Michael Casserly\My Documents\Webmaster\mcasserly\holdem\index_files\image012.png --> ftp.mcasserly.com /mcasserly/holdem/index_files image012.png
2005.08.30 23:29 B C:\Documents and Settings\Michael Casserly\My Documents\Webmaster\mcasserly\holdem\index_files\image011.gif --> ftp.mcasserly.com /mcasserly/holdem/index_files image011.gif
2005.08.30 23:29 B C:\Documents and Settings\Michael Casserly\My Documents\Webmaster\mcasserly\holdem\index_files\image010.png --> ftp.mcasserly.com /mcasserly/holdem/index_files image010.png
2005.08.30 23:29 B C:\Documents and Settings\Michael Casserly\My Documents\Webmaster\mcasserly\holdem\index_files\image009.gif --> ftp.mcasserly.com /mcasserly/holdem/index_files image009.gif
2005.08.30 23:29 B C:\Documents and Settings\Michael Casserly\My Documents\Webmaster\mcasserly\holdem\index_files\image008.png --> ftp.mcasserly.com /mcasserly/holdem/index_files image008.png
2005.08.30 23:29 B C:\Documents and Settings\Michael Casserly\My Documents\Webmaster\mcasserly\holdem\index_files\image007.gif --> ftp.mcasserly.com /mcasserly/holdem/index_files image007.gif
2005.08.30 23:29 B C:\Documents and Settings\Michael Casserly\My Documents\Webmaster\mcasserly\holdem\index_files\image006.png --> ftp.mcasserly.com /mcasserly/holdem/index_files image006.png
2005.08.30 23:29 B C:\Documents and Settings\Michael Casserly\My Documents\Webmaster\mcasserly\holdem\index_files\image005.gif --> ftp.mcasserly.com /mcasserly/holdem/index_files image005.gif
2005.08.30 23:29 B C:\Documents and Settings\Michael Casserly\My Documents\Webmaster\mcasserly\holdem\index_files\image004.png --> ftp.mcasserly.com /mcasserly/holdem/index_files image004.png
2005.08.30 23:29 B C:\Documents and Settings\Michael Casserly\My Documents\Webmaster\mcasserly\holdem\index_files\image003.gif --> ftp.mcasserly.com /mcasserly/holdem/index_files image003.gif
2005.08.30 23:29 B C:\Documents and Settings\Michael Casserly\My Documents\Webmaster\mcasserly\holdem\index_files\image002.png --> ftp.mcasserly.com /mcasserly/holdem/index_files image002.png
2005.08.30 23:29 B C:\Documents and Settings\Michael Casserly\My Documents\Webmaster\mcasserly\holdem\index_files\image001.gif --> ftp.mcasserly.com /mcasserly/holdem/index_files image001.gif
2005.08.30 23:29 A C:\Documents and Settings\Michael Casserly\My Documents\Webmaster\mcasserly\holdem\index_files\header.html --> ftp.mcasserly.com /mcasserly/holdem/index_files header.html
2005.08.30 23:29 B C:\Documents and Settings\Michael Casserly\My Documents\Webmaster\mcasserly\holdem\index_files\filelist.xml --> ftp.mcasserly.com /mcasserly/holdem/index_files filelist.xml
2005.08.30 23:29 B C:\Documents and Settings\Michael Casserly\My Documents\Webmaster\mcasserly\holdem\index_files\WS_FTP.LOG --> ftp.mcasserly.com /mcasserly/holdem/index_files WS_FTP.LOG
2006.01.11 22:24 B C:\Documents and Settings\Michael Casserly\My Documents\Webmaster\mcasserly\holdem\index_files\image021.gif --> ftp.mcasserly.com /mcasserly/holdem/index_files image021.gif
2006.01.11 22:24 B C:\Documents and Settings\Michael Casserly\My Documents\Webmaster\mcasserly\holdem\index_files\image020.png --> ftp.mcasserly.com /mcasserly/holdem/index_files image020.png
2006.01.11 22:24 B C:\Documents and Settings\Michael Casserly\My Documents\Webmaster\mcasserly\holdem\index_files\image019.gif --> ftp.mcasserly.com /mcasserly/holdem/index_files image019.gif
2006.01.11 22:24 B C:\Documents and Settings\Michael Casserly\My Documents\Webmaster\mcasserly\holdem\index_files\image018.png --> ftp.mcasserly.com /mcasserly/holdem/index_files image018.png
2006.01.11 22:24 B C:\Documents and Settings\Michael Casserly\My Documents\Webmaster\mcasserly\holdem\index_files\image017.gif --> ftp.mcasserly.com /mcasserly/holdem/index_files image017.gif
2006.01.11 22:24 B C:\Documents and Settings\Michael Casserly\My Documents\Webmaster\mcasserly\holdem\index_files\image016.png --> ftp.mcasserly.com /mcasserly/holdem/index_files image016.png
2006.01.11 22:24 B C:\Documents and Settings\Michael Casserly\My Documents\Webmaster\mcasserly\holdem\index_files\image015.gif --> ftp.mcasserly.com /mcasserly/holdem/index_files image015.gif
2006.01.11 22:24 B C:\Documents and Settings\Michael Casserly\My Documents\Webmaster\mcasserly\holdem\index_files\image014.png --> ftp.mcasserly.com /mcasserly/holdem/index_files image014.png
2006.01.11 22:24 B C:\Documents and Settings\Michael Casserly\My Documents\Webmaster\mcasserly\holdem\index_files\image013.gif --> ftp.mcasserly.com /mcasserly/holdem/index_files image013.gif
2006.01.11 22:24 B C:\Documents and Settings\Michael Casserly\My Documents\Webmaster\mcasserly\holdem\index_files\image012.png --> ftp.mcasserly.com /mcasserly/holdem/index_files image012.png
2006.01.11 22:24 B C:\Documents and Settings\Michael Casserly\My Documents\Webmaster\mcasserly\holdem\index_files\image011.gif --> ftp.mcasserly.com /mcasserly/holdem/index_files image011.gif
2006.01.11 22:24 B C:\Documents and Settings\Michael Casserly\My Documents\Webmaster\mcasserly\holdem\index_files\image010.png --> ftp.mcasserly.com /mcasserly/holdem/index_files image010.png
2006.01.11 22:24 B C:\Documents and Settings\Michael Casserly\My Documents\Webmaster\mcasserly\holdem\index_files\image009.gif --> ftp.mcasserly.com /mcasserly/holdem/index_files image009.gif
2006.01.11 22:24 B C:\Documents and Settings\Michael Casserly\My Documents\Webmaster\mcasserly\holdem\index_files\image008.png --> ftp.mcasserly.com /mcasserly/holdem/index_files image008.png
2006.01.11 22:24 B C:\Documents and Settings\Michael Casserly\My Documents\Webmaster\mcasserly\holdem\index_files\image007.gif --> ftp.mcasserly.com /mcasserly/holdem/index_files image007.gif
2006.01.11 22:24 B C:\Documents and Settings\Michael Casserly\My Documents\Webmaster\mcasserly\holdem\index_files\image006.png --> ftp.mcasserly.com /mcasserly/holdem/index_files image006.png
2006.01.11 22:24 B C:\Documents and Settings\Michael Casserly\My Documents\Webmaster\mcasserly\holdem\index_files\image005.gif --> ftp.mcasserly.com /mcasserly/holdem/index_files image005.gif
2006.01.11 22:24 B C:\Documents and Settings\Michael Casserly\My Documents\Webmaster\mcasserly\holdem\index_files\image004.png --> ftp.mcasserly.com /mcasserly/holdem/index_files image004.png
2006.01.11 22:24 B C:\Documents and Settings\Michael Casserly\My Documents\Webmaster\mcasserly\holdem\index_files\image003.gif --> ftp.mcasserly.com /mcasserly/holdem/index_files image003.gif
2006.01.11 22:24 B C:\Documents and Settings\Michael Casserly\My Documents\Webmaster\mcasserly\holdem\index_files\image002.png --> ftp.mcasserly.com /mcasserly/holdem/index_files image002.png
2006.01.11 22:24 B C:\Documents and Settings\Michael Casserly\My Documents\Webmaster\mcasserly\holdem\index_files\image001.gif --> ftp.mcasserly.com /mcasserly/holdem/index_files image001.gif
2006.01.11 22:24 A C:\Documents and Settings\Michael Casserly\My Documents\Webmaster\mcasserly\holdem\index_files\header.html --> ftp.mcasserly.com /mcasserly/holdem/index_files header.html
2006.01.11 22:24 B C:\Documents and Settings\Michael Casserly\My Documents\Webmaster\mcasserly\holdem\index_files\filelist.xml --> ftp.mcasserly.com /mcasserly/holdem/index_files filelist.xml
2006.01.11 22:24 B C:\Documents and Settings\Michael Casserly\My Documents\Webmaster\mcasserly\holdem\index_files\WS_FTP.LOG --> ftp.mcasserly.com /mcasserly/holdem/index_files WS_FTP.LOG
2006.01.16 13:29 B C:\Documents and Settings\Michael Casserly\My Documents\Webmaster\mcasserly\holdem\index_files\image021.gif --> ftp.mcasserly.com /mcasserly/holdem/index_files image021.gif
2006.01.16 13:29 B C:\Documents and Settings\Michael Casserly\My Documents\Webmaster\mcasserly\holdem\index_files\image020.png --> ftp.mcasserly.com /mcasserly/holdem/index_files image020.png
2006.01.16 13:29 B C:\Documents and Settings\Michael Casserly\My Documents\Webmaster\mcasserly\holdem\index_files\image019.gif --> ftp.mcasserly.com /mcasserly/holdem/index_files image019.gif
2006.01.16 13:30 B C:\Documents and Settings\Michael Casserly\My Documents\Webmaster\mcasserly\holdem\index_files\image018.png --> ftp.mcasserly.com /mcasserly/holdem/index_files image018.png
2006.01.16 13:30 B C:\Documents and Settings\Michael Casserly\My Documents\Webmaster\mcasserly\holdem\index_files\image017.gif --> ftp.mcasserly.com /mcasserly/holdem/index_files image017.gif
2006.01.16 13:30 B C:\Documents and Settings\Michael Casserly\My Documents\Webmaster\mcasserly\holdem\index_files\image016.png --> ftp.mcasserly.com /mcasserly/holdem/index_files image016.png
2006.01.16 13:30 B C:\Documents and Settings\Michael Casserly\My Documents\Webmaster\mcasserly\holdem\index_files\image015.gif --> ftp.mcasserly.com /mcasserly/holdem/index_files image015.gif
2006.01.16 13:30 B C:\Documents and Settings\Michael Casserly\My Documents\Webmaster\mcasserly\holdem\index_files\image014.png --> ftp.mcasserly.com /mcasserly/holdem/index_files image014.png
2006.01.16 13:31 B C:\Documents and Settings\Michael Casserly\My Documents\Webmaster\mcasserly\holdem\index_files\image013.gif --> ftp.mcasserly.com /mcasserly/holdem/index_files image013.gif
2006.01.16 13:32 B C:\Documents and Settings\Michael Casserly\My Documents\Webmaster\mcasserly\holdem\index_files\image012.png --> ftp.mcasserly.com /mcasserly/holdem/index_files image012.png
2006.01.16 13:32 B C:\Documents and Settings\Michael Casserly\My Documents\Webmaster\mcasserly\holdem\index_files\image011.gif --> ftp.mcasserly.com /mcasserly/holdem/index_files image011.gif
2006.01.16 13:34 B C:\Documents and Settings\Michael Casserly\My Documents\Webmaster\mcasserly\holdem\index_files\image010.png --> ftp.mcasserly.com /mcasserly/holdem/index_files image010.png
2006.01.16 13:35 B C:\Documents and Settings\Michael Casserly\My Documents\Webmaster\mcasserly\holdem\index_files\image009.gif --> ftp.mcasserly.com /mcasserly/holdem/index_files image009.gif
