2001.10.30 19:35 A D:\blackwateroldhead\javascript\templates\BodySpacingHorizontalRightNav.js --> ftp.geocities.com /blackwateroldhead/javascript/templates BodySpacingHorizontalRightNav.js
2001.10.30 19:35 A D:\blackwateroldhead\javascript\templates\BodySpacingHorizontalStandard.js --> ftp.geocities.com /blackwateroldhead/javascript/templates BodySpacingHorizontalStandard.js
2001.10.30 19:35 A D:\blackwateroldhead\javascript\templates\CentralContentSectionClose.js --> ftp.geocities.com /blackwateroldhead/javascript/templates CentralContentSectionClose.js
2001.10.30 19:35 A D:\blackwateroldhead\javascript\templates\CentralContentSectionOpenRightNav.js --> ftp.geocities.com /blackwateroldhead/javascript/templates CentralContentSectionOpenRightNav.js
2001.10.30 19:35 A D:\blackwateroldhead\javascript\templates\CentralContentSectionOpenStandard.js --> ftp.geocities.com /blackwateroldhead/javascript/templates CentralContentSectionOpenStandard.js
2001.10.30 19:35 A D:\blackwateroldhead\javascript\templates\LeftNavMenuSectionClose.js --> ftp.geocities.com /blackwateroldhead/javascript/templates LeftNavMenuSectionClose.js
2001.10.30 19:35 A D:\blackwateroldhead\javascript\templates\LeftNavMenuSectionOpen.js --> ftp.geocities.com /blackwateroldhead/javascript/templates LeftNavMenuSectionOpen.js
2001.10.30 19:35 A D:\blackwateroldhead\javascript\templates\RightNavMenuSectionClose.js --> ftp.geocities.com /blackwateroldhead/javascript/templates RightNavMenuSectionClose.js
2001.10.30 19:35 A D:\blackwateroldhead\javascript\templates\RightNavMenuSectionOpen.js --> ftp.geocities.com /blackwateroldhead/javascript/templates RightNavMenuSectionOpen.js
2004.03.17 18:15 A C:\Documents and Settings\Michael Casserly\My Documents\Webmaster\axafalcons\javascript\templates\BodySpacingHorizontalRightNav.js --> ftp.mcasserly.com /mcasserly/falcons/javascript/templates BodySpacingHorizontalRightNav.js
2004.03.17 18:15 A C:\Documents and Settings\Michael Casserly\My Documents\Webmaster\axafalcons\javascript\templates\CentralContentSectionOpenRightNav.js --> ftp.mcasserly.com /mcasserly/falcons/javascript/templates CentralContentSectionOpenRightNav.js
2004.03.17 18:15 A C:\Documents and Settings\Michael Casserly\My Documents\Webmaster\axafalcons\javascript\templates\RightNavMenuSectionClose.js --> ftp.mcasserly.com /mcasserly/falcons/javascript/templates RightNavMenuSectionClose.js
2004.03.17 18:15 A C:\Documents and Settings\Michael Casserly\My Documents\Webmaster\axafalcons\javascript\templates\RightNavMenuSectionOpen.js --> ftp.mcasserly.com /mcasserly/falcons/javascript/templates RightNavMenuSectionOpen.js
2004.03.17 18:15 B C:\Documents and Settings\Michael Casserly\My Documents\Webmaster\axafalcons\javascript\templates\WS_FTP.LOG --> ftp.mcasserly.com /mcasserly/falcons/javascript/templates WS_FTP.LOG
2004.04.27 00:45 B C:\Documents and Settings\Michael Casserly\My Documents\Webmaster\mcasserly\falcons\javascript\templates\WS_FTP.LOG --> ftp.mcasserly.com /mcasserly/falcons/javascript/templates WS_FTP.LOG
2004.05.03 17:12 B C:\Documents and Settings\Michael Casserly\My Documents\Webmaster\mcasserly\falcons\javascript\templates\WS_FTP.LOG --> ftp.mcasserly.com /mcasserly/falcons/javascript/templates WS_FTP.LOG
2004.05.06 21:38 B C:\Documents and Settings\Michael Casserly\My Documents\Webmaster\mcasserly\falcons\javascript\templates\WS_FTP.LOG --> ftp.mcasserly.com /mcasserly/falcons/javascript/templates WS_FTP.LOG
2004.05.12 00:56 B C:\Documents and Settings\Michael Casserly\My Documents\Webmaster\mcasserly\falcons\javascript\templates\WS_FTP.LOG --> ftp.mcasserly.com /mcasserly/falcons/javascript/templates WS_FTP.LOG
2004.05.15 00:38 B C:\Documents and Settings\Michael Casserly\My Documents\Webmaster\mcasserly\falcons\javascript\templates\WS_FTP.LOG --> ftp.mcasserly.com /mcasserly/falcons/javascript/templates WS_FTP.LOG
2004.09.10 15:39 B C:\Documents and Settings\Michael Casserly\My Documents\Webmaster\mcasserly\falcons\javascript\templates\WS_FTP.LOG --> ftp.mcasserly.com /mcasserly/falcons/javascript/templates WS_FTP.LOG
