2004.03.17 18:10 A C:\Documents and Settings\Michael Casserly\My Documents\Webmaster\axafalcons\history\19890501WilliamPregame.html --> ftp.mcasserly.com /mcasserly/falcons/history 19890501WilliamPregame.html
2004.03.17 18:10 A C:\Documents and Settings\Michael Casserly\My Documents\Webmaster\axafalcons\history\19890621GrimsleyAction.html --> ftp.mcasserly.com /mcasserly/falcons/history 19890621GrimsleyAction.html
2004.03.17 18:10 A C:\Documents and Settings\Michael Casserly\My Documents\Webmaster\axafalcons\history\19900814MRiveraThrowing.html --> ftp.mcasserly.com /mcasserly/falcons/history 19900814MRiveraThrowing.html
2004.03.17 18:10 A C:\Documents and Settings\Michael Casserly\My Documents\Webmaster\axafalcons\history\19920515VernonHitting.html --> ftp.mcasserly.com /mcasserly/falcons/history 19920515VernonHitting.html
2004.03.17 18:10 A C:\Documents and Settings\Michael Casserly\My Documents\Webmaster\axafalcons\history\19920814PanasikAction.html --> ftp.mcasserly.com /mcasserly/falcons/history 19920814PanasikAction.html
2004.03.17 18:10 A C:\Documents and Settings\Michael Casserly\My Documents\Webmaster\axafalcons\history\19930623WilliamHitting.html --> ftp.mcasserly.com /mcasserly/falcons/history 19930623WilliamHitting.html
2004.03.17 18:10 A C:\Documents and Settings\Michael Casserly\My Documents\Webmaster\axafalcons\history\19930819CaulfieldHomeRun.html --> ftp.mcasserly.com /mcasserly/falcons/history 19930819CaulfieldHomeRun.html
2004.03.17 18:10 A C:\Documents and Settings\Michael Casserly\My Documents\Webmaster\axafalcons\history\19990730StanickHitting.html --> ftp.mcasserly.com /mcasserly/falcons/history 19990730StanickHitting.html
2004.03.17 18:10 A C:\Documents and Settings\Michael Casserly\My Documents\Webmaster\axafalcons\history\gallery.html --> ftp.mcasserly.com /mcasserly/falcons/history gallery.html
2004.03.17 18:10 A C:\Documents and Settings\Michael Casserly\My Documents\Webmaster\axafalcons\history\greatestmoments.html --> ftp.mcasserly.com /mcasserly/falcons/history greatestmoments.html
2004.04.27 00:49 B C:\Documents and Settings\Michael Casserly\My Documents\Webmaster\mcasserly\falcons\history\WS_FTP.LOG --> ftp.mcasserly.com /mcasserly/falcons/history WS_FTP.LOG
2004.05.03 17:11 A C:\Documents and Settings\Michael Casserly\My Documents\Webmaster\mcasserly\falcons\history\greatestmoments.html --> ftp.mcasserly.com /mcasserly/falcons/history greatestmoments.html
2004.05.03 17:11 A C:\Documents and Settings\Michael Casserly\My Documents\Webmaster\mcasserly\falcons\history\gallery.html --> ftp.mcasserly.com /mcasserly/falcons/history gallery.html
2004.05.03 17:11 A C:\Documents and Settings\Michael Casserly\My Documents\Webmaster\mcasserly\falcons\history\2002ChampionshipGame.html --> ftp.mcasserly.com /mcasserly/falcons/history 2002ChampionshipGame.html
2004.05.03 17:11 A C:\Documents and Settings\Michael Casserly\My Documents\Webmaster\mcasserly\falcons\history\19990730StanickHitting.html --> ftp.mcasserly.com /mcasserly/falcons/history 19990730StanickHitting.html
2004.05.03 17:11 A C:\Documents and Settings\Michael Casserly\My Documents\Webmaster\mcasserly\falcons\history\19930819CaulfieldHomeRun.html --> ftp.mcasserly.com /mcasserly/falcons/history 19930819CaulfieldHomeRun.html
2004.05.03 17:11 A C:\Documents and Settings\Michael Casserly\My Documents\Webmaster\mcasserly\falcons\history\19930623WilliamHitting.html --> ftp.mcasserly.com /mcasserly/falcons/history 19930623WilliamHitting.html
2004.05.03 17:11 A C:\Documents and Settings\Michael Casserly\My Documents\Webmaster\mcasserly\falcons\history\19920814PanasikAction.html --> ftp.mcasserly.com /mcasserly/falcons/history 19920814PanasikAction.html
2004.05.03 17:11 A C:\Documents and Settings\Michael Casserly\My Documents\Webmaster\mcasserly\falcons\history\19920515VernonHitting.html --> ftp.mcasserly.com /mcasserly/falcons/history 19920515VernonHitting.html
2004.05.03 17:11 A C:\Documents and Settings\Michael Casserly\My Documents\Webmaster\mcasserly\falcons\history\19900814MRiveraThrowing.html --> ftp.mcasserly.com /mcasserly/falcons/history 19900814MRiveraThrowing.html
2004.05.03 17:11 A C:\Documents and Settings\Michael Casserly\My Documents\Webmaster\mcasserly\falcons\history\19890621GrimsleyAction.html --> ftp.mcasserly.com /mcasserly/falcons/history 19890621GrimsleyAction.html
2004.05.03 17:11 A C:\Documents and Settings\Michael Casserly\My Documents\Webmaster\mcasserly\falcons\history\19890501WilliamPregame.html --> ftp.mcasserly.com /mcasserly/falcons/history 19890501WilliamPregame.html
2004.05.03 17:11 B C:\Documents and Settings\Michael Casserly\My Documents\Webmaster\mcasserly\falcons\history\WS_FTP.LOG --> ftp.mcasserly.com /mcasserly/falcons/history WS_FTP.LOG
2004.05.06 21:38 A C:\Documents and Settings\Michael Casserly\My Documents\Webmaster\mcasserly\falcons\history\greatestmoments.html --> ftp.mcasserly.com /mcasserly/falcons/history greatestmoments.html
2004.05.06 21:38 A C:\Documents and Settings\Michael Casserly\My Documents\Webmaster\mcasserly\falcons\history\gallery.html --> ftp.mcasserly.com /mcasserly/falcons/history gallery.html
2004.05.06 21:38 A C:\Documents and Settings\Michael Casserly\My Documents\Webmaster\mcasserly\falcons\history\2002ChampionshipGame.html --> ftp.mcasserly.com /mcasserly/falcons/history 2002ChampionshipGame.html
2004.05.06 21:38 A C:\Documents and Settings\Michael Casserly\My Documents\Webmaster\mcasserly\falcons\history\19990730StanickHitting.html --> ftp.mcasserly.com /mcasserly/falcons/history 19990730StanickHitting.html
2004.05.06 21:38 A C:\Documents and Settings\Michael Casserly\My Documents\Webmaster\mcasserly\falcons\history\19930819CaulfieldHomeRun.html --> ftp.mcasserly.com /mcasserly/falcons/history 19930819CaulfieldHomeRun.html
2004.05.06 21:38 A C:\Documents and Settings\Michael Casserly\My Documents\Webmaster\mcasserly\falcons\history\19930623WilliamHitting.html --> ftp.mcasserly.com /mcasserly/falcons/history 19930623WilliamHitting.html
2004.05.06 21:38 A C:\Documents and Settings\Michael Casserly\My Documents\Webmaster\mcasserly\falcons\history\19920814PanasikAction.html --> ftp.mcasserly.com /mcasserly/falcons/history 19920814PanasikAction.html
2004.05.06 21:38 A C:\Documents and Settings\Michael Casserly\My Documents\Webmaster\mcasserly\falcons\history\19920515VernonHitting.html --> ftp.mcasserly.com /mcasserly/falcons/history 19920515VernonHitting.html
2004.05.06 21:38 A C:\Documents and Settings\Michael Casserly\My Documents\Webmaster\mcasserly\falcons\history\19900814MRiveraThrowing.html --> ftp.mcasserly.com /mcasserly/falcons/history 19900814MRiveraThrowing.html
2004.05.06 21:38 A C:\Documents and Settings\Michael Casserly\My Documents\Webmaster\mcasserly\falcons\history\19890621GrimsleyAction.html --> ftp.mcasserly.com /mcasserly/falcons/history 19890621GrimsleyAction.html
2004.05.06 21:38 A C:\Documents and Settings\Michael Casserly\My Documents\Webmaster\mcasserly\falcons\history\19890501WilliamPregame.html --> ftp.mcasserly.com /mcasserly/falcons/history 19890501WilliamPregame.html
2004.05.06 21:38 B C:\Documents and Settings\Michael Casserly\My Documents\Webmaster\mcasserly\falcons\history\WS_FTP.LOG --> ftp.mcasserly.com /mcasserly/falcons/history WS_FTP.LOG
2004.05.06 21:52 A C:\Documents and Settings\Michael Casserly\My Documents\Webmaster\mcasserly\falcons\history\hs~19890501WilliamPregame.html --> ftp.mcasserly.com /mcasserly/falcons/history hs~19890501WilliamPregame.html
2004.05.06 21:53 A C:\Documents and Settings\Michael Casserly\My Documents\Webmaster\mcasserly\falcons\history\19990730StanickHitting.html --> ftp.mcasserly.com /mcasserly/falcons/history 19990730StanickHitting.html
2004.05.06 21:53 A C:\Documents and Settings\Michael Casserly\My Documents\Webmaster\mcasserly\falcons\history\19930819CaulfieldHomeRun.html --> ftp.mcasserly.com /mcasserly/falcons/history 19930819CaulfieldHomeRun.html
2004.05.06 21:53 A C:\Documents and Settings\Michael Casserly\My Documents\Webmaster\mcasserly\falcons\history\19930623WilliamHitting.html --> ftp.mcasserly.com /mcasserly/falcons/history 19930623WilliamHitting.html
2004.05.06 21:53 A C:\Documents and Settings\Michael Casserly\My Documents\Webmaster\mcasserly\falcons\history\19920814PanasikAction.html --> ftp.mcasserly.com /mcasserly/falcons/history 19920814PanasikAction.html
2004.05.06 21:53 A C:\Documents and Settings\Michael Casserly\My Documents\Webmaster\mcasserly\falcons\history\19920515VernonHitting.html --> ftp.mcasserly.com /mcasserly/falcons/history 19920515VernonHitting.html
2004.05.06 21:53 A C:\Documents and Settings\Michael Casserly\My Documents\Webmaster\mcasserly\falcons\history\19900814MRiveraThrowing.html --> ftp.mcasserly.com /mcasserly/falcons/history 19900814MRiveraThrowing.html
2004.05.06 21:53 A C:\Documents and Settings\Michael Casserly\My Documents\Webmaster\mcasserly\falcons\history\19890621GrimsleyAction.html --> ftp.mcasserly.com /mcasserly/falcons/history 19890621GrimsleyAction.html
2004.05.06 21:53 A C:\Documents and Settings\Michael Casserly\My Documents\Webmaster\mcasserly\falcons\history\19890501WilliamPregame.html --> ftp.mcasserly.com /mcasserly/falcons/history 19890501WilliamPregame.html
2004.05.06 21:53 A C:\Documents and Settings\Michael Casserly\My Documents\Webmaster\mcasserly\falcons\history\greatestmoments.html --> ftp.mcasserly.com /mcasserly/falcons/history greatestmoments.html
2004.05.06 21:53 A C:\Documents and Settings\Michael Casserly\My Documents\Webmaster\mcasserly\falcons\history\gallery.html --> ftp.mcasserly.com /mcasserly/falcons/history gallery.html
2004.05.06 21:53 A C:\Documents and Settings\Michael Casserly\My Documents\Webmaster\mcasserly\falcons\history\2002ChampionshipGame.html --> ftp.mcasserly.com /mcasserly/falcons/history 2002ChampionshipGame.html
2004.05.12 00:55 A C:\Documents and Settings\Michael Casserly\My Documents\Webmaster\mcasserly\falcons\history\greatestmoments.html --> ftp.mcasserly.com /mcasserly/falcons/history greatestmoments.html
2004.05.12 00:55 A C:\Documents and Settings\Michael Casserly\My Documents\Webmaster\mcasserly\falcons\history\gallery.html --> ftp.mcasserly.com /mcasserly/falcons/history gallery.html
2004.05.12 00:55 A C:\Documents and Settings\Michael Casserly\My Documents\Webmaster\mcasserly\falcons\history\2002ChampionshipGame.html --> ftp.mcasserly.com /mcasserly/falcons/history 2002ChampionshipGame.html
2004.05.12 00:55 A C:\Documents and Settings\Michael Casserly\My Documents\Webmaster\mcasserly\falcons\history\19990730StanickHitting.html --> ftp.mcasserly.com /mcasserly/falcons/history 19990730StanickHitting.html
2004.05.12 00:55 A C:\Documents and Settings\Michael Casserly\My Documents\Webmaster\mcasserly\falcons\history\19930819CaulfieldHomeRun.html --> ftp.mcasserly.com /mcasserly/falcons/history 19930819CaulfieldHomeRun.html
2004.05.12 00:55 A C:\Documents and Settings\Michael Casserly\My Documents\Webmaster\mcasserly\falcons\history\19930623WilliamHitting.html --> ftp.mcasserly.com /mcasserly/falcons/history 19930623WilliamHitting.html
2004.05.12 00:55 A C:\Documents and Settings\Michael Casserly\My Documents\Webmaster\mcasserly\falcons\history\19920814PanasikAction.html --> ftp.mcasserly.com /mcasserly/falcons/history 19920814PanasikAction.html
2004.05.12 00:55 A C:\Documents and Settings\Michael Casserly\My Documents\Webmaster\mcasserly\falcons\history\19920515VernonHitting.html --> ftp.mcasserly.com /mcasserly/falcons/history 19920515VernonHitting.html
2004.05.12 00:55 A C:\Documents and Settings\Michael Casserly\My Documents\Webmaster\mcasserly\falcons\history\19900814MRiveraThrowing.html --> ftp.mcasserly.com /mcasserly/falcons/history 19900814MRiveraThrowing.html
2004.05.12 00:55 A C:\Documents and Settings\Michael Casserly\My Documents\Webmaster\mcasserly\falcons\history\19890621GrimsleyAction.html --> ftp.mcasserly.com /mcasserly/falcons/history 19890621GrimsleyAction.html
2004.05.12 00:55 A C:\Documents and Settings\Michael Casserly\My Documents\Webmaster\mcasserly\falcons\history\19890501WilliamPregame.html --> ftp.mcasserly.com /mcasserly/falcons/history 19890501WilliamPregame.html
2004.05.12 00:55 B C:\Documents and Settings\Michael Casserly\My Documents\Webmaster\mcasserly\falcons\history\WS_FTP.LOG --> ftp.mcasserly.com /mcasserly/falcons/history WS_FTP.LOG
2004.05.15 00:37 A C:\Documents and Settings\Michael Casserly\My Documents\Webmaster\mcasserly\falcons\history\greatestmoments.html --> ftp.mcasserly.com /mcasserly/falcons/history greatestmoments.html
2004.05.15 00:37 A C:\Documents and Settings\Michael Casserly\My Documents\Webmaster\mcasserly\falcons\history\gallery.html --> ftp.mcasserly.com /mcasserly/falcons/history gallery.html
2004.05.15 00:37 A C:\Documents and Settings\Michael Casserly\My Documents\Webmaster\mcasserly\falcons\history\2002ChampionshipGame.html --> ftp.mcasserly.com /mcasserly/falcons/history 2002ChampionshipGame.html
2004.05.15 00:37 A C:\Documents and Settings\Michael Casserly\My Documents\Webmaster\mcasserly\falcons\history\19990730StanickHitting.html --> ftp.mcasserly.com /mcasserly/falcons/history 19990730StanickHitting.html
2004.05.15 00:37 A C:\Documents and Settings\Michael Casserly\My Documents\Webmaster\mcasserly\falcons\history\19930819CaulfieldHomeRun.html --> ftp.mcasserly.com /mcasserly/falcons/history 19930819CaulfieldHomeRun.html
2004.05.15 00:37 A C:\Documents and Settings\Michael Casserly\My Documents\Webmaster\mcasserly\falcons\history\19930623WilliamHitting.html --> ftp.mcasserly.com /mcasserly/falcons/history 19930623WilliamHitting.html
2004.05.15 00:38 A C:\Documents and Settings\Michael Casserly\My Documents\Webmaster\mcasserly\falcons\history\19920814PanasikAction.html --> ftp.mcasserly.com /mcasserly/falcons/history 19920814PanasikAction.html
2004.05.15 00:38 A C:\Documents and Settings\Michael Casserly\My Documents\Webmaster\mcasserly\falcons\history\19920515VernonHitting.html --> ftp.mcasserly.com /mcasserly/falcons/history 19920515VernonHitting.html
2004.05.15 00:38 A C:\Documents and Settings\Michael Casserly\My Documents\Webmaster\mcasserly\falcons\history\19900814MRiveraThrowing.html --> ftp.mcasserly.com /mcasserly/falcons/history 19900814MRiveraThrowing.html
2004.05.15 00:38 A C:\Documents and Settings\Michael Casserly\My Documents\Webmaster\mcasserly\falcons\history\19890621GrimsleyAction.html --> ftp.mcasserly.com /mcasserly/falcons/history 19890621GrimsleyAction.html
2004.05.15 00:38 A C:\Documents and Settings\Michael Casserly\My Documents\Webmaster\mcasserly\falcons\history\19890501WilliamPregame.html --> ftp.mcasserly.com /mcasserly/falcons/history 19890501WilliamPregame.html
2004.05.15 00:38 B C:\Documents and Settings\Michael Casserly\My Documents\Webmaster\mcasserly\falcons\history\WS_FTP.LOG --> ftp.mcasserly.com /mcasserly/falcons/history WS_FTP.LOG
2004.05.19 01:31 A C:\Documents and Settings\Michael Casserly\My Documents\Webmaster\mcasserly\falcons\history\greatestmoments.html --> ftp.mcasserly.com /mcasserly/falcons/history greatestmoments.html
2004.05.19 01:31 A C:\Documents and Settings\Michael Casserly\My Documents\Webmaster\mcasserly\falcons\history\gallery.html --> ftp.mcasserly.com /mcasserly/falcons/history gallery.html
2004.05.19 01:31 A C:\Documents and Settings\Michael Casserly\My Documents\Webmaster\mcasserly\falcons\history\2002ChampionshipGame.html --> ftp.mcasserly.com /mcasserly/falcons/history 2002ChampionshipGame.html
2004.05.19 01:31 A C:\Documents and Settings\Michael Casserly\My Documents\Webmaster\mcasserly\falcons\history\19990730StanickHitting.html --> ftp.mcasserly.com /mcasserly/falcons/history 19990730StanickHitting.html
2004.05.19 01:31 A C:\Documents and Settings\Michael Casserly\My Documents\Webmaster\mcasserly\falcons\history\19930819CaulfieldHomeRun.html --> ftp.mcasserly.com /mcasserly/falcons/history 19930819CaulfieldHomeRun.html
2004.05.19 01:31 A C:\Documents and Settings\Michael Casserly\My Documents\Webmaster\mcasserly\falcons\history\19930623WilliamHitting.html --> ftp.mcasserly.com /mcasserly/falcons/history 19930623WilliamHitting.html
2004.05.19 01:31 A C:\Documents and Settings\Michael Casserly\My Documents\Webmaster\mcasserly\falcons\history\19920814PanasikAction.html --> ftp.mcasserly.com /mcasserly/falcons/history 19920814PanasikAction.html
2004.05.19 01:31 A C:\Documents and Settings\Michael Casserly\My Documents\Webmaster\mcasserly\falcons\history\19920515VernonHitting.html --> ftp.mcasserly.com /mcasserly/falcons/history 19920515VernonHitting.html
2004.05.19 01:31 A C:\Documents and Settings\Michael Casserly\My Documents\Webmaster\mcasserly\falcons\history\19900814MRiveraThrowing.html --> ftp.mcasserly.com /mcasserly/falcons/history 19900814MRiveraThrowing.html
2004.05.19 01:31 A C:\Documents and Settings\Michael Casserly\My Documents\Webmaster\mcasserly\falcons\history\19890621GrimsleyAction.html --> ftp.mcasserly.com /mcasserly/falcons/history 19890621GrimsleyAction.html
2004.05.19 01:31 A C:\Documents and Settings\Michael Casserly\My Documents\Webmaster\mcasserly\falcons\history\19890501WilliamPregame.html --> ftp.mcasserly.com /mcasserly/falcons/history 19890501WilliamPregame.html
2004.05.19 01:31 B C:\Documents and Settings\Michael Casserly\My Documents\Webmaster\mcasserly\falcons\history\WS_FTP.LOG --> ftp.mcasserly.com /mcasserly/falcons/history WS_FTP.LOG
2004.09.10 15:39 A C:\Documents and Settings\Michael Casserly\My Documents\Webmaster\mcasserly\falcons\history\greatestmoments.html --> ftp.mcasserly.com /mcasserly/falcons/history greatestmoments.html
2004.09.10 15:39 A C:\Documents and Settings\Michael Casserly\My Documents\Webmaster\mcasserly\falcons\history\gallery.html --> ftp.mcasserly.com /mcasserly/falcons/history gallery.html
2004.09.10 15:39 A C:\Documents and Settings\Michael Casserly\My Documents\Webmaster\mcasserly\falcons\history\2002ChampionshipGame.html --> ftp.mcasserly.com /mcasserly/falcons/history 2002ChampionshipGame.html
2004.09.10 15:39 A C:\Documents and Settings\Michael Casserly\My Documents\Webmaster\mcasserly\falcons\history\19990730StanickHitting.html --> ftp.mcasserly.com /mcasserly/falcons/history 19990730StanickHitting.html
2004.09.10 15:39 A C:\Documents and Settings\Michael Casserly\My Documents\Webmaster\mcasserly\falcons\history\19930819CaulfieldHomeRun.html --> ftp.mcasserly.com /mcasserly/falcons/history 19930819CaulfieldHomeRun.html
2004.09.10 15:39 A C:\Documents and Settings\Michael Casserly\My Documents\Webmaster\mcasserly\falcons\history\19930623WilliamHitting.html --> ftp.mcasserly.com /mcasserly/falcons/history 19930623WilliamHitting.html
2004.09.10 15:39 A C:\Documents and Settings\Michael Casserly\My Documents\Webmaster\mcasserly\falcons\history\19920814PanasikAction.html --> ftp.mcasserly.com /mcasserly/falcons/history 19920814PanasikAction.html
2004.09.10 15:39 A C:\Documents and Settings\Michael Casserly\My Documents\Webmaster\mcasserly\falcons\history\19920515VernonHitting.html --> ftp.mcasserly.com /mcasserly/falcons/history 19920515VernonHitting.html
2004.09.10 15:39 A C:\Documents and Settings\Michael Casserly\My Documents\Webmaster\mcasserly\falcons\history\19900814MRiveraThrowing.html --> ftp.mcasserly.com /mcasserly/falcons/history 19900814MRiveraThrowing.html
2004.09.10 15:39 A C:\Documents and Settings\Michael Casserly\My Documents\Webmaster\mcasserly\falcons\history\19890621GrimsleyAction.html --> ftp.mcasserly.com /mcasserly/falcons/history 19890621GrimsleyAction.html
2004.09.10 15:39 A C:\Documents and Settings\Michael Casserly\My Documents\Webmaster\mcasserly\falcons\history\19890501WilliamPregame.html --> ftp.mcasserly.com /mcasserly/falcons/history 19890501WilliamPregame.html
2004.09.10 15:39 B C:\Documents and Settings\Michael Casserly\My Documents\Webmaster\mcasserly\falcons\history\WS_FTP.LOG --> ftp.mcasserly.com /mcasserly/falcons/history WS_FTP.LOG
2005.05.01 18:01 A C:\Documents and Settings\Michael Casserly\My Documents\Webmaster\mcasserly\falcons\history\greatestmoments.html --> ftp.mcasserly.com /mcasserly/falcons/history greatestmoments.html
2005.05.01 18:01 A C:\Documents and Settings\Michael Casserly\My Documents\Webmaster\mcasserly\falcons\history\gallery.html --> ftp.mcasserly.com /mcasserly/falcons/history gallery.html
2005.05.01 18:01 A C:\Documents and Settings\Michael Casserly\My Documents\Webmaster\mcasserly\falcons\history\2002ChampionshipGame.html --> ftp.mcasserly.com /mcasserly/falcons/history 2002ChampionshipGame.html
2005.05.01 18:01 A C:\Documents and Settings\Michael Casserly\My Documents\Webmaster\mcasserly\falcons\history\19990730StanickHitting.html --> ftp.mcasserly.com /mcasserly/falcons/history 19990730StanickHitting.html
2005.05.01 18:01 A C:\Documents and Settings\Michael Casserly\My Documents\Webmaster\mcasserly\falcons\history\19930819CaulfieldHomeRun.html --> ftp.mcasserly.com /mcasserly/falcons/history 19930819CaulfieldHomeRun.html
2005.05.01 18:01 A C:\Documents and Settings\Michael Casserly\My Documents\Webmaster\mcasserly\falcons\history\19930623WilliamHitting.html --> ftp.mcasserly.com /mcasserly/falcons/history 19930623WilliamHitting.html
2005.05.01 18:01 A C:\Documents and Settings\Michael Casserly\My Documents\Webmaster\mcasserly\falcons\history\19920814PanasikAction.html --> ftp.mcasserly.com /mcasserly/falcons/history 19920814PanasikAction.html
2005.05.01 18:01 A C:\Documents and Settings\Michael Casserly\My Documents\Webmaster\mcasserly\falcons\history\19920515VernonHitting.html --> ftp.mcasserly.com /mcasserly/falcons/history 19920515VernonHitting.html
2005.05.01 18:01 A C:\Documents and Settings\Michael Casserly\My Documents\Webmaster\mcasserly\falcons\history\19900814MRiveraThrowing.html --> ftp.mcasserly.com /mcasserly/falcons/history 19900814MRiveraThrowing.html
2005.05.01 18:01 A C:\Documents and Settings\Michael Casserly\My Documents\Webmaster\mcasserly\falcons\history\19890621GrimsleyAction.html --> ftp.mcasserly.com /mcasserly/falcons/history 19890621GrimsleyAction.html
2005.05.01 18:01 A C:\Documents and Settings\Michael Casserly\My Documents\Webmaster\mcasserly\falcons\history\19890501WilliamPregame.html --> ftp.mcasserly.com /mcasserly/falcons/history 19890501WilliamPregame.html
2005.05.01 18:01 B C:\Documents and Settings\Michael Casserly\My Documents\Webmaster\mcasserly\falcons\history\WS_FTP.LOG --> ftp.mcasserly.com /mcasserly/falcons/history WS_FTP.LOG
2005.05.04 21:22 A C:\Documents and Settings\Michael Casserly\My Documents\Webmaster\mcasserly\falcons\history\20040609game_slides_1.html --> ftp.mcasserly.com /mcasserly/falcons/history 20040609game_slides_1.html
2005.05.04 21:22 A C:\Documents and Settings\Michael Casserly\My Documents\Webmaster\mcasserly\falcons\history\20040609game_slides_2.html --> ftp.mcasserly.com /mcasserly/falcons/history 20040609game_slides_2.html
2005.05.04 21:47 A C:\Documents and Settings\Michael Casserly\My Documents\Webmaster\mcasserly\falcons\history\20040609game_slides_2.html --> ftp.mcasserly.com /mcasserly/falcons/history 20040609game_slides_2.html
2005.05.04 21:47 A C:\Documents and Settings\Michael Casserly\My Documents\Webmaster\mcasserly\falcons\history\20040609game_slides_1.html --> ftp.mcasserly.com /mcasserly/falcons/history 20040609game_slides_1.html
2005.05.04 21:47 A C:\Documents and Settings\Michael Casserly\My Documents\Webmaster\mcasserly\falcons\history\gallery.html --> ftp.mcasserly.com /mcasserly/falcons/history gallery.html
2005.05.04 21:47 A C:\Documents and Settings\Michael Casserly\My Documents\Webmaster\mcasserly\falcons\history\19990730StanickHitting.html --> ftp.mcasserly.com /mcasserly/falcons/history 19990730StanickHitting.html
2005.05.04 21:47 A C:\Documents and Settings\Michael Casserly\My Documents\Webmaster\mcasserly\falcons\history\19930819CaulfieldHomeRun.html --> ftp.mcasserly.com /mcasserly/falcons/history 19930819CaulfieldHomeRun.html
2005.05.04 21:47 A C:\Documents and Settings\Michael Casserly\My Documents\Webmaster\mcasserly\falcons\history\19930623WilliamHitting.html --> ftp.mcasserly.com /mcasserly/falcons/history 19930623WilliamHitting.html
2005.05.04 21:47 A C:\Documents and Settings\Michael Casserly\My Documents\Webmaster\mcasserly\falcons\history\19920814PanasikAction.html --> ftp.mcasserly.com /mcasserly/falcons/history 19920814PanasikAction.html
2005.05.04 21:47 A C:\Documents and Settings\Michael Casserly\My Documents\Webmaster\mcasserly\falcons\history\19920515VernonHitting.html --> ftp.mcasserly.com /mcasserly/falcons/history 19920515VernonHitting.html
2005.05.04 21:47 A C:\Documents and Settings\Michael Casserly\My Documents\Webmaster\mcasserly\falcons\history\19900814MRiveraThrowing.html --> ftp.mcasserly.com /mcasserly/falcons/history 19900814MRiveraThrowing.html
2005.05.04 21:47 A C:\Documents and Settings\Michael Casserly\My Documents\Webmaster\mcasserly\falcons\history\19890621GrimsleyAction.html --> ftp.mcasserly.com /mcasserly/falcons/history 19890621GrimsleyAction.html
2005.05.04 21:47 A C:\Documents and Settings\Michael Casserly\My Documents\Webmaster\mcasserly\falcons\history\19890501WilliamPregame.html --> ftp.mcasserly.com /mcasserly/falcons/history 19890501WilliamPregame.html
2005.05.04 21:47 A C:\Documents and Settings\Michael Casserly\My Documents\Webmaster\mcasserly\falcons\history\greatestmoments.html --> ftp.mcasserly.com /mcasserly/falcons/history greatestmoments.html
2005.05.04 21:47 A C:\Documents and Settings\Michael Casserly\My Documents\Webmaster\mcasserly\falcons\history\2002ChampionshipGame.html --> ftp.mcasserly.com /mcasserly/falcons/history 2002ChampionshipGame.html
2005.05.04 21:54 A C:\Documents and Settings\Michael Casserly\My Documents\Webmaster\mcasserly\falcons\history\gallery.html --> ftp.mcasserly.com /mcasserly/falcons/history gallery.html
2005.06.05 16:46 A C:\Documents and Settings\Michael Casserly\My Documents\Webmaster\mcasserly\falcons\history\20040609game_slides_2.html --> ftp.mcasserly.com /mcasserly/falcons/history 20040609game_slides_2.html
2005.06.05 16:46 A C:\Documents and Settings\Michael Casserly\My Documents\Webmaster\mcasserly\falcons\history\20040609game_slides_1.html --> ftp.mcasserly.com /mcasserly/falcons/history 20040609game_slides_1.html
2005.07.06 22:44 A C:\Documents and Settings\Michael Casserly\My Documents\Webmaster\mcasserly\falcons\history\greatestmoments.html --> ftp.mcasserly.com /mcasserly/falcons/history greatestmoments.html
2005.07.06 22:44 A C:\Documents and Settings\Michael Casserly\My Documents\Webmaster\mcasserly\falcons\history\gallery.html --> ftp.mcasserly.com /mcasserly/falcons/history gallery.html
2005.07.06 22:44 A C:\Documents and Settings\Michael Casserly\My Documents\Webmaster\mcasserly\falcons\history\20040609game_slides_2.html --> ftp.mcasserly.com /mcasserly/falcons/history 20040609game_slides_2.html
2005.07.06 22:44 A C:\Documents and Settings\Michael Casserly\My Documents\Webmaster\mcasserly\falcons\history\20040609game_slides_1.html --> ftp.mcasserly.com /mcasserly/falcons/history 20040609game_slides_1.html
2005.07.06 22:45 A C:\Documents and Settings\Michael Casserly\My Documents\Webmaster\mcasserly\falcons\history\20040609game_g2.html --> ftp.mcasserly.com /mcasserly/falcons/history 20040609game_g2.html
2005.07.06 22:45 A C:\Documents and Settings\Michael Casserly\My Documents\Webmaster\mcasserly\falcons\history\20040609game_g.html --> ftp.mcasserly.com /mcasserly/falcons/history 20040609game_g.html
2005.07.06 22:45 A C:\Documents and Settings\Michael Casserly\My Documents\Webmaster\mcasserly\falcons\history\20040609game_c2.html --> ftp.mcasserly.com /mcasserly/falcons/history 20040609game_c2.html
2005.07.06 22:45 A C:\Documents and Settings\Michael Casserly\My Documents\Webmaster\mcasserly\falcons\history\20040609game_c.html --> ftp.mcasserly.com /mcasserly/falcons/history 20040609game_c.html
2005.07.06 22:45 A C:\Documents and Settings\Michael Casserly\My Documents\Webmaster\mcasserly\falcons\history\2002ChampionshipGame.html --> ftp.mcasserly.com /mcasserly/falcons/history 2002ChampionshipGame.html
2005.07.06 22:45 A C:\Documents and Settings\Michael Casserly\My Documents\Webmaster\mcasserly\falcons\history\19990730StanickHitting.html --> ftp.mcasserly.com /mcasserly/falcons/history 19990730StanickHitting.html
2005.07.06 22:45 A C:\Documents and Settings\Michael Casserly\My Documents\Webmaster\mcasserly\falcons\history\19930819CaulfieldHomeRun.html --> ftp.mcasserly.com /mcasserly/falcons/history 19930819CaulfieldHomeRun.html
2005.07.06 22:45 A C:\Documents and Settings\Michael Casserly\My Documents\Webmaster\mcasserly\falcons\history\19930623WilliamHitting.html --> ftp.mcasserly.com /mcasserly/falcons/history 19930623WilliamHitting.html
2005.07.06 22:45 A C:\Documents and Settings\Michael Casserly\My Documents\Webmaster\mcasserly\falcons\history\19920814PanasikAction.html --> ftp.mcasserly.com /mcasserly/falcons/history 19920814PanasikAction.html
2005.07.06 22:45 A C:\Documents and Settings\Michael Casserly\My Documents\Webmaster\mcasserly\falcons\history\19920515VernonHitting.html --> ftp.mcasserly.com /mcasserly/falcons/history 19920515VernonHitting.html
2005.07.06 22:45 A C:\Documents and Settings\Michael Casserly\My Documents\Webmaster\mcasserly\falcons\history\19900814MRiveraThrowing.html --> ftp.mcasserly.com /mcasserly/falcons/history 19900814MRiveraThrowing.html
2005.07.06 22:45 A C:\Documents and Settings\Michael Casserly\My Documents\Webmaster\mcasserly\falcons\history\19890621GrimsleyAction.html --> ftp.mcasserly.com /mcasserly/falcons/history 19890621GrimsleyAction.html
2005.07.06 22:45 A C:\Documents and Settings\Michael Casserly\My Documents\Webmaster\mcasserly\falcons\history\19890501WilliamPregame.html --> ftp.mcasserly.com /mcasserly/falcons/history 19890501WilliamPregame.html
2005.07.06 22:45 B C:\Documents and Settings\Michael Casserly\My Documents\Webmaster\mcasserly\falcons\history\WS_FTP.LOG --> ftp.mcasserly.com /mcasserly/falcons/history WS_FTP.LOG
2005.11.16 22:38 A C:\Documents and Settings\Michael Casserly\My Documents\Webmaster\mcasserly\falcons\history\19990730StanickHitting.html --> ftp.mcasserly.com /mcasserly/falcons/history 19990730StanickHitting.html
2005.11.16 22:38 A C:\Documents and Settings\Michael Casserly\My Documents\Webmaster\mcasserly\falcons\history\19930819CaulfieldHomeRun.html --> ftp.mcasserly.com /mcasserly/falcons/history 19930819CaulfieldHomeRun.html
2005.11.16 22:38 A C:\Documents and Settings\Michael Casserly\My Documents\Webmaster\mcasserly\falcons\history\19930623WilliamHitting.html --> ftp.mcasserly.com /mcasserly/falcons/history 19930623WilliamHitting.html
2005.11.16 22:38 A C:\Documents and Settings\Michael Casserly\My Documents\Webmaster\mcasserly\falcons\history\19920814PanasikAction.html --> ftp.mcasserly.com /mcasserly/falcons/history 19920814PanasikAction.html
2005.11.16 22:38 A C:\Documents and Settings\Michael Casserly\My Documents\Webmaster\mcasserly\falcons\history\19920515VernonHitting.html --> ftp.mcasserly.com /mcasserly/falcons/history 19920515VernonHitting.html
2005.11.16 22:38 A C:\Documents and Settings\Michael Casserly\My Documents\Webmaster\mcasserly\falcons\history\19900814MRiveraThrowing.html --> ftp.mcasserly.com /mcasserly/falcons/history 19900814MRiveraThrowing.html
2005.11.16 22:38 A C:\Documents and Settings\Michael Casserly\My Documents\Webmaster\mcasserly\falcons\history\19890621GrimsleyAction.html --> ftp.mcasserly.com /mcasserly/falcons/history 19890621GrimsleyAction.html
2005.11.16 22:38 A C:\Documents and Settings\Michael Casserly\My Documents\Webmaster\mcasserly\falcons\history\19890501WilliamPregame.html --> ftp.mcasserly.com /mcasserly/falcons/history 19890501WilliamPregame.html
