2001.02.05 13:56 A D:\blackwateroldhead\stats\index.html --> ftp.geocities.com /blackwateroldhead/stats/ index.html
2001.02.05 13:56 A D:\blackwateroldhead\stats\index.html --> ftp.geocities.com /blackwateroldhead/stats index.html
2001.02.06 10:01 A D:\blackwateroldhead\stats\index.html --> ftp.geocities.com /blackwateroldhead/stats index.html
2001.02.12 09:23 A D:\blackwateroldhead\stats\index.html --> ftp.geocities.com /blackwateroldhead/stats index.html
2001.07.23 20:43 A D:\blackwateroldhead\stats\index.html --> ftp.geocities.com /blackwateroldhead/stats index.html
2004.03.17 18:16 A C:\Documents and Settings\Michael Casserly\My Documents\Webmaster\axafalcons\stats\2002.html --> ftp.mcasserly.com /mcasserly/falcons/stats 2002.html
2004.03.17 18:16 A C:\Documents and Settings\Michael Casserly\My Documents\Webmaster\axafalcons\stats\2002ps.html --> ftp.mcasserly.com /mcasserly/falcons/stats 2002ps.html
2004.03.17 18:16 A C:\Documents and Settings\Michael Casserly\My Documents\Webmaster\axafalcons\stats\2002rs.html --> ftp.mcasserly.com /mcasserly/falcons/stats 2002rs.html
2004.03.17 18:16 A C:\Documents and Settings\Michael Casserly\My Documents\Webmaster\axafalcons\stats\2003.html --> ftp.mcasserly.com /mcasserly/falcons/stats 2003.html
2004.03.17 18:16 A C:\Documents and Settings\Michael Casserly\My Documents\Webmaster\axafalcons\stats\2003ps.html --> ftp.mcasserly.com /mcasserly/falcons/stats 2003ps.html
2004.03.17 18:16 A C:\Documents and Settings\Michael Casserly\My Documents\Webmaster\axafalcons\stats\2003rs.html --> ftp.mcasserly.com /mcasserly/falcons/stats 2003rs.html
2004.03.17 18:16 A C:\Documents and Settings\Michael Casserly\My Documents\Webmaster\axafalcons\stats\index.html --> ftp.mcasserly.com /mcasserly/falcons/stats index.html
2004.03.17 18:16 B C:\Documents and Settings\Michael Casserly\My Documents\Webmaster\axafalcons\stats\WS_FTP.LOG --> ftp.mcasserly.com /mcasserly/falcons/stats WS_FTP.LOG
2004.04.27 00:45 B C:\Documents and Settings\Michael Casserly\My Documents\Webmaster\mcasserly\falcons\stats\WS_FTP.LOG --> ftp.mcasserly.com /mcasserly/falcons/stats WS_FTP.LOG
2004.04.27 17:39 B C:\Documents and Settings\Michael Casserly\My Documents\Webmaster\mcasserly\falcons\stats\WS_FTP.LOG --> ftp.mcasserly.com /mcasserly/falcons/stats WS_FTP.LOG
2004.05.03 17:12 A C:\Documents and Settings\Michael Casserly\My Documents\Webmaster\mcasserly\falcons\stats\index.html --> ftp.mcasserly.com /mcasserly/falcons/stats index.html
2004.05.03 17:12 A C:\Documents and Settings\Michael Casserly\My Documents\Webmaster\mcasserly\falcons\stats\2003rs.html --> ftp.mcasserly.com /mcasserly/falcons/stats 2003rs.html
2004.05.03 17:12 A C:\Documents and Settings\Michael Casserly\My Documents\Webmaster\mcasserly\falcons\stats\2003ps.html --> ftp.mcasserly.com /mcasserly/falcons/stats 2003ps.html
2004.05.03 17:12 A C:\Documents and Settings\Michael Casserly\My Documents\Webmaster\mcasserly\falcons\stats\2003.html --> ftp.mcasserly.com /mcasserly/falcons/stats 2003.html
2004.05.03 17:12 A C:\Documents and Settings\Michael Casserly\My Documents\Webmaster\mcasserly\falcons\stats\2002rs.html --> ftp.mcasserly.com /mcasserly/falcons/stats 2002rs.html
2004.05.03 17:12 A C:\Documents and Settings\Michael Casserly\My Documents\Webmaster\mcasserly\falcons\stats\2002ps.html --> ftp.mcasserly.com /mcasserly/falcons/stats 2002ps.html
2004.05.03 17:12 A C:\Documents and Settings\Michael Casserly\My Documents\Webmaster\mcasserly\falcons\stats\2002.html --> ftp.mcasserly.com /mcasserly/falcons/stats 2002.html
2004.05.03 17:12 B C:\Documents and Settings\Michael Casserly\My Documents\Webmaster\mcasserly\falcons\stats\WS_FTP.LOG --> ftp.mcasserly.com /mcasserly/falcons/stats WS_FTP.LOG
2004.05.06 21:38 A C:\Documents and Settings\Michael Casserly\My Documents\Webmaster\mcasserly\falcons\stats\index.html --> ftp.mcasserly.com /mcasserly/falcons/stats index.html
2004.05.06 21:38 A C:\Documents and Settings\Michael Casserly\My Documents\Webmaster\mcasserly\falcons\stats\2003rs.html --> ftp.mcasserly.com /mcasserly/falcons/stats 2003rs.html
2004.05.06 21:39 A C:\Documents and Settings\Michael Casserly\My Documents\Webmaster\mcasserly\falcons\stats\2003ps.html --> ftp.mcasserly.com /mcasserly/falcons/stats 2003ps.html
2004.05.06 21:39 A C:\Documents and Settings\Michael Casserly\My Documents\Webmaster\mcasserly\falcons\stats\2003.html --> ftp.mcasserly.com /mcasserly/falcons/stats 2003.html
2004.05.06 21:39 A C:\Documents and Settings\Michael Casserly\My Documents\Webmaster\mcasserly\falcons\stats\2002rs.html --> ftp.mcasserly.com /mcasserly/falcons/stats 2002rs.html
2004.05.06 21:39 A C:\Documents and Settings\Michael Casserly\My Documents\Webmaster\mcasserly\falcons\stats\2002ps.html --> ftp.mcasserly.com /mcasserly/falcons/stats 2002ps.html
2004.05.06 21:39 A C:\Documents and Settings\Michael Casserly\My Documents\Webmaster\mcasserly\falcons\stats\2002.html --> ftp.mcasserly.com /mcasserly/falcons/stats 2002.html
2004.05.06 21:39 B C:\Documents and Settings\Michael Casserly\My Documents\Webmaster\mcasserly\falcons\stats\WS_FTP.LOG --> ftp.mcasserly.com /mcasserly/falcons/stats WS_FTP.LOG
2004.05.12 00:56 A C:\Documents and Settings\Michael Casserly\My Documents\Webmaster\mcasserly\falcons\stats\index.html --> ftp.mcasserly.com /mcasserly/falcons/stats index.html
2004.05.12 00:56 A C:\Documents and Settings\Michael Casserly\My Documents\Webmaster\mcasserly\falcons\stats\2003.html --> ftp.mcasserly.com /mcasserly/falcons/stats 2003.html
2004.05.12 00:56 A C:\Documents and Settings\Michael Casserly\My Documents\Webmaster\mcasserly\falcons\stats\2002.html --> ftp.mcasserly.com /mcasserly/falcons/stats 2002.html
2004.05.12 00:56 A C:\Documents and Settings\Michael Casserly\My Documents\Webmaster\mcasserly\falcons\stats\2003rs.html --> ftp.mcasserly.com /mcasserly/falcons/stats 2003rs.html
2004.05.12 00:56 A C:\Documents and Settings\Michael Casserly\My Documents\Webmaster\mcasserly\falcons\stats\2003ps.html --> ftp.mcasserly.com /mcasserly/falcons/stats 2003ps.html
2004.05.12 00:56 A C:\Documents and Settings\Michael Casserly\My Documents\Webmaster\mcasserly\falcons\stats\2002rs.html --> ftp.mcasserly.com /mcasserly/falcons/stats 2002rs.html
2004.05.12 00:56 A C:\Documents and Settings\Michael Casserly\My Documents\Webmaster\mcasserly\falcons\stats\2002ps.html --> ftp.mcasserly.com /mcasserly/falcons/stats 2002ps.html
2004.05.12 00:56 B C:\Documents and Settings\Michael Casserly\My Documents\Webmaster\mcasserly\falcons\stats\WS_FTP.LOG --> ftp.mcasserly.com /mcasserly/falcons/stats WS_FTP.LOG
2004.05.12 01:15 A C:\Documents and Settings\Michael Casserly\My Documents\Webmaster\mcasserly\falcons\stats\2003rs.html --> ftp.mcasserly.com /mcasserly/falcons/stats 2003rs.html
2004.05.12 01:16 A C:\Documents and Settings\Michael Casserly\My Documents\Webmaster\mcasserly\falcons\stats\2003ps.html --> ftp.mcasserly.com /mcasserly/falcons/stats 2003ps.html
2004.05.12 01:16 A C:\Documents and Settings\Michael Casserly\My Documents\Webmaster\mcasserly\falcons\stats\2002rs.html --> ftp.mcasserly.com /mcasserly/falcons/stats 2002rs.html
2004.05.12 01:16 A C:\Documents and Settings\Michael Casserly\My Documents\Webmaster\mcasserly\falcons\stats\2002ps.html --> ftp.mcasserly.com /mcasserly/falcons/stats 2002ps.html
2004.05.12 01:16 B C:\Documents and Settings\Michael Casserly\My Documents\Webmaster\mcasserly\falcons\stats\WS_FTP.LOG --> ftp.mcasserly.com /mcasserly/falcons/stats WS_FTP.LOG
2004.05.12 01:16 A C:\Documents and Settings\Michael Casserly\My Documents\Webmaster\mcasserly\falcons\stats\index.html --> ftp.mcasserly.com /mcasserly/falcons/stats index.html
2004.05.12 01:16 A C:\Documents and Settings\Michael Casserly\My Documents\Webmaster\mcasserly\falcons\stats\2003.html --> ftp.mcasserly.com /mcasserly/falcons/stats 2003.html
2004.05.12 01:16 A C:\Documents and Settings\Michael Casserly\My Documents\Webmaster\mcasserly\falcons\stats\2002.html --> ftp.mcasserly.com /mcasserly/falcons/stats 2002.html
2004.05.15 00:37 A C:\Documents and Settings\Michael Casserly\My Documents\Webmaster\mcasserly\falcons\stats\index.html --> ftp.mcasserly.com /mcasserly/falcons/stats index.html
2004.05.15 00:37 A C:\Documents and Settings\Michael Casserly\My Documents\Webmaster\mcasserly\falcons\stats\2003rs.html --> ftp.mcasserly.com /mcasserly/falcons/stats 2003rs.html
2004.05.15 00:37 A C:\Documents and Settings\Michael Casserly\My Documents\Webmaster\mcasserly\falcons\stats\2003ps.html --> ftp.mcasserly.com /mcasserly/falcons/stats 2003ps.html
2004.05.15 00:37 A C:\Documents and Settings\Michael Casserly\My Documents\Webmaster\mcasserly\falcons\stats\2003.html --> ftp.mcasserly.com /mcasserly/falcons/stats 2003.html
2004.05.15 00:37 A C:\Documents and Settings\Michael Casserly\My Documents\Webmaster\mcasserly\falcons\stats\2002rs.html --> ftp.mcasserly.com /mcasserly/falcons/stats 2002rs.html
2004.05.15 00:37 A C:\Documents and Settings\Michael Casserly\My Documents\Webmaster\mcasserly\falcons\stats\2002ps.html --> ftp.mcasserly.com /mcasserly/falcons/stats 2002ps.html
2004.05.15 00:37 A C:\Documents and Settings\Michael Casserly\My Documents\Webmaster\mcasserly\falcons\stats\2002.html --> ftp.mcasserly.com /mcasserly/falcons/stats 2002.html
2004.05.15 00:37 B C:\Documents and Settings\Michael Casserly\My Documents\Webmaster\mcasserly\falcons\stats\WS_FTP.LOG --> ftp.mcasserly.com /mcasserly/falcons/stats WS_FTP.LOG
2004.05.19 01:31 A C:\Documents and Settings\Michael Casserly\My Documents\Webmaster\mcasserly\falcons\stats\index.html --> ftp.mcasserly.com /mcasserly/falcons/stats index.html
2004.05.19 01:31 A C:\Documents and Settings\Michael Casserly\My Documents\Webmaster\mcasserly\falcons\stats\2003rs.html --> ftp.mcasserly.com /mcasserly/falcons/stats 2003rs.html
2004.05.19 01:31 A C:\Documents and Settings\Michael Casserly\My Documents\Webmaster\mcasserly\falcons\stats\2003ps.html --> ftp.mcasserly.com /mcasserly/falcons/stats 2003ps.html
2004.05.19 01:31 A C:\Documents and Settings\Michael Casserly\My Documents\Webmaster\mcasserly\falcons\stats\2003.html --> ftp.mcasserly.com /mcasserly/falcons/stats 2003.html
2004.05.19 01:31 A C:\Documents and Settings\Michael Casserly\My Documents\Webmaster\mcasserly\falcons\stats\2002rs.html --> ftp.mcasserly.com /mcasserly/falcons/stats 2002rs.html
2004.05.19 01:31 A C:\Documents and Settings\Michael Casserly\My Documents\Webmaster\mcasserly\falcons\stats\2002ps.html --> ftp.mcasserly.com /mcasserly/falcons/stats 2002ps.html
2004.05.19 01:31 A C:\Documents and Settings\Michael Casserly\My Documents\Webmaster\mcasserly\falcons\stats\2002.html --> ftp.mcasserly.com /mcasserly/falcons/stats 2002.html
2004.05.19 01:31 B C:\Documents and Settings\Michael Casserly\My Documents\Webmaster\mcasserly\falcons\stats\WS_FTP.LOG --> ftp.mcasserly.com /mcasserly/falcons/stats WS_FTP.LOG
2004.09.10 15:39 A C:\Documents and Settings\Michael Casserly\My Documents\Webmaster\mcasserly\falcons\stats\index.html --> ftp.mcasserly.com /mcasserly/falcons/stats index.html
2004.09.10 15:39 A C:\Documents and Settings\Michael Casserly\My Documents\Webmaster\mcasserly\falcons\stats\2003rs.html --> ftp.mcasserly.com /mcasserly/falcons/stats 2003rs.html
2004.09.10 15:39 A C:\Documents and Settings\Michael Casserly\My Documents\Webmaster\mcasserly\falcons\stats\2003ps.html --> ftp.mcasserly.com /mcasserly/falcons/stats 2003ps.html
2004.09.10 15:39 A C:\Documents and Settings\Michael Casserly\My Documents\Webmaster\mcasserly\falcons\stats\2003.html --> ftp.mcasserly.com /mcasserly/falcons/stats 2003.html
2004.09.10 15:39 A C:\Documents and Settings\Michael Casserly\My Documents\Webmaster\mcasserly\falcons\stats\2002rs.html --> ftp.mcasserly.com /mcasserly/falcons/stats 2002rs.html
2004.09.10 15:39 A C:\Documents and Settings\Michael Casserly\My Documents\Webmaster\mcasserly\falcons\stats\2002ps.html --> ftp.mcasserly.com /mcasserly/falcons/stats 2002ps.html
2004.09.10 15:39 A C:\Documents and Settings\Michael Casserly\My Documents\Webmaster\mcasserly\falcons\stats\2002.html --> ftp.mcasserly.com /mcasserly/falcons/stats 2002.html
2004.09.10 15:39 B C:\Documents and Settings\Michael Casserly\My Documents\Webmaster\mcasserly\falcons\stats\WS_FTP.LOG --> ftp.mcasserly.com /mcasserly/falcons/stats WS_FTP.LOG
2005.05.01 16:19 A C:\Documents and Settings\Michael Casserly\My Documents\Webmaster\mcasserly\falcons\stats\2004rs.html --> ftp.mcasserly.com /mcasserly/falcons/stats 2004rs.html
2005.05.01 16:19 A C:\Documents and Settings\Michael Casserly\My Documents\Webmaster\mcasserly\falcons\stats\2004ps.html --> ftp.mcasserly.com /mcasserly/falcons/stats 2004ps.html
2005.05.01 16:19 A C:\Documents and Settings\Michael Casserly\My Documents\Webmaster\mcasserly\falcons\stats\index.html --> ftp.mcasserly.com /mcasserly/falcons/stats index.html
2005.05.01 16:20 A C:\Documents and Settings\Michael Casserly\My Documents\Webmaster\mcasserly\falcons\stats\2004.html --> ftp.mcasserly.com /mcasserly/falcons/stats 2004.html
2005.05.01 16:20 A C:\Documents and Settings\Michael Casserly\My Documents\Webmaster\mcasserly\falcons\stats\2002.html --> ftp.mcasserly.com /mcasserly/falcons/stats 2002.html
2005.05.01 16:20 A C:\Documents and Settings\Michael Casserly\My Documents\Webmaster\mcasserly\falcons\stats\2003.html --> ftp.mcasserly.com /mcasserly/falcons/stats 2003.html
2005.05.01 16:20 A C:\Documents and Settings\Michael Casserly\My Documents\Webmaster\mcasserly\falcons\stats\2003rs.html --> ftp.mcasserly.com /mcasserly/falcons/stats 2003rs.html
2005.05.01 16:21 A C:\Documents and Settings\Michael Casserly\My Documents\Webmaster\mcasserly\falcons\stats\2003ps.html --> ftp.mcasserly.com /mcasserly/falcons/stats 2003ps.html
2005.05.01 16:21 A C:\Documents and Settings\Michael Casserly\My Documents\Webmaster\mcasserly\falcons\stats\2002rs.html --> ftp.mcasserly.com /mcasserly/falcons/stats 2002rs.html
2005.05.01 16:21 A C:\Documents and Settings\Michael Casserly\My Documents\Webmaster\mcasserly\falcons\stats\2002ps.html --> ftp.mcasserly.com /mcasserly/falcons/stats 2002ps.html
2005.05.01 16:31 A C:\Documents and Settings\Michael Casserly\My Documents\Webmaster\mcasserly\falcons\stats\2004rs.html --> ftp.mcasserly.com /mcasserly/falcons/stats 2004rs.html
2005.05.01 16:32 A C:\Documents and Settings\Michael Casserly\My Documents\Webmaster\mcasserly\falcons\stats\2004ps.html --> ftp.mcasserly.com /mcasserly/falcons/stats 2004ps.html
2005.05.01 16:32 A C:\Documents and Settings\Michael Casserly\My Documents\Webmaster\mcasserly\falcons\stats\index.html --> ftp.mcasserly.com /mcasserly/falcons/stats index.html
2005.05.01 16:33 A C:\Documents and Settings\Michael Casserly\My Documents\Webmaster\mcasserly\falcons\stats\2004.html --> ftp.mcasserly.com /mcasserly/falcons/stats 2004.html
2005.05.01 16:33 A C:\Documents and Settings\Michael Casserly\My Documents\Webmaster\mcasserly\falcons\stats\2002.html --> ftp.mcasserly.com /mcasserly/falcons/stats 2002.html
2005.05.01 16:33 A C:\Documents and Settings\Michael Casserly\My Documents\Webmaster\mcasserly\falcons\stats\2003.html --> ftp.mcasserly.com /mcasserly/falcons/stats 2003.html
2005.05.01 17:56 A C:\Documents and Settings\Michael Casserly\My Documents\Webmaster\mcasserly\falcons\stats\index.html --> ftp.mcasserly.com /mcasserly/falcons/stats index.html
2005.05.01 17:56 A C:\Documents and Settings\Michael Casserly\My Documents\Webmaster\mcasserly\falcons\stats\2004rs.html --> ftp.mcasserly.com /mcasserly/falcons/stats 2004rs.html
2005.05.01 17:56 A C:\Documents and Settings\Michael Casserly\My Documents\Webmaster\mcasserly\falcons\stats\2004ps.html --> ftp.mcasserly.com /mcasserly/falcons/stats 2004ps.html
2005.05.01 17:56 A C:\Documents and Settings\Michael Casserly\My Documents\Webmaster\mcasserly\falcons\stats\2004.html --> ftp.mcasserly.com /mcasserly/falcons/stats 2004.html
2005.05.01 17:56 A C:\Documents and Settings\Michael Casserly\My Documents\Webmaster\mcasserly\falcons\stats\2003rs.html --> ftp.mcasserly.com /mcasserly/falcons/stats 2003rs.html
2005.05.01 17:56 A C:\Documents and Settings\Michael Casserly\My Documents\Webmaster\mcasserly\falcons\stats\2003ps.html --> ftp.mcasserly.com /mcasserly/falcons/stats 2003ps.html
2005.05.01 17:56 A C:\Documents and Settings\Michael Casserly\My Documents\Webmaster\mcasserly\falcons\stats\2003.html --> ftp.mcasserly.com /mcasserly/falcons/stats 2003.html
2005.05.01 17:56 A C:\Documents and Settings\Michael Casserly\My Documents\Webmaster\mcasserly\falcons\stats\2002rs.html --> ftp.mcasserly.com /mcasserly/falcons/stats 2002rs.html
2005.05.01 17:56 A C:\Documents and Settings\Michael Casserly\My Documents\Webmaster\mcasserly\falcons\stats\2002ps.html --> ftp.mcasserly.com /mcasserly/falcons/stats 2002ps.html
2005.05.01 17:56 A C:\Documents and Settings\Michael Casserly\My Documents\Webmaster\mcasserly\falcons\stats\2002.html --> ftp.mcasserly.com /mcasserly/falcons/stats 2002.html
2005.05.01 17:56 B C:\Documents and Settings\Michael Casserly\My Documents\Webmaster\mcasserly\falcons\stats\WS_FTP.LOG --> ftp.mcasserly.com /mcasserly/falcons/stats WS_FTP.LOG
2005.05.01 18:18 A C:\Documents and Settings\Michael Casserly\My Documents\Webmaster\mcasserly\falcons\stats\2004rs.html --> ftp.mcasserly.com /mcasserly/falcons/stats 2004rs.html
2005.05.01 18:18 A C:\Documents and Settings\Michael Casserly\My Documents\Webmaster\mcasserly\falcons\stats\2004ps.html --> ftp.mcasserly.com /mcasserly/falcons/stats 2004ps.html
2005.07.06 22:47 A C:\Documents and Settings\Michael Casserly\My Documents\Webmaster\mcasserly\falcons\stats\index.html --> ftp.mcasserly.com /mcasserly/falcons/stats index.html
2005.07.06 22:47 A C:\Documents and Settings\Michael Casserly\My Documents\Webmaster\mcasserly\falcons\stats\2004.html --> ftp.mcasserly.com /mcasserly/falcons/stats 2004.html
2005.07.06 22:47 A C:\Documents and Settings\Michael Casserly\My Documents\Webmaster\mcasserly\falcons\stats\2003.html --> ftp.mcasserly.com /mcasserly/falcons/stats 2003.html
2005.07.06 22:47 A C:\Documents and Settings\Michael Casserly\My Documents\Webmaster\mcasserly\falcons\stats\2002.html --> ftp.mcasserly.com /mcasserly/falcons/stats 2002.html
2005.07.06 22:47 A C:\Documents and Settings\Michael Casserly\My Documents\Webmaster\mcasserly\falcons\stats\2004ps.html --> ftp.mcasserly.com /mcasserly/falcons/stats 2004ps.html
2005.07.06 22:47 A C:\Documents and Settings\Michael Casserly\My Documents\Webmaster\mcasserly\falcons\stats\2004rs.html --> ftp.mcasserly.com /mcasserly/falcons/stats 2004rs.html
2005.07.06 22:47 B C:\Documents and Settings\Michael Casserly\My Documents\Webmaster\mcasserly\falcons\stats\WS_FTP.LOG --> ftp.mcasserly.com /mcasserly/falcons/stats WS_FTP.LOG
2005.07.06 22:47 A C:\Documents and Settings\Michael Casserly\My Documents\Webmaster\mcasserly\falcons\stats\2003rs.html --> ftp.mcasserly.com /mcasserly/falcons/stats 2003rs.html
2005.07.06 22:47 A C:\Documents and Settings\Michael Casserly\My Documents\Webmaster\mcasserly\falcons\stats\2003ps.html --> ftp.mcasserly.com /mcasserly/falcons/stats 2003ps.html
2005.07.06 22:47 A C:\Documents and Settings\Michael Casserly\My Documents\Webmaster\mcasserly\falcons\stats\2002rs.html --> ftp.mcasserly.com /mcasserly/falcons/stats 2002rs.html
2005.07.06 22:47 A C:\Documents and Settings\Michael Casserly\My Documents\Webmaster\mcasserly\falcons\stats\2002ps.html --> ftp.mcasserly.com /mcasserly/falcons/stats 2002ps.html
