2004.03.17 18:09 A C:\Documents and Settings\Michael Casserly\My Documents\Webmaster\axafalcons\falconsnest\20030424_Vol16_1.html --> ftp.mcasserly.com /mcasserly/falcons/falconsnest 20030424_Vol16_1.html
2004.03.17 18:09 B C:\Documents and Settings\Michael Casserly\My Documents\Webmaster\axafalcons\falconsnest\20030424_Vol16_1.jpg --> ftp.mcasserly.com /mcasserly/falcons/falconsnest 20030424_Vol16_1.jpg
2004.03.17 18:09 A C:\Documents and Settings\Michael Casserly\My Documents\Webmaster\axafalcons\falconsnest\20030515_Vol16_2.html --> ftp.mcasserly.com /mcasserly/falcons/falconsnest 20030515_Vol16_2.html
2004.03.17 18:09 B C:\Documents and Settings\Michael Casserly\My Documents\Webmaster\axafalcons\falconsnest\20030515_Vol16_2.jpg --> ftp.mcasserly.com /mcasserly/falcons/falconsnest 20030515_Vol16_2.jpg
2004.03.17 18:09 A C:\Documents and Settings\Michael Casserly\My Documents\Webmaster\axafalcons\falconsnest\20030616_Vol16_3.html --> ftp.mcasserly.com /mcasserly/falcons/falconsnest 20030616_Vol16_3.html
2004.03.17 18:09 B C:\Documents and Settings\Michael Casserly\My Documents\Webmaster\axafalcons\falconsnest\20030616_Vol16_3.jpg --> ftp.mcasserly.com /mcasserly/falcons/falconsnest 20030616_Vol16_3.jpg
2004.03.17 18:09 A C:\Documents and Settings\Michael Casserly\My Documents\Webmaster\axafalcons\falconsnest\20030630_Vol16_4.html --> ftp.mcasserly.com /mcasserly/falcons/falconsnest 20030630_Vol16_4.html
2004.03.17 18:09 B C:\Documents and Settings\Michael Casserly\My Documents\Webmaster\axafalcons\falconsnest\20030630_Vol16_4.jpg --> ftp.mcasserly.com /mcasserly/falcons/falconsnest 20030630_Vol16_4.jpg
2004.03.17 18:09 A C:\Documents and Settings\Michael Casserly\My Documents\Webmaster\axafalcons\falconsnest\20030716_Vol16_5.html --> ftp.mcasserly.com /mcasserly/falcons/falconsnest 20030716_Vol16_5.html
2004.03.17 18:09 B C:\Documents and Settings\Michael Casserly\My Documents\Webmaster\axafalcons\falconsnest\20030716_Vol16_5.jpg --> ftp.mcasserly.com /mcasserly/falcons/falconsnest 20030716_Vol16_5.jpg
2004.03.17 18:09 A C:\Documents and Settings\Michael Casserly\My Documents\Webmaster\axafalcons\falconsnest\20030728_Vol16_6.html --> ftp.mcasserly.com /mcasserly/falcons/falconsnest 20030728_Vol16_6.html
2004.03.17 18:09 B C:\Documents and Settings\Michael Casserly\My Documents\Webmaster\axafalcons\falconsnest\20030728_Vol16_6.jpg --> ftp.mcasserly.com /mcasserly/falcons/falconsnest 20030728_Vol16_6.jpg
2004.03.17 18:10 A C:\Documents and Settings\Michael Casserly\My Documents\Webmaster\axafalcons\falconsnest\20030729_Vol16_7.html --> ftp.mcasserly.com /mcasserly/falcons/falconsnest 20030729_Vol16_7.html
2004.03.17 18:10 B C:\Documents and Settings\Michael Casserly\My Documents\Webmaster\axafalcons\falconsnest\20030729_Vol16_7.jpg --> ftp.mcasserly.com /mcasserly/falcons/falconsnest 20030729_Vol16_7.jpg
2004.03.17 18:10 B C:\Documents and Settings\Michael Casserly\My Documents\Webmaster\axafalcons\falconsnest\20030821_Vol16_8.doc --> ftp.mcasserly.com /mcasserly/falcons/falconsnest 20030821_Vol16_8.doc
2004.03.17 18:10 A C:\Documents and Settings\Michael Casserly\My Documents\Webmaster\axafalcons\falconsnest\20030821_Vol16_8.html --> ftp.mcasserly.com /mcasserly/falcons/falconsnest 20030821_Vol16_8.html
2004.03.17 18:10 B C:\Documents and Settings\Michael Casserly\My Documents\Webmaster\axafalcons\falconsnest\20030823_Vol16_9.doc --> ftp.mcasserly.com /mcasserly/falcons/falconsnest 20030823_Vol16_9.doc
2004.03.17 18:10 A C:\Documents and Settings\Michael Casserly\My Documents\Webmaster\axafalcons\falconsnest\20030823_Vol16_9.html --> ftp.mcasserly.com /mcasserly/falcons/falconsnest 20030823_Vol16_9.html
2004.03.17 18:10 A C:\Documents and Settings\Michael Casserly\My Documents\Webmaster\axafalcons\falconsnest\20031004_Vol16_10.html --> ftp.mcasserly.com /mcasserly/falcons/falconsnest 20031004_Vol16_10.html
2004.03.17 18:10 A C:\Documents and Settings\Michael Casserly\My Documents\Webmaster\axafalcons\falconsnest\20031011_Vol16_11.html --> ftp.mcasserly.com /mcasserly/falcons/falconsnest 20031011_Vol16_11.html
2004.03.17 18:10 B C:\Documents and Settings\Michael Casserly\My Documents\Webmaster\axafalcons\falconsnest\FalconsNestFooter.jpg --> ftp.mcasserly.com /mcasserly/falcons/falconsnest FalconsNestFooter.jpg
2004.03.17 18:10 B C:\Documents and Settings\Michael Casserly\My Documents\Webmaster\axafalcons\falconsnest\FalconsNestHeader.jpg --> ftp.mcasserly.com /mcasserly/falcons/falconsnest FalconsNestHeader.jpg
2004.03.17 18:10 B C:\Documents and Settings\Michael Casserly\My Documents\Webmaster\axafalcons\falconsnest\FalconsNestTitle.jpg --> ftp.mcasserly.com /mcasserly/falcons/falconsnest FalconsNestTitle.jpg
2004.04.27 00:50 B C:\Documents and Settings\Michael Casserly\My Documents\Webmaster\mcasserly\falcons\falconsnest\WS_FTP.LOG --> ftp.mcasserly.com /mcasserly/falcons/falconsnest WS_FTP.LOG
2004.05.03 17:12 B C:\Documents and Settings\Michael Casserly\My Documents\Webmaster\mcasserly\falcons\falconsnest\WS_FTP.LOG --> ftp.mcasserly.com /mcasserly/falcons/falconsnest WS_FTP.LOG
2004.05.06 21:39 B C:\Documents and Settings\Michael Casserly\My Documents\Webmaster\mcasserly\falcons\falconsnest\WS_FTP.LOG --> ftp.mcasserly.com /mcasserly/falcons/falconsnest WS_FTP.LOG
2004.05.12 00:57 B C:\Documents and Settings\Michael Casserly\My Documents\Webmaster\mcasserly\falcons\falconsnest\WS_FTP.LOG --> ftp.mcasserly.com /mcasserly/falcons/falconsnest WS_FTP.LOG
2004.05.15 00:39 B C:\Documents and Settings\Michael Casserly\My Documents\Webmaster\mcasserly\falcons\falconsnest\WS_FTP.LOG --> ftp.mcasserly.com /mcasserly/falcons/falconsnest WS_FTP.LOG
2004.05.19 01:32 B C:\Documents and Settings\Michael Casserly\My Documents\Webmaster\mcasserly\falcons\falconsnest\WS_FTP.LOG --> ftp.mcasserly.com /mcasserly/falcons/falconsnest WS_FTP.LOG
2004.05.21 18:31 A C:\Documents and Settings\Michael Casserly\My Documents\Webmaster\mcasserly\falcons\falconsnest\20040513_Vol17_01.html --> ftp.mcasserly.com /mcasserly/falcons/falconsnest 20040513_Vol17_01.html
2004.06.02 20:57 A C:\Documents and Settings\Michael Casserly\My Documents\Webmaster\mcasserly\falcons\falconsnest\20040526_Vol17_02.html --> ftp.mcasserly.com /mcasserly/falcons/falconsnest 20040526_Vol17_02.html
2004.06.10 22:25 A C:\Documents and Settings\Michael Casserly\My Documents\Webmaster\mcasserly\falcons\falconsnest\20040605_Vol17_03.html --> ftp.mcasserly.com /mcasserly/falcons/falconsnest 20040605_Vol17_03.html
2004.07.22 22:05 A C:\Documents and Settings\Michael Casserly\My Documents\Webmaster\mcasserly\falcons\falconsnest\20040610_Vol17_04.html --> ftp.mcasserly.com /mcasserly/falcons/falconsnest 20040610_Vol17_04.html
2004.07.22 22:05 A C:\Documents and Settings\Michael Casserly\My Documents\Webmaster\mcasserly\falcons\falconsnest\20040720_Vol17_06.html --> ftp.mcasserly.com /mcasserly/falcons/falconsnest 20040720_Vol17_06.html
2004.07.23 20:52 A C:\Documents and Settings\Michael Casserly\My Documents\Webmaster\mcasserly\falcons\falconsnest\20040617_Vol17_05.html --> ftp.mcasserly.com /mcasserly/falcons/falconsnest 20040617_Vol17_05.html
2004.08.18 05:24 A C:\Documents and Settings\Michael Casserly\My Documents\Webmaster\mcasserly\falcons\falconsnest\20040807_Vol17_07.html --> ftp.mcasserly.com /mcasserly/falcons/falconsnest 20040807_Vol17_07.html
2004.08.18 14:40 A C:\Documents and Settings\Michael Casserly\My Documents\Webmaster\mcasserly\falcons\falconsnest\20040807_Vol17_07.html --> ftp.mcasserly.com /mcasserly/falcons/falconsnest 20040807_Vol17_07.html
2004.09.10 15:38 B C:\Documents and Settings\Michael Casserly\My Documents\Webmaster\mcasserly\falcons\falconsnest\WS_FTP.LOG --> ftp.mcasserly.com /mcasserly/falcons/falconsnest WS_FTP.LOG
2004.09.10 15:38 A C:\Documents and Settings\Michael Casserly\My Documents\Webmaster\mcasserly\falcons\falconsnest\20040807_Vol17_07.html --> ftp.mcasserly.com /mcasserly/falcons/falconsnest 20040807_Vol17_07.html
2004.09.10 15:38 A C:\Documents and Settings\Michael Casserly\My Documents\Webmaster\mcasserly\falcons\falconsnest\20040617_Vol17_05.html --> ftp.mcasserly.com /mcasserly/falcons/falconsnest 20040617_Vol17_05.html
2004.09.10 15:38 A C:\Documents and Settings\Michael Casserly\My Documents\Webmaster\mcasserly\falcons\falconsnest\20040610_Vol17_04.html --> ftp.mcasserly.com /mcasserly/falcons/falconsnest 20040610_Vol17_04.html
2004.09.10 15:38 A C:\Documents and Settings\Michael Casserly\My Documents\Webmaster\mcasserly\falcons\falconsnest\20040720_Vol17_06.html --> ftp.mcasserly.com /mcasserly/falcons/falconsnest 20040720_Vol17_06.html
2004.09.10 15:38 A C:\Documents and Settings\Michael Casserly\My Documents\Webmaster\mcasserly\falcons\falconsnest\20040605_Vol17_03.html --> ftp.mcasserly.com /mcasserly/falcons/falconsnest 20040605_Vol17_03.html
2004.09.10 15:38 A C:\Documents and Settings\Michael Casserly\My Documents\Webmaster\mcasserly\falcons\falconsnest\20040526_Vol17_02.html --> ftp.mcasserly.com /mcasserly/falcons/falconsnest 20040526_Vol17_02.html
2004.09.10 15:38 A C:\Documents and Settings\Michael Casserly\My Documents\Webmaster\mcasserly\falcons\falconsnest\20040513_Vol17_01.html --> ftp.mcasserly.com /mcasserly/falcons/falconsnest 20040513_Vol17_01.html
2004.09.19 12:39 A C:\Documents and Settings\Michael Casserly\My Documents\Webmaster\mcasserly\falcons\falconsnest\20040902_Vol17_12.html --> ftp.mcasserly.com /mcasserly/falcons/falconsnest 20040902_Vol17_12.html
2004.09.19 12:39 A C:\Documents and Settings\Michael Casserly\My Documents\Webmaster\mcasserly\falcons\falconsnest\20040831_Vol17_11.html --> ftp.mcasserly.com /mcasserly/falcons/falconsnest 20040831_Vol17_11.html
2004.09.19 12:39 A C:\Documents and Settings\Michael Casserly\My Documents\Webmaster\mcasserly\falcons\falconsnest\20040807_Vol17_07.html --> ftp.mcasserly.com /mcasserly/falcons/falconsnest 20040807_Vol17_07.html
2004.09.19 12:39 A C:\Documents and Settings\Michael Casserly\My Documents\Webmaster\mcasserly\falcons\falconsnest\20040720_Vol17_06.html --> ftp.mcasserly.com /mcasserly/falcons/falconsnest 20040720_Vol17_06.html
2004.09.19 12:39 A C:\Documents and Settings\Michael Casserly\My Documents\Webmaster\mcasserly\falcons\falconsnest\20040617_Vol17_05.html --> ftp.mcasserly.com /mcasserly/falcons/falconsnest 20040617_Vol17_05.html
2004.09.19 12:39 A C:\Documents and Settings\Michael Casserly\My Documents\Webmaster\mcasserly\falcons\falconsnest\20040610_Vol17_04.html --> ftp.mcasserly.com /mcasserly/falcons/falconsnest 20040610_Vol17_04.html
2004.09.19 12:39 A C:\Documents and Settings\Michael Casserly\My Documents\Webmaster\mcasserly\falcons\falconsnest\20040605_Vol17_03.html --> ftp.mcasserly.com /mcasserly/falcons/falconsnest 20040605_Vol17_03.html
2004.09.19 12:39 A C:\Documents and Settings\Michael Casserly\My Documents\Webmaster\mcasserly\falcons\falconsnest\20040526_Vol17_02.html --> ftp.mcasserly.com /mcasserly/falcons/falconsnest 20040526_Vol17_02.html
2004.09.19 12:39 A C:\Documents and Settings\Michael Casserly\My Documents\Webmaster\mcasserly\falcons\falconsnest\20040513_Vol17_01.html --> ftp.mcasserly.com /mcasserly/falcons/falconsnest 20040513_Vol17_01.html
2004.09.19 12:39 A C:\Documents and Settings\Michael Casserly\My Documents\Webmaster\mcasserly\falcons\falconsnest\20031011_Vol16_11.html --> ftp.mcasserly.com /mcasserly/falcons/falconsnest 20031011_Vol16_11.html
2004.09.19 12:39 A C:\Documents and Settings\Michael Casserly\My Documents\Webmaster\mcasserly\falcons\falconsnest\20031004_Vol16_10.html --> ftp.mcasserly.com /mcasserly/falcons/falconsnest 20031004_Vol16_10.html
2004.09.19 12:39 A C:\Documents and Settings\Michael Casserly\My Documents\Webmaster\mcasserly\falcons\falconsnest\20030823_Vol16_9.html --> ftp.mcasserly.com /mcasserly/falcons/falconsnest 20030823_Vol16_9.html
2004.09.19 12:39 A C:\Documents and Settings\Michael Casserly\My Documents\Webmaster\mcasserly\falcons\falconsnest\20030821_Vol16_8.html --> ftp.mcasserly.com /mcasserly/falcons/falconsnest 20030821_Vol16_8.html
2004.09.19 12:40 A C:\Documents and Settings\Michael Casserly\My Documents\Webmaster\mcasserly\falcons\falconsnest\20040825_Vol17_09.html --> ftp.mcasserly.com /mcasserly/falcons/falconsnest 20040825_Vol17_09.html
2004.09.19 12:40 A C:\Documents and Settings\Michael Casserly\My Documents\Webmaster\mcasserly\falcons\falconsnest\20040813_Vol17_08.html --> ftp.mcasserly.com /mcasserly/falcons/falconsnest 20040813_Vol17_08.html
2004.09.19 12:40 A C:\Documents and Settings\Michael Casserly\My Documents\Webmaster\mcasserly\falcons\falconsnest\20040826_Vol17_10.html --> ftp.mcasserly.com /mcasserly/falcons/falconsnest 20040826_Vol17_10.html
2004.09.20 17:13 A C:\Documents and Settings\Michael Casserly\My Documents\Webmaster\mcasserly\falcons\falconsnest\20040826_Vol17_10.html --> ftp.mcasserly.com /mcasserly/falcons/falconsnest 20040826_Vol17_10.html
2004.09.28 20:42 B C:\Documents and Settings\Michael Casserly\My Documents\Webmaster\mcasserly\falcons\falconsnest\FalconsNestTitle.jpg --> ftp.mcasserly.com /mcasserly/falcons/falconsnest FalconsNestTitle.jpg
2004.09.28 20:42 B C:\Documents and Settings\Michael Casserly\My Documents\Webmaster\mcasserly\falcons\falconsnest\FalconsNestHeader.jpg --> ftp.mcasserly.com /mcasserly/falcons/falconsnest FalconsNestHeader.jpg
2004.09.28 20:42 B C:\Documents and Settings\Michael Casserly\My Documents\Webmaster\mcasserly\falcons\falconsnest\FalconsNestFooter.jpg --> ftp.mcasserly.com /mcasserly/falcons/falconsnest FalconsNestFooter.jpg
2004.09.28 20:42 A C:\Documents and Settings\Michael Casserly\My Documents\Webmaster\mcasserly\falcons\falconsnest\20040902_Vol17_12.html --> ftp.mcasserly.com /mcasserly/falcons/falconsnest 20040902_Vol17_12.html
2004.09.28 20:42 A C:\Documents and Settings\Michael Casserly\My Documents\Webmaster\mcasserly\falcons\falconsnest\20040831_Vol17_11.html --> ftp.mcasserly.com /mcasserly/falcons/falconsnest 20040831_Vol17_11.html
2004.09.28 20:42 A C:\Documents and Settings\Michael Casserly\My Documents\Webmaster\mcasserly\falcons\falconsnest\20040826_Vol17_10.html --> ftp.mcasserly.com /mcasserly/falcons/falconsnest 20040826_Vol17_10.html
2004.09.28 20:42 A C:\Documents and Settings\Michael Casserly\My Documents\Webmaster\mcasserly\falcons\falconsnest\20040825_Vol17_09.html --> ftp.mcasserly.com /mcasserly/falcons/falconsnest 20040825_Vol17_09.html
2004.09.28 20:42 A C:\Documents and Settings\Michael Casserly\My Documents\Webmaster\mcasserly\falcons\falconsnest\20040813_Vol17_08.html --> ftp.mcasserly.com /mcasserly/falcons/falconsnest 20040813_Vol17_08.html
2004.09.28 20:42 A C:\Documents and Settings\Michael Casserly\My Documents\Webmaster\mcasserly\falcons\falconsnest\20040807_Vol17_07.html --> ftp.mcasserly.com /mcasserly/falcons/falconsnest 20040807_Vol17_07.html
2004.09.28 20:42 A C:\Documents and Settings\Michael Casserly\My Documents\Webmaster\mcasserly\falcons\falconsnest\20040720_Vol17_06.html --> ftp.mcasserly.com /mcasserly/falcons/falconsnest 20040720_Vol17_06.html
2004.09.28 20:42 A C:\Documents and Settings\Michael Casserly\My Documents\Webmaster\mcasserly\falcons\falconsnest\20040617_Vol17_05.html --> ftp.mcasserly.com /mcasserly/falcons/falconsnest 20040617_Vol17_05.html
2004.09.28 20:43 A C:\Documents and Settings\Michael Casserly\My Documents\Webmaster\mcasserly\falcons\falconsnest\20040610_Vol17_04.html --> ftp.mcasserly.com /mcasserly/falcons/falconsnest 20040610_Vol17_04.html
2004.09.28 20:43 A C:\Documents and Settings\Michael Casserly\My Documents\Webmaster\mcasserly\falcons\falconsnest\20040605_Vol17_03.html --> ftp.mcasserly.com /mcasserly/falcons/falconsnest 20040605_Vol17_03.html
2004.09.28 20:43 A C:\Documents and Settings\Michael Casserly\My Documents\Webmaster\mcasserly\falcons\falconsnest\20040526_Vol17_02.html --> ftp.mcasserly.com /mcasserly/falcons/falconsnest 20040526_Vol17_02.html
2004.09.28 20:43 A C:\Documents and Settings\Michael Casserly\My Documents\Webmaster\mcasserly\falcons\falconsnest\20040513_Vol17_01.html --> ftp.mcasserly.com /mcasserly/falcons/falconsnest 20040513_Vol17_01.html
2004.09.28 20:43 A C:\Documents and Settings\Michael Casserly\My Documents\Webmaster\mcasserly\falcons\falconsnest\20031011_Vol16_11.html --> ftp.mcasserly.com /mcasserly/falcons/falconsnest 20031011_Vol16_11.html
2004.09.28 20:43 A C:\Documents and Settings\Michael Casserly\My Documents\Webmaster\mcasserly\falcons\falconsnest\20031004_Vol16_10.html --> ftp.mcasserly.com /mcasserly/falcons/falconsnest 20031004_Vol16_10.html
2004.09.28 20:43 A C:\Documents and Settings\Michael Casserly\My Documents\Webmaster\mcasserly\falcons\falconsnest\20030823_Vol16_9.html --> ftp.mcasserly.com /mcasserly/falcons/falconsnest 20030823_Vol16_9.html
2004.09.28 20:44 A C:\Documents and Settings\Michael Casserly\My Documents\Webmaster\mcasserly\falcons\falconsnest\20030821_Vol16_8.html --> ftp.mcasserly.com /mcasserly/falcons/falconsnest 20030821_Vol16_8.html
2004.09.28 20:44 A C:\Documents and Settings\Michael Casserly\My Documents\Webmaster\mcasserly\falcons\falconsnest\20030729_Vol16_7.html --> ftp.mcasserly.com /mcasserly/falcons/falconsnest 20030729_Vol16_7.html
2004.09.28 20:44 A C:\Documents and Settings\Michael Casserly\My Documents\Webmaster\mcasserly\falcons\falconsnest\20030728_Vol16_6.html --> ftp.mcasserly.com /mcasserly/falcons/falconsnest 20030728_Vol16_6.html
2004.09.28 20:44 A C:\Documents and Settings\Michael Casserly\My Documents\Webmaster\mcasserly\falcons\falconsnest\20030716_Vol16_5.html --> ftp.mcasserly.com /mcasserly/falcons/falconsnest 20030716_Vol16_5.html
2004.09.28 20:44 A C:\Documents and Settings\Michael Casserly\My Documents\Webmaster\mcasserly\falcons\falconsnest\20030630_Vol16_4.html --> ftp.mcasserly.com /mcasserly/falcons/falconsnest 20030630_Vol16_4.html
2004.09.28 20:44 A C:\Documents and Settings\Michael Casserly\My Documents\Webmaster\mcasserly\falcons\falconsnest\20030616_Vol16_3.html --> ftp.mcasserly.com /mcasserly/falcons/falconsnest 20030616_Vol16_3.html
2004.09.28 20:44 A C:\Documents and Settings\Michael Casserly\My Documents\Webmaster\mcasserly\falcons\falconsnest\20030515_Vol16_2.html --> ftp.mcasserly.com /mcasserly/falcons/falconsnest 20030515_Vol16_2.html
2004.09.28 20:44 A C:\Documents and Settings\Michael Casserly\My Documents\Webmaster\mcasserly\falcons\falconsnest\20030424_Vol16_1.html --> ftp.mcasserly.com /mcasserly/falcons/falconsnest 20030424_Vol16_1.html
2004.09.28 20:47 B C:\Documents and Settings\Michael Casserly\My Documents\Webmaster\mcasserly\falcons\falconsnest\FalconsNestTitle.jpg --> ftp.mcasserly.com /mcasserly/falcons/falconsnest FalconsNestTitle.jpg
2004.09.28 20:47 B C:\Documents and Settings\Michael Casserly\My Documents\Webmaster\mcasserly\falcons\falconsnest\20030729_Vol16_7.jpg --> ftp.mcasserly.com /mcasserly/falcons/falconsnest 20030729_Vol16_7.jpg
2004.09.28 20:47 B C:\Documents and Settings\Michael Casserly\My Documents\Webmaster\mcasserly\falcons\falconsnest\20030728_Vol16_6.jpg --> ftp.mcasserly.com /mcasserly/falcons/falconsnest 20030728_Vol16_6.jpg
2004.09.28 20:47 B C:\Documents and Settings\Michael Casserly\My Documents\Webmaster\mcasserly\falcons\falconsnest\FalconsNestHeader.jpg --> ftp.mcasserly.com /mcasserly/falcons/falconsnest FalconsNestHeader.jpg
2004.09.28 20:47 B C:\Documents and Settings\Michael Casserly\My Documents\Webmaster\mcasserly\falcons\falconsnest\FalconsNestFooter.jpg --> ftp.mcasserly.com /mcasserly/falcons/falconsnest FalconsNestFooter.jpg
2004.09.28 20:47 B C:\Documents and Settings\Michael Casserly\My Documents\Webmaster\mcasserly\falcons\falconsnest\20030716_Vol16_5.jpg --> ftp.mcasserly.com /mcasserly/falcons/falconsnest 20030716_Vol16_5.jpg
2004.09.28 20:47 B C:\Documents and Settings\Michael Casserly\My Documents\Webmaster\mcasserly\falcons\falconsnest\20030630_Vol16_4.jpg --> ftp.mcasserly.com /mcasserly/falcons/falconsnest 20030630_Vol16_4.jpg
2004.09.28 20:47 B C:\Documents and Settings\Michael Casserly\My Documents\Webmaster\mcasserly\falcons\falconsnest\20030616_Vol16_3.jpg --> ftp.mcasserly.com /mcasserly/falcons/falconsnest 20030616_Vol16_3.jpg
2004.09.28 20:47 B C:\Documents and Settings\Michael Casserly\My Documents\Webmaster\mcasserly\falcons\falconsnest\20030515_Vol16_2.jpg --> ftp.mcasserly.com /mcasserly/falcons/falconsnest 20030515_Vol16_2.jpg
2004.09.28 20:47 B C:\Documents and Settings\Michael Casserly\My Documents\Webmaster\mcasserly\falcons\falconsnest\20030424_Vol16_1.jpg --> ftp.mcasserly.com /mcasserly/falcons/falconsnest 20030424_Vol16_1.jpg
2005.02.02 15:48 A C:\Documents and Settings\Michael Casserly\My Documents\Webmaster\mcasserly\falcons\falconsnest\20040902_Vol17_12.html --> ftp.mcasserly.com /mcasserly/falcons/falconsnest 20040902_Vol17_12.html
2005.02.02 15:48 A C:\Documents and Settings\Michael Casserly\My Documents\Webmaster\mcasserly\falcons\falconsnest\20040831_Vol17_11.html --> ftp.mcasserly.com /mcasserly/falcons/falconsnest 20040831_Vol17_11.html
2005.02.02 15:48 A C:\Documents and Settings\Michael Casserly\My Documents\Webmaster\mcasserly\falcons\falconsnest\20040826_Vol17_10.html --> ftp.mcasserly.com /mcasserly/falcons/falconsnest 20040826_Vol17_10.html
2005.02.02 15:48 A C:\Documents and Settings\Michael Casserly\My Documents\Webmaster\mcasserly\falcons\falconsnest\20040825_Vol17_09.html --> ftp.mcasserly.com /mcasserly/falcons/falconsnest 20040825_Vol17_09.html
2005.02.02 15:48 A C:\Documents and Settings\Michael Casserly\My Documents\Webmaster\mcasserly\falcons\falconsnest\20040813_Vol17_08.html --> ftp.mcasserly.com /mcasserly/falcons/falconsnest 20040813_Vol17_08.html
2005.02.02 15:48 A C:\Documents and Settings\Michael Casserly\My Documents\Webmaster\mcasserly\falcons\falconsnest\20040807_Vol17_07.html --> ftp.mcasserly.com /mcasserly/falcons/falconsnest 20040807_Vol17_07.html
2005.02.02 15:48 A C:\Documents and Settings\Michael Casserly\My Documents\Webmaster\mcasserly\falcons\falconsnest\20040720_Vol17_06.html --> ftp.mcasserly.com /mcasserly/falcons/falconsnest 20040720_Vol17_06.html
2005.02.02 15:48 A C:\Documents and Settings\Michael Casserly\My Documents\Webmaster\mcasserly\falcons\falconsnest\20040617_Vol17_05.html --> ftp.mcasserly.com /mcasserly/falcons/falconsnest 20040617_Vol17_05.html
2005.02.02 15:48 A C:\Documents and Settings\Michael Casserly\My Documents\Webmaster\mcasserly\falcons\falconsnest\20040610_Vol17_04.html --> ftp.mcasserly.com /mcasserly/falcons/falconsnest 20040610_Vol17_04.html
2005.02.02 15:48 A C:\Documents and Settings\Michael Casserly\My Documents\Webmaster\mcasserly\falcons\falconsnest\20040605_Vol17_03.html --> ftp.mcasserly.com /mcasserly/falcons/falconsnest 20040605_Vol17_03.html
2005.02.02 15:48 A C:\Documents and Settings\Michael Casserly\My Documents\Webmaster\mcasserly\falcons\falconsnest\20040526_Vol17_02.html --> ftp.mcasserly.com /mcasserly/falcons/falconsnest 20040526_Vol17_02.html
2005.02.02 15:48 A C:\Documents and Settings\Michael Casserly\My Documents\Webmaster\mcasserly\falcons\falconsnest\20040513_Vol17_01.html --> ftp.mcasserly.com /mcasserly/falcons/falconsnest 20040513_Vol17_01.html
2005.02.02 15:49 A C:\Documents and Settings\Michael Casserly\My Documents\Webmaster\mcasserly\falcons\falconsnest\20031011_Vol16_11.html --> ftp.mcasserly.com /mcasserly/falcons/falconsnest 20031011_Vol16_11.html
2005.02.02 15:49 A C:\Documents and Settings\Michael Casserly\My Documents\Webmaster\mcasserly\falcons\falconsnest\20031004_Vol16_10.html --> ftp.mcasserly.com /mcasserly/falcons/falconsnest 20031004_Vol16_10.html
2005.02.02 15:49 A C:\Documents and Settings\Michael Casserly\My Documents\Webmaster\mcasserly\falcons\falconsnest\20030823_Vol16_9.html --> ftp.mcasserly.com /mcasserly/falcons/falconsnest 20030823_Vol16_9.html
2005.02.02 15:49 A C:\Documents and Settings\Michael Casserly\My Documents\Webmaster\mcasserly\falcons\falconsnest\20030821_Vol16_8.html --> ftp.mcasserly.com /mcasserly/falcons/falconsnest 20030821_Vol16_8.html
2005.02.02 15:49 A C:\Documents and Settings\Michael Casserly\My Documents\Webmaster\mcasserly\falcons\falconsnest\20030729_Vol16_7.html --> ftp.mcasserly.com /mcasserly/falcons/falconsnest 20030729_Vol16_7.html
2005.02.02 15:49 A C:\Documents and Settings\Michael Casserly\My Documents\Webmaster\mcasserly\falcons\falconsnest\20030728_Vol16_6.html --> ftp.mcasserly.com /mcasserly/falcons/falconsnest 20030728_Vol16_6.html
2005.02.02 15:49 A C:\Documents and Settings\Michael Casserly\My Documents\Webmaster\mcasserly\falcons\falconsnest\20030716_Vol16_5.html --> ftp.mcasserly.com /mcasserly/falcons/falconsnest 20030716_Vol16_5.html
2005.02.02 15:49 A C:\Documents and Settings\Michael Casserly\My Documents\Webmaster\mcasserly\falcons\falconsnest\20030630_Vol16_4.html --> ftp.mcasserly.com /mcasserly/falcons/falconsnest 20030630_Vol16_4.html
2005.02.02 15:49 A C:\Documents and Settings\Michael Casserly\My Documents\Webmaster\mcasserly\falcons\falconsnest\20030616_Vol16_3.html --> ftp.mcasserly.com /mcasserly/falcons/falconsnest 20030616_Vol16_3.html
2005.02.02 15:49 A C:\Documents and Settings\Michael Casserly\My Documents\Webmaster\mcasserly\falcons\falconsnest\20030515_Vol16_2.html --> ftp.mcasserly.com /mcasserly/falcons/falconsnest 20030515_Vol16_2.html
2005.02.02 15:49 A C:\Documents and Settings\Michael Casserly\My Documents\Webmaster\mcasserly\falcons\falconsnest\20030424_Vol16_1.html --> ftp.mcasserly.com /mcasserly/falcons/falconsnest 20030424_Vol16_1.html
2005.02.24 02:36 B C:\Documents and Settings\Michael Casserly\My Documents\Webmaster\mcasserly\falcons\falconsnest\20040902_Vol17_12.html --> ftp.mcasserly.com /mcasserly/falcons/falconsnest 20040902_Vol17_12.html
2005.02.24 02:36 B C:\Documents and Settings\Michael Casserly\My Documents\Webmaster\mcasserly\falcons\falconsnest\20040831_Vol17_11.html --> ftp.mcasserly.com /mcasserly/falcons/falconsnest 20040831_Vol17_11.html
2005.02.24 02:37 B C:\Documents and Settings\Michael Casserly\My Documents\Webmaster\mcasserly\falcons\falconsnest\20040902_Vol17_12_p.html --> ftp.mcasserly.com /mcasserly/falcons/falconsnest 20040902_Vol17_12_p.html
2005.02.24 02:37 B C:\Documents and Settings\Michael Casserly\My Documents\Webmaster\mcasserly\falcons\falconsnest\20040831_Vol17_11_p.html --> ftp.mcasserly.com /mcasserly/falcons/falconsnest 20040831_Vol17_11_p.html
2005.02.24 19:10 B C:\Documents and Settings\Michael Casserly\My Documents\Webmaster\mcasserly\falcons\falconsnest\20040813_Vol17_08.html --> ftp.mcasserly.com /mcasserly/falcons/falconsnest 20040813_Vol17_08.html
2005.02.24 19:10 B C:\Documents and Settings\Michael Casserly\My Documents\Webmaster\mcasserly\falcons\falconsnest\20040825_Vol17_09.html --> ftp.mcasserly.com /mcasserly/falcons/falconsnest 20040825_Vol17_09.html
2005.02.24 19:10 B C:\Documents and Settings\Michael Casserly\My Documents\Webmaster\mcasserly\falcons\falconsnest\20040826_Vol17_10.html --> ftp.mcasserly.com /mcasserly/falcons/falconsnest 20040826_Vol17_10.html
2005.02.24 19:13 B C:\Documents and Settings\Michael Casserly\My Documents\Webmaster\mcasserly\falcons\falconsnest\20040826_Vol17_10_p.html --> ftp.mcasserly.com /mcasserly/falcons/falconsnest 20040826_Vol17_10_p.html
2005.02.24 19:13 B C:\Documents and Settings\Michael Casserly\My Documents\Webmaster\mcasserly\falcons\falconsnest\20040825_Vol17_09_p.html --> ftp.mcasserly.com /mcasserly/falcons/falconsnest 20040825_Vol17_09_p.html
2005.02.24 19:13 B C:\Documents and Settings\Michael Casserly\My Documents\Webmaster\mcasserly\falcons\falconsnest\20040813_Vol17_08_p.html --> ftp.mcasserly.com /mcasserly/falcons/falconsnest 20040813_Vol17_08_p.html
2005.04.19 21:16 B C:\Documents and Settings\Michael Casserly\My Documents\Webmaster\mcasserly\falcons\falconsnest\FalconsNestTemplateInSite.html --> ftp.mcasserly.com /mcasserly/falcons/falconsnest FalconsNestTemplateInSite.html
2005.04.19 21:16 B C:\Documents and Settings\Michael Casserly\My Documents\Webmaster\mcasserly\falcons\falconsnest\20040902_Vol17_12.html --> ftp.mcasserly.com /mcasserly/falcons/falconsnest 20040902_Vol17_12.html
2005.04.19 21:16 B C:\Documents and Settings\Michael Casserly\My Documents\Webmaster\mcasserly\falcons\falconsnest\20040831_Vol17_11.html --> ftp.mcasserly.com /mcasserly/falcons/falconsnest 20040831_Vol17_11.html
2005.04.19 21:16 B C:\Documents and Settings\Michael Casserly\My Documents\Webmaster\mcasserly\falcons\falconsnest\20040826_Vol17_10.html --> ftp.mcasserly.com /mcasserly/falcons/falconsnest 20040826_Vol17_10.html
2005.04.19 21:16 B C:\Documents and Settings\Michael Casserly\My Documents\Webmaster\mcasserly\falcons\falconsnest\20040825_Vol17_09.html --> ftp.mcasserly.com /mcasserly/falcons/falconsnest 20040825_Vol17_09.html
2005.04.19 21:16 B C:\Documents and Settings\Michael Casserly\My Documents\Webmaster\mcasserly\falcons\falconsnest\20040813_Vol17_08.html --> ftp.mcasserly.com /mcasserly/falcons/falconsnest 20040813_Vol17_08.html
2005.04.19 21:16 B C:\Documents and Settings\Michael Casserly\My Documents\Webmaster\mcasserly\falcons\falconsnest\WS_FTP.LOG --> ftp.mcasserly.com /mcasserly/falcons/falconsnest WS_FTP.LOG
2005.04.19 21:16 B C:\Documents and Settings\Michael Casserly\My Documents\Webmaster\mcasserly\falcons\falconsnest\falcons_nest_template.html --> ftp.mcasserly.com /mcasserly/falcons/falconsnest falcons_nest_template.html
2005.04.19 21:16 B C:\Documents and Settings\Michael Casserly\My Documents\Webmaster\mcasserly\falcons\falconsnest\20040807_Vol17_07_p.html --> ftp.mcasserly.com /mcasserly/falcons/falconsnest 20040807_Vol17_07_p.html
2005.04.19 21:16 B C:\Documents and Settings\Michael Casserly\My Documents\Webmaster\mcasserly\falcons\falconsnest\20040720_Vol17_06_p.html --> ftp.mcasserly.com /mcasserly/falcons/falconsnest 20040720_Vol17_06_p.html
2005.04.19 21:16 B C:\Documents and Settings\Michael Casserly\My Documents\Webmaster\mcasserly\falcons\falconsnest\20040617_Vol17_05_p.html --> ftp.mcasserly.com /mcasserly/falcons/falconsnest 20040617_Vol17_05_p.html
2005.04.19 21:16 B C:\Documents and Settings\Michael Casserly\My Documents\Webmaster\mcasserly\falcons\falconsnest\20040610_Vol17_04_p.html --> ftp.mcasserly.com /mcasserly/falcons/falconsnest 20040610_Vol17_04_p.html
2005.04.19 21:16 B C:\Documents and Settings\Michael Casserly\My Documents\Webmaster\mcasserly\falcons\falconsnest\20040605_Vol17_03_p.html --> ftp.mcasserly.com /mcasserly/falcons/falconsnest 20040605_Vol17_03_p.html
2005.04.19 21:16 B C:\Documents and Settings\Michael Casserly\My Documents\Webmaster\mcasserly\falcons\falconsnest\20040526_Vol17_02_p.html --> ftp.mcasserly.com /mcasserly/falcons/falconsnest 20040526_Vol17_02_p.html
2005.04.19 21:16 B C:\Documents and Settings\Michael Casserly\My Documents\Webmaster\mcasserly\falcons\falconsnest\20040513_Vol17_01_p.html --> ftp.mcasserly.com /mcasserly/falcons/falconsnest 20040513_Vol17_01_p.html
2005.04.19 21:16 B C:\Documents and Settings\Michael Casserly\My Documents\Webmaster\mcasserly\falcons\falconsnest\20031011_Vol16_11.html --> ftp.mcasserly.com /mcasserly/falcons/falconsnest 20031011_Vol16_11.html
2005.04.19 21:16 B C:\Documents and Settings\Michael Casserly\My Documents\Webmaster\mcasserly\falcons\falconsnest\20031004_Vol16_10.html --> ftp.mcasserly.com /mcasserly/falcons/falconsnest 20031004_Vol16_10.html
2005.04.19 21:16 B C:\Documents and Settings\Michael Casserly\My Documents\Webmaster\mcasserly\falcons\falconsnest\20030823_Vol16_9.html --> ftp.mcasserly.com /mcasserly/falcons/falconsnest 20030823_Vol16_9.html
2005.04.19 21:16 B C:\Documents and Settings\Michael Casserly\My Documents\Webmaster\mcasserly\falcons\falconsnest\20030821_Vol16_8.html --> ftp.mcasserly.com /mcasserly/falcons/falconsnest 20030821_Vol16_8.html
2005.04.19 21:16 B C:\Documents and Settings\Michael Casserly\My Documents\Webmaster\mcasserly\falcons\falconsnest\20030729_Vol16_7.html --> ftp.mcasserly.com /mcasserly/falcons/falconsnest 20030729_Vol16_7.html
2005.04.19 21:16 B C:\Documents and Settings\Michael Casserly\My Documents\Webmaster\mcasserly\falcons\falconsnest\20030728_Vol16_6.html --> ftp.mcasserly.com /mcasserly/falcons/falconsnest 20030728_Vol16_6.html
2005.04.19 21:16 B C:\Documents and Settings\Michael Casserly\My Documents\Webmaster\mcasserly\falcons\falconsnest\20030716_Vol16_5.html --> ftp.mcasserly.com /mcasserly/falcons/falconsnest 20030716_Vol16_5.html
2005.04.19 21:16 B C:\Documents and Settings\Michael Casserly\My Documents\Webmaster\mcasserly\falcons\falconsnest\20030630_Vol16_4.html --> ftp.mcasserly.com /mcasserly/falcons/falconsnest 20030630_Vol16_4.html
2005.04.19 21:16 B C:\Documents and Settings\Michael Casserly\My Documents\Webmaster\mcasserly\falcons\falconsnest\20030616_Vol16_3.html --> ftp.mcasserly.com /mcasserly/falcons/falconsnest 20030616_Vol16_3.html
2005.04.19 21:16 B C:\Documents and Settings\Michael Casserly\My Documents\Webmaster\mcasserly\falcons\falconsnest\20030515_Vol16_2.html --> ftp.mcasserly.com /mcasserly/falcons/falconsnest 20030515_Vol16_2.html
2005.04.19 21:16 B C:\Documents and Settings\Michael Casserly\My Documents\Webmaster\mcasserly\falcons\falconsnest\20030424_Vol16_1.html --> ftp.mcasserly.com /mcasserly/falcons/falconsnest 20030424_Vol16_1.html
2005.04.19 21:16 B C:\Documents and Settings\Michael Casserly\My Documents\Webmaster\mcasserly\falcons\falconsnest\Copy of 20030821_Vol16_8.doc --> ftp.mcasserly.com /mcasserly/falcons/falconsnest Copy of 20030821_Vol16_8.doc
2005.04.19 21:34 B C:\Documents and Settings\Michael Casserly\My Documents\Webmaster\mcasserly\falcons\falconsnest\FalconsNestTemplateInSite.html --> ftp.mcasserly.com /mcasserly/falcons/falconsnest FalconsNestTemplateInSite.html
2005.04.19 21:34 B C:\Documents and Settings\Michael Casserly\My Documents\Webmaster\mcasserly\falcons\falconsnest\20040902_Vol17_12.html --> ftp.mcasserly.com /mcasserly/falcons/falconsnest 20040902_Vol17_12.html
2005.04.19 21:34 B C:\Documents and Settings\Michael Casserly\My Documents\Webmaster\mcasserly\falcons\falconsnest\20040831_Vol17_11.html --> ftp.mcasserly.com /mcasserly/falcons/falconsnest 20040831_Vol17_11.html
2005.04.19 21:34 B C:\Documents and Settings\Michael Casserly\My Documents\Webmaster\mcasserly\falcons\falconsnest\20040826_Vol17_10.html --> ftp.mcasserly.com /mcasserly/falcons/falconsnest 20040826_Vol17_10.html
2005.04.19 21:34 B C:\Documents and Settings\Michael Casserly\My Documents\Webmaster\mcasserly\falcons\falconsnest\20040825_Vol17_09.html --> ftp.mcasserly.com /mcasserly/falcons/falconsnest 20040825_Vol17_09.html
2005.04.19 21:34 B C:\Documents and Settings\Michael Casserly\My Documents\Webmaster\mcasserly\falcons\falconsnest\20040813_Vol17_08.html --> ftp.mcasserly.com /mcasserly/falcons/falconsnest 20040813_Vol17_08.html
2005.04.19 21:34 B C:\Documents and Settings\Michael Casserly\My Documents\Webmaster\mcasserly\falcons\falconsnest\WS_FTP.LOG --> ftp.mcasserly.com /mcasserly/falcons/falconsnest WS_FTP.LOG
2005.04.19 21:34 B C:\Documents and Settings\Michael Casserly\My Documents\Webmaster\mcasserly\falcons\falconsnest\Copy of 20030821_Vol16_8.doc --> ftp.mcasserly.com /mcasserly/falcons/falconsnest Copy of 20030821_Vol16_8.doc
2005.04.20 19:14 B C:\Documents and Settings\Michael Casserly\My Documents\Webmaster\mcasserly\falcons\falconsnest\FalconsNestTemplateInSite.html --> ftp.mcasserly.com /mcasserly/falcons/falconsnest FalconsNestTemplateInSite.html
2005.04.20 19:14 B C:\Documents and Settings\Michael Casserly\My Documents\Webmaster\mcasserly\falcons\falconsnest\20040902_Vol17_12.html --> ftp.mcasserly.com /mcasserly/falcons/falconsnest 20040902_Vol17_12.html
2005.04.20 19:14 B C:\Documents and Settings\Michael Casserly\My Documents\Webmaster\mcasserly\falcons\falconsnest\20040831_Vol17_11.html --> ftp.mcasserly.com /mcasserly/falcons/falconsnest 20040831_Vol17_11.html
2005.04.20 19:14 B C:\Documents and Settings\Michael Casserly\My Documents\Webmaster\mcasserly\falcons\falconsnest\20040826_Vol17_10.html --> ftp.mcasserly.com /mcasserly/falcons/falconsnest 20040826_Vol17_10.html
2005.04.20 19:14 B C:\Documents and Settings\Michael Casserly\My Documents\Webmaster\mcasserly\falcons\falconsnest\20040825_Vol17_09.html --> ftp.mcasserly.com /mcasserly/falcons/falconsnest 20040825_Vol17_09.html
2005.04.20 19:14 B C:\Documents and Settings\Michael Casserly\My Documents\Webmaster\mcasserly\falcons\falconsnest\20040813_Vol17_08.html --> ftp.mcasserly.com /mcasserly/falcons/falconsnest 20040813_Vol17_08.html
2005.04.20 19:14 B C:\Documents and Settings\Michael Casserly\My Documents\Webmaster\mcasserly\falcons\falconsnest\WS_FTP.LOG --> ftp.mcasserly.com /mcasserly/falcons/falconsnest WS_FTP.LOG
2005.04.20 19:14 B C:\Documents and Settings\Michael Casserly\My Documents\Webmaster\mcasserly\falcons\falconsnest\Copy of 20030821_Vol16_8.doc --> ftp.mcasserly.com /mcasserly/falcons/falconsnest Copy of 20030821_Vol16_8.doc
2005.04.28 22:12 A C:\Documents and Settings\Michael Casserly\My Documents\Webmaster\mcasserly\falcons\falconsnest\20050428_Vol18_01.html --> ftp.mcasserly.com /mcasserly/falcons/falconsnest 20050428_Vol18_01.html
2005.04.28 22:12 A C:\Documents and Settings\Michael Casserly\My Documents\Webmaster\mcasserly\falcons\falconsnest\20040902_Vol17_12.html --> ftp.mcasserly.com /mcasserly/falcons/falconsnest 20040902_Vol17_12.html
2005.04.28 22:12 A C:\Documents and Settings\Michael Casserly\My Documents\Webmaster\mcasserly\falcons\falconsnest\20040831_Vol17_11.html --> ftp.mcasserly.com /mcasserly/falcons/falconsnest 20040831_Vol17_11.html
2005.04.28 22:12 A C:\Documents and Settings\Michael Casserly\My Documents\Webmaster\mcasserly\falcons\falconsnest\20040826_Vol17_10.html --> ftp.mcasserly.com /mcasserly/falcons/falconsnest 20040826_Vol17_10.html
2005.04.28 22:12 A C:\Documents and Settings\Michael Casserly\My Documents\Webmaster\mcasserly\falcons\falconsnest\20040825_Vol17_09.html --> ftp.mcasserly.com /mcasserly/falcons/falconsnest 20040825_Vol17_09.html
2005.04.28 22:12 A C:\Documents and Settings\Michael Casserly\My Documents\Webmaster\mcasserly\falcons\falconsnest\20040813_Vol17_08.html --> ftp.mcasserly.com /mcasserly/falcons/falconsnest 20040813_Vol17_08.html
2005.04.28 22:12 A C:\Documents and Settings\Michael Casserly\My Documents\Webmaster\mcasserly\falcons\falconsnest\20050428_Vol18_01_p.html --> ftp.mcasserly.com /mcasserly/falcons/falconsnest 20050428_Vol18_01_p.html
2005.04.28 23:15 A C:\Documents and Settings\Michael Casserly\My Documents\Webmaster\mcasserly\falcons\falconsnest\20050428_Vol18_01_p.html --> ftp.mcasserly.com /mcasserly/falcons/falconsnest 20050428_Vol18_01_p.html
2005.04.28 23:15 A C:\Documents and Settings\Michael Casserly\My Documents\Webmaster\mcasserly\falcons\falconsnest\20050428_Vol18_01.html --> ftp.mcasserly.com /mcasserly/falcons/falconsnest 20050428_Vol18_01.html
2005.05.01 17:57 A C:\Documents and Settings\Michael Casserly\My Documents\Webmaster\mcasserly\falcons\falconsnest\FalconsNestTemplateInSite.html --> ftp.mcasserly.com /mcasserly/falcons/falconsnest FalconsNestTemplateInSite.html
2005.05.01 17:57 A C:\Documents and Settings\Michael Casserly\My Documents\Webmaster\mcasserly\falcons\falconsnest\20050428_Vol18_01.html --> ftp.mcasserly.com /mcasserly/falcons/falconsnest 20050428_Vol18_01.html
2005.05.01 17:57 A C:\Documents and Settings\Michael Casserly\My Documents\Webmaster\mcasserly\falcons\falconsnest\20040902_Vol17_12.html --> ftp.mcasserly.com /mcasserly/falcons/falconsnest 20040902_Vol17_12.html
2005.05.01 17:57 A C:\Documents and Settings\Michael Casserly\My Documents\Webmaster\mcasserly\falcons\falconsnest\20040831_Vol17_11.html --> ftp.mcasserly.com /mcasserly/falcons/falconsnest 20040831_Vol17_11.html
2005.05.01 17:57 A C:\Documents and Settings\Michael Casserly\My Documents\Webmaster\mcasserly\falcons\falconsnest\20040826_Vol17_10.html --> ftp.mcasserly.com /mcasserly/falcons/falconsnest 20040826_Vol17_10.html
2005.05.01 17:57 A C:\Documents and Settings\Michael Casserly\My Documents\Webmaster\mcasserly\falcons\falconsnest\20040825_Vol17_09.html --> ftp.mcasserly.com /mcasserly/falcons/falconsnest 20040825_Vol17_09.html
2005.05.01 17:57 A C:\Documents and Settings\Michael Casserly\My Documents\Webmaster\mcasserly\falcons\falconsnest\20040813_Vol17_08.html --> ftp.mcasserly.com /mcasserly/falcons/falconsnest 20040813_Vol17_08.html
2005.05.01 17:57 B C:\Documents and Settings\Michael Casserly\My Documents\Webmaster\mcasserly\falcons\falconsnest\WS_FTP.LOG --> ftp.mcasserly.com /mcasserly/falcons/falconsnest WS_FTP.LOG
2005.05.01 17:57 A C:\Documents and Settings\Michael Casserly\My Documents\Webmaster\mcasserly\falcons\falconsnest\20050428_Vol18_01_p.html --> ftp.mcasserly.com /mcasserly/falcons/falconsnest 20050428_Vol18_01_p.html
2005.05.01 17:57 B C:\Documents and Settings\Michael Casserly\My Documents\Webmaster\mcasserly\falcons\falconsnest\Copy of 20030821_Vol16_8.doc --> ftp.mcasserly.com /mcasserly/falcons/falconsnest Copy of 20030821_Vol16_8.doc
2005.05.17 00:17 A C:\Documents and Settings\Michael Casserly\My Documents\Webmaster\mcasserly\falcons\falconsnest\FalconsNestTemplateInSite.html --> ftp.mcasserly.com /mcasserly/falcons/falconsnest FalconsNestTemplateInSite.html
2005.05.17 00:17 A C:\Documents and Settings\Michael Casserly\My Documents\Webmaster\mcasserly\falcons\falconsnest\20050428_Vol18_01.html --> ftp.mcasserly.com /mcasserly/falcons/falconsnest 20050428_Vol18_01.html
2005.05.17 00:17 A C:\Documents and Settings\Michael Casserly\My Documents\Webmaster\mcasserly\falcons\falconsnest\20040902_Vol17_12.html --> ftp.mcasserly.com /mcasserly/falcons/falconsnest 20040902_Vol17_12.html
2005.05.17 00:17 A C:\Documents and Settings\Michael Casserly\My Documents\Webmaster\mcasserly\falcons\falconsnest\20040831_Vol17_11.html --> ftp.mcasserly.com /mcasserly/falcons/falconsnest 20040831_Vol17_11.html
2005.05.17 00:17 A C:\Documents and Settings\Michael Casserly\My Documents\Webmaster\mcasserly\falcons\falconsnest\20040825_Vol17_09.html --> ftp.mcasserly.com /mcasserly/falcons/falconsnest 20040825_Vol17_09.html
2005.05.17 00:17 A C:\Documents and Settings\Michael Casserly\My Documents\Webmaster\mcasserly\falcons\falconsnest\20040813_Vol17_08.html --> ftp.mcasserly.com /mcasserly/falcons/falconsnest 20040813_Vol17_08.html
2005.05.17 00:17 A C:\Documents and Settings\Michael Casserly\My Documents\Webmaster\mcasserly\falcons\falconsnest\20040826_Vol17_10.html --> ftp.mcasserly.com /mcasserly/falcons/falconsnest 20040826_Vol17_10.html
2005.05.17 00:17 B C:\Documents and Settings\Michael Casserly\My Documents\Webmaster\mcasserly\falcons\falconsnest\WS_FTP.LOG --> ftp.mcasserly.com /mcasserly/falcons/falconsnest WS_FTP.LOG
2005.05.17 00:17 B C:\Documents and Settings\Michael Casserly\My Documents\Webmaster\mcasserly\falcons\falconsnest\Copy of 20030821_Vol16_8.doc --> ftp.mcasserly.com /mcasserly/falcons/falconsnest Copy of 20030821_Vol16_8.doc
2005.05.26 22:30 A C:\Documents and Settings\Michael Casserly\My Documents\Webmaster\mcasserly\falcons\falconsnest\20050525_Vol18_03.html --> ftp.mcasserly.com /mcasserly/falcons/falconsnest 20050525_Vol18_03.html
2005.05.26 22:30 A C:\Documents and Settings\Michael Casserly\My Documents\Webmaster\mcasserly\falcons\falconsnest\20050525_Vol18_03_p.html --> ftp.mcasserly.com /mcasserly/falcons/falconsnest 20050525_Vol18_03_p.html
2005.06.05 16:13 A C:\Documents and Settings\Michael Casserly\My Documents\Webmaster\mcasserly\falcons\falconsnest\20040831_Vol17_11.html --> ftp.mcasserly.com /mcasserly/falcons/falconsnest 20040831_Vol17_11.html
2005.06.05 16:13 A C:\Documents and Settings\Michael Casserly\My Documents\Webmaster\mcasserly\falcons\falconsnest\20040826_Vol17_10.html --> ftp.mcasserly.com /mcasserly/falcons/falconsnest 20040826_Vol17_10.html
2005.06.05 16:13 A C:\Documents and Settings\Michael Casserly\My Documents\Webmaster\mcasserly\falcons\falconsnest\20040825_Vol17_09.html --> ftp.mcasserly.com /mcasserly/falcons/falconsnest 20040825_Vol17_09.html
2005.06.05 16:13 A C:\Documents and Settings\Michael Casserly\My Documents\Webmaster\mcasserly\falcons\falconsnest\20040813_Vol17_08.html --> ftp.mcasserly.com /mcasserly/falcons/falconsnest 20040813_Vol17_08.html
2005.06.05 16:13 A C:\Documents and Settings\Michael Casserly\My Documents\Webmaster\mcasserly\falcons\falconsnest\20040902_Vol17_12.html --> ftp.mcasserly.com /mcasserly/falcons/falconsnest 20040902_Vol17_12.html
2005.06.05 16:13 A C:\Documents and Settings\Michael Casserly\My Documents\Webmaster\mcasserly\falcons\falconsnest\20050525_Vol18_03.html --> ftp.mcasserly.com /mcasserly/falcons/falconsnest 20050525_Vol18_03.html
2005.06.05 16:13 A C:\Documents and Settings\Michael Casserly\My Documents\Webmaster\mcasserly\falcons\falconsnest\20050521_Vol18_02.html --> ftp.mcasserly.com /mcasserly/falcons/falconsnest 20050521_Vol18_02.html
2005.06.05 16:13 A C:\Documents and Settings\Michael Casserly\My Documents\Webmaster\mcasserly\falcons\falconsnest\20050428_Vol18_01.html --> ftp.mcasserly.com /mcasserly/falcons/falconsnest 20050428_Vol18_01.html
2005.06.05 16:13 A C:\Documents and Settings\Michael Casserly\My Documents\Webmaster\mcasserly\falcons\falconsnest\FalconsNestTemplateInSite.html --> ftp.mcasserly.com /mcasserly/falcons/falconsnest FalconsNestTemplateInSite.html
2005.06.05 16:13 B C:\Documents and Settings\Michael Casserly\My Documents\Webmaster\mcasserly\falcons\falconsnest\FalconsNestHeader.jpg --> ftp.mcasserly.com /mcasserly/falcons/falconsnest FalconsNestHeader.jpg
2005.06.05 16:14 B C:\Documents and Settings\Michael Casserly\My Documents\Webmaster\mcasserly\falcons\falconsnest\FalconsNestHeader2003.jpg --> ftp.mcasserly.com /mcasserly/falcons/falconsnest FalconsNestHeader2003.jpg
2005.06.05 20:28 A C:\Documents and Settings\Michael Casserly\My Documents\Webmaster\mcasserly\falcons\falconsnest\20050603_Vol18_04.html --> ftp.mcasserly.com /mcasserly/falcons/falconsnest 20050603_Vol18_04.html
2005.07.06 22:38 A C:\Documents and Settings\Michael Casserly\My Documents\Webmaster\mcasserly\falcons\falconsnest\20050609_Vol18_05.html --> ftp.mcasserly.com /mcasserly/falcons/falconsnest 20050609_Vol18_05.html
2005.07.06 22:38 A C:\Documents and Settings\Michael Casserly\My Documents\Webmaster\mcasserly\falcons\falconsnest\FalconsNestTemplateInSite.html --> ftp.mcasserly.com /mcasserly/falcons/falconsnest FalconsNestTemplateInSite.html
2005.07.06 22:39 A C:\Documents and Settings\Michael Casserly\My Documents\Webmaster\mcasserly\falcons\falconsnest\20050603_Vol18_04.html --> ftp.mcasserly.com /mcasserly/falcons/falconsnest 20050603_Vol18_04.html
2005.07.06 22:39 A C:\Documents and Settings\Michael Casserly\My Documents\Webmaster\mcasserly\falcons\falconsnest\20050525_Vol18_03.html --> ftp.mcasserly.com /mcasserly/falcons/falconsnest 20050525_Vol18_03.html
2005.07.06 22:39 A C:\Documents and Settings\Michael Casserly\My Documents\Webmaster\mcasserly\falcons\falconsnest\20050521_Vol18_02.html --> ftp.mcasserly.com /mcasserly/falcons/falconsnest 20050521_Vol18_02.html
2005.07.06 22:39 A C:\Documents and Settings\Michael Casserly\My Documents\Webmaster\mcasserly\falcons\falconsnest\20050428_Vol18_01.html --> ftp.mcasserly.com /mcasserly/falcons/falconsnest 20050428_Vol18_01.html
2005.07.06 22:39 A C:\Documents and Settings\Michael Casserly\My Documents\Webmaster\mcasserly\falcons\falconsnest\20040902_Vol17_12.html --> ftp.mcasserly.com /mcasserly/falcons/falconsnest 20040902_Vol17_12.html
2005.07.06 22:39 A C:\Documents and Settings\Michael Casserly\My Documents\Webmaster\mcasserly\falcons\falconsnest\20040831_Vol17_11.html --> ftp.mcasserly.com /mcasserly/falcons/falconsnest 20040831_Vol17_11.html
2005.07.06 22:39 A C:\Documents and Settings\Michael Casserly\My Documents\Webmaster\mcasserly\falcons\falconsnest\20040826_Vol17_10.html --> ftp.mcasserly.com /mcasserly/falcons/falconsnest 20040826_Vol17_10.html
2005.07.06 22:39 A C:\Documents and Settings\Michael Casserly\My Documents\Webmaster\mcasserly\falcons\falconsnest\20040825_Vol17_09.html --> ftp.mcasserly.com /mcasserly/falcons/falconsnest 20040825_Vol17_09.html
2005.07.06 22:39 A C:\Documents and Settings\Michael Casserly\My Documents\Webmaster\mcasserly\falcons\falconsnest\20040813_Vol17_08.html --> ftp.mcasserly.com /mcasserly/falcons/falconsnest 20040813_Vol17_08.html
2005.07.06 22:39 B C:\Documents and Settings\Michael Casserly\My Documents\Webmaster\mcasserly\falcons\falconsnest\WS_FTP.LOG --> ftp.mcasserly.com /mcasserly/falcons/falconsnest WS_FTP.LOG
2005.07.06 22:39 B C:\Documents and Settings\Michael Casserly\My Documents\Webmaster\mcasserly\falcons\falconsnest\FalconsNestHeader.jpg --> ftp.mcasserly.com /mcasserly/falcons/falconsnest FalconsNestHeader.jpg
2005.07.06 22:39 B C:\Documents and Settings\Michael Casserly\My Documents\Webmaster\mcasserly\falcons\falconsnest\20030821_Vol16_8.doc --> ftp.mcasserly.com /mcasserly/falcons/falconsnest 20030821_Vol16_8.doc
2005.07.06 22:39 B C:\Documents and Settings\Michael Casserly\My Documents\Webmaster\mcasserly\falcons\falconsnest\20030823_Vol16_9.doc --> ftp.mcasserly.com /mcasserly/falcons/falconsnest 20030823_Vol16_9.doc
2005.07.18 21:38 A C:\Documents and Settings\Michael Casserly\My Documents\Webmaster\mcasserly\falcons\falconsnest\20050706_Vol18_06.html --> ftp.mcasserly.com /mcasserly/falcons/falconsnest 20050706_Vol18_06.html
2005.07.21 00:27 A C:\Documents and Settings\Michael Casserly\My Documents\Webmaster\mcasserly\falcons\falconsnest\20050706_Vol18_06.html --> ftp.mcasserly.com /mcasserly/falcons/falconsnest 20050706_Vol18_06.html
2005.07.24 21:49 A C:\Documents and Settings\Michael Casserly\My Documents\Webmaster\mcasserly\falcons\falconsnest\20050713_Vol18_07.html --> ftp.mcasserly.com /mcasserly/falcons/falconsnest 20050713_Vol18_07.html
2005.07.25 06:05 A C:\Documents and Settings\Michael Casserly\My Documents\Webmaster\mcasserly\falcons\falconsnest\20050713_Vol18_07.html --> ftp.mcasserly.com /mcasserly/falcons/falconsnest 20050713_Vol18_07.html
2005.07.27 23:00 A C:\Documents and Settings\Michael Casserly\My Documents\Webmaster\mcasserly\falcons\falconsnest\20050713_Vol18_07.html --> ftp.mcasserly.com /mcasserly/falcons/falconsnest 20050713_Vol18_07.html
2005.08.31 22:34 A C:\Documents and Settings\Michael Casserly\My Documents\Webmaster\mcasserly\falcons\falconsnest\20050722_Vol18_08.html --> ftp.mcasserly.com /mcasserly/falcons/falconsnest 20050722_Vol18_08.html
2005.09.05 15:06 A C:\Documents and Settings\Michael Casserly\My Documents\Webmaster\mcasserly\falcons\falconsnest\20050830_Vol18_10.html <-- mcasserly /mcasserly/falcons/falconsnest 20050830_Vol18_10.html
