2001.02.12 09:20 B D:\blackwateroldhead\images\header_oldhead.gif --> ftp.geocities.com /blackwateroldhead/images header_oldhead.gif
2001.10.16 21:22 B D:\blackwateroldhead\images\2001OldHeadTeamPicture.gif <-- blackwateroldhead /blackwateroldhead/images 2001OldHeadTeamPicture.gif
2001.10.16 21:22 B D:\blackwateroldhead\images\background.jpg <-- blackwateroldhead /blackwateroldhead/images background.jpg
2001.10.16 21:22 B D:\blackwateroldhead\images\header_oldhead.gif <-- blackwateroldhead /blackwateroldhead/images header_oldhead.gif
2001.10.16 21:22 B D:\blackwateroldhead\images\spacer.gif <-- blackwateroldhead /blackwateroldhead/images spacer.gif
2001.10.21 18:47 B D:\blackwateroldhead\images\charlies_angels2.jpg --> ftp.geocities.com /blackwateroldhead/images charlies_angels2.jpg
2001.10.21 18:48 B D:\blackwateroldhead\images\charlies_angels1.jpg --> ftp.geocities.com /blackwateroldhead/images charlies_angels1.jpg
2001.10.21 18:48 B D:\blackwateroldhead\images\mikecass_brendan.jpg --> ftp.geocities.com /blackwateroldhead/images mikecass_brendan.jpg
2001.10.21 18:48 B D:\blackwateroldhead\images\mikecass_shaun1.jpg --> ftp.geocities.com /blackwateroldhead/images mikecass_shaun1.jpg
2001.10.21 18:49 B D:\blackwateroldhead\images\kathryn_pat2.jpg --> ftp.geocities.com /blackwateroldhead/images kathryn_pat2.jpg
2001.10.21 18:49 B D:\blackwateroldhead\images\kathryn_pat1.jpg --> ftp.geocities.com /blackwateroldhead/images kathryn_pat1.jpg
2001.10.21 18:49 B D:\blackwateroldhead\images\kathryn_chris.jpg --> ftp.geocities.com /blackwateroldhead/images kathryn_chris.jpg
2001.10.21 18:50 B D:\blackwateroldhead\images\mikecass_carbomb_after.jpg --> ftp.geocities.com /blackwateroldhead/images mikecass_carbomb_after.jpg
2001.10.21 18:50 B D:\blackwateroldhead\images\mikecass_carbomb_before.jpg --> ftp.geocities.com /blackwateroldhead/images mikecass_carbomb_before.jpg
2001.10.21 18:50 B D:\blackwateroldhead\images\colm_cup.jpg --> ftp.geocities.com /blackwateroldhead/images colm_cup.jpg
2001.10.21 18:51 B D:\blackwateroldhead\images\colm_pat_cup3.jpg --> ftp.geocities.com /blackwateroldhead/images colm_pat_cup3.jpg
2001.10.21 18:52 B D:\blackwateroldhead\images\colm_pat_cup2.jpg --> ftp.geocities.com /blackwateroldhead/images colm_pat_cup2.jpg
2001.10.21 18:52 B D:\blackwateroldhead\images\colm_pat_cup1.jpg --> ftp.geocities.com /blackwateroldhead/images colm_pat_cup1.jpg
2001.10.21 18:52 B D:\blackwateroldhead\images\brendan.jpg --> ftp.geocities.com /blackwateroldhead/images brendan.jpg
2001.10.21 18:53 B D:\blackwateroldhead\images\2000OldHeadTeamPicture.gif --> ftp.geocities.com /blackwateroldhead/images 2000OldHeadTeamPicture.gif
2004.03.17 18:10 B C:\Documents and Settings\Michael Casserly\My Documents\Webmaster\axafalcons\images\1-train.gif --> ftp.mcasserly.com /mcasserly/falcons/images 1-train.gif
2004.03.17 18:10 B C:\Documents and Settings\Michael Casserly\My Documents\Webmaster\axafalcons\images\19890501_WilliamPregame.jpg --> ftp.mcasserly.com /mcasserly/falcons/images 19890501_WilliamPregame.jpg
2004.03.17 18:10 B C:\Documents and Settings\Michael Casserly\My Documents\Webmaster\axafalcons\images\19890501_WilliamPregame_thumb.jpg --> ftp.mcasserly.com /mcasserly/falcons/images 19890501_WilliamPregame_thumb.jpg
2004.03.17 18:10 B C:\Documents and Settings\Michael Casserly\My Documents\Webmaster\axafalcons\images\19890621_GrimsleyAction.jpg --> ftp.mcasserly.com /mcasserly/falcons/images 19890621_GrimsleyAction.jpg
2004.03.17 18:10 B C:\Documents and Settings\Michael Casserly\My Documents\Webmaster\axafalcons\images\19890621_GrimsleyAction_thumb.jpg --> ftp.mcasserly.com /mcasserly/falcons/images 19890621_GrimsleyAction_thumb.jpg
2004.03.17 18:10 B C:\Documents and Settings\Michael Casserly\My Documents\Webmaster\axafalcons\images\19900814_MRiveraThrowing.jpg --> ftp.mcasserly.com /mcasserly/falcons/images 19900814_MRiveraThrowing.jpg
2004.03.17 18:10 B C:\Documents and Settings\Michael Casserly\My Documents\Webmaster\axafalcons\images\19900814_MRiveraThrowing_thumb.jpg --> ftp.mcasserly.com /mcasserly/falcons/images 19900814_MRiveraThrowing_thumb.jpg
2004.03.17 18:10 B C:\Documents and Settings\Michael Casserly\My Documents\Webmaster\axafalcons\images\19920515_VernonHitting.jpg --> ftp.mcasserly.com /mcasserly/falcons/images 19920515_VernonHitting.jpg
2004.03.17 18:10 B C:\Documents and Settings\Michael Casserly\My Documents\Webmaster\axafalcons\images\19920515_VernonHitting_thumb.jpg --> ftp.mcasserly.com /mcasserly/falcons/images 19920515_VernonHitting_thumb.jpg
2004.03.17 18:10 B C:\Documents and Settings\Michael Casserly\My Documents\Webmaster\axafalcons\images\19920814_PanasikAction.jpg --> ftp.mcasserly.com /mcasserly/falcons/images 19920814_PanasikAction.jpg
2004.03.17 18:10 B C:\Documents and Settings\Michael Casserly\My Documents\Webmaster\axafalcons\images\19920814_PanasikAction_thumb.jpg --> ftp.mcasserly.com /mcasserly/falcons/images 19920814_PanasikAction_thumb.jpg
2004.03.17 18:10 B C:\Documents and Settings\Michael Casserly\My Documents\Webmaster\axafalcons\images\19930623_WilliamHitting.jpg --> ftp.mcasserly.com /mcasserly/falcons/images 19930623_WilliamHitting.jpg
2004.03.17 18:10 B C:\Documents and Settings\Michael Casserly\My Documents\Webmaster\axafalcons\images\19930623_WilliamHitting_thumb.jpg --> ftp.mcasserly.com /mcasserly/falcons/images 19930623_WilliamHitting_thumb.jpg
2004.03.17 18:10 B C:\Documents and Settings\Michael Casserly\My Documents\Webmaster\axafalcons\images\19930819_CaulfieldHomeRun.jpg --> ftp.mcasserly.com /mcasserly/falcons/images 19930819_CaulfieldHomeRun.jpg
2004.03.17 18:10 B C:\Documents and Settings\Michael Casserly\My Documents\Webmaster\axafalcons\images\19930819_CaulfieldHomeRun_thumb.jpg --> ftp.mcasserly.com /mcasserly/falcons/images 19930819_CaulfieldHomeRun_thumb.jpg
2004.03.17 18:10 B C:\Documents and Settings\Michael Casserly\My Documents\Webmaster\axafalcons\images\19990730_StanickHitting.jpg --> ftp.mcasserly.com /mcasserly/falcons/images 19990730_StanickHitting.jpg
2004.03.17 18:10 B C:\Documents and Settings\Michael Casserly\My Documents\Webmaster\axafalcons\images\19990730_StanickHitting_thumb.jpg --> ftp.mcasserly.com /mcasserly/falcons/images 19990730_StanickHitting_thumb.jpg
2004.03.17 18:10 B C:\Documents and Settings\Michael Casserly\My Documents\Webmaster\axafalcons\images\2001FalconsTeamPicture.jpg --> ftp.mcasserly.com /mcasserly/falcons/images 2001FalconsTeamPicture.jpg
2004.03.17 18:10 B C:\Documents and Settings\Michael Casserly\My Documents\Webmaster\axafalcons\images\2001FalconsTeamPicture_thumb.jpg --> ftp.mcasserly.com /mcasserly/falcons/images 2001FalconsTeamPicture_thumb.jpg
2004.03.17 18:10 B C:\Documents and Settings\Michael Casserly\My Documents\Webmaster\axafalcons\images\2002FalconsTeamPicture.jpg --> ftp.mcasserly.com /mcasserly/falcons/images 2002FalconsTeamPicture.jpg
2004.03.17 18:10 B C:\Documents and Settings\Michael Casserly\My Documents\Webmaster\axafalcons\images\2002FalconsTeamPicture_thumb.jpg --> ftp.mcasserly.com /mcasserly/falcons/images 2002FalconsTeamPicture_thumb.jpg
2004.03.17 18:12 B C:\Documents and Settings\Michael Casserly\My Documents\Webmaster\axafalcons\images\4HistoricalPics.psd --> ftp.mcasserly.com /mcasserly/falcons/images 4HistoricalPics.psd
2004.03.17 18:14 B C:\Documents and Settings\Michael Casserly\My Documents\Webmaster\axafalcons\images\4MoreHistoricalPics.psd --> ftp.mcasserly.com /mcasserly/falcons/images 4MoreHistoricalPics.psd
2004.03.17 18:14 B C:\Documents and Settings\Michael Casserly\My Documents\Webmaster\axafalcons\images\9-train.gif --> ftp.mcasserly.com /mcasserly/falcons/images 9-train.gif
2004.03.17 18:14 B C:\Documents and Settings\Michael Casserly\My Documents\Webmaster\axafalcons\images\a-train.gif --> ftp.mcasserly.com /mcasserly/falcons/images a-train.gif
2004.03.17 18:14 B C:\Documents and Settings\Michael Casserly\My Documents\Webmaster\axafalcons\images\acrobatPDFlogo.gif --> ftp.mcasserly.com /mcasserly/falcons/images acrobatPDFlogo.gif
2004.03.17 18:14 B C:\Documents and Settings\Michael Casserly\My Documents\Webmaster\axafalcons\images\b-train.gif --> ftp.mcasserly.com /mcasserly/falcons/images b-train.gif
2004.03.17 18:14 B C:\Documents and Settings\Michael Casserly\My Documents\Webmaster\axafalcons\images\background.gif --> ftp.mcasserly.com /mcasserly/falcons/images background.gif
2004.03.17 18:14 B C:\Documents and Settings\Michael Casserly\My Documents\Webmaster\axafalcons\images\c-train.gif --> ftp.mcasserly.com /mcasserly/falcons/images c-train.gif
2004.03.17 18:14 B C:\Documents and Settings\Michael Casserly\My Documents\Webmaster\axafalcons\images\d-train.gif --> ftp.mcasserly.com /mcasserly/falcons/images d-train.gif
2004.03.17 18:14 B C:\Documents and Settings\Michael Casserly\My Documents\Webmaster\axafalcons\images\e-train.gif --> ftp.mcasserly.com /mcasserly/falcons/images e-train.gif
2004.03.17 18:14 B C:\Documents and Settings\Michael Casserly\My Documents\Webmaster\axafalcons\images\falconlogo.gif --> ftp.mcasserly.com /mcasserly/falcons/images falconlogo.gif
2004.03.17 18:14 B C:\Documents and Settings\Michael Casserly\My Documents\Webmaster\axafalcons\images\header_falcons.gif --> ftp.mcasserly.com /mcasserly/falcons/images header_falcons.gif
2004.03.17 18:14 B C:\Documents and Settings\Michael Casserly\My Documents\Webmaster\axafalcons\images\header_falcons.psd --> ftp.mcasserly.com /mcasserly/falcons/images header_falcons.psd
2004.03.17 18:14 B C:\Documents and Settings\Michael Casserly\My Documents\Webmaster\axafalcons\images\header_falcons_home.gif --> ftp.mcasserly.com /mcasserly/falcons/images header_falcons_home.gif
2004.03.17 18:15 B C:\Documents and Settings\Michael Casserly\My Documents\Webmaster\axafalcons\images\header_falcons_home.psd --> ftp.mcasserly.com /mcasserly/falcons/images header_falcons_home.psd
2004.03.17 18:15 B C:\Documents and Settings\Michael Casserly\My Documents\Webmaster\axafalcons\images\leftnav_news_diamond.gif --> ftp.mcasserly.com /mcasserly/falcons/images leftnav_news_diamond.gif
2004.03.17 18:15 B C:\Documents and Settings\Michael Casserly\My Documents\Webmaster\axafalcons\images\logo_atlanta_falcons.gif --> ftp.mcasserly.com /mcasserly/falcons/images logo_atlanta_falcons.gif
2004.03.17 18:15 B C:\Documents and Settings\Michael Casserly\My Documents\Webmaster\axafalcons\images\spacer.gif --> ftp.mcasserly.com /mcasserly/falcons/images spacer.gif
2004.03.17 18:15 B C:\Documents and Settings\Michael Casserly\My Documents\Webmaster\axafalcons\images\WS_FTP.LOG --> ftp.mcasserly.com /mcasserly/falcons/images WS_FTP.LOG
2004.04.27 00:45 B C:\Documents and Settings\Michael Casserly\My Documents\Webmaster\mcasserly\falcons\images\WS_FTP.LOG --> ftp.mcasserly.com /mcasserly/falcons/images WS_FTP.LOG
2004.04.27 00:48 B C:\Documents and Settings\Michael Casserly\My Documents\Webmaster\mcasserly\falcons\images\4MoreHistoricalPics.psd --> ftp.mcasserly.com /mcasserly/falcons/images 4MoreHistoricalPics.psd
2004.04.27 00:49 B C:\Documents and Settings\Michael Casserly\My Documents\Webmaster\mcasserly\falcons\images\4HistoricalPics.psd --> ftp.mcasserly.com /mcasserly/falcons/images 4HistoricalPics.psd
2004.05.03 17:11 B C:\Documents and Settings\Michael Casserly\My Documents\Webmaster\mcasserly\falcons\images\Thumbs.db --> ftp.mcasserly.com /mcasserly/falcons/images Thumbs.db
2004.05.03 17:11 B C:\Documents and Settings\Michael Casserly\My Documents\Webmaster\mcasserly\falcons\images\header_Est1978.psd --> ftp.mcasserly.com /mcasserly/falcons/images header_Est1978.psd
2004.05.03 17:11 B C:\Documents and Settings\Michael Casserly\My Documents\Webmaster\mcasserly\falcons\images\header_Est1978.gif --> ftp.mcasserly.com /mcasserly/falcons/images header_Est1978.gif
2004.05.03 17:11 B C:\Documents and Settings\Michael Casserly\My Documents\Webmaster\mcasserly\falcons\images\header_champions.psd --> ftp.mcasserly.com /mcasserly/falcons/images header_champions.psd
2004.05.03 17:11 B C:\Documents and Settings\Michael Casserly\My Documents\Webmaster\mcasserly\falcons\images\header_champions.gif --> ftp.mcasserly.com /mcasserly/falcons/images header_champions.gif
2004.05.03 17:11 B C:\Documents and Settings\Michael Casserly\My Documents\Webmaster\mcasserly\falcons\images\2003FalconsTeamPicture_thumb.jpg --> ftp.mcasserly.com /mcasserly/falcons/images 2003FalconsTeamPicture_thumb.jpg
2004.05.03 17:11 B C:\Documents and Settings\Michael Casserly\My Documents\Webmaster\mcasserly\falcons\images\2003FalconsTeamPicture.jpg --> ftp.mcasserly.com /mcasserly/falcons/images 2003FalconsTeamPicture.jpg
2004.05.03 17:11 B C:\Documents and Settings\Michael Casserly\My Documents\Webmaster\mcasserly\falcons\images\logo_falcons_left.gif --> ftp.mcasserly.com /mcasserly/falcons/images logo_falcons_left.gif
2004.05.03 17:11 B C:\Documents and Settings\Michael Casserly\My Documents\Webmaster\mcasserly\falcons\images\20020919_Celebration4_thumb.jpg --> ftp.mcasserly.com /mcasserly/falcons/images 20020919_Celebration4_thumb.jpg
2004.05.03 17:11 B C:\Documents and Settings\Michael Casserly\My Documents\Webmaster\mcasserly\falcons\images\20020919_Celebration4.jpg --> ftp.mcasserly.com /mcasserly/falcons/images 20020919_Celebration4.jpg
2004.05.03 17:11 B C:\Documents and Settings\Michael Casserly\My Documents\Webmaster\mcasserly\falcons\images\20020919_Celebration3_thumb.jpg --> ftp.mcasserly.com /mcasserly/falcons/images 20020919_Celebration3_thumb.jpg
2004.05.03 17:11 B C:\Documents and Settings\Michael Casserly\My Documents\Webmaster\mcasserly\falcons\images\20020919_Celebration3.jpg --> ftp.mcasserly.com /mcasserly/falcons/images 20020919_Celebration3.jpg
2004.05.03 17:11 B C:\Documents and Settings\Michael Casserly\My Documents\Webmaster\mcasserly\falcons\images\20020919_Celebration1_thumb.jpg --> ftp.mcasserly.com /mcasserly/falcons/images 20020919_Celebration1_thumb.jpg
2004.05.03 17:11 B C:\Documents and Settings\Michael Casserly\My Documents\Webmaster\mcasserly\falcons\images\20020919_Celebration1.jpg --> ftp.mcasserly.com /mcasserly/falcons/images 20020919_Celebration1.jpg
2004.05.03 17:11 B C:\Documents and Settings\Michael Casserly\My Documents\Webmaster\mcasserly\falcons\images\20020919_Celebration2_thumb.jpg --> ftp.mcasserly.com /mcasserly/falcons/images 20020919_Celebration2_thumb.jpg
2004.05.03 17:11 B C:\Documents and Settings\Michael Casserly\My Documents\Webmaster\mcasserly\falcons\images\20020919_Celebration2.jpg --> ftp.mcasserly.com /mcasserly/falcons/images 20020919_Celebration2.jpg
2004.05.03 17:11 B C:\Documents and Settings\Michael Casserly\My Documents\Webmaster\mcasserly\falcons\images\20020919_PatCassPostGame_thumb.jpg --> ftp.mcasserly.com /mcasserly/falcons/images 20020919_PatCassPostGame_thumb.jpg
2004.05.03 17:11 B C:\Documents and Settings\Michael Casserly\My Documents\Webmaster\mcasserly\falcons\images\20020919_PatCassPostGame.jpg --> ftp.mcasserly.com /mcasserly/falcons/images 20020919_PatCassPostGame.jpg
2004.05.03 17:11 B C:\Documents and Settings\Michael Casserly\My Documents\Webmaster\mcasserly\falcons\images\20020919_PreGameWarmup_thumb.jpg --> ftp.mcasserly.com /mcasserly/falcons/images 20020919_PreGameWarmup_thumb.jpg
2004.05.03 17:11 B C:\Documents and Settings\Michael Casserly\My Documents\Webmaster\mcasserly\falcons\images\20020919_PreGameWarmup.jpg --> ftp.mcasserly.com /mcasserly/falcons/images 20020919_PreGameWarmup.jpg
2004.05.03 17:11 B C:\Documents and Settings\Michael Casserly\My Documents\Webmaster\mcasserly\falcons\images\20020919_PostGameHandshake_thumb.jpg --> ftp.mcasserly.com /mcasserly/falcons/images 20020919_PostGameHandshake_thumb.jpg
2004.05.03 17:11 B C:\Documents and Settings\Michael Casserly\My Documents\Webmaster\mcasserly\falcons\images\20020919_PostGameHandshake.jpg --> ftp.mcasserly.com /mcasserly/falcons/images 20020919_PostGameHandshake.jpg
2004.05.03 17:11 B C:\Documents and Settings\Michael Casserly\My Documents\Webmaster\mcasserly\falcons\images\20020919_InGameAction_thumb.jpg --> ftp.mcasserly.com /mcasserly/falcons/images 20020919_InGameAction_thumb.jpg
2004.05.03 17:11 B C:\Documents and Settings\Michael Casserly\My Documents\Webmaster\mcasserly\falcons\images\20020919_InGameAction.jpg --> ftp.mcasserly.com /mcasserly/falcons/images 20020919_InGameAction.jpg
2004.05.03 17:11 B C:\Documents and Settings\Michael Casserly\My Documents\Webmaster\mcasserly\falcons\images\19930826_TeamCelebration_thumb.jpg --> ftp.mcasserly.com /mcasserly/falcons/images 19930826_TeamCelebration_thumb.jpg
2004.05.03 17:11 B C:\Documents and Settings\Michael Casserly\My Documents\Webmaster\mcasserly\falcons\images\19930826_TeamCelebration.jpg --> ftp.mcasserly.com /mcasserly/falcons/images 19930826_TeamCelebration.jpg
2004.05.03 17:11 B C:\Documents and Settings\Michael Casserly\My Documents\Webmaster\mcasserly\falcons\images\19930826_CaulfieldHitting_thumb.jpg --> ftp.mcasserly.com /mcasserly/falcons/images 19930826_CaulfieldHitting_thumb.jpg
2004.05.03 17:11 B C:\Documents and Settings\Michael Casserly\My Documents\Webmaster\mcasserly\falcons\images\19930826_CaulfieldHitting.jpg --> ftp.mcasserly.com /mcasserly/falcons/images 19930826_CaulfieldHitting.jpg
2004.05.03 17:11 B C:\Documents and Settings\Michael Casserly\My Documents\Webmaster\mcasserly\falcons\images\WS_FTP.LOG --> ftp.mcasserly.com /mcasserly/falcons/images WS_FTP.LOG
2004.05.03 17:11 B C:\Documents and Settings\Michael Casserly\My Documents\Webmaster\mcasserly\falcons\images\logo_falcons.gif --> ftp.mcasserly.com /mcasserly/falcons/images logo_falcons.gif
2004.05.06 20:01 B C:\Documents and Settings\Michael Casserly\My Documents\Webmaster\mcasserly\falcons\images\background.gif <-- mcasserly /mcasserly/falcons/images background.gif
2004.05.06 20:57 B C:\Documents and Settings\Michael Casserly\My Documents\Webmaster\mcasserly\falcons\images\falconsnestlogo_right.gif --> ftp.mcasserly.com /mcasserly/falcons/images falconsnestlogo_right.gif
2004.05.06 20:57 B C:\Documents and Settings\Michael Casserly\My Documents\Webmaster\mcasserly\falcons\images\falconsnestlogo_left.gif --> ftp.mcasserly.com /mcasserly/falcons/images falconsnestlogo_left.gif
2004.05.06 20:57 B C:\Documents and Settings\Michael Casserly\My Documents\Webmaster\mcasserly\falcons\images\header_champions.psd --> ftp.mcasserly.com /mcasserly/falcons/images header_champions.psd
2004.05.06 20:57 B C:\Documents and Settings\Michael Casserly\My Documents\Webmaster\mcasserly\falcons\images\header_champions.gif --> ftp.mcasserly.com /mcasserly/falcons/images header_champions.gif
2004.05.06 20:57 B C:\Documents and Settings\Michael Casserly\My Documents\Webmaster\mcasserly\falcons\images\background.gif --> ftp.mcasserly.com /mcasserly/falcons/images background.gif
2004.05.06 20:57 B C:\Documents and Settings\Michael Casserly\My Documents\Webmaster\mcasserly\falcons\images\background2.gif --> ftp.mcasserly.com /mcasserly/falcons/images background2.gif
2004.05.06 20:57 B C:\Documents and Settings\Michael Casserly\My Documents\Webmaster\mcasserly\falcons\images\WS_FTP.LOG --> ftp.mcasserly.com /mcasserly/falcons/images WS_FTP.LOG
2004.05.06 21:37 B C:\Documents and Settings\Michael Casserly\My Documents\Webmaster\mcasserly\falcons\images\WS_FTP.LOG --> ftp.mcasserly.com /mcasserly/falcons/images WS_FTP.LOG
2004.05.06 21:37 B C:\Documents and Settings\Michael Casserly\My Documents\Webmaster\mcasserly\falcons\images\falconsnestlogo_right.gif --> ftp.mcasserly.com /mcasserly/falcons/images falconsnestlogo_right.gif
2004.05.06 21:37 B C:\Documents and Settings\Michael Casserly\My Documents\Webmaster\mcasserly\falcons\images\falconsnestlogo_left.gif --> ftp.mcasserly.com /mcasserly/falcons/images falconsnestlogo_left.gif
2004.05.06 21:37 B C:\Documents and Settings\Michael Casserly\My Documents\Webmaster\mcasserly\falcons\images\header_champions.psd --> ftp.mcasserly.com /mcasserly/falcons/images header_champions.psd
2004.05.06 21:37 B C:\Documents and Settings\Michael Casserly\My Documents\Webmaster\mcasserly\falcons\images\header_champions.gif --> ftp.mcasserly.com /mcasserly/falcons/images header_champions.gif
2004.05.06 21:37 B C:\Documents and Settings\Michael Casserly\My Documents\Webmaster\mcasserly\falcons\images\background.gif --> ftp.mcasserly.com /mcasserly/falcons/images background.gif
2004.05.06 21:37 B C:\Documents and Settings\Michael Casserly\My Documents\Webmaster\mcasserly\falcons\images\background2.gif --> ftp.mcasserly.com /mcasserly/falcons/images background2.gif
2004.05.12 00:55 B C:\Documents and Settings\Michael Casserly\My Documents\Webmaster\mcasserly\falcons\images\header_champions.psd --> ftp.mcasserly.com /mcasserly/falcons/images header_champions.psd
2004.05.12 00:55 B C:\Documents and Settings\Michael Casserly\My Documents\Webmaster\mcasserly\falcons\images\header_champions.gif --> ftp.mcasserly.com /mcasserly/falcons/images header_champions.gif
2004.05.12 00:55 B C:\Documents and Settings\Michael Casserly\My Documents\Webmaster\mcasserly\falcons\images\WS_FTP.LOG --> ftp.mcasserly.com /mcasserly/falcons/images WS_FTP.LOG
2004.05.12 00:55 B C:\Documents and Settings\Michael Casserly\My Documents\Webmaster\mcasserly\falcons\images\falconsnestlogo_right.gif --> ftp.mcasserly.com /mcasserly/falcons/images falconsnestlogo_right.gif
2004.05.12 00:55 B C:\Documents and Settings\Michael Casserly\My Documents\Webmaster\mcasserly\falcons\images\falconsnestlogo_left.gif --> ftp.mcasserly.com /mcasserly/falcons/images falconsnestlogo_left.gif
2004.05.12 00:55 B C:\Documents and Settings\Michael Casserly\My Documents\Webmaster\mcasserly\falcons\images\background.gif --> ftp.mcasserly.com /mcasserly/falcons/images background.gif
2004.05.12 00:55 B C:\Documents and Settings\Michael Casserly\My Documents\Webmaster\mcasserly\falcons\images\background2.gif --> ftp.mcasserly.com /mcasserly/falcons/images background2.gif
2004.05.19 01:30 B C:\Documents and Settings\Michael Casserly\My Documents\Webmaster\mcasserly\falcons\images\background.jpe --> ftp.mcasserly.com /mcasserly/falcons/images background.jpe
2004.05.28 15:15 B C:\Documents and Settings\Michael Casserly\My Documents\Webmaster\mcasserly\falcons\images\map_nm.gif --> ftp.mcasserly.com /mcasserly/falcons/images map_nm.gif
2004.09.10 15:40 B C:\Documents and Settings\Michael Casserly\My Documents\Webmaster\mcasserly\falcons\images\background.gif --> ftp.mcasserly.com /mcasserly/falcons/images background.gif
2004.09.11 18:38 B C:\Documents and Settings\Michael Casserly\My Documents\Webmaster\mcasserly\falcons\images\hrd_fields.gif --> ftp.mcasserly.com /mcasserly/falcons/images hrd_fields.gif
2004.09.11 18:38 B C:\Documents and Settings\Michael Casserly\My Documents\Webmaster\mcasserly\falcons\images\3-train.gif --> ftp.mcasserly.com /mcasserly/falcons/images 3-train.gif
2004.09.11 18:38 B C:\Documents and Settings\Michael Casserly\My Documents\Webmaster\mcasserly\falcons\images\2-train.gif --> ftp.mcasserly.com /mcasserly/falcons/images 2-train.gif
2004.09.11 18:38 B C:\Documents and Settings\Michael Casserly\My Documents\Webmaster\mcasserly\falcons\images\6-train.gif --> ftp.mcasserly.com /mcasserly/falcons/images 6-train.gif
2004.09.11 18:38 B C:\Documents and Settings\Michael Casserly\My Documents\Webmaster\mcasserly\falcons\images\5-train.gif --> ftp.mcasserly.com /mcasserly/falcons/images 5-train.gif
2004.09.11 18:38 B C:\Documents and Settings\Michael Casserly\My Documents\Webmaster\mcasserly\falcons\images\4-train.gif --> ftp.mcasserly.com /mcasserly/falcons/images 4-train.gif
2004.09.12 00:13 B C:\Documents and Settings\Michael Casserly\My Documents\Webmaster\mcasserly\falcons\images\hrd_fields.gif --> ftp.mcasserly.com /mcasserly/falcons/images hrd_fields.gif
2004.09.12 00:13 B C:\Documents and Settings\Michael Casserly\My Documents\Webmaster\mcasserly\falcons\images\3-train.gif --> ftp.mcasserly.com /mcasserly/falcons/images 3-train.gif
2004.09.12 00:13 B C:\Documents and Settings\Michael Casserly\My Documents\Webmaster\mcasserly\falcons\images\2-train.gif --> ftp.mcasserly.com /mcasserly/falcons/images 2-train.gif
2004.09.12 00:13 B C:\Documents and Settings\Michael Casserly\My Documents\Webmaster\mcasserly\falcons\images\6-train.gif --> ftp.mcasserly.com /mcasserly/falcons/images 6-train.gif
2004.09.12 00:13 B C:\Documents and Settings\Michael Casserly\My Documents\Webmaster\mcasserly\falcons\images\5-train.gif --> ftp.mcasserly.com /mcasserly/falcons/images 5-train.gif
2004.09.12 00:13 B C:\Documents and Settings\Michael Casserly\My Documents\Webmaster\mcasserly\falcons\images\4-train.gif --> ftp.mcasserly.com /mcasserly/falcons/images 4-train.gif
2005.02.24 02:35 B C:\Documents and Settings\Michael Casserly\My Documents\Webmaster\mcasserly\falcons\images\printer.gif --> ftp.mcasserly.com /mcasserly/falcons/images printer.gif
2005.05.01 18:40 B C:\Documents and Settings\Michael Casserly\My Documents\Webmaster\mcasserly\falcons\images\header_champions.gif --> ftp.mcasserly.com /mcasserly/falcons/images header_champions.gif
2005.05.04 21:18 B C:\Documents and Settings\Michael Casserly\My Documents\Webmaster\mcasserly\falcons\images\20040621_Vernon_thumb.gif --> ftp.mcasserly.com /mcasserly/falcons/images 20040621_Vernon_thumb.gif
2005.05.04 21:18 B C:\Documents and Settings\Michael Casserly\My Documents\Webmaster\mcasserly\falcons\images\20040621_Pat4_thumb.gif --> ftp.mcasserly.com /mcasserly/falcons/images 20040621_Pat4_thumb.gif
2005.05.04 21:18 B C:\Documents and Settings\Michael Casserly\My Documents\Webmaster\mcasserly\falcons\images\20040621_MikeCass3_thumb.gif --> ftp.mcasserly.com /mcasserly/falcons/images 20040621_MikeCass3_thumb.gif
2005.05.04 21:18 B C:\Documents and Settings\Michael Casserly\My Documents\Webmaster\mcasserly\falcons\images\20040621_Pat2_thumb.gif --> ftp.mcasserly.com /mcasserly/falcons/images 20040621_Pat2_thumb.gif
2005.05.04 21:19 B C:\Documents and Settings\Michael Casserly\My Documents\Webmaster\mcasserly\falcons\images\20040621_MikeCassBobK_thumb.gif --> ftp.mcasserly.com /mcasserly/falcons/images 20040621_MikeCassBobK_thumb.gif
2005.05.04 21:19 B C:\Documents and Settings\Michael Casserly\My Documents\Webmaster\mcasserly\falcons\images\20040621_MikeCass_thumb.gif --> ftp.mcasserly.com /mcasserly/falcons/images 20040621_MikeCass_thumb.gif
2005.05.04 21:19 B C:\Documents and Settings\Michael Casserly\My Documents\Webmaster\mcasserly\falcons\images\20040621_Pat3_thumb.gif --> ftp.mcasserly.com /mcasserly/falcons/images 20040621_Pat3_thumb.gif
2005.05.04 21:19 B C:\Documents and Settings\Michael Casserly\My Documents\Webmaster\mcasserly\falcons\images\20040621_Pat_thumb.gif --> ftp.mcasserly.com /mcasserly/falcons/images 20040621_Pat_thumb.gif
2005.05.04 21:19 B C:\Documents and Settings\Michael Casserly\My Documents\Webmaster\mcasserly\falcons\images\20040621_Adam3_thumb.gif --> ftp.mcasserly.com /mcasserly/falcons/images 20040621_Adam3_thumb.gif
2005.05.04 21:19 B C:\Documents and Settings\Michael Casserly\My Documents\Webmaster\mcasserly\falcons\images\20040621_Adam2_thumb.gif --> ftp.mcasserly.com /mcasserly/falcons/images 20040621_Adam2_thumb.gif
2005.05.04 21:19 B C:\Documents and Settings\Michael Casserly\My Documents\Webmaster\mcasserly\falcons\images\20040621_AaronPat_thumb.gif --> ftp.mcasserly.com /mcasserly/falcons/images 20040621_AaronPat_thumb.gif
2005.05.04 21:19 B C:\Documents and Settings\Michael Casserly\My Documents\Webmaster\mcasserly\falcons\images\20040621_Aaron_thumb.gif --> ftp.mcasserly.com /mcasserly/falcons/images 20040621_Aaron_thumb.gif
2005.05.04 21:19 B C:\Documents and Settings\Michael Casserly\My Documents\Webmaster\mcasserly\falcons\images\20040621_Bench2_thumb.gif --> ftp.mcasserly.com /mcasserly/falcons/images 20040621_Bench2_thumb.gif
2005.05.04 21:19 B C:\Documents and Settings\Michael Casserly\My Documents\Webmaster\mcasserly\falcons\images\20040621_Adam_thumb.gif --> ftp.mcasserly.com /mcasserly/falcons/images 20040621_Adam_thumb.gif
2005.05.04 21:19 B C:\Documents and Settings\Michael Casserly\My Documents\Webmaster\mcasserly\falcons\images\20040621_BobK3_thumb.gif --> ftp.mcasserly.com /mcasserly/falcons/images 20040621_BobK3_thumb.gif
2005.05.04 21:19 B C:\Documents and Settings\Michael Casserly\My Documents\Webmaster\mcasserly\falcons\images\20040621_BobK2_thumb.gif --> ftp.mcasserly.com /mcasserly/falcons/images 20040621_BobK2_thumb.gif
2005.05.04 21:19 B C:\Documents and Settings\Michael Casserly\My Documents\Webmaster\mcasserly\falcons\images\20040621_Bench_thumb.gif --> ftp.mcasserly.com /mcasserly/falcons/images 20040621_Bench_thumb.gif
2005.05.04 21:19 B C:\Documents and Settings\Michael Casserly\My Documents\Webmaster\mcasserly\falcons\images\20040621_Bench3_thumb.gif --> ftp.mcasserly.com /mcasserly/falcons/images 20040621_Bench3_thumb.gif
2005.05.04 21:19 B C:\Documents and Settings\Michael Casserly\My Documents\Webmaster\mcasserly\falcons\images\20040621_BobK6_thumb.gif --> ftp.mcasserly.com /mcasserly/falcons/images 20040621_BobK6_thumb.gif
2005.05.04 21:19 B C:\Documents and Settings\Michael Casserly\My Documents\Webmaster\mcasserly\falcons\images\20040621_BobK5_thumb.gif --> ftp.mcasserly.com /mcasserly/falcons/images 20040621_BobK5_thumb.gif
2005.05.04 21:19 B C:\Documents and Settings\Michael Casserly\My Documents\Webmaster\mcasserly\falcons\images\20040621_BobK4_thumb.gif --> ftp.mcasserly.com /mcasserly/falcons/images 20040621_BobK4_thumb.gif
2005.05.04 21:19 B C:\Documents and Settings\Michael Casserly\My Documents\Webmaster\mcasserly\falcons\images\20040621_BobRupe_thumb.gif --> ftp.mcasserly.com /mcasserly/falcons/images 20040621_BobRupe_thumb.gif
2005.05.04 21:19 B C:\Documents and Settings\Michael Casserly\My Documents\Webmaster\mcasserly\falcons\images\20040621_BobRupe2_thumb.gif --> ftp.mcasserly.com /mcasserly/falcons/images 20040621_BobRupe2_thumb.gif
2005.05.04 21:19 B C:\Documents and Settings\Michael Casserly\My Documents\Webmaster\mcasserly\falcons\images\20040621_BobK_thumb.gif --> ftp.mcasserly.com /mcasserly/falcons/images 20040621_BobK_thumb.gif
2005.05.04 21:19 B C:\Documents and Settings\Michael Casserly\My Documents\Webmaster\mcasserly\falcons\images\20040621_Dan_thumb.gif --> ftp.mcasserly.com /mcasserly/falcons/images 20040621_Dan_thumb.gif
2005.05.04 21:19 B C:\Documents and Settings\Michael Casserly\My Documents\Webmaster\mcasserly\falcons\images\20040621_Dan3_thumb.gif --> ftp.mcasserly.com /mcasserly/falcons/images 20040621_Dan3_thumb.gif
2005.05.04 21:19 B C:\Documents and Settings\Michael Casserly\My Documents\Webmaster\mcasserly\falcons\images\20040621_Dan2_thumb.gif --> ftp.mcasserly.com /mcasserly/falcons/images 20040621_Dan2_thumb.gif
2005.05.04 21:19 B C:\Documents and Settings\Michael Casserly\My Documents\Webmaster\mcasserly\falcons\images\20040621_Keith2_thumb.gif --> ftp.mcasserly.com /mcasserly/falcons/images 20040621_Keith2_thumb.gif
2005.05.04 21:19 B C:\Documents and Settings\Michael Casserly\My Documents\Webmaster\mcasserly\falcons\images\20040621_Eric_thumb.gif --> ftp.mcasserly.com /mcasserly/falcons/images 20040621_Eric_thumb.gif
2005.05.04 21:19 B C:\Documents and Settings\Michael Casserly\My Documents\Webmaster\mcasserly\falcons\images\20040621_Eric2_thumb.gif --> ftp.mcasserly.com /mcasserly/falcons/images 20040621_Eric2_thumb.gif
2005.05.04 21:19 B C:\Documents and Settings\Michael Casserly\My Documents\Webmaster\mcasserly\falcons\images\20040621_MikeCass2_thumb.gif --> ftp.mcasserly.com /mcasserly/falcons/images 20040621_MikeCass2_thumb.gif
2005.05.04 21:19 B C:\Documents and Settings\Michael Casserly\My Documents\Webmaster\mcasserly\falcons\images\20040621_Keith_thumb.gif --> ftp.mcasserly.com /mcasserly/falcons/images 20040621_Keith_thumb.gif
2005.05.04 21:19 B C:\Documents and Settings\Michael Casserly\My Documents\Webmaster\mcasserly\falcons\images\20040621_RJ_thumb.gif --> ftp.mcasserly.com /mcasserly/falcons/images 20040621_RJ_thumb.gif
2005.05.04 21:19 B C:\Documents and Settings\Michael Casserly\My Documents\Webmaster\mcasserly\falcons\images\20040621_PatVernonRJ_thumb.gif --> ftp.mcasserly.com /mcasserly/falcons/images 20040621_PatVernonRJ_thumb.gif
2005.05.04 21:20 B C:\Documents and Settings\Michael Casserly\My Documents\Webmaster\mcasserly\falcons\images\20040621_Vernon2_thumb.gif --> ftp.mcasserly.com /mcasserly/falcons/images 20040621_Vernon2_thumb.gif
2005.05.04 21:20 B C:\Documents and Settings\Michael Casserly\My Documents\Webmaster\mcasserly\falcons\images\20040621_MikeCassBobK.jpg --> ftp.mcasserly.com /mcasserly/falcons/images 20040621_MikeCassBobK.jpg
2005.05.04 21:20 B C:\Documents and Settings\Michael Casserly\My Documents\Webmaster\mcasserly\falcons\images\20040621_MikeCass3.jpg --> ftp.mcasserly.com /mcasserly/falcons/images 20040621_MikeCass3.jpg
2005.05.04 21:20 B C:\Documents and Settings\Michael Casserly\My Documents\Webmaster\mcasserly\falcons\images\20040621_BobK6.jpg --> ftp.mcasserly.com /mcasserly/falcons/images 20040621_BobK6.jpg
2005.05.04 21:20 B C:\Documents and Settings\Michael Casserly\My Documents\Webmaster\mcasserly\falcons\images\20040621_Dan3.jpg --> ftp.mcasserly.com /mcasserly/falcons/images 20040621_Dan3.jpg
2005.05.04 21:20 B C:\Documents and Settings\Michael Casserly\My Documents\Webmaster\mcasserly\falcons\images\20040621_BobK5.jpg --> ftp.mcasserly.com /mcasserly/falcons/images 20040621_BobK5.jpg
2005.05.04 21:20 B C:\Documents and Settings\Michael Casserly\My Documents\Webmaster\mcasserly\falcons\images\20040621_Bench3.jpg --> ftp.mcasserly.com /mcasserly/falcons/images 20040621_Bench3.jpg
2005.05.04 21:20 B C:\Documents and Settings\Michael Casserly\My Documents\Webmaster\mcasserly\falcons\images\20040621_Pat4.jpg --> ftp.mcasserly.com /mcasserly/falcons/images 20040621_Pat4.jpg
2005.05.04 21:20 B C:\Documents and Settings\Michael Casserly\My Documents\Webmaster\mcasserly\falcons\images\20040621_Adam3.jpg --> ftp.mcasserly.com /mcasserly/falcons/images 20040621_Adam3.jpg
2005.05.04 21:20 B C:\Documents and Settings\Michael Casserly\My Documents\Webmaster\mcasserly\falcons\images\20040621_Adam2.jpg --> ftp.mcasserly.com /mcasserly/falcons/images 20040621_Adam2.jpg
2005.05.04 21:20 B C:\Documents and Settings\Michael Casserly\My Documents\Webmaster\mcasserly\falcons\images\20040621_Pat3.jpg --> ftp.mcasserly.com /mcasserly/falcons/images 20040621_Pat3.jpg
2005.05.04 21:20 B C:\Documents and Settings\Michael Casserly\My Documents\Webmaster\mcasserly\falcons\images\20040621_Pat2.jpg --> ftp.mcasserly.com /mcasserly/falcons/images 20040621_Pat2.jpg
2005.05.04 21:20 B C:\Documents and Settings\Michael Casserly\My Documents\Webmaster\mcasserly\falcons\images\20040621_Keith2.jpg --> ftp.mcasserly.com /mcasserly/falcons/images 20040621_Keith2.jpg
2005.05.04 21:20 B C:\Documents and Settings\Michael Casserly\My Documents\Webmaster\mcasserly\falcons\images\20040621_MikeCass2.jpg --> ftp.mcasserly.com /mcasserly/falcons/images 20040621_MikeCass2.jpg
2005.05.04 21:20 B C:\Documents and Settings\Michael Casserly\My Documents\Webmaster\mcasserly\falcons\images\20040621_BobRupe2.jpg --> ftp.mcasserly.com /mcasserly/falcons/images 20040621_BobRupe2.jpg
2005.05.04 21:21 B C:\Documents and Settings\Michael Casserly\My Documents\Webmaster\mcasserly\falcons\images\20040621_BobRupe.jpg --> ftp.mcasserly.com /mcasserly/falcons/images 20040621_BobRupe.jpg
2005.05.04 21:21 B C:\Documents and Settings\Michael Casserly\My Documents\Webmaster\mcasserly\falcons\images\20040621_Vernon2.jpg --> ftp.mcasserly.com /mcasserly/falcons/images 20040621_Vernon2.jpg
2005.05.04 21:21 B C:\Documents and Settings\Michael Casserly\My Documents\Webmaster\mcasserly\falcons\images\20040621_RJ.jpg --> ftp.mcasserly.com /mcasserly/falcons/images 20040621_RJ.jpg
2005.05.04 21:21 B C:\Documents and Settings\Michael Casserly\My Documents\Webmaster\mcasserly\falcons\images\20040621_Pat.jpg --> ftp.mcasserly.com /mcasserly/falcons/images 20040621_Pat.jpg
2005.05.04 21:21 B C:\Documents and Settings\Michael Casserly\My Documents\Webmaster\mcasserly\falcons\images\20040621_Aaron.jpg --> ftp.mcasserly.com /mcasserly/falcons/images 20040621_Aaron.jpg
2005.05.04 21:21 B C:\Documents and Settings\Michael Casserly\My Documents\Webmaster\mcasserly\falcons\images\20040621_Vernon.jpg --> ftp.mcasserly.com /mcasserly/falcons/images 20040621_Vernon.jpg
2005.05.04 21:21 B C:\Documents and Settings\Michael Casserly\My Documents\Webmaster\mcasserly\falcons\images\20040621_Eric2.jpg --> ftp.mcasserly.com /mcasserly/falcons/images 20040621_Eric2.jpg
2005.05.04 21:21 B C:\Documents and Settings\Michael Casserly\My Documents\Webmaster\mcasserly\falcons\images\20040621_Eric.jpg --> ftp.mcasserly.com /mcasserly/falcons/images 20040621_Eric.jpg
2005.05.04 21:21 B C:\Documents and Settings\Michael Casserly\My Documents\Webmaster\mcasserly\falcons\images\20040621_PatVernonRJ.jpg --> ftp.mcasserly.com /mcasserly/falcons/images 20040621_PatVernonRJ.jpg
2005.05.04 21:21 B C:\Documents and Settings\Michael Casserly\My Documents\Webmaster\mcasserly\falcons\images\20040621_Dan2.jpg --> ftp.mcasserly.com /mcasserly/falcons/images 20040621_Dan2.jpg
2005.05.04 21:21 B C:\Documents and Settings\Michael Casserly\My Documents\Webmaster\mcasserly\falcons\images\20040621_BobK4.jpg --> ftp.mcasserly.com /mcasserly/falcons/images 20040621_BobK4.jpg
2005.05.04 21:21 B C:\Documents and Settings\Michael Casserly\My Documents\Webmaster\mcasserly\falcons\images\20040621_Dan.jpg --> ftp.mcasserly.com /mcasserly/falcons/images 20040621_Dan.jpg
2005.05.04 21:21 B C:\Documents and Settings\Michael Casserly\My Documents\Webmaster\mcasserly\falcons\images\20040621_BobK3.jpg --> ftp.mcasserly.com /mcasserly/falcons/images 20040621_BobK3.jpg
2005.05.04 21:21 B C:\Documents and Settings\Michael Casserly\My Documents\Webmaster\mcasserly\falcons\images\20040621_Bench2.jpg --> ftp.mcasserly.com /mcasserly/falcons/images 20040621_Bench2.jpg
2005.05.04 21:21 B C:\Documents and Settings\Michael Casserly\My Documents\Webmaster\mcasserly\falcons\images\20040621_BobK2.jpg --> ftp.mcasserly.com /mcasserly/falcons/images 20040621_BobK2.jpg
2005.05.04 21:21 B C:\Documents and Settings\Michael Casserly\My Documents\Webmaster\mcasserly\falcons\images\20040621_Adam.jpg --> ftp.mcasserly.com /mcasserly/falcons/images 20040621_Adam.jpg
2005.05.04 21:21 B C:\Documents and Settings\Michael Casserly\My Documents\Webmaster\mcasserly\falcons\images\20040621_Keith.jpg --> ftp.mcasserly.com /mcasserly/falcons/images 20040621_Keith.jpg
2005.05.04 21:21 B C:\Documents and Settings\Michael Casserly\My Documents\Webmaster\mcasserly\falcons\images\20040621_AaronPat.jpg --> ftp.mcasserly.com /mcasserly/falcons/images 20040621_AaronPat.jpg
2005.05.04 21:21 B C:\Documents and Settings\Michael Casserly\My Documents\Webmaster\mcasserly\falcons\images\20040621_MikeCass.jpg --> ftp.mcasserly.com /mcasserly/falcons/images 20040621_MikeCass.jpg
2005.05.04 21:21 B C:\Documents and Settings\Michael Casserly\My Documents\Webmaster\mcasserly\falcons\images\20040621_Bench.jpg --> ftp.mcasserly.com /mcasserly/falcons/images 20040621_Bench.jpg
2005.05.04 21:21 B C:\Documents and Settings\Michael Casserly\My Documents\Webmaster\mcasserly\falcons\images\20040621_BobK.jpg --> ftp.mcasserly.com /mcasserly/falcons/images 20040621_BobK.jpg
2005.06.05 16:31 B C:\Documents and Settings\Michael Casserly\My Documents\Webmaster\mcasserly\falcons\images\1989FalconsTeamPicture_thumb.jpg --> ftp.mcasserly.com /mcasserly/falcons/images 1989FalconsTeamPicture_thumb.jpg
2005.06.05 16:31 B C:\Documents and Settings\Michael Casserly\My Documents\Webmaster\mcasserly\falcons\images\1989FalconsTeamPicture.jpg --> ftp.mcasserly.com /mcasserly/falcons/images 1989FalconsTeamPicture.jpg
2005.09.17 19:46 B C:\Documents and Settings\Michael Casserly\My Documents\Webmaster\mcasserly\falcons\images\2005FalconsTeamPicture_thumb.jpg --> ftp.mcasserly.com /mcasserly/falcons/images 2005FalconsTeamPicture_thumb.jpg
2005.09.17 19:46 B C:\Documents and Settings\Michael Casserly\My Documents\Webmaster\mcasserly\falcons\images\2005FalconsTeamPicture.jpg --> ftp.mcasserly.com /mcasserly/falcons/images 2005FalconsTeamPicture.jpg
