2004.03.17 18:15 A C:\Documents and Settings\Michael Casserly\My Documents\Webmaster\axafalcons\news\20030307_BobKPost-SeasonMVP.html --> ftp.mcasserly.com /mcasserly/falcons/news 20030307_BobKPost-SeasonMVP.html
2004.03.17 18:15 A C:\Documents and Settings\Michael Casserly\My Documents\Webmaster\axafalcons\news\20030307_KeithRegSeasonMVP.html --> ftp.mcasserly.com /mcasserly/falcons/news 20030307_KeithRegSeasonMVP.html
2004.03.17 18:15 A C:\Documents and Settings\Michael Casserly\My Documents\Webmaster\axafalcons\news\20030307_ResultsMVP.html --> ftp.mcasserly.com /mcasserly/falcons/news 20030307_ResultsMVP.html
2004.03.17 18:15 A C:\Documents and Settings\Michael Casserly\My Documents\Webmaster\axafalcons\news\20030505_Game2RainOut.html --> ftp.mcasserly.com /mcasserly/falcons/news 20030505_Game2RainOut.html
2004.03.17 18:15 A C:\Documents and Settings\Michael Casserly\My Documents\Webmaster\axafalcons\news\20030527_Game3Postponed.html --> ftp.mcasserly.com /mcasserly/falcons/news 20030527_Game3Postponed.html
2004.03.17 18:15 A C:\Documents and Settings\Michael Casserly\My Documents\Webmaster\axafalcons\news\20030619_Game4Result.html --> ftp.mcasserly.com /mcasserly/falcons/news 20030619_Game4Result.html
2004.03.17 18:15 A C:\Documents and Settings\Michael Casserly\My Documents\Webmaster\axafalcons\news\20030808_Game11RainOut.html --> ftp.mcasserly.com /mcasserly/falcons/news 20030808_Game11RainOut.html
2004.04.27 00:45 B C:\Documents and Settings\Michael Casserly\My Documents\Webmaster\mcasserly\falcons\news\WS_FTP.LOG --> ftp.mcasserly.com /mcasserly/falcons/news WS_FTP.LOG
2004.04.27 17:39 B C:\Documents and Settings\Michael Casserly\My Documents\Webmaster\mcasserly\falcons\news\WS_FTP.LOG --> ftp.mcasserly.com /mcasserly/falcons/news WS_FTP.LOG
2004.04.27 20:12 A C:\Documents and Settings\Michael Casserly\My Documents\Webmaster\mcasserly\falcons\news\20030307_ResultsMVP.html --> ftp.mcasserly.com /mcasserly/falcons/news 20030307_ResultsMVP.html
2004.04.27 20:18 A C:\Documents and Settings\Michael Casserly\My Documents\Webmaster\mcasserly\falcons\news\20030808_Game11RainOut.html --> ftp.mcasserly.com /mcasserly/falcons/news 20030808_Game11RainOut.html
2004.04.27 20:18 A C:\Documents and Settings\Michael Casserly\My Documents\Webmaster\mcasserly\falcons\news\20030619_Game4Result.html --> ftp.mcasserly.com /mcasserly/falcons/news 20030619_Game4Result.html
2004.04.27 20:18 A C:\Documents and Settings\Michael Casserly\My Documents\Webmaster\mcasserly\falcons\news\20030527_Game3Postponed.html --> ftp.mcasserly.com /mcasserly/falcons/news 20030527_Game3Postponed.html
2004.04.27 20:18 A C:\Documents and Settings\Michael Casserly\My Documents\Webmaster\mcasserly\falcons\news\20030505_Game2RainOut.html --> ftp.mcasserly.com /mcasserly/falcons/news 20030505_Game2RainOut.html
2004.04.27 20:18 A C:\Documents and Settings\Michael Casserly\My Documents\Webmaster\mcasserly\falcons\news\20030307_ResultsMVP.html --> ftp.mcasserly.com /mcasserly/falcons/news 20030307_ResultsMVP.html
2004.04.27 20:18 A C:\Documents and Settings\Michael Casserly\My Documents\Webmaster\mcasserly\falcons\news\20030307_KeithRegSeasonMVP.html --> ftp.mcasserly.com /mcasserly/falcons/news 20030307_KeithRegSeasonMVP.html
2004.04.27 20:18 A C:\Documents and Settings\Michael Casserly\My Documents\Webmaster\mcasserly\falcons\news\20030307_BobKPost-SeasonMVP.html --> ftp.mcasserly.com /mcasserly/falcons/news 20030307_BobKPost-SeasonMVP.html
2004.04.27 20:18 B C:\Documents and Settings\Michael Casserly\My Documents\Webmaster\mcasserly\falcons\news\WS_FTP.LOG --> ftp.mcasserly.com /mcasserly/falcons/news WS_FTP.LOG
2004.05.03 17:11 A C:\Documents and Settings\Michael Casserly\My Documents\Webmaster\mcasserly\falcons\news\20030808_Game11RainOut.html --> ftp.mcasserly.com /mcasserly/falcons/news 20030808_Game11RainOut.html
2004.05.03 17:11 A C:\Documents and Settings\Michael Casserly\My Documents\Webmaster\mcasserly\falcons\news\20030619_Game4Result.html --> ftp.mcasserly.com /mcasserly/falcons/news 20030619_Game4Result.html
2004.05.03 17:11 A C:\Documents and Settings\Michael Casserly\My Documents\Webmaster\mcasserly\falcons\news\20030527_Game3Postponed.html --> ftp.mcasserly.com /mcasserly/falcons/news 20030527_Game3Postponed.html
2004.05.03 17:11 A C:\Documents and Settings\Michael Casserly\My Documents\Webmaster\mcasserly\falcons\news\20030505_Game2RainOut.html --> ftp.mcasserly.com /mcasserly/falcons/news 20030505_Game2RainOut.html
2004.05.03 17:11 A C:\Documents and Settings\Michael Casserly\My Documents\Webmaster\mcasserly\falcons\news\20030307_ResultsMVP.html --> ftp.mcasserly.com /mcasserly/falcons/news 20030307_ResultsMVP.html
2004.05.03 17:11 A C:\Documents and Settings\Michael Casserly\My Documents\Webmaster\mcasserly\falcons\news\20030307_KeithRegSeasonMVP.html --> ftp.mcasserly.com /mcasserly/falcons/news 20030307_KeithRegSeasonMVP.html
2004.05.03 17:11 A C:\Documents and Settings\Michael Casserly\My Documents\Webmaster\mcasserly\falcons\news\20030307_BobKPost-SeasonMVP.html --> ftp.mcasserly.com /mcasserly/falcons/news 20030307_BobKPost-SeasonMVP.html
2004.05.03 17:11 B C:\Documents and Settings\Michael Casserly\My Documents\Webmaster\mcasserly\falcons\news\WS_FTP.LOG --> ftp.mcasserly.com /mcasserly/falcons/news WS_FTP.LOG
2004.05.06 21:38 A C:\Documents and Settings\Michael Casserly\My Documents\Webmaster\mcasserly\falcons\news\20030808_Game11RainOut.html --> ftp.mcasserly.com /mcasserly/falcons/news 20030808_Game11RainOut.html
2004.05.06 21:38 A C:\Documents and Settings\Michael Casserly\My Documents\Webmaster\mcasserly\falcons\news\20030619_Game4Result.html --> ftp.mcasserly.com /mcasserly/falcons/news 20030619_Game4Result.html
2004.05.06 21:38 A C:\Documents and Settings\Michael Casserly\My Documents\Webmaster\mcasserly\falcons\news\20030527_Game3Postponed.html --> ftp.mcasserly.com /mcasserly/falcons/news 20030527_Game3Postponed.html
2004.05.06 21:38 A C:\Documents and Settings\Michael Casserly\My Documents\Webmaster\mcasserly\falcons\news\20030505_Game2RainOut.html --> ftp.mcasserly.com /mcasserly/falcons/news 20030505_Game2RainOut.html
2004.05.06 21:38 A C:\Documents and Settings\Michael Casserly\My Documents\Webmaster\mcasserly\falcons\news\20030307_ResultsMVP.html --> ftp.mcasserly.com /mcasserly/falcons/news 20030307_ResultsMVP.html
2004.05.06 21:38 A C:\Documents and Settings\Michael Casserly\My Documents\Webmaster\mcasserly\falcons\news\20030307_KeithRegSeasonMVP.html --> ftp.mcasserly.com /mcasserly/falcons/news 20030307_KeithRegSeasonMVP.html
2004.05.06 21:38 A C:\Documents and Settings\Michael Casserly\My Documents\Webmaster\mcasserly\falcons\news\20030307_BobKPost-SeasonMVP.html --> ftp.mcasserly.com /mcasserly/falcons/news 20030307_BobKPost-SeasonMVP.html
2004.05.06 21:38 B C:\Documents and Settings\Michael Casserly\My Documents\Webmaster\mcasserly\falcons\news\WS_FTP.LOG --> ftp.mcasserly.com /mcasserly/falcons/news WS_FTP.LOG
2004.05.12 00:56 A C:\Documents and Settings\Michael Casserly\My Documents\Webmaster\mcasserly\falcons\news\20030808_Game11RainOut.html --> ftp.mcasserly.com /mcasserly/falcons/news 20030808_Game11RainOut.html
2004.05.12 00:56 A C:\Documents and Settings\Michael Casserly\My Documents\Webmaster\mcasserly\falcons\news\20030619_Game4Result.html --> ftp.mcasserly.com /mcasserly/falcons/news 20030619_Game4Result.html
2004.05.12 00:56 A C:\Documents and Settings\Michael Casserly\My Documents\Webmaster\mcasserly\falcons\news\20030527_Game3Postponed.html --> ftp.mcasserly.com /mcasserly/falcons/news 20030527_Game3Postponed.html
2004.05.12 00:56 A C:\Documents and Settings\Michael Casserly\My Documents\Webmaster\mcasserly\falcons\news\20030505_Game2RainOut.html --> ftp.mcasserly.com /mcasserly/falcons/news 20030505_Game2RainOut.html
2004.05.12 00:56 A C:\Documents and Settings\Michael Casserly\My Documents\Webmaster\mcasserly\falcons\news\20030307_ResultsMVP.html --> ftp.mcasserly.com /mcasserly/falcons/news 20030307_ResultsMVP.html
2004.05.12 00:56 A C:\Documents and Settings\Michael Casserly\My Documents\Webmaster\mcasserly\falcons\news\20030307_KeithRegSeasonMVP.html --> ftp.mcasserly.com /mcasserly/falcons/news 20030307_KeithRegSeasonMVP.html
2004.05.12 00:56 A C:\Documents and Settings\Michael Casserly\My Documents\Webmaster\mcasserly\falcons\news\20030307_BobKPost-SeasonMVP.html --> ftp.mcasserly.com /mcasserly/falcons/news 20030307_BobKPost-SeasonMVP.html
2004.05.12 00:56 B C:\Documents and Settings\Michael Casserly\My Documents\Webmaster\mcasserly\falcons\news\WS_FTP.LOG --> ftp.mcasserly.com /mcasserly/falcons/news WS_FTP.LOG
2004.05.15 00:38 A C:\Documents and Settings\Michael Casserly\My Documents\Webmaster\mcasserly\falcons\news\20030808_Game11RainOut.html --> ftp.mcasserly.com /mcasserly/falcons/news 20030808_Game11RainOut.html
2004.05.15 00:38 A C:\Documents and Settings\Michael Casserly\My Documents\Webmaster\mcasserly\falcons\news\20030619_Game4Result.html --> ftp.mcasserly.com /mcasserly/falcons/news 20030619_Game4Result.html
2004.05.15 00:38 A C:\Documents and Settings\Michael Casserly\My Documents\Webmaster\mcasserly\falcons\news\20030527_Game3Postponed.html --> ftp.mcasserly.com /mcasserly/falcons/news 20030527_Game3Postponed.html
2004.05.15 00:38 A C:\Documents and Settings\Michael Casserly\My Documents\Webmaster\mcasserly\falcons\news\20030505_Game2RainOut.html --> ftp.mcasserly.com /mcasserly/falcons/news 20030505_Game2RainOut.html
2004.05.15 00:38 A C:\Documents and Settings\Michael Casserly\My Documents\Webmaster\mcasserly\falcons\news\20030307_ResultsMVP.html --> ftp.mcasserly.com /mcasserly/falcons/news 20030307_ResultsMVP.html
2004.05.15 00:38 A C:\Documents and Settings\Michael Casserly\My Documents\Webmaster\mcasserly\falcons\news\20030307_KeithRegSeasonMVP.html --> ftp.mcasserly.com /mcasserly/falcons/news 20030307_KeithRegSeasonMVP.html
2004.05.15 00:38 A C:\Documents and Settings\Michael Casserly\My Documents\Webmaster\mcasserly\falcons\news\20030307_BobKPost-SeasonMVP.html --> ftp.mcasserly.com /mcasserly/falcons/news 20030307_BobKPost-SeasonMVP.html
2004.05.15 00:38 B C:\Documents and Settings\Michael Casserly\My Documents\Webmaster\mcasserly\falcons\news\WS_FTP.LOG --> ftp.mcasserly.com /mcasserly/falcons/news WS_FTP.LOG
2004.05.19 01:32 A C:\Documents and Settings\Michael Casserly\My Documents\Webmaster\mcasserly\falcons\news\20030808_Game11RainOut.html --> ftp.mcasserly.com /mcasserly/falcons/news 20030808_Game11RainOut.html
2004.05.19 01:32 A C:\Documents and Settings\Michael Casserly\My Documents\Webmaster\mcasserly\falcons\news\20030619_Game4Result.html --> ftp.mcasserly.com /mcasserly/falcons/news 20030619_Game4Result.html
2004.05.19 01:32 A C:\Documents and Settings\Michael Casserly\My Documents\Webmaster\mcasserly\falcons\news\20030527_Game3Postponed.html --> ftp.mcasserly.com /mcasserly/falcons/news 20030527_Game3Postponed.html
2004.05.19 01:32 A C:\Documents and Settings\Michael Casserly\My Documents\Webmaster\mcasserly\falcons\news\20030505_Game2RainOut.html --> ftp.mcasserly.com /mcasserly/falcons/news 20030505_Game2RainOut.html
2004.05.19 01:32 A C:\Documents and Settings\Michael Casserly\My Documents\Webmaster\mcasserly\falcons\news\20030307_ResultsMVP.html --> ftp.mcasserly.com /mcasserly/falcons/news 20030307_ResultsMVP.html
2004.05.19 01:32 A C:\Documents and Settings\Michael Casserly\My Documents\Webmaster\mcasserly\falcons\news\20030307_KeithRegSeasonMVP.html --> ftp.mcasserly.com /mcasserly/falcons/news 20030307_KeithRegSeasonMVP.html
2004.05.19 01:32 A C:\Documents and Settings\Michael Casserly\My Documents\Webmaster\mcasserly\falcons\news\20030307_BobKPost-SeasonMVP.html --> ftp.mcasserly.com /mcasserly/falcons/news 20030307_BobKPost-SeasonMVP.html
2004.05.19 01:32 B C:\Documents and Settings\Michael Casserly\My Documents\Webmaster\mcasserly\falcons\news\WS_FTP.LOG --> ftp.mcasserly.com /mcasserly/falcons/news WS_FTP.LOG
2004.09.10 15:39 A C:\Documents and Settings\Michael Casserly\My Documents\Webmaster\mcasserly\falcons\news\20030808_Game11RainOut.html --> ftp.mcasserly.com /mcasserly/falcons/news 20030808_Game11RainOut.html
2004.09.10 15:39 A C:\Documents and Settings\Michael Casserly\My Documents\Webmaster\mcasserly\falcons\news\20030619_Game4Result.html --> ftp.mcasserly.com /mcasserly/falcons/news 20030619_Game4Result.html
2004.09.10 15:39 A C:\Documents and Settings\Michael Casserly\My Documents\Webmaster\mcasserly\falcons\news\20030527_Game3Postponed.html --> ftp.mcasserly.com /mcasserly/falcons/news 20030527_Game3Postponed.html
2004.09.10 15:39 A C:\Documents and Settings\Michael Casserly\My Documents\Webmaster\mcasserly\falcons\news\20030505_Game2RainOut.html --> ftp.mcasserly.com /mcasserly/falcons/news 20030505_Game2RainOut.html
2004.09.10 15:39 A C:\Documents and Settings\Michael Casserly\My Documents\Webmaster\mcasserly\falcons\news\20030307_ResultsMVP.html --> ftp.mcasserly.com /mcasserly/falcons/news 20030307_ResultsMVP.html
2004.09.10 15:39 A C:\Documents and Settings\Michael Casserly\My Documents\Webmaster\mcasserly\falcons\news\20030307_KeithRegSeasonMVP.html --> ftp.mcasserly.com /mcasserly/falcons/news 20030307_KeithRegSeasonMVP.html
2004.09.10 15:39 A C:\Documents and Settings\Michael Casserly\My Documents\Webmaster\mcasserly\falcons\news\20030307_BobKPost-SeasonMVP.html --> ftp.mcasserly.com /mcasserly/falcons/news 20030307_BobKPost-SeasonMVP.html
2004.09.10 15:39 B C:\Documents and Settings\Michael Casserly\My Documents\Webmaster\mcasserly\falcons\news\WS_FTP.LOG --> ftp.mcasserly.com /mcasserly/falcons/news WS_FTP.LOG
2005.02.02 15:30 A C:\Documents and Settings\Michael Casserly\My Documents\Webmaster\mcasserly\falcons\news\20040307_BobRupeRegSeasonMVP.html --> ftp.mcasserly.com /mcasserly/falcons/news 20040307_BobRupeRegSeasonMVP.html
2005.02.02 15:30 A C:\Documents and Settings\Michael Casserly\My Documents\Webmaster\mcasserly\falcons\news\20040307_AaronScheidPostSeasonMVP.html --> ftp.mcasserly.com /mcasserly/falcons/news 20040307_AaronScheidPostSeasonMVP.html
2005.02.02 15:31 A C:\Documents and Settings\Michael Casserly\My Documents\Webmaster\mcasserly\falcons\news\20040307_ResultsMVP.html --> ftp.mcasserly.com /mcasserly/falcons/news 20040307_ResultsMVP.html
2005.02.02 15:33 A C:\Documents and Settings\Michael Casserly\My Documents\Webmaster\mcasserly\falcons\news\20040307_BobRupeRegSeasonMVP.html --> ftp.mcasserly.com /mcasserly/falcons/news 20040307_BobRupeRegSeasonMVP.html
2005.02.02 15:33 A C:\Documents and Settings\Michael Casserly\My Documents\Webmaster\mcasserly\falcons\news\20040307_AaronScheidPostSeasonMVP.html --> ftp.mcasserly.com /mcasserly/falcons/news 20040307_AaronScheidPostSeasonMVP.html
2005.05.01 18:01 A C:\Documents and Settings\Michael Casserly\My Documents\Webmaster\mcasserly\falcons\news\20050203_ResultsMVP.html --> ftp.mcasserly.com /mcasserly/falcons/news 20050203_ResultsMVP.html
2005.05.01 18:01 A C:\Documents and Settings\Michael Casserly\My Documents\Webmaster\mcasserly\falcons\news\20050203_BobRupeMVP.html --> ftp.mcasserly.com /mcasserly/falcons/news 20050203_BobRupeMVP.html
2005.05.01 18:01 A C:\Documents and Settings\Michael Casserly\My Documents\Webmaster\mcasserly\falcons\news\20040307_ResultsMVP.html --> ftp.mcasserly.com /mcasserly/falcons/news 20040307_ResultsMVP.html
2005.05.01 18:01 A C:\Documents and Settings\Michael Casserly\My Documents\Webmaster\mcasserly\falcons\news\20040307_BobRupeRegSeasonMVP.html --> ftp.mcasserly.com /mcasserly/falcons/news 20040307_BobRupeRegSeasonMVP.html
2005.05.01 18:01 A C:\Documents and Settings\Michael Casserly\My Documents\Webmaster\mcasserly\falcons\news\20040307_AaronScheidPostSeasonMVP.html --> ftp.mcasserly.com /mcasserly/falcons/news 20040307_AaronScheidPostSeasonMVP.html
2005.05.01 18:01 A C:\Documents and Settings\Michael Casserly\My Documents\Webmaster\mcasserly\falcons\news\20030808_Game11RainOut.html --> ftp.mcasserly.com /mcasserly/falcons/news 20030808_Game11RainOut.html
2005.05.01 18:01 A C:\Documents and Settings\Michael Casserly\My Documents\Webmaster\mcasserly\falcons\news\20030619_Game4Result.html --> ftp.mcasserly.com /mcasserly/falcons/news 20030619_Game4Result.html
2005.05.01 18:01 A C:\Documents and Settings\Michael Casserly\My Documents\Webmaster\mcasserly\falcons\news\20030527_Game3Postponed.html --> ftp.mcasserly.com /mcasserly/falcons/news 20030527_Game3Postponed.html
2005.05.01 18:01 A C:\Documents and Settings\Michael Casserly\My Documents\Webmaster\mcasserly\falcons\news\20030505_Game2RainOut.html --> ftp.mcasserly.com /mcasserly/falcons/news 20030505_Game2RainOut.html
2005.05.01 18:01 A C:\Documents and Settings\Michael Casserly\My Documents\Webmaster\mcasserly\falcons\news\20030307_ResultsMVP.html --> ftp.mcasserly.com /mcasserly/falcons/news 20030307_ResultsMVP.html
2005.05.01 18:01 A C:\Documents and Settings\Michael Casserly\My Documents\Webmaster\mcasserly\falcons\news\20030307_KeithRegSeasonMVP.html --> ftp.mcasserly.com /mcasserly/falcons/news 20030307_KeithRegSeasonMVP.html
2005.05.01 18:01 A C:\Documents and Settings\Michael Casserly\My Documents\Webmaster\mcasserly\falcons\news\20030307_BobKPost-SeasonMVP.html --> ftp.mcasserly.com /mcasserly/falcons/news 20030307_BobKPost-SeasonMVP.html
2005.05.01 18:01 B C:\Documents and Settings\Michael Casserly\My Documents\Webmaster\mcasserly\falcons\news\WS_FTP.LOG --> ftp.mcasserly.com /mcasserly/falcons/news WS_FTP.LOG
2005.05.16 21:51 A C:\Documents and Settings\Michael Casserly\My Documents\Webmaster\mcasserly\falcons\news\20050516_Game2Result.html --> ftp.mcasserly.com /mcasserly/falcons/news 20050516_Game2Result.html
2005.05.16 21:51 B C:\Documents and Settings\Michael Casserly\My Documents\Webmaster\mcasserly\falcons\news\WS_FTP.LOG --> ftp.mcasserly.com /mcasserly/falcons/news WS_FTP.LOG
2005.05.16 21:51 A C:\Documents and Settings\Michael Casserly\My Documents\Webmaster\mcasserly\falcons\news\20050203_ResultsMVP.html --> ftp.mcasserly.com /mcasserly/falcons/news 20050203_ResultsMVP.html
2005.05.16 21:51 A C:\Documents and Settings\Michael Casserly\My Documents\Webmaster\mcasserly\falcons\news\20050203_BobRupeMVP.html --> ftp.mcasserly.com /mcasserly/falcons/news 20050203_BobRupeMVP.html
2005.05.16 21:51 A C:\Documents and Settings\Michael Casserly\My Documents\Webmaster\mcasserly\falcons\news\20040307_ResultsMVP.html --> ftp.mcasserly.com /mcasserly/falcons/news 20040307_ResultsMVP.html
2005.05.16 21:51 A C:\Documents and Settings\Michael Casserly\My Documents\Webmaster\mcasserly\falcons\news\20040307_BobRupeRegSeasonMVP.html --> ftp.mcasserly.com /mcasserly/falcons/news 20040307_BobRupeRegSeasonMVP.html
2005.05.16 21:51 A C:\Documents and Settings\Michael Casserly\My Documents\Webmaster\mcasserly\falcons\news\20040307_AaronScheidPostSeasonMVP.html --> ftp.mcasserly.com /mcasserly/falcons/news 20040307_AaronScheidPostSeasonMVP.html
2005.05.16 21:51 A C:\Documents and Settings\Michael Casserly\My Documents\Webmaster\mcasserly\falcons\news\20030808_Game11RainOut.html --> ftp.mcasserly.com /mcasserly/falcons/news 20030808_Game11RainOut.html
2005.05.16 21:51 A C:\Documents and Settings\Michael Casserly\My Documents\Webmaster\mcasserly\falcons\news\20030619_Game4Result.html --> ftp.mcasserly.com /mcasserly/falcons/news 20030619_Game4Result.html
2005.05.16 21:51 A C:\Documents and Settings\Michael Casserly\My Documents\Webmaster\mcasserly\falcons\news\20030527_Game3Postponed.html --> ftp.mcasserly.com /mcasserly/falcons/news 20030527_Game3Postponed.html
2005.05.16 21:51 A C:\Documents and Settings\Michael Casserly\My Documents\Webmaster\mcasserly\falcons\news\20030505_Game2RainOut.html --> ftp.mcasserly.com /mcasserly/falcons/news 20030505_Game2RainOut.html
2005.05.16 21:51 A C:\Documents and Settings\Michael Casserly\My Documents\Webmaster\mcasserly\falcons\news\20030307_ResultsMVP.html --> ftp.mcasserly.com /mcasserly/falcons/news 20030307_ResultsMVP.html
2005.05.16 21:51 A C:\Documents and Settings\Michael Casserly\My Documents\Webmaster\mcasserly\falcons\news\20030307_KeithRegSeasonMVP.html --> ftp.mcasserly.com /mcasserly/falcons/news 20030307_KeithRegSeasonMVP.html
2005.05.16 21:51 A C:\Documents and Settings\Michael Casserly\My Documents\Webmaster\mcasserly\falcons\news\20030307_BobKPost-SeasonMVP.html --> ftp.mcasserly.com /mcasserly/falcons/news 20030307_BobKPost-SeasonMVP.html
2005.05.16 22:26 A C:\Documents and Settings\Michael Casserly\My Documents\Webmaster\mcasserly\falcons\news\20050516_Game2Result.html --> ftp.mcasserly.com /mcasserly/falcons/news 20050516_Game2Result.html
2005.05.16 22:28 A C:\Documents and Settings\Michael Casserly\My Documents\Webmaster\mcasserly\falcons\news\20050516_Game2Result.html --> ftp.mcasserly.com /mcasserly/falcons/news 20050516_Game2Result.html
2005.05.16 23:21 A C:\Documents and Settings\Michael Casserly\My Documents\Webmaster\mcasserly\falcons\news\20050516_Game2Result.html --> ftp.mcasserly.com /mcasserly/falcons/news 20050516_Game2Result.html
2005.05.16 23:52 A C:\Documents and Settings\Michael Casserly\My Documents\Webmaster\mcasserly\falcons\news\20050516_Game2Result.html --> ftp.mcasserly.com /mcasserly/falcons/news 20050516_Game2Result.html
2005.05.17 00:17 A C:\Documents and Settings\Michael Casserly\My Documents\Webmaster\mcasserly\falcons\news\20050203_ResultsMVP.html --> ftp.mcasserly.com /mcasserly/falcons/news 20050203_ResultsMVP.html
2005.05.17 00:17 A C:\Documents and Settings\Michael Casserly\My Documents\Webmaster\mcasserly\falcons\news\20050203_BobRupeMVP.html --> ftp.mcasserly.com /mcasserly/falcons/news 20050203_BobRupeMVP.html
2005.05.17 00:17 A C:\Documents and Settings\Michael Casserly\My Documents\Webmaster\mcasserly\falcons\news\20040307_ResultsMVP.html --> ftp.mcasserly.com /mcasserly/falcons/news 20040307_ResultsMVP.html
2005.05.17 00:17 A C:\Documents and Settings\Michael Casserly\My Documents\Webmaster\mcasserly\falcons\news\20040307_BobRupeRegSeasonMVP.html --> ftp.mcasserly.com /mcasserly/falcons/news 20040307_BobRupeRegSeasonMVP.html
2005.05.17 00:17 A C:\Documents and Settings\Michael Casserly\My Documents\Webmaster\mcasserly\falcons\news\20040307_AaronScheidPostSeasonMVP.html --> ftp.mcasserly.com /mcasserly/falcons/news 20040307_AaronScheidPostSeasonMVP.html
2005.05.17 00:17 A C:\Documents and Settings\Michael Casserly\My Documents\Webmaster\mcasserly\falcons\news\20030808_Game11RainOut.html --> ftp.mcasserly.com /mcasserly/falcons/news 20030808_Game11RainOut.html
2005.05.17 00:17 A C:\Documents and Settings\Michael Casserly\My Documents\Webmaster\mcasserly\falcons\news\20030619_Game4Result.html --> ftp.mcasserly.com /mcasserly/falcons/news 20030619_Game4Result.html
2005.05.17 00:17 A C:\Documents and Settings\Michael Casserly\My Documents\Webmaster\mcasserly\falcons\news\20030527_Game3Postponed.html --> ftp.mcasserly.com /mcasserly/falcons/news 20030527_Game3Postponed.html
2005.05.17 00:17 A C:\Documents and Settings\Michael Casserly\My Documents\Webmaster\mcasserly\falcons\news\20030505_Game2RainOut.html --> ftp.mcasserly.com /mcasserly/falcons/news 20030505_Game2RainOut.html
2005.05.17 00:17 A C:\Documents and Settings\Michael Casserly\My Documents\Webmaster\mcasserly\falcons\news\20030307_ResultsMVP.html --> ftp.mcasserly.com /mcasserly/falcons/news 20030307_ResultsMVP.html
2005.05.17 00:17 A C:\Documents and Settings\Michael Casserly\My Documents\Webmaster\mcasserly\falcons\news\20030307_KeithRegSeasonMVP.html --> ftp.mcasserly.com /mcasserly/falcons/news 20030307_KeithRegSeasonMVP.html
2005.05.17 00:17 A C:\Documents and Settings\Michael Casserly\My Documents\Webmaster\mcasserly\falcons\news\20030307_BobKPost-SeasonMVP.html --> ftp.mcasserly.com /mcasserly/falcons/news 20030307_BobKPost-SeasonMVP.html
2005.05.17 00:17 B C:\Documents and Settings\Michael Casserly\My Documents\Webmaster\mcasserly\falcons\news\WS_FTP.LOG --> ftp.mcasserly.com /mcasserly/falcons/news WS_FTP.LOG
2005.05.17 00:17 A C:\Documents and Settings\Michael Casserly\My Documents\Webmaster\mcasserly\falcons\news\20050516_Game2Result.html --> ftp.mcasserly.com /mcasserly/falcons/news 20050516_Game2Result.html
2005.05.17 00:20 A C:\Documents and Settings\Michael Casserly\My Documents\Webmaster\mcasserly\falcons\news\20050516_Game2Result.html --> ftp.mcasserly.com /mcasserly/falcons/news 20050516_Game2Result.html
2005.05.17 00:22 A C:\Documents and Settings\Michael Casserly\My Documents\Webmaster\mcasserly\falcons\news\20050516_Game2Result.html --> ftp.mcasserly.com /mcasserly/falcons/news 20050516_Game2Result.html
2005.07.06 22:46 A C:\Documents and Settings\Michael Casserly\My Documents\Webmaster\mcasserly\falcons\news\20050516_Game2Result.html --> ftp.mcasserly.com /mcasserly/falcons/news 20050516_Game2Result.html
2005.07.06 22:46 A C:\Documents and Settings\Michael Casserly\My Documents\Webmaster\mcasserly\falcons\news\20050203_ResultsMVP.html --> ftp.mcasserly.com /mcasserly/falcons/news 20050203_ResultsMVP.html
2005.07.06 22:46 A C:\Documents and Settings\Michael Casserly\My Documents\Webmaster\mcasserly\falcons\news\20050203_BobRupeMVP.html --> ftp.mcasserly.com /mcasserly/falcons/news 20050203_BobRupeMVP.html
2005.07.06 22:46 A C:\Documents and Settings\Michael Casserly\My Documents\Webmaster\mcasserly\falcons\news\20040307_ResultsMVP.html --> ftp.mcasserly.com /mcasserly/falcons/news 20040307_ResultsMVP.html
2005.07.06 22:46 A C:\Documents and Settings\Michael Casserly\My Documents\Webmaster\mcasserly\falcons\news\20040307_BobRupeRegSeasonMVP.html --> ftp.mcasserly.com /mcasserly/falcons/news 20040307_BobRupeRegSeasonMVP.html
2005.07.06 22:46 A C:\Documents and Settings\Michael Casserly\My Documents\Webmaster\mcasserly\falcons\news\20040307_AaronScheidPostSeasonMVP.html --> ftp.mcasserly.com /mcasserly/falcons/news 20040307_AaronScheidPostSeasonMVP.html
2005.07.06 22:46 A C:\Documents and Settings\Michael Casserly\My Documents\Webmaster\mcasserly\falcons\news\20030808_Game11RainOut.html --> ftp.mcasserly.com /mcasserly/falcons/news 20030808_Game11RainOut.html
2005.07.06 22:46 A C:\Documents and Settings\Michael Casserly\My Documents\Webmaster\mcasserly\falcons\news\20030619_Game4Result.html --> ftp.mcasserly.com /mcasserly/falcons/news 20030619_Game4Result.html
2005.07.06 22:46 A C:\Documents and Settings\Michael Casserly\My Documents\Webmaster\mcasserly\falcons\news\20030527_Game3Postponed.html --> ftp.mcasserly.com /mcasserly/falcons/news 20030527_Game3Postponed.html
2005.07.06 22:46 A C:\Documents and Settings\Michael Casserly\My Documents\Webmaster\mcasserly\falcons\news\20030505_Game2RainOut.html --> ftp.mcasserly.com /mcasserly/falcons/news 20030505_Game2RainOut.html
2005.07.06 22:46 A C:\Documents and Settings\Michael Casserly\My Documents\Webmaster\mcasserly\falcons\news\20030307_ResultsMVP.html --> ftp.mcasserly.com /mcasserly/falcons/news 20030307_ResultsMVP.html
2005.07.06 22:46 A C:\Documents and Settings\Michael Casserly\My Documents\Webmaster\mcasserly\falcons\news\20030307_KeithRegSeasonMVP.html --> ftp.mcasserly.com /mcasserly/falcons/news 20030307_KeithRegSeasonMVP.html
2005.07.06 22:46 A C:\Documents and Settings\Michael Casserly\My Documents\Webmaster\mcasserly\falcons\news\20030307_BobKPost-SeasonMVP.html --> ftp.mcasserly.com /mcasserly/falcons/news 20030307_BobKPost-SeasonMVP.html
2005.07.06 22:46 B C:\Documents and Settings\Michael Casserly\My Documents\Webmaster\mcasserly\falcons\news\WS_FTP.LOG --> ftp.mcasserly.com /mcasserly/falcons/news WS_FTP.LOG
2005.09.05 15:07 A C:\Documents and Settings\Michael Casserly\My Documents\Webmaster\mcasserly\falcons\news\20050829_Game12Result.html <-- mcasserly /mcasserly/falcons/news 20050829_Game12Result.html
2005.09.05 15:07 A C:\Documents and Settings\Michael Casserly\My Documents\Webmaster\mcasserly\falcons\news\20050516_Game2Result.html <-- mcasserly /mcasserly/falcons/news 20050516_Game2Result.html
2005.09.17 19:46 A C:\Documents and Settings\Michael Casserly\My Documents\Webmaster\mcasserly\falcons\news\20050203_BobRupeMVP.html --> ftp.mcasserly.com /mcasserly/falcons/news 20050203_BobRupeMVP.html
2005.09.17 19:46 A C:\Documents and Settings\Michael Casserly\My Documents\Webmaster\mcasserly\falcons\news\20050203_ResultsMVP.html --> ftp.mcasserly.com /mcasserly/falcons/news 20050203_ResultsMVP.html
