2001.02.05 14:04 B D:\blackwateroldhead\javascript\homepagegreeting.js --> ftp.geocities.com /blackwateroldhead/javascript homepagegreeting.js
2001.02.05 14:05 B D:\blackwateroldhead\javascript\homepagegreeting.js --> ftp.geocities.com /blackwateroldhead/javascript homepagegreeting.js
2001.02.06 10:06 B D:\blackwateroldhead\javascript\beginseasoncountdown.js --> ftp.geocities.com /blackwateroldhead/javascript beginseasoncountdown.js
2001.02.06 10:08 B D:\blackwateroldhead\javascript\homepagegreeting.js --> ftp.geocities.com /blackwateroldhead/javascript homepagegreeting.js
2001.02.12 09:25 B D:\blackwateroldhead\javascript\beginseasoncountdown.js --> ftp.geocities.com /blackwateroldhead/javascript beginseasoncountdown.js
2001.02.12 09:25 B D:\blackwateroldhead\javascript\homepagegreeting.js --> ftp.geocities.com /blackwateroldhead/javascript homepagegreeting.js
2001.05.17 19:29 B D:\blackwateroldhead\javascript\beginseasoncountdown.js --> ftp.geocities.com /blackwateroldhead/javascript beginseasoncountdown.js
2001.10.16 21:24 B D:\blackwateroldhead\javascript\beginseasoncountdown.js <-- blackwateroldhead /blackwateroldhead/javascript beginseasoncountdown.js
2001.10.16 21:24 B D:\blackwateroldhead\javascript\homepagegreeting.js <-- blackwateroldhead /blackwateroldhead/javascript homepagegreeting.js
2001.10.16 21:24 A D:\blackwateroldhead\javascript\beginseasoncountdown.js <-- blackwateroldhead /blackwateroldhead/javascript beginseasoncountdown.js
2001.10.16 21:24 A D:\blackwateroldhead\javascript\homepagegreeting.js <-- blackwateroldhead /blackwateroldhead/javascript homepagegreeting.js
2001.10.18 09:42 A D:\blackwateroldhead\javascript\beginseasoncountdown.js --> ftp.geocities.com /blackwateroldhead/javascript beginseasoncountdown.js
2001.10.18 09:42 A D:\blackwateroldhead\javascript\homepagegreeting.js --> ftp.geocities.com /blackwateroldhead/javascript homepagegreeting.js
2001.10.18 16:51 A D:\blackwateroldhead\javascript\footer.js --> ftp.geocities.com /blackwateroldhead/javascript footer.js
2001.10.18 17:03 A D:\blackwateroldhead\javascript\homepagegreeting.js --> ftp.geocities.com /blackwateroldhead/javascript homepagegreeting.js
2001.10.19 11:21 A D:\blackwateroldhead\javascript\LevelOneTopNav.js --> ftp.geocities.com /blackwateroldhead/javascript LevelOneTopNav.js
2001.10.19 11:56 A D:\blackwateroldhead\javascript\LevelOneBottomNav.js --> ftp.geocities.com /blackwateroldhead/javascript LevelOneBottomNav.js
2001.10.21 19:06 B D:\blackwateroldhead\javascript\LevelTwoTopNav.js --> ftp.geocities.com /blackwateroldhead/javascript LevelTwoTopNav.js
2001.10.21 19:06 B D:\blackwateroldhead\javascript\FOOTER.JS --> ftp.geocities.com /blackwateroldhead/javascript FOOTER.JS
2001.10.21 19:11 B D:\blackwateroldhead\javascript\LevelTwoBottomNav.js --> ftp.geocities.com /blackwateroldhead/javascript LevelTwoBottomNav.js
2001.10.30 19:34 A D:\blackwateroldhead\javascript\beginseasoncountdown.js --> ftp.geocities.com /blackwateroldhead/javascript beginseasoncountdown.js
2001.10.30 19:34 A D:\blackwateroldhead\javascript\classtest_leftnavmenu.js --> ftp.geocities.com /blackwateroldhead/javascript classtest_leftnavmenu.js
2001.10.30 19:34 A D:\blackwateroldhead\javascript\classtest_maincontent.js --> ftp.geocities.com /blackwateroldhead/javascript classtest_maincontent.js
2001.10.30 19:34 A D:\blackwateroldhead\javascript\classtest_rightnavmenu.js --> ftp.geocities.com /blackwateroldhead/javascript classtest_rightnavmenu.js
2001.10.30 19:34 A D:\blackwateroldhead\javascript\footer.js --> ftp.geocities.com /blackwateroldhead/javascript footer.js
2001.10.30 19:34 A D:\blackwateroldhead\javascript\homepagegreeting.js --> ftp.geocities.com /blackwateroldhead/javascript homepagegreeting.js
2001.10.30 19:34 A D:\blackwateroldhead\javascript\whatsnew.js --> ftp.geocities.com /blackwateroldhead/javascript whatsnew.js
2004.03.17 18:15 A C:\Documents and Settings\Michael Casserly\My Documents\Webmaster\axafalcons\javascript\beginseasoncountdown.js --> ftp.mcasserly.com /mcasserly/falcons/javascript beginseasoncountdown.js
2004.03.17 18:15 A C:\Documents and Settings\Michael Casserly\My Documents\Webmaster\axafalcons\javascript\classtest_leftnavmenu.js --> ftp.mcasserly.com /mcasserly/falcons/javascript classtest_leftnavmenu.js
2004.03.17 18:15 A C:\Documents and Settings\Michael Casserly\My Documents\Webmaster\axafalcons\javascript\classtest_maincontent.js --> ftp.mcasserly.com /mcasserly/falcons/javascript classtest_maincontent.js
2004.03.17 18:15 A C:\Documents and Settings\Michael Casserly\My Documents\Webmaster\axafalcons\javascript\classtest_rightnavmenu.js --> ftp.mcasserly.com /mcasserly/falcons/javascript classtest_rightnavmenu.js
2004.03.17 18:15 A C:\Documents and Settings\Michael Casserly\My Documents\Webmaster\axafalcons\javascript\footer.js --> ftp.mcasserly.com /mcasserly/falcons/javascript footer.js
2004.03.17 18:15 A C:\Documents and Settings\Michael Casserly\My Documents\Webmaster\axafalcons\javascript\leftnavmenu.js --> ftp.mcasserly.com /mcasserly/falcons/javascript leftnavmenu.js
2004.03.17 18:15 A C:\Documents and Settings\Michael Casserly\My Documents\Webmaster\axafalcons\javascript\newwindows.js --> ftp.mcasserly.com /mcasserly/falcons/javascript newwindows.js
2004.03.17 18:15 A C:\Documents and Settings\Michael Casserly\My Documents\Webmaster\axafalcons\javascript\selectandgonavigation.js --> ftp.mcasserly.com /mcasserly/falcons/javascript selectandgonavigation.js
2004.03.17 18:15 A C:\Documents and Settings\Michael Casserly\My Documents\Webmaster\axafalcons\javascript\todaysdate.js --> ftp.mcasserly.com /mcasserly/falcons/javascript todaysdate.js
2004.03.17 18:15 B C:\Documents and Settings\Michael Casserly\My Documents\Webmaster\axafalcons\javascript\WS_FTP.LOG --> ftp.mcasserly.com /mcasserly/falcons/javascript WS_FTP.LOG
2004.03.17 18:27 A C:\Documents and Settings\Michael Casserly\My Documents\Webmaster\axafalcons\javascript\leftnavmenu.js --> ftp.mcasserly.com /mcasserly/falcons/javascript leftnavmenu.js
2004.04.27 00:45 A C:\Documents and Settings\Michael Casserly\My Documents\Webmaster\mcasserly\falcons\javascript\leftnavmenu.js --> ftp.mcasserly.com /mcasserly/falcons/javascript leftnavmenu.js
2004.04.27 00:45 A C:\Documents and Settings\Michael Casserly\My Documents\Webmaster\mcasserly\falcons\javascript\footer.js --> ftp.mcasserly.com /mcasserly/falcons/javascript footer.js
2004.04.27 00:45 B C:\Documents and Settings\Michael Casserly\My Documents\Webmaster\mcasserly\falcons\javascript\WS_FTP.LOG --> ftp.mcasserly.com /mcasserly/falcons/javascript WS_FTP.LOG
2004.05.03 17:12 B C:\Documents and Settings\Michael Casserly\My Documents\Webmaster\mcasserly\falcons\javascript\WS_FTP.LOG --> ftp.mcasserly.com /mcasserly/falcons/javascript WS_FTP.LOG
2004.05.03 17:12 A C:\Documents and Settings\Michael Casserly\My Documents\Webmaster\mcasserly\falcons\javascript\leftnavmenu.js --> ftp.mcasserly.com /mcasserly/falcons/javascript leftnavmenu.js
2004.05.03 17:12 A C:\Documents and Settings\Michael Casserly\My Documents\Webmaster\mcasserly\falcons\javascript\footer.js --> ftp.mcasserly.com /mcasserly/falcons/javascript footer.js
2004.05.06 21:38 A C:\Documents and Settings\Michael Casserly\My Documents\Webmaster\mcasserly\falcons\javascript\leftnavmenu.js --> ftp.mcasserly.com /mcasserly/falcons/javascript leftnavmenu.js
2004.05.06 21:38 B C:\Documents and Settings\Michael Casserly\My Documents\Webmaster\mcasserly\falcons\javascript\WS_FTP.LOG --> ftp.mcasserly.com /mcasserly/falcons/javascript WS_FTP.LOG
2004.05.12 00:56 B C:\Documents and Settings\Michael Casserly\My Documents\Webmaster\mcasserly\falcons\javascript\WS_FTP.LOG --> ftp.mcasserly.com /mcasserly/falcons/javascript WS_FTP.LOG
2004.05.12 00:56 A C:\Documents and Settings\Michael Casserly\My Documents\Webmaster\mcasserly\falcons\javascript\leftnavmenu.js --> ftp.mcasserly.com /mcasserly/falcons/javascript leftnavmenu.js
2004.05.13 16:56 A C:\Documents and Settings\Michael Casserly\My Documents\Webmaster\mcasserly\falcons\javascript\leftnavmenu.js --> ftp.mcasserly.com /mcasserly/falcons/javascript leftnavmenu.js
2004.05.15 00:38 A C:\Documents and Settings\Michael Casserly\My Documents\Webmaster\mcasserly\falcons\javascript\leftnavmenu.js --> ftp.mcasserly.com /mcasserly/falcons/javascript leftnavmenu.js
2004.05.15 00:38 B C:\Documents and Settings\Michael Casserly\My Documents\Webmaster\mcasserly\falcons\javascript\WS_FTP.LOG --> ftp.mcasserly.com /mcasserly/falcons/javascript WS_FTP.LOG
2004.05.19 01:04 A C:\Documents and Settings\Michael Casserly\My Documents\Webmaster\mcasserly\falcons\javascript\leftnavmenu.js --> ftp.mcasserly.com /mcasserly/falcons leftnavmenu.js
2004.05.19 01:05 A C:\Documents and Settings\Michael Casserly\My Documents\Webmaster\mcasserly\falcons\javascript\leftnavmenu.js --> ftp.mcasserly.com /mcasserly/falcons/javascript leftnavmenu.js
2004.09.10 15:39 B C:\Documents and Settings\Michael Casserly\My Documents\Webmaster\mcasserly\falcons\javascript\WS_FTP.LOG --> ftp.mcasserly.com /mcasserly/falcons/javascript WS_FTP.LOG
2004.09.10 15:39 A C:\Documents and Settings\Michael Casserly\My Documents\Webmaster\mcasserly\falcons\javascript\leftnavmenu.js --> ftp.mcasserly.com /mcasserly/falcons/javascript leftnavmenu.js
2004.09.27 19:08 A C:\Documents and Settings\Michael Casserly\My Documents\Webmaster\mcasserly\falcons\javascript\leftnavmenu.js --> ftp.mcasserly.com /mcasserly/falcons/javascript leftnavmenu.js
2004.09.28 20:44 A C:\Documents and Settings\Michael Casserly\My Documents\Webmaster\mcasserly\falcons\javascript\leftnavmenu.js --> ftp.mcasserly.com /mcasserly/falcons/javascript leftnavmenu.js
2005.04.19 21:00 B C:\Documents and Settings\Michael Casserly\My Documents\Webmaster\mcasserly\falcons\javascript\footer.js --> ftp.mcasserly.com /mcasserly/falcons/javascript footer.js
2005.04.19 21:01 B C:\Documents and Settings\Michael Casserly\My Documents\Webmaster\mcasserly\falcons\javascript\footer.js --> ftp.mcasserly.com /mcasserly/falcons/javascript footer.js
2005.06.05 16:32 A C:\Documents and Settings\Michael Casserly\My Documents\Webmaster\mcasserly\falcons\javascript\printfalconsnest.js --> ftp.mcasserly.com /mcasserly/falcons/javascript printfalconsnest.js
