2001.02.05 17:05 A D:\blackwateroldhead\index.html --> ftp.geocities.com /blackwateroldhead index.html
2001.02.06 09:40 A D:\blackwateroldhead\index.html --> ftp.geocities.com /blackwateroldhead index.html
2001.02.06 09:45 A D:\blackwateroldhead\index.html --> ftp.geocities.com /blackwateroldhead index.html
2001.02.06 10:03 A D:\blackwateroldhead\index.html --> ftp.geocities.com /blackwateroldhead index.html
2001.02.06 10:03 A D:\blackwateroldhead\sitemap.html --> ftp.geocities.com /blackwateroldhead sitemap.html
2001.02.12 09:26 A D:\blackwateroldhead\oldhead.css --> ftp.geocities.com /blackwateroldhead oldhead.css
2001.02.12 09:26 A D:\blackwateroldhead\sitemap.html --> ftp.geocities.com /blackwateroldhead sitemap.html
2001.02.12 09:26 A D:\blackwateroldhead\index.html --> ftp.geocities.com /blackwateroldhead index.html
2001.05.29 22:49 A D:\blackwateroldhead\index.html --> ftp.geocities.com /blackwateroldhead index.html
2001.06.25 15:15 A D:\blackwateroldhead\index.html --> ftp.geocities.com /blackwateroldhead index.html
2001.06.25 15:15 A D:\blackwateroldhead\index.html <-- Geocities /blackwateroldhead index.html
2001.10.16 21:20 A D:\blackwateroldhead\index.html <-- blackwateroldhead /blackwateroldhead index.html
2001.10.16 21:20 B D:\blackwateroldhead\oldhead_home.css <-- blackwateroldhead /blackwateroldhead oldhead_home.css
2001.10.16 21:23 A D:\blackwateroldhead\oldhead.css <-- blackwateroldhead /blackwateroldhead oldhead.css
2001.10.16 21:23 A D:\blackwateroldhead\oldhead_home.css <-- blackwateroldhead /blackwateroldhead oldhead_home.css
2001.10.18 09:43 A D:\blackwateroldhead\index.html --> ftp.geocities.com /blackwateroldhead index.html
2001.10.18 09:43 A D:\blackwateroldhead\oldhead_home.css --> ftp.geocities.com /blackwateroldhead oldhead_home.css
2001.10.18 09:43 A D:\blackwateroldhead\sitemap.html --> ftp.geocities.com /blackwateroldhead sitemap.html
2001.10.18 09:45 A D:\blackwateroldhead\index.html --> ftp.geocities.com /blackwateroldhead index.html
2001.10.18 09:52 A D:\blackwateroldhead\index.html --> ftp.geocities.com /blackwateroldhead index.html
2001.10.18 09:55 A D:\blackwateroldhead\index.html --> ftp.geocities.com /blackwateroldhead index.html
2001.10.18 09:57 A D:\blackwateroldhead\index.html --> ftp.geocities.com /blackwateroldhead index.html
2001.10.18 09:59 A D:\blackwateroldhead\index.html --> ftp.geocities.com /blackwateroldhead index.html
2001.10.18 10:02 A D:\blackwateroldhead\index.html --> ftp.geocities.com /blackwateroldhead index.html
2001.10.18 10:11 A D:\blackwateroldhead\index.html --> ftp.geocities.com /blackwateroldhead index.html
2001.10.18 10:12 A D:\blackwateroldhead\sitemap.html --> ftp.geocities.com /blackwateroldhead sitemap.html
2001.10.18 10:13 A D:\blackwateroldhead\sitemap.html --> ftp.geocities.com /blackwateroldhead sitemap.html
2001.10.18 10:16 A D:\blackwateroldhead\index.html --> ftp.geocities.com /blackwateroldhead index.html
2001.10.18 10:16 A D:\blackwateroldhead\sitemap.html --> ftp.geocities.com /blackwateroldhead sitemap.html
2001.10.18 10:18 A D:\blackwateroldhead\index.html --> ftp.geocities.com /blackwateroldhead index.html
2001.10.18 10:27 A D:\blackwateroldhead\index.html --> ftp.geocities.com /blackwateroldhead index.html
2001.10.18 10:30 A D:\blackwateroldhead\index.html --> ftp.geocities.com /blackwateroldhead index.html
2001.10.18 10:30 A D:\blackwateroldhead\index.html --> ftp.geocities.com /blackwateroldhead index.html
2001.10.18 16:51 A D:\blackwateroldhead\index.html --> ftp.geocities.com /blackwateroldhead index.html
2001.10.18 16:52 A D:\blackwateroldhead\sitemap.html --> ftp.geocities.com /blackwateroldhead sitemap.html
2001.10.19 11:06 A D:\blackwateroldhead\sitemap.html --> ftp.geocities.com /blackwateroldhead sitemap.html
2001.10.19 11:08 A D:\blackwateroldhead\sitemap.html --> ftp.geocities.com /blackwateroldhead sitemap.html
2001.10.19 11:22 A D:\blackwateroldhead\index.html --> ftp.geocities.com /blackwateroldhead index.html
2001.10.19 11:57 A D:\blackwateroldhead\index.html --> ftp.geocities.com /blackwateroldhead index.html
2001.10.19 11:57 A D:\blackwateroldhead\sitemap.html --> ftp.geocities.com /blackwateroldhead sitemap.html
2001.10.21 19:21 A D:\blackwateroldhead\index.html --> ftp.geocities.com /blackwateroldhead index.html
2001.10.21 19:22 A D:\blackwateroldhead\index.html --> ftp.geocities.com /blackwateroldhead index.html
2001.10.21 19:29 A D:\blackwateroldhead\index.html --> ftp.geocities.com /blackwateroldhead index.html
2001.10.21 19:30 A D:\blackwateroldhead\index.html --> ftp.geocities.com /blackwateroldhead index.html
2001.10.30 19:40 A D:\blackwateroldhead\index.html --> ftp.geocities.com /blackwateroldhead index.html
2001.10.30 19:40 A D:\blackwateroldhead\oldhead_home.css --> ftp.geocities.com /blackwateroldhead oldhead_home.css
2001.10.30 19:40 A D:\blackwateroldhead\sitehelp.html --> ftp.geocities.com /blackwateroldhead sitehelp.html
2001.10.30 19:40 A D:\blackwateroldhead\sitemap.html --> ftp.geocities.com /blackwateroldhead sitemap.html
2001.10.31 17:56 A D:\blackwateroldhead\template_rightnav.html --> ftp.geocities.com /blackwateroldhead template_rightnav.html
2001.10.31 17:56 A D:\blackwateroldhead\template_standard.html --> ftp.geocities.com /blackwateroldhead template_standard.html
2001.10.31 18:10 A D:\blackwateroldhead\template_standard_no_js.html --> ftp.geocities.com /blackwateroldhead template_standard_no_js.html
2001.10.31 18:17 A D:\blackwateroldhead\template_rightnav_no_js.html --> ftp.geocities.com /blackwateroldhead template_rightnav_no_js.html
2001.12.03 20:48 A D:\blackwateroldhead\oldhead_home.css --> ftp.geocities.com /blackwateroldhead oldhead_home.css
2001.12.03 20:49 B D:\blackwateroldhead\spacer.gif --> ftp.geocities.com /blackwateroldhead spacer.gif
2004.03.17 18:18 A C:\Documents and Settings\Michael Casserly\My Documents\Webmaster\axafalcons\index.html --> ftp.mcasserly.com /mcasserly/falcons index.html
2004.03.17 18:18 A C:\Documents and Settings\Michael Casserly\My Documents\Webmaster\axafalcons\falcons.css --> ftp.mcasserly.com /mcasserly/falcons falcons.css
2004.03.17 18:18 A C:\Documents and Settings\Michael Casserly\My Documents\Webmaster\axafalcons\siteupdates.html --> ftp.mcasserly.com /mcasserly/falcons siteupdates.html
2004.03.17 18:18 A C:\Documents and Settings\Michael Casserly\My Documents\Webmaster\axafalcons\sitemap.html --> ftp.mcasserly.com /mcasserly/falcons sitemap.html
2004.03.17 18:18 A C:\Documents and Settings\Michael Casserly\My Documents\Webmaster\axafalcons\sitehelp.html --> ftp.mcasserly.com /mcasserly/falcons sitehelp.html
2004.03.17 18:18 A C:\Documents and Settings\Michael Casserly\My Documents\Webmaster\axafalcons\links.html --> ftp.mcasserly.com /mcasserly/falcons links.html
2004.03.17 18:18 A C:\Documents and Settings\Michael Casserly\My Documents\Webmaster\axafalcons\bookmark.html --> ftp.mcasserly.com /mcasserly/falcons bookmark.html
2004.04.27 00:50 A C:\Documents and Settings\Michael Casserly\My Documents\Webmaster\mcasserly\falcons\sitemap.html --> ftp.mcasserly.com /mcasserly/falcons sitemap.html
2004.04.27 00:50 A C:\Documents and Settings\Michael Casserly\My Documents\Webmaster\mcasserly\falcons\bookmark.html --> ftp.mcasserly.com /mcasserly/falcons bookmark.html
2004.04.27 00:50 A C:\Documents and Settings\Michael Casserly\My Documents\Webmaster\mcasserly\falcons\siteupdates.html --> ftp.mcasserly.com /mcasserly/falcons siteupdates.html
2004.04.27 00:50 A C:\Documents and Settings\Michael Casserly\My Documents\Webmaster\mcasserly\falcons\index.html --> ftp.mcasserly.com /mcasserly/falcons index.html
2004.04.27 00:50 B C:\Documents and Settings\Michael Casserly\My Documents\Webmaster\mcasserly\falcons\WS_FTP.LOG --> ftp.mcasserly.com /mcasserly/falcons WS_FTP.LOG
2004.04.27 00:50 A C:\Documents and Settings\Michael Casserly\My Documents\Webmaster\mcasserly\falcons\CodeForFalconsOnlineHitList.html --> ftp.mcasserly.com /mcasserly/falcons CodeForFalconsOnlineHitList.html
2004.04.27 00:50 A C:\Documents and Settings\Michael Casserly\My Documents\Webmaster\mcasserly\falcons\falcons.css --> ftp.mcasserly.com /mcasserly/falcons falcons.css
2004.04.27 00:50 A C:\Documents and Settings\Michael Casserly\My Documents\Webmaster\mcasserly\falcons\template_standard.html --> ftp.mcasserly.com /mcasserly/falcons template_standard.html
2004.04.27 00:50 A C:\Documents and Settings\Michael Casserly\My Documents\Webmaster\mcasserly\falcons\sitehelp.html --> ftp.mcasserly.com /mcasserly/falcons sitehelp.html
2004.04.27 00:50 A C:\Documents and Settings\Michael Casserly\My Documents\Webmaster\mcasserly\falcons\links.html --> ftp.mcasserly.com /mcasserly/falcons links.html
2004.04.27 17:39 A C:\Documents and Settings\Michael Casserly\My Documents\Webmaster\mcasserly\falcons\sitemap.html --> ftp.mcasserly.com /mcasserly/falcons sitemap.html
2004.04.27 17:40 A C:\Documents and Settings\Michael Casserly\My Documents\Webmaster\mcasserly\falcons\index.html --> ftp.mcasserly.com /mcasserly/falcons index.html
2004.04.27 17:44 A C:\Documents and Settings\Michael Casserly\My Documents\Webmaster\mcasserly\falcons\index.html --> ftp.mcasserly.com /mcasserly/falcons index.html
2004.04.28 00:52 B C:\Documents and Settings\Michael Casserly\My Documents\Webmaster\mcasserly\falcons\falcons.mdb --> ftp.mcasserly.com /mcasserly/falcons falcons.mdb
2004.04.28 01:21 B C:\Documents and Settings\Michael Casserly\My Documents\Webmaster\mcasserly\falcons\index.asp --> ftp.mcasserly.com /mcasserly/falcons index.asp
2004.04.28 01:25 B C:\Documents and Settings\Michael Casserly\My Documents\Webmaster\mcasserly\falcons\index.asp --> ftp.mcasserly.com /mcasserly/falcons index.asp
2004.04.28 01:26 A C:\Documents and Settings\Michael Casserly\My Documents\Webmaster\mcasserly\falcons\index.asp --> ftp.mcasserly.com /mcasserly/falcons index.asp
2004.05.03 17:12 A C:\Documents and Settings\Michael Casserly\My Documents\Webmaster\mcasserly\falcons\index.html --> ftp.mcasserly.com /mcasserly/falcons index.html
2004.05.03 17:12 A C:\Documents and Settings\Michael Casserly\My Documents\Webmaster\mcasserly\falcons\siteupdates.html --> ftp.mcasserly.com /mcasserly/falcons siteupdates.html
2004.05.03 17:13 A C:\Documents and Settings\Michael Casserly\My Documents\Webmaster\mcasserly\falcons\sitemap.html --> ftp.mcasserly.com /mcasserly/falcons sitemap.html
2004.05.03 17:13 A C:\Documents and Settings\Michael Casserly\My Documents\Webmaster\mcasserly\falcons\sitehelp.html --> ftp.mcasserly.com /mcasserly/falcons sitehelp.html
2004.05.03 17:13 A C:\Documents and Settings\Michael Casserly\My Documents\Webmaster\mcasserly\falcons\links.html --> ftp.mcasserly.com /mcasserly/falcons links.html
2004.05.03 17:13 A C:\Documents and Settings\Michael Casserly\My Documents\Webmaster\mcasserly\falcons\bookmark.html --> ftp.mcasserly.com /mcasserly/falcons bookmark.html
2004.05.03 17:13 A C:\Documents and Settings\Michael Casserly\My Documents\Webmaster\mcasserly\falcons\falcons.css --> ftp.mcasserly.com /mcasserly/falcons falcons.css
2004.05.06 19:53 A C:\Documents and Settings\Michael Casserly\My Documents\Webmaster\mcasserly\falcons\index.html --> ftp.mcasserly.com /mcasserly/falcons index.html
2004.05.06 21:39 A C:\Documents and Settings\Michael Casserly\My Documents\Webmaster\mcasserly\falcons\index.html --> ftp.mcasserly.com /mcasserly/falcons index.html
2004.05.06 21:39 A C:\Documents and Settings\Michael Casserly\My Documents\Webmaster\mcasserly\falcons\links.html --> ftp.mcasserly.com /mcasserly/falcons links.html
2004.05.06 21:39 A C:\Documents and Settings\Michael Casserly\My Documents\Webmaster\mcasserly\falcons\template_standard.html --> ftp.mcasserly.com /mcasserly/falcons template_standard.html
2004.05.06 21:39 A C:\Documents and Settings\Michael Casserly\My Documents\Webmaster\mcasserly\falcons\siteupdates.html --> ftp.mcasserly.com /mcasserly/falcons siteupdates.html
2004.05.06 21:39 A C:\Documents and Settings\Michael Casserly\My Documents\Webmaster\mcasserly\falcons\sitemap.html --> ftp.mcasserly.com /mcasserly/falcons sitemap.html
2004.05.06 21:39 A C:\Documents and Settings\Michael Casserly\My Documents\Webmaster\mcasserly\falcons\sitehelp.html --> ftp.mcasserly.com /mcasserly/falcons sitehelp.html
2004.05.06 21:39 A C:\Documents and Settings\Michael Casserly\My Documents\Webmaster\mcasserly\falcons\falcons.css --> ftp.mcasserly.com /mcasserly/falcons falcons.css
2004.05.06 22:14 A C:\Documents and Settings\Michael Casserly\My Documents\Webmaster\mcasserly\falcons\index.html --> ftp.mcasserly.com /mcasserly/falcons index.html
2004.05.12 00:57 A C:\Documents and Settings\Michael Casserly\My Documents\Webmaster\mcasserly\falcons\index.html --> ftp.mcasserly.com /mcasserly/falcons index.html
2004.05.12 00:57 A C:\Documents and Settings\Michael Casserly\My Documents\Webmaster\mcasserly\falcons\siteupdates.html --> ftp.mcasserly.com /mcasserly/falcons siteupdates.html
2004.05.12 00:57 A C:\Documents and Settings\Michael Casserly\My Documents\Webmaster\mcasserly\falcons\sitemap.html --> ftp.mcasserly.com /mcasserly/falcons sitemap.html
2004.05.12 00:57 A C:\Documents and Settings\Michael Casserly\My Documents\Webmaster\mcasserly\falcons\links.html --> ftp.mcasserly.com /mcasserly/falcons links.html
2004.05.12 00:57 A C:\Documents and Settings\Michael Casserly\My Documents\Webmaster\mcasserly\falcons\sitehelp.html --> ftp.mcasserly.com /mcasserly/falcons sitehelp.html
2004.05.12 01:41 A C:\Documents and Settings\Michael Casserly\My Documents\Webmaster\mcasserly\falcons\index.html --> ftp.mcasserly.com /mcasserly/falcons index.html
2004.05.13 22:35 A C:\Documents and Settings\Michael Casserly\My Documents\Webmaster\mcasserly\falcons\index.html --> ftp.mcasserly.com /mcasserly/falcons index.html
2004.05.15 00:39 A C:\Documents and Settings\Michael Casserly\My Documents\Webmaster\mcasserly\falcons\index.html --> ftp.mcasserly.com /mcasserly/falcons index.html
2004.05.15 00:39 A C:\Documents and Settings\Michael Casserly\My Documents\Webmaster\mcasserly\falcons\template_standard.html --> ftp.mcasserly.com /mcasserly/falcons template_standard.html
2004.05.15 00:39 A C:\Documents and Settings\Michael Casserly\My Documents\Webmaster\mcasserly\falcons\siteupdates.html --> ftp.mcasserly.com /mcasserly/falcons siteupdates.html
2004.05.15 00:39 A C:\Documents and Settings\Michael Casserly\My Documents\Webmaster\mcasserly\falcons\sitemap.html --> ftp.mcasserly.com /mcasserly/falcons sitemap.html
2004.05.15 00:39 A C:\Documents and Settings\Michael Casserly\My Documents\Webmaster\mcasserly\falcons\sitehelp.html --> ftp.mcasserly.com /mcasserly/falcons sitehelp.html
2004.05.15 00:39 A C:\Documents and Settings\Michael Casserly\My Documents\Webmaster\mcasserly\falcons\links.html --> ftp.mcasserly.com /mcasserly/falcons links.html
2004.05.15 00:39 A C:\Documents and Settings\Michael Casserly\My Documents\Webmaster\mcasserly\falcons\falcons.css --> ftp.mcasserly.com /mcasserly/falcons falcons.css
2004.05.15 00:41 A C:\Documents and Settings\Michael Casserly\My Documents\Webmaster\mcasserly\falcons\falcons.css --> ftp.mcasserly.com /mcasserly/falcons falcons.css
2004.05.15 01:04 A C:\Documents and Settings\Michael Casserly\My Documents\Webmaster\mcasserly\falcons\siteupdates.html --> ftp.mcasserly.com /mcasserly/falcons siteupdates.html
2004.05.15 01:04 A C:\Documents and Settings\Michael Casserly\My Documents\Webmaster\mcasserly\falcons\index.html --> ftp.mcasserly.com /mcasserly/falcons index.html
2004.05.19 01:05 A C:\Documents and Settings\Michael Casserly\My Documents\Webmaster\mcasserly\falcons\index.html --> ftp.mcasserly.com /mcasserly/falcons index.html
2004.05.19 01:32 A C:\Documents and Settings\Michael Casserly\My Documents\Webmaster\mcasserly\falcons\siteupdates.html --> ftp.mcasserly.com /mcasserly/falcons siteupdates.html
2004.05.19 01:32 A C:\Documents and Settings\Michael Casserly\My Documents\Webmaster\mcasserly\falcons\sitemap.html --> ftp.mcasserly.com /mcasserly/falcons sitemap.html
2004.05.19 01:32 A C:\Documents and Settings\Michael Casserly\My Documents\Webmaster\mcasserly\falcons\sitehelp.html --> ftp.mcasserly.com /mcasserly/falcons sitehelp.html
2004.05.19 01:32 A C:\Documents and Settings\Michael Casserly\My Documents\Webmaster\mcasserly\falcons\links.html --> ftp.mcasserly.com /mcasserly/falcons links.html
2004.05.19 01:32 A C:\Documents and Settings\Michael Casserly\My Documents\Webmaster\mcasserly\falcons\falcons.css --> ftp.mcasserly.com /mcasserly/falcons falcons.css
2004.05.19 01:32 A C:\Documents and Settings\Michael Casserly\My Documents\Webmaster\mcasserly\falcons\index.html --> ftp.mcasserly.com /mcasserly/falcons index.html
2004.05.20 14:54 A C:\Documents and Settings\Michael Casserly\My Documents\Webmaster\mcasserly\falcons\index.html --> ftp.mcasserly.com /mcasserly/falcons index.html
2004.05.20 15:20 A C:\Documents and Settings\Michael Casserly\My Documents\Webmaster\mcasserly\falcons\index.html --> ftp.mcasserly.com /mcasserly/falcons index.html
2004.05.20 15:40 A C:\Documents and Settings\Michael Casserly\My Documents\Webmaster\mcasserly\falcons\sitemap.html --> ftp.mcasserly.com /mcasserly/falcons sitemap.html
2004.05.21 18:31 A C:\Documents and Settings\Michael Casserly\My Documents\Webmaster\mcasserly\falcons\index.html --> ftp.mcasserly.com /mcasserly/falcons index.html
2004.05.27 17:41 A C:\Documents and Settings\Michael Casserly\My Documents\Webmaster\mcasserly\falcons\sitemap.html --> ftp.mcasserly.com /mcasserly/falcons sitemap.html
2004.05.27 17:41 A C:\Documents and Settings\Michael Casserly\My Documents\Webmaster\mcasserly\falcons\index.html --> ftp.mcasserly.com /mcasserly/falcons index.html
2004.05.28 14:39 A C:\Documents and Settings\Michael Casserly\My Documents\Webmaster\mcasserly\falcons\index.html --> ftp.mcasserly.com /mcasserly/falcons index.html
2004.05.28 15:16 A C:\Documents and Settings\Michael Casserly\My Documents\Webmaster\mcasserly\falcons\siteupdates.html --> ftp.mcasserly.com /mcasserly/falcons siteupdates.html
2004.05.28 15:16 A C:\Documents and Settings\Michael Casserly\My Documents\Webmaster\mcasserly\falcons\index.html --> ftp.mcasserly.com /mcasserly/falcons index.html
2004.06.02 20:57 A C:\Documents and Settings\Michael Casserly\My Documents\Webmaster\mcasserly\falcons\index.html --> ftp.mcasserly.com /mcasserly/falcons index.html
2004.06.04 13:56 A C:\Documents and Settings\Michael Casserly\My Documents\Webmaster\mcasserly\falcons\sitemap.html --> ftp.mcasserly.com /mcasserly/falcons sitemap.html
2004.06.06 17:41 A C:\Documents and Settings\Michael Casserly\My Documents\Webmaster\mcasserly\falcons\index.html --> ftp.mcasserly.com /mcasserly/falcons index.html
2004.06.09 15:32 A C:\Documents and Settings\Michael Casserly\My Documents\Webmaster\mcasserly\falcons\index.html --> ftp.mcasserly.com /mcasserly/falcons index.html
2004.06.10 17:51 A C:\Documents and Settings\Michael Casserly\My Documents\Webmaster\mcasserly\falcons\index.html --> ftp.mcasserly.com /mcasserly/falcons index.html
2004.06.10 22:25 A C:\Documents and Settings\Michael Casserly\My Documents\Webmaster\mcasserly\falcons\index.html --> ftp.mcasserly.com /mcasserly/falcons index.html
2004.06.16 23:35 A C:\Documents and Settings\Michael Casserly\My Documents\Webmaster\mcasserly\falcons\index.html --> ftp.mcasserly.com /mcasserly/falcons index.html
2004.06.23 14:07 A C:\Documents and Settings\Michael Casserly\My Documents\Webmaster\mcasserly\falcons\index.html --> ftp.mcasserly.com /mcasserly/falcons index.html
2004.06.28 00:34 A C:\Documents and Settings\Michael Casserly\My Documents\Webmaster\mcasserly\falcons\index.html --> ftp.mcasserly.com /mcasserly/falcons index.html
2004.07.05 19:00 A C:\Documents and Settings\Michael Casserly\My Documents\Webmaster\mcasserly\falcons\index.html --> ftp.mcasserly.com /mcasserly/falcons index.html
2004.07.06 13:09 A C:\Documents and Settings\Michael Casserly\My Documents\Webmaster\mcasserly\falcons\index.html --> ftp.mcasserly.com /mcasserly/falcons index.html
2004.07.20 15:37 A C:\Documents and Settings\Michael Casserly\My Documents\Webmaster\mcasserly\falcons\index.html --> ftp.mcasserly.com /mcasserly/falcons index.html
2004.07.22 22:04 A C:\Documents and Settings\Michael Casserly\My Documents\Webmaster\mcasserly\falcons\index.html --> ftp.mcasserly.com /mcasserly/falcons index.html
2004.07.23 20:52 A C:\Documents and Settings\Michael Casserly\My Documents\Webmaster\mcasserly\falcons\index.html --> ftp.mcasserly.com /mcasserly/falcons index.html
2004.08.04 16:39 A C:\Documents and Settings\Michael Casserly\My Documents\Webmaster\mcasserly\falcons\index.html --> ftp.mcasserly.com /mcasserly/falcons index.html
2004.08.07 15:18 A C:\Documents and Settings\Michael Casserly\My Documents\Webmaster\mcasserly\falcons\index.html --> ftp.mcasserly.com /mcasserly/falcons index.html
2004.08.13 20:14 A C:\Documents and Settings\Michael Casserly\My Documents\Webmaster\mcasserly\falcons\index.html --> ftp.mcasserly.com /mcasserly/falcons index.html
2004.08.18 04:40 A C:\Documents and Settings\Michael Casserly\My Documents\Webmaster\mcasserly\falcons\index.html --> ftp.mcasserly.com /mcasserly/falcons index.html
2004.08.18 05:24 A C:\Documents and Settings\Michael Casserly\My Documents\Webmaster\mcasserly\falcons\index.html --> ftp.mcasserly.com /mcasserly/falcons index.html
2004.08.18 14:40 A C:\Documents and Settings\Michael Casserly\My Documents\Webmaster\mcasserly\falcons\index.html --> ftp.mcasserly.com /mcasserly/falcons index.html
2004.08.20 16:39 A C:\Documents and Settings\Michael Casserly\My Documents\Webmaster\mcasserly\falcons\index.html --> ftp.mcasserly.com /mcasserly/falcons index.html
2004.08.24 22:13 A C:\Documents and Settings\Michael Casserly\My Documents\Webmaster\mcasserly\falcons\index.html --> ftp.mcasserly.com /mcasserly/falcons index.html
2004.08.26 16:33 A C:\Documents and Settings\Michael Casserly\My Documents\Webmaster\mcasserly\falcons\index.html --> ftp.mcasserly.com /mcasserly/falcons index.html
2004.08.30 22:20 A C:\Documents and Settings\Michael Casserly\My Documents\Webmaster\mcasserly\falcons\index.html --> ftp.mcasserly.com /mcasserly/falcons index.html
2004.09.07 03:47 A C:\Documents and Settings\Michael Casserly\My Documents\Webmaster\mcasserly\falcons\index.html --> ftp.mcasserly.com /mcasserly/falcons index.html
2004.09.10 15:37 A C:\Documents and Settings\Michael Casserly\My Documents\Webmaster\mcasserly\falcons\index.html --> ftp.mcasserly.com /mcasserly/falcons index.html
2004.09.10 15:37 A C:\Documents and Settings\Michael Casserly\My Documents\Webmaster\mcasserly\falcons\template_standard.html --> ftp.mcasserly.com /mcasserly/falcons template_standard.html
2004.09.10 15:37 A C:\Documents and Settings\Michael Casserly\My Documents\Webmaster\mcasserly\falcons\siteupdates.html --> ftp.mcasserly.com /mcasserly/falcons siteupdates.html
2004.09.10 15:37 A C:\Documents and Settings\Michael Casserly\My Documents\Webmaster\mcasserly\falcons\sitemap.html --> ftp.mcasserly.com /mcasserly/falcons sitemap.html
2004.09.10 15:37 A C:\Documents and Settings\Michael Casserly\My Documents\Webmaster\mcasserly\falcons\sitehelp.html --> ftp.mcasserly.com /mcasserly/falcons sitehelp.html
2004.09.10 15:37 A C:\Documents and Settings\Michael Casserly\My Documents\Webmaster\mcasserly\falcons\links.html --> ftp.mcasserly.com /mcasserly/falcons links.html
2004.09.10 15:37 A C:\Documents and Settings\Michael Casserly\My Documents\Webmaster\mcasserly\falcons\index.html --> ftp.mcasserly.com /mcasserly/falcons index.html
2004.09.11 18:38 A C:\Documents and Settings\Michael Casserly\My Documents\Webmaster\mcasserly\falcons\index.html --> ftp.mcasserly.com /mcasserly/falcons index.html
2004.09.11 18:38 A C:\Documents and Settings\Michael Casserly\My Documents\Webmaster\mcasserly\falcons\siteupdates.html --> ftp.mcasserly.com /mcasserly/falcons siteupdates.html
2004.09.12 00:15 A C:\Documents and Settings\Michael Casserly\My Documents\Webmaster\mcasserly\falcons\siteupdates.html --> ftp.mcasserly.com /mcasserly/falcons siteupdates.html
2004.09.12 00:15 A C:\Documents and Settings\Michael Casserly\My Documents\Webmaster\mcasserly\falcons\index.html --> ftp.mcasserly.com /mcasserly/falcons index.html
2004.09.13 01:32 A C:\Documents and Settings\Michael Casserly\My Documents\Webmaster\mcasserly\falcons\index.html --> ftp.mcasserly.com /mcasserly/falcons index.html
2004.09.19 12:40 A C:\Documents and Settings\Michael Casserly\My Documents\Webmaster\mcasserly\falcons\index.html --> ftp.mcasserly.com /mcasserly/falcons index.html
2004.09.20 17:13 A C:\Documents and Settings\Michael Casserly\My Documents\Webmaster\mcasserly\falcons\index.html --> ftp.mcasserly.com /mcasserly/falcons index.html
2004.09.27 19:08 A C:\Documents and Settings\Michael Casserly\My Documents\Webmaster\mcasserly\falcons\index.html --> ftp.mcasserly.com /mcasserly/falcons index.html
2004.09.28 20:45 A C:\Documents and Settings\Michael Casserly\My Documents\Webmaster\mcasserly\falcons\index.html --> ftp.mcasserly.com /mcasserly/falcons index.html
2004.09.28 20:51 A C:\Documents and Settings\Michael Casserly\My Documents\Webmaster\mcasserly\falcons\index.html --> ftp.mcasserly.com /mcasserly/falcons index.html
2004.10.05 23:11 A C:\Documents and Settings\Michael Casserly\My Documents\Webmaster\mcasserly\falcons\index.html --> ftp.mcasserly.com /mcasserly/falcons index.html
2005.02.02 15:31 A C:\Documents and Settings\Michael Casserly\My Documents\Webmaster\mcasserly\falcons\index.html --> ftp.mcasserly.com /mcasserly/falcons index.html
2005.02.24 02:37 B C:\Documents and Settings\Michael Casserly\My Documents\Webmaster\mcasserly\falcons\index.html --> ftp.mcasserly.com /mcasserly/falcons index.html
2005.04.19 20:52 B C:\Documents and Settings\Michael Casserly\My Documents\Webmaster\mcasserly\falcons\sitemap.html --> ftp.mcasserly.com /mcasserly/falcons sitemap.html
2005.04.19 20:52 B C:\Documents and Settings\Michael Casserly\My Documents\Webmaster\mcasserly\falcons\links.html --> ftp.mcasserly.com /mcasserly/falcons links.html
2005.04.19 20:52 B C:\Documents and Settings\Michael Casserly\My Documents\Webmaster\mcasserly\falcons\index.html --> ftp.mcasserly.com /mcasserly/falcons index.html
2005.04.19 21:03 B C:\Documents and Settings\Michael Casserly\My Documents\Webmaster\mcasserly\falcons\falcons_menu1.html --> ftp.mcasserly.com /mcasserly/falcons falcons_menu1.html
2005.04.19 21:17 B C:\Documents and Settings\Michael Casserly\My Documents\Webmaster\mcasserly\falcons\falcons_menu1.html --> ftp.mcasserly.com /mcasserly/falcons falcons_menu1.html
2005.04.19 21:17 B C:\Documents and Settings\Michael Casserly\My Documents\Webmaster\mcasserly\falcons\sitemap.html --> ftp.mcasserly.com /mcasserly/falcons sitemap.html
2005.04.19 21:17 B C:\Documents and Settings\Michael Casserly\My Documents\Webmaster\mcasserly\falcons\links.html --> ftp.mcasserly.com /mcasserly/falcons links.html
2005.04.19 21:17 B C:\Documents and Settings\Michael Casserly\My Documents\Webmaster\mcasserly\falcons\index.html --> ftp.mcasserly.com /mcasserly/falcons index.html
2005.04.19 21:17 B C:\Documents and Settings\Michael Casserly\My Documents\Webmaster\mcasserly\falcons\siteupdates.html --> ftp.mcasserly.com /mcasserly/falcons siteupdates.html
2005.04.19 21:17 B C:\Documents and Settings\Michael Casserly\My Documents\Webmaster\mcasserly\falcons\sitehelp.html --> ftp.mcasserly.com /mcasserly/falcons sitehelp.html
2005.04.19 21:37 B C:\Documents and Settings\Michael Casserly\My Documents\Webmaster\mcasserly\falcons\siteupdates.html --> ftp.mcasserly.com /mcasserly/falcons siteupdates.html
2005.04.19 21:37 B C:\Documents and Settings\Michael Casserly\My Documents\Webmaster\mcasserly\falcons\sitemap.html --> ftp.mcasserly.com /mcasserly/falcons sitemap.html
2005.04.19 21:37 B C:\Documents and Settings\Michael Casserly\My Documents\Webmaster\mcasserly\falcons\sitehelp.html --> ftp.mcasserly.com /mcasserly/falcons sitehelp.html
2005.04.19 21:37 B C:\Documents and Settings\Michael Casserly\My Documents\Webmaster\mcasserly\falcons\links.html --> ftp.mcasserly.com /mcasserly/falcons links.html
2005.04.19 21:37 B C:\Documents and Settings\Michael Casserly\My Documents\Webmaster\mcasserly\falcons\index.html --> ftp.mcasserly.com /mcasserly/falcons index.html
2005.04.19 21:48 B C:\Documents and Settings\Michael Casserly\My Documents\Webmaster\mcasserly\falcons\falcons_menu1.html --> ftp.mcasserly.com /mcasserly/falcons falcons_menu1.html
2005.04.19 22:03 B C:\Documents and Settings\Michael Casserly\My Documents\Webmaster\mcasserly\falcons\falcons_menu1.html --> ftp.mcasserly.com /mcasserly/falcons falcons_menu1.html
2005.04.19 22:05 B C:\Documents and Settings\Michael Casserly\My Documents\Webmaster\mcasserly\falcons\falcons_menu1.html --> ftp.mcasserly.com /mcasserly/falcons falcons_menu1.html
2005.04.19 22:07 B C:\Documents and Settings\Michael Casserly\My Documents\Webmaster\mcasserly\falcons\falcons_menu1.html --> ftp.mcasserly.com /mcasserly/falcons falcons_menu1.html
2005.04.19 22:08 B C:\Documents and Settings\Michael Casserly\My Documents\Webmaster\mcasserly\falcons\falcons_menu1.html --> ftp.mcasserly.com /mcasserly/falcons falcons_menu1.html
2005.04.19 22:10 B C:\Documents and Settings\Michael Casserly\My Documents\Webmaster\mcasserly\falcons\falcons_menu1.html --> ftp.mcasserly.com /mcasserly/falcons falcons_menu1.html
2005.04.19 22:37 B C:\Documents and Settings\Michael Casserly\My Documents\Webmaster\mcasserly\falcons\falcons_menu1.html --> ftp.mcasserly.com /mcasserly/falcons falcons_menu1.html
2005.04.19 22:39 B C:\Documents and Settings\Michael Casserly\My Documents\Webmaster\mcasserly\falcons\falcons_menu1.html --> ftp.mcasserly.com /mcasserly/falcons falcons_menu1.html
2005.04.19 22:41 B C:\Documents and Settings\Michael Casserly\My Documents\Webmaster\mcasserly\falcons\falcons_menu1.html --> ftp.mcasserly.com /mcasserly/falcons falcons_menu1.html
2005.04.20 19:17 B C:\Documents and Settings\Michael Casserly\My Documents\Webmaster\mcasserly\falcons\template_standard.html --> ftp.mcasserly.com /mcasserly/falcons template_standard.html
2005.04.20 19:17 B C:\Documents and Settings\Michael Casserly\My Documents\Webmaster\mcasserly\falcons\sitehelp.html --> ftp.mcasserly.com /mcasserly/falcons sitehelp.html
2005.04.20 19:17 B C:\Documents and Settings\Michael Casserly\My Documents\Webmaster\mcasserly\falcons\siteupdates.html --> ftp.mcasserly.com /mcasserly/falcons siteupdates.html
2005.04.21 22:55 B C:\Documents and Settings\Michael Casserly\My Documents\Webmaster\mcasserly\falcons\falcons_menu1.html --> ftp.mcasserly.com /mcasserly/falcons falcons_menu1.html
2005.04.21 22:55 B C:\Documents and Settings\Michael Casserly\My Documents\Webmaster\mcasserly\falcons\sitemap.html --> ftp.mcasserly.com /mcasserly/falcons sitemap.html
2005.04.21 22:58 B C:\Documents and Settings\Michael Casserly\My Documents\Webmaster\mcasserly\falcons\falcons_menu1.html --> ftp.mcasserly.com /mcasserly/falcons falcons_menu1.html
2005.04.21 23:12 B C:\Documents and Settings\Michael Casserly\My Documents\Webmaster\mcasserly\falcons\falcons_menu1.html --> ftp.mcasserly.com /mcasserly/falcons falcons_menu1.html
2005.04.21 23:15 B C:\Documents and Settings\Michael Casserly\My Documents\Webmaster\mcasserly\falcons\falcons_menu1.html --> ftp.mcasserly.com /mcasserly/falcons falcons_menu1.html
2005.04.21 23:17 B C:\Documents and Settings\Michael Casserly\My Documents\Webmaster\mcasserly\falcons\falcons_menu1.html --> ftp.mcasserly.com /mcasserly/falcons falcons_menu1.html
2005.04.21 23:18 B C:\Documents and Settings\Michael Casserly\My Documents\Webmaster\mcasserly\falcons\falcons_menu1.html --> ftp.mcasserly.com /mcasserly/falcons falcons_menu1.html
2005.04.21 23:23 B C:\Documents and Settings\Michael Casserly\My Documents\Webmaster\mcasserly\falcons\index.html --> ftp.mcasserly.com /mcasserly/falcons index.html
2005.04.21 23:25 B C:\Documents and Settings\Michael Casserly\My Documents\Webmaster\mcasserly\falcons\falcons_menu1.html --> ftp.mcasserly.com /mcasserly/falcons falcons_menu1.html
2005.04.21 23:29 B C:\Documents and Settings\Michael Casserly\My Documents\Webmaster\mcasserly\falcons\falcons_menu1.html --> ftp.mcasserly.com /mcasserly/falcons falcons_menu1.html
2005.04.28 22:13 A C:\Documents and Settings\Michael Casserly\My Documents\Webmaster\mcasserly\falcons\index.html --> ftp.mcasserly.com /mcasserly/falcons index.html
2005.05.01 14:09 A C:\Documents and Settings\Michael Casserly\My Documents\Webmaster\mcasserly\falcons\falcons_menu1.html --> ftp.mcasserly.com /mcasserly/falcons falcons_menu1.html
2005.05.01 14:12 A C:\Documents and Settings\Michael Casserly\My Documents\Webmaster\mcasserly\falcons\falcons_menu1.html --> ftp.mcasserly.com /mcasserly/falcons falcons_menu1.html
2005.05.01 14:15 A C:\Documents and Settings\Michael Casserly\My Documents\Webmaster\mcasserly\falcons\falcons_menu1.html --> ftp.mcasserly.com /mcasserly/falcons falcons_menu1.html
2005.05.01 16:34 A C:\Documents and Settings\Michael Casserly\My Documents\Webmaster\mcasserly\falcons\index.html --> ftp.mcasserly.com /mcasserly/falcons index.html
2005.05.01 16:35 A C:\Documents and Settings\Michael Casserly\My Documents\Webmaster\mcasserly\falcons\siteupdates.html --> ftp.mcasserly.com /mcasserly/falcons siteupdates.html
2005.05.01 16:43 A C:\Documents and Settings\Michael Casserly\My Documents\Webmaster\mcasserly\falcons\sitemap.html --> ftp.mcasserly.com /mcasserly/falcons sitemap.html
2005.05.01 17:58 A C:\Documents and Settings\Michael Casserly\My Documents\Webmaster\mcasserly\falcons\template_standard.html --> ftp.mcasserly.com /mcasserly/falcons template_standard.html
2005.05.01 17:58 A C:\Documents and Settings\Michael Casserly\My Documents\Webmaster\mcasserly\falcons\siteupdates.html --> ftp.mcasserly.com /mcasserly/falcons siteupdates.html
2005.05.01 17:59 A C:\Documents and Settings\Michael Casserly\My Documents\Webmaster\mcasserly\falcons\sitemap.html --> ftp.mcasserly.com /mcasserly/falcons sitemap.html
2005.05.01 17:59 A C:\Documents and Settings\Michael Casserly\My Documents\Webmaster\mcasserly\falcons\sitehelp.html --> ftp.mcasserly.com /mcasserly/falcons sitehelp.html
2005.05.01 17:59 A C:\Documents and Settings\Michael Casserly\My Documents\Webmaster\mcasserly\falcons\links.html --> ftp.mcasserly.com /mcasserly/falcons links.html
2005.05.01 17:59 A C:\Documents and Settings\Michael Casserly\My Documents\Webmaster\mcasserly\falcons\index.html --> ftp.mcasserly.com /mcasserly/falcons index.html
2005.05.01 18:12 A C:\Documents and Settings\Michael Casserly\My Documents\Webmaster\mcasserly\falcons\falcons_menu1.html --> ftp.mcasserly.com /mcasserly/falcons falcons_menu1.html
2005.05.01 18:40 A C:\Documents and Settings\Michael Casserly\My Documents\Webmaster\mcasserly\falcons\index.html --> ftp.mcasserly.com /mcasserly/falcons index.html
2005.05.04 21:46 A C:\Documents and Settings\Michael Casserly\My Documents\Webmaster\mcasserly\falcons\siteupdates.html --> ftp.mcasserly.com /mcasserly/falcons siteupdates.html
2005.05.04 21:46 A C:\Documents and Settings\Michael Casserly\My Documents\Webmaster\mcasserly\falcons\index.html --> ftp.mcasserly.com /mcasserly/falcons index.html
2005.05.07 11:48 A C:\Documents and Settings\Michael Casserly\My Documents\Webmaster\mcasserly\falcons\index.html --> ftp.mcasserly.com /mcasserly/falcons index.html
2005.05.16 21:51 A C:\Documents and Settings\Michael Casserly\My Documents\Webmaster\mcasserly\falcons\index.html --> ftp.mcasserly.com /mcasserly/falcons index.html
2005.05.23 22:33 A C:\Documents and Settings\Michael Casserly\My Documents\Webmaster\mcasserly\falcons\index.html --> ftp.mcasserly.com /mcasserly/falcons index.html
2005.05.26 22:31 A C:\Documents and Settings\Michael Casserly\My Documents\Webmaster\mcasserly\falcons\index.html --> ftp.mcasserly.com /mcasserly/falcons index.html
2005.06.05 16:33 A C:\Documents and Settings\Michael Casserly\My Documents\Webmaster\mcasserly\falcons\index.html --> ftp.mcasserly.com /mcasserly/falcons index.html
2005.06.05 20:28 A C:\Documents and Settings\Michael Casserly\My Documents\Webmaster\mcasserly\falcons\index.html --> ftp.mcasserly.com /mcasserly/falcons index.html
2005.06.13 19:43 A C:\Documents and Settings\Michael Casserly\My Documents\Webmaster\mcasserly\falcons\index.html --> ftp.mcasserly.com /mcasserly/falcons index.html
2005.06.22 20:38 A C:\Documents and Settings\Michael Casserly\My Documents\Webmaster\mcasserly\falcons\siteupdates.html --> ftp.mcasserly.com /mcasserly/falcons siteupdates.html
2005.06.22 20:38 A C:\Documents and Settings\Michael Casserly\My Documents\Webmaster\mcasserly\falcons\index.html --> ftp.mcasserly.com /mcasserly/falcons index.html
2005.06.23 22:12 A C:\Documents and Settings\Michael Casserly\My Documents\Webmaster\mcasserly\falcons\index.html --> ftp.mcasserly.com /mcasserly/falcons index.html
2005.06.25 21:12 A C:\Documents and Settings\Michael Casserly\My Documents\Webmaster\mcasserly\falcons\contact.html <-- mcasserly /mcasserly/falcons/media contact.html
2005.06.25 21:12 A C:\Documents and Settings\Michael Casserly\My Documents\Webmaster\mcasserly\falcons\index.html --> ftp.mcasserly.com /mcasserly/falcons index.html
2005.07.06 22:50 A C:\Documents and Settings\Michael Casserly\My Documents\Webmaster\mcasserly\falcons\index.html --> ftp.mcasserly.com /mcasserly/falcons index.html
2005.07.06 22:50 A C:\Documents and Settings\Michael Casserly\My Documents\Webmaster\mcasserly\falcons\sitehelp.html --> ftp.mcasserly.com /mcasserly/falcons sitehelp.html
2005.07.13 20:40 A C:\Documents and Settings\Michael Casserly\My Documents\Webmaster\mcasserly\falcons\index.html --> ftp.mcasserly.com /mcasserly/falcons index.html
2005.07.18 21:39 A C:\Documents and Settings\Michael Casserly\My Documents\Webmaster\mcasserly\falcons\index.html --> ftp.mcasserly.com /mcasserly/falcons index.html
2005.07.24 21:49 A C:\Documents and Settings\Michael Casserly\My Documents\Webmaster\mcasserly\falcons\index.html --> ftp.mcasserly.com /mcasserly/falcons index.html
2005.08.07 21:06 A C:\Documents and Settings\Michael Casserly\My Documents\Webmaster\mcasserly\falcons\index.html --> ftp.mcasserly.com /mcasserly/falcons index.html
2005.08.22 21:59 A C:\Documents and Settings\Michael Casserly\My Documents\Webmaster\mcasserly\falcons\index.html --> ftp.mcasserly.com /mcasserly/falcons index.html
2005.08.28 20:20 A C:\Documents and Settings\Michael Casserly\My Documents\Webmaster\mcasserly\falcons\index.html --> ftp.mcasserly.com /mcasserly/falcons index.html
2005.08.28 20:21 A C:\Documents and Settings\Michael Casserly\My Documents\Webmaster\mcasserly\falcons\index.html --> ftp.mcasserly.com /mcasserly/falcons index.html
2005.08.31 23:11 A C:\Documents and Settings\Michael Casserly\My Documents\Webmaster\mcasserly\falcons\index.html --> ftp.mcasserly.com /mcasserly/falcons index.html
2005.09.05 15:05 A C:\Documents and Settings\Michael Casserly\My Documents\Webmaster\mcasserly\falcons\index.html <-- mcasserly /mcasserly/falcons index.html
2005.09.09 21:59 A C:\Documents and Settings\Michael Casserly\My Documents\Webmaster\mcasserly\falcons\index.html --> ftp.mcasserly.com /mcasserly/falcons index.html
2005.09.14 20:59 A C:\Documents and Settings\Michael Casserly\My Documents\Webmaster\mcasserly\falcons\sitemap.html <-- mcasserly /mcasserly/falcons sitemap.html
2005.09.17 19:49 A C:\Documents and Settings\Michael Casserly\My Documents\Webmaster\mcasserly\falcons\index.html --> ftp.mcasserly.com /mcasserly/falcons index.html
