2001.02.05 13:54 A D:\blackwateroldhead\roster\index.html --> ftp.geocities.com /blackwateroldhead/roster/ index.html
2001.02.06 10:00 A D:\blackwateroldhead\roster\index.html --> ftp.geocities.com /blackwateroldhead/roster index.html
2001.02.12 09:22 A D:\blackwateroldhead\roster\index.html --> ftp.geocities.com /blackwateroldhead/roster index.html
2001.05.29 22:47 A D:\blackwateroldhead\roster\index.html --> ftp.geocities.com /blackwateroldhead/roster index.html
2001.06.16 19:58 A D:\blackwateroldhead\roster\index.html --> ftp.geocities.com /blackwateroldhead/roster index.html
2001.12.03 20:42 A D:\blackwateroldhead\roster\index.html --> ftp.geocities.com /blackwateroldhead/roster index.html
2001.12.03 20:42 B D:\blackwateroldhead\roster\spacer.gif --> ftp.geocities.com /blackwateroldhead/roster spacer.gif
2004.03.17 18:15 A C:\Documents and Settings\Michael Casserly\My Documents\Webmaster\axafalcons\roster\2001.html --> ftp.mcasserly.com /mcasserly/falcons/roster 2001.html
2004.03.17 18:15 A C:\Documents and Settings\Michael Casserly\My Documents\Webmaster\axafalcons\roster\2002.html --> ftp.mcasserly.com /mcasserly/falcons/roster 2002.html
2004.03.17 18:15 A C:\Documents and Settings\Michael Casserly\My Documents\Webmaster\axafalcons\roster\all-time.html --> ftp.mcasserly.com /mcasserly/falcons/roster all-time.html
2004.03.17 18:15 A C:\Documents and Settings\Michael Casserly\My Documents\Webmaster\axafalcons\roster\index.html --> ftp.mcasserly.com /mcasserly/falcons/roster index.html
2004.03.17 18:15 B C:\Documents and Settings\Michael Casserly\My Documents\Webmaster\axafalcons\roster\WS_FTP.LOG --> ftp.mcasserly.com /mcasserly/falcons/roster WS_FTP.LOG
2004.04.27 00:45 B C:\Documents and Settings\Michael Casserly\My Documents\Webmaster\mcasserly\falcons\roster\WS_FTP.LOG --> ftp.mcasserly.com /mcasserly/falcons/roster WS_FTP.LOG
2004.05.03 17:12 A C:\Documents and Settings\Michael Casserly\My Documents\Webmaster\mcasserly\falcons\roster\index.html --> ftp.mcasserly.com /mcasserly/falcons/roster index.html
2004.05.03 17:12 A C:\Documents and Settings\Michael Casserly\My Documents\Webmaster\mcasserly\falcons\roster\all-time.html --> ftp.mcasserly.com /mcasserly/falcons/roster all-time.html
2004.05.03 17:12 A C:\Documents and Settings\Michael Casserly\My Documents\Webmaster\mcasserly\falcons\roster\2002.html --> ftp.mcasserly.com /mcasserly/falcons/roster 2002.html
2004.05.03 17:12 A C:\Documents and Settings\Michael Casserly\My Documents\Webmaster\mcasserly\falcons\roster\2001.html --> ftp.mcasserly.com /mcasserly/falcons/roster 2001.html
2004.05.03 17:12 B C:\Documents and Settings\Michael Casserly\My Documents\Webmaster\mcasserly\falcons\roster\WS_FTP.LOG --> ftp.mcasserly.com /mcasserly/falcons/roster WS_FTP.LOG
2004.05.06 21:39 A C:\Documents and Settings\Michael Casserly\My Documents\Webmaster\mcasserly\falcons\roster\index.html --> ftp.mcasserly.com /mcasserly/falcons/roster index.html
2004.05.06 21:39 A C:\Documents and Settings\Michael Casserly\My Documents\Webmaster\mcasserly\falcons\roster\all-time.html --> ftp.mcasserly.com /mcasserly/falcons/roster all-time.html
2004.05.06 21:39 A C:\Documents and Settings\Michael Casserly\My Documents\Webmaster\mcasserly\falcons\roster\2002.html --> ftp.mcasserly.com /mcasserly/falcons/roster 2002.html
2004.05.06 21:39 A C:\Documents and Settings\Michael Casserly\My Documents\Webmaster\mcasserly\falcons\roster\2001.html --> ftp.mcasserly.com /mcasserly/falcons/roster 2001.html
2004.05.06 21:39 B C:\Documents and Settings\Michael Casserly\My Documents\Webmaster\mcasserly\falcons\roster\WS_FTP.LOG --> ftp.mcasserly.com /mcasserly/falcons/roster WS_FTP.LOG
2004.05.12 00:57 A C:\Documents and Settings\Michael Casserly\My Documents\Webmaster\mcasserly\falcons\roster\index.html --> ftp.mcasserly.com /mcasserly/falcons/roster index.html
2004.05.12 00:57 A C:\Documents and Settings\Michael Casserly\My Documents\Webmaster\mcasserly\falcons\roster\all-time.html --> ftp.mcasserly.com /mcasserly/falcons/roster all-time.html
2004.05.12 00:57 A C:\Documents and Settings\Michael Casserly\My Documents\Webmaster\mcasserly\falcons\roster\2002.html --> ftp.mcasserly.com /mcasserly/falcons/roster 2002.html
2004.05.12 00:57 A C:\Documents and Settings\Michael Casserly\My Documents\Webmaster\mcasserly\falcons\roster\2001.html --> ftp.mcasserly.com /mcasserly/falcons/roster 2001.html
2004.05.12 00:57 B C:\Documents and Settings\Michael Casserly\My Documents\Webmaster\mcasserly\falcons\roster\WS_FTP.LOG --> ftp.mcasserly.com /mcasserly/falcons/roster WS_FTP.LOG
2004.05.15 00:39 A C:\Documents and Settings\Michael Casserly\My Documents\Webmaster\mcasserly\falcons\roster\index.html --> ftp.mcasserly.com /mcasserly/falcons/roster index.html
2004.05.15 00:39 A C:\Documents and Settings\Michael Casserly\My Documents\Webmaster\mcasserly\falcons\roster\all-time.html --> ftp.mcasserly.com /mcasserly/falcons/roster all-time.html
2004.05.15 00:39 A C:\Documents and Settings\Michael Casserly\My Documents\Webmaster\mcasserly\falcons\roster\2002.html --> ftp.mcasserly.com /mcasserly/falcons/roster 2002.html
2004.05.15 00:39 A C:\Documents and Settings\Michael Casserly\My Documents\Webmaster\mcasserly\falcons\roster\2001.html --> ftp.mcasserly.com /mcasserly/falcons/roster 2001.html
2004.05.15 00:39 B C:\Documents and Settings\Michael Casserly\My Documents\Webmaster\mcasserly\falcons\roster\WS_FTP.LOG --> ftp.mcasserly.com /mcasserly/falcons/roster WS_FTP.LOG
2004.05.15 01:04 A C:\Documents and Settings\Michael Casserly\My Documents\Webmaster\mcasserly\falcons\roster\2003.html --> ftp.mcasserly.com /mcasserly/falcons/roster 2003.html
2004.05.15 01:04 A C:\Documents and Settings\Michael Casserly\My Documents\Webmaster\mcasserly\falcons\roster\index.html --> ftp.mcasserly.com /mcasserly/falcons/roster index.html
2004.05.15 01:04 A C:\Documents and Settings\Michael Casserly\My Documents\Webmaster\mcasserly\falcons\roster\all-time.html --> ftp.mcasserly.com /mcasserly/falcons/roster all-time.html
2004.05.15 01:05 A C:\Documents and Settings\Michael Casserly\My Documents\Webmaster\mcasserly\falcons\roster\2002.html --> ftp.mcasserly.com /mcasserly/falcons/roster 2002.html
2004.05.15 01:05 A C:\Documents and Settings\Michael Casserly\My Documents\Webmaster\mcasserly\falcons\roster\2001.html --> ftp.mcasserly.com /mcasserly/falcons/roster 2001.html
2004.05.19 01:31 A C:\Documents and Settings\Michael Casserly\My Documents\Webmaster\mcasserly\falcons\roster\index.html --> ftp.mcasserly.com /mcasserly/falcons/roster index.html
2004.05.19 01:31 A C:\Documents and Settings\Michael Casserly\My Documents\Webmaster\mcasserly\falcons\roster\all-time.html --> ftp.mcasserly.com /mcasserly/falcons/roster all-time.html
2004.05.19 01:31 A C:\Documents and Settings\Michael Casserly\My Documents\Webmaster\mcasserly\falcons\roster\2003.html --> ftp.mcasserly.com /mcasserly/falcons/roster 2003.html
2004.05.19 01:31 A C:\Documents and Settings\Michael Casserly\My Documents\Webmaster\mcasserly\falcons\roster\2002.html --> ftp.mcasserly.com /mcasserly/falcons/roster 2002.html
2004.05.19 01:31 A C:\Documents and Settings\Michael Casserly\My Documents\Webmaster\mcasserly\falcons\roster\2001.html --> ftp.mcasserly.com /mcasserly/falcons/roster 2001.html
2004.05.19 01:31 B C:\Documents and Settings\Michael Casserly\My Documents\Webmaster\mcasserly\falcons\roster\WS_FTP.LOG --> ftp.mcasserly.com /mcasserly/falcons/roster WS_FTP.LOG
2004.08.13 20:13 A C:\Documents and Settings\Michael Casserly\My Documents\Webmaster\mcasserly\falcons\roster\index.html --> ftp.mcasserly.com /mcasserly/falcons/roster index.html
2004.08.30 22:20 A C:\Documents and Settings\Michael Casserly\My Documents\Webmaster\mcasserly\falcons\roster\index.html --> ftp.mcasserly.com /mcasserly/falcons/roster index.html
2004.09.10 15:38 A C:\Documents and Settings\Michael Casserly\My Documents\Webmaster\mcasserly\falcons\roster\index.html --> ftp.mcasserly.com /mcasserly/falcons/roster index.html
2004.09.10 15:38 A C:\Documents and Settings\Michael Casserly\My Documents\Webmaster\mcasserly\falcons\roster\all-time.html --> ftp.mcasserly.com /mcasserly/falcons/roster all-time.html
2004.09.10 15:38 A C:\Documents and Settings\Michael Casserly\My Documents\Webmaster\mcasserly\falcons\roster\2003.html --> ftp.mcasserly.com /mcasserly/falcons/roster 2003.html
2004.09.10 15:38 A C:\Documents and Settings\Michael Casserly\My Documents\Webmaster\mcasserly\falcons\roster\2002.html --> ftp.mcasserly.com /mcasserly/falcons/roster 2002.html
2004.09.10 15:38 A C:\Documents and Settings\Michael Casserly\My Documents\Webmaster\mcasserly\falcons\roster\2001.html --> ftp.mcasserly.com /mcasserly/falcons/roster 2001.html
2004.09.10 15:38 B C:\Documents and Settings\Michael Casserly\My Documents\Webmaster\mcasserly\falcons\roster\WS_FTP.LOG --> ftp.mcasserly.com /mcasserly/falcons/roster WS_FTP.LOG
2005.04.19 20:53 B C:\Documents and Settings\Michael Casserly\My Documents\Webmaster\mcasserly\falcons\roster\index.html --> ftp.mcasserly.com /mcasserly/falcons/roster index.html
2005.04.19 20:55 B C:\Documents and Settings\Michael Casserly\My Documents\Webmaster\mcasserly\falcons\roster\index.html --> ftp.mcasserly.com /mcasserly/falcons/roster index.html
2005.04.19 21:14 B C:\Documents and Settings\Michael Casserly\My Documents\Webmaster\mcasserly\falcons\roster\all-time.html --> ftp.mcasserly.com /mcasserly/falcons/roster all-time.html
2005.04.19 21:14 B C:\Documents and Settings\Michael Casserly\My Documents\Webmaster\mcasserly\falcons\roster\2003.html --> ftp.mcasserly.com /mcasserly/falcons/roster 2003.html
2005.04.19 21:14 B C:\Documents and Settings\Michael Casserly\My Documents\Webmaster\mcasserly\falcons\roster\2002.html --> ftp.mcasserly.com /mcasserly/falcons/roster 2002.html
2005.04.19 21:14 B C:\Documents and Settings\Michael Casserly\My Documents\Webmaster\mcasserly\falcons\roster\2001.html --> ftp.mcasserly.com /mcasserly/falcons/roster 2001.html
2005.04.19 21:14 B C:\Documents and Settings\Michael Casserly\My Documents\Webmaster\mcasserly\falcons\roster\WS_FTP.LOG --> ftp.mcasserly.com /mcasserly/falcons/roster WS_FTP.LOG
2005.04.19 21:14 B C:\Documents and Settings\Michael Casserly\My Documents\Webmaster\mcasserly\falcons\roster\index.html --> ftp.mcasserly.com /mcasserly/falcons/roster index.html
2005.04.19 21:14 B C:\Documents and Settings\Michael Casserly\My Documents\Webmaster\mcasserly\falcons\roster\hs~index.html --> ftp.mcasserly.com /mcasserly/falcons/roster hs~index.html
2005.04.19 21:15 B C:\Documents and Settings\Michael Casserly\My Documents\Webmaster\mcasserly\falcons\roster\WS_FTP.LOG --> ftp.mcasserly.com /mcasserly/falcons/roster WS_FTP.LOG
2005.04.19 21:15 B C:\Documents and Settings\Michael Casserly\My Documents\Webmaster\mcasserly\falcons\roster\all-time.html --> ftp.mcasserly.com /mcasserly/falcons/roster all-time.html
2005.04.19 21:15 B C:\Documents and Settings\Michael Casserly\My Documents\Webmaster\mcasserly\falcons\roster\2003.html --> ftp.mcasserly.com /mcasserly/falcons/roster 2003.html
2005.04.19 21:15 B C:\Documents and Settings\Michael Casserly\My Documents\Webmaster\mcasserly\falcons\roster\2002.html --> ftp.mcasserly.com /mcasserly/falcons/roster 2002.html
2005.04.19 21:15 B C:\Documents and Settings\Michael Casserly\My Documents\Webmaster\mcasserly\falcons\roster\2001.html --> ftp.mcasserly.com /mcasserly/falcons/roster 2001.html
2005.04.19 21:16 B C:\Documents and Settings\Michael Casserly\My Documents\Webmaster\mcasserly\falcons\roster\index.html --> ftp.mcasserly.com /mcasserly/falcons/roster index.html
2005.04.19 21:34 B C:\Documents and Settings\Michael Casserly\My Documents\Webmaster\mcasserly\falcons\roster\index.html --> ftp.mcasserly.com /mcasserly/falcons/roster index.html
2005.04.19 21:34 B C:\Documents and Settings\Michael Casserly\My Documents\Webmaster\mcasserly\falcons\roster\all-time.html --> ftp.mcasserly.com /mcasserly/falcons/roster all-time.html
2005.04.19 21:34 B C:\Documents and Settings\Michael Casserly\My Documents\Webmaster\mcasserly\falcons\roster\2003.html --> ftp.mcasserly.com /mcasserly/falcons/roster 2003.html
2005.04.19 21:34 B C:\Documents and Settings\Michael Casserly\My Documents\Webmaster\mcasserly\falcons\roster\2002.html --> ftp.mcasserly.com /mcasserly/falcons/roster 2002.html
2005.04.19 21:34 B C:\Documents and Settings\Michael Casserly\My Documents\Webmaster\mcasserly\falcons\roster\2001.html --> ftp.mcasserly.com /mcasserly/falcons/roster 2001.html
2005.04.19 21:34 B C:\Documents and Settings\Michael Casserly\My Documents\Webmaster\mcasserly\falcons\roster\WS_FTP.LOG --> ftp.mcasserly.com /mcasserly/falcons/roster WS_FTP.LOG
2005.04.19 22:34 B C:\Documents and Settings\Michael Casserly\My Documents\Webmaster\mcasserly\falcons\roster\2002.html --> ftp.mcasserly.com /mcasserly/falcons/roster 2002.html
2005.04.19 22:34 B C:\Documents and Settings\Michael Casserly\My Documents\Webmaster\mcasserly\falcons\roster\2001.html --> ftp.mcasserly.com /mcasserly/falcons/roster 2001.html
2005.04.19 22:34 B C:\Documents and Settings\Michael Casserly\My Documents\Webmaster\mcasserly\falcons\roster\2003.html --> ftp.mcasserly.com /mcasserly/falcons/roster 2003.html
2005.04.19 22:35 B C:\Documents and Settings\Michael Casserly\My Documents\Webmaster\mcasserly\falcons\roster\all-time.html --> ftp.mcasserly.com /mcasserly/falcons/roster all-time.html
2005.04.19 22:35 B C:\Documents and Settings\Michael Casserly\My Documents\Webmaster\mcasserly\falcons\roster\2004.html --> ftp.mcasserly.com /mcasserly/falcons/roster 2004.html
2005.04.19 22:35 B C:\Documents and Settings\Michael Casserly\My Documents\Webmaster\mcasserly\falcons\roster\index.html --> ftp.mcasserly.com /mcasserly/falcons/roster index.html
2005.04.19 22:35 B C:\Documents and Settings\Michael Casserly\My Documents\Webmaster\mcasserly\falcons\roster\WS_FTP.LOG --> ftp.mcasserly.com /mcasserly/falcons/roster WS_FTP.LOG
2005.04.20 19:13 B C:\Documents and Settings\Michael Casserly\My Documents\Webmaster\mcasserly\falcons\roster\index.html --> ftp.mcasserly.com /mcasserly/falcons/roster index.html
2005.04.20 19:13 B C:\Documents and Settings\Michael Casserly\My Documents\Webmaster\mcasserly\falcons\roster\all-time.html --> ftp.mcasserly.com /mcasserly/falcons/roster all-time.html
2005.04.20 19:13 B C:\Documents and Settings\Michael Casserly\My Documents\Webmaster\mcasserly\falcons\roster\2004.html --> ftp.mcasserly.com /mcasserly/falcons/roster 2004.html
2005.04.20 19:13 B C:\Documents and Settings\Michael Casserly\My Documents\Webmaster\mcasserly\falcons\roster\2003.html --> ftp.mcasserly.com /mcasserly/falcons/roster 2003.html
2005.04.20 19:13 B C:\Documents and Settings\Michael Casserly\My Documents\Webmaster\mcasserly\falcons\roster\2002.html --> ftp.mcasserly.com /mcasserly/falcons/roster 2002.html
2005.04.20 19:13 B C:\Documents and Settings\Michael Casserly\My Documents\Webmaster\mcasserly\falcons\roster\2001.html --> ftp.mcasserly.com /mcasserly/falcons/roster 2001.html
2005.04.20 19:13 B C:\Documents and Settings\Michael Casserly\My Documents\Webmaster\mcasserly\falcons\roster\WS_FTP.LOG --> ftp.mcasserly.com /mcasserly/falcons/roster WS_FTP.LOG
2005.04.21 22:56 B C:\Documents and Settings\Michael Casserly\My Documents\Webmaster\mcasserly\falcons\roster\index.html --> ftp.mcasserly.com /mcasserly/falcons/roster index.html
2005.04.21 22:56 B C:\Documents and Settings\Michael Casserly\My Documents\Webmaster\mcasserly\falcons\roster\2004.html --> ftp.mcasserly.com /mcasserly/falcons/roster 2004.html
2005.04.21 22:56 B C:\Documents and Settings\Michael Casserly\My Documents\Webmaster\mcasserly\falcons\roster\2003.html --> ftp.mcasserly.com /mcasserly/falcons/roster 2003.html
2005.04.21 22:56 B C:\Documents and Settings\Michael Casserly\My Documents\Webmaster\mcasserly\falcons\roster\WS_FTP.LOG --> ftp.mcasserly.com /mcasserly/falcons/roster WS_FTP.LOG
2005.04.21 22:56 B C:\Documents and Settings\Michael Casserly\My Documents\Webmaster\mcasserly\falcons\roster\all-time.html --> ftp.mcasserly.com /mcasserly/falcons/roster all-time.html
2005.04.21 22:56 B C:\Documents and Settings\Michael Casserly\My Documents\Webmaster\mcasserly\falcons\roster\2002.html --> ftp.mcasserly.com /mcasserly/falcons/roster 2002.html
2005.04.21 22:56 B C:\Documents and Settings\Michael Casserly\My Documents\Webmaster\mcasserly\falcons\roster\2001.html --> ftp.mcasserly.com /mcasserly/falcons/roster 2001.html
2005.05.01 17:56 A C:\Documents and Settings\Michael Casserly\My Documents\Webmaster\mcasserly\falcons\roster\all-time.html --> ftp.mcasserly.com /mcasserly/falcons/roster all-time.html
2005.05.01 17:56 A C:\Documents and Settings\Michael Casserly\My Documents\Webmaster\mcasserly\falcons\roster\index.html --> ftp.mcasserly.com /mcasserly/falcons/roster index.html
2005.05.01 17:56 A C:\Documents and Settings\Michael Casserly\My Documents\Webmaster\mcasserly\falcons\roster\2004.html --> ftp.mcasserly.com /mcasserly/falcons/roster 2004.html
2005.05.01 17:56 A C:\Documents and Settings\Michael Casserly\My Documents\Webmaster\mcasserly\falcons\roster\2003.html --> ftp.mcasserly.com /mcasserly/falcons/roster 2003.html
2005.05.01 17:56 A C:\Documents and Settings\Michael Casserly\My Documents\Webmaster\mcasserly\falcons\roster\2002.html --> ftp.mcasserly.com /mcasserly/falcons/roster 2002.html
2005.05.01 17:56 A C:\Documents and Settings\Michael Casserly\My Documents\Webmaster\mcasserly\falcons\roster\2001.html --> ftp.mcasserly.com /mcasserly/falcons/roster 2001.html
2005.05.01 17:56 B C:\Documents and Settings\Michael Casserly\My Documents\Webmaster\mcasserly\falcons\roster\WS_FTP.LOG --> ftp.mcasserly.com /mcasserly/falcons/roster WS_FTP.LOG
2005.05.01 18:04 A C:\Documents and Settings\Michael Casserly\My Documents\Webmaster\mcasserly\falcons\roster\all-time.html --> ftp.mcasserly.com /mcasserly/falcons/roster all-time.html
2005.05.26 00:31 A C:\Documents and Settings\Michael Casserly\My Documents\Webmaster\mcasserly\falcons\roster\index.html --> ftp.mcasserly.com /mcasserly/falcons/roster index.html
2005.05.26 22:31 A C:\Documents and Settings\Michael Casserly\My Documents\Webmaster\mcasserly\falcons\roster\index.html --> ftp.mcasserly.com /mcasserly/falcons/roster index.html
2005.06.05 16:32 A C:\Documents and Settings\Michael Casserly\My Documents\Webmaster\mcasserly\falcons\roster\index.html --> ftp.mcasserly.com /mcasserly/falcons/roster index.html
2005.07.06 22:42 A C:\Documents and Settings\Michael Casserly\My Documents\Webmaster\mcasserly\falcons\roster\index.html --> ftp.mcasserly.com /mcasserly/falcons/roster index.html
2005.07.06 22:42 A C:\Documents and Settings\Michael Casserly\My Documents\Webmaster\mcasserly\falcons\roster\all-time.html --> ftp.mcasserly.com /mcasserly/falcons/roster all-time.html
2005.07.06 22:42 A C:\Documents and Settings\Michael Casserly\My Documents\Webmaster\mcasserly\falcons\roster\2004.html --> ftp.mcasserly.com /mcasserly/falcons/roster 2004.html
2005.07.06 22:42 A C:\Documents and Settings\Michael Casserly\My Documents\Webmaster\mcasserly\falcons\roster\2003.html --> ftp.mcasserly.com /mcasserly/falcons/roster 2003.html
2005.07.06 22:42 A C:\Documents and Settings\Michael Casserly\My Documents\Webmaster\mcasserly\falcons\roster\2002.html --> ftp.mcasserly.com /mcasserly/falcons/roster 2002.html
2005.07.06 22:42 A C:\Documents and Settings\Michael Casserly\My Documents\Webmaster\mcasserly\falcons\roster\2001.html --> ftp.mcasserly.com /mcasserly/falcons/roster 2001.html
2005.07.06 22:43 B C:\Documents and Settings\Michael Casserly\My Documents\Webmaster\mcasserly\falcons\roster\WS_FTP.LOG --> ftp.mcasserly.com /mcasserly/falcons/roster WS_FTP.LOG
2005.07.24 21:48 A C:\Documents and Settings\Michael Casserly\My Documents\Webmaster\mcasserly\falcons\roster\index.html --> ftp.mcasserly.com /mcasserly/falcons/roster index.html
